Desired=Unknown/Install/Remove/Purge/Hold
| Status=Not/Inst/Conf-files/Unpacked/halF-conf/Half-inst/trig-aWait/Trig-pend
|/ Err?=(none)/Reinst-required (Status,Err: uppercase=bad)
||/ Name                           Version                  Architecture Description
+++-==============================-========================-============-========================================================================
ii  acl                            2.2.52-2                 amd64        Access control list utilities
ii  adduser                        3.113+nmu3               all          add and remove users and groups
ii  apt                            1.0.9.8.1                amd64        commandline package manager
ii  apt-utils                      1.0.9.8.1                amd64        package management related utility programs
ii  base-files                     8+deb8u2                 amd64        Debian base system miscellaneous files
ii  base-passwd                    3.5.37                   amd64        Debian base system master password and group files
ii  bash                           4.3-11+b1                amd64        GNU Bourne Again SHell
ii  bsdmainutils                   9.0.6                    amd64        collection of more utilities from FreeBSD
ii  bsdutils                       1:2.25.2-6               amd64        basic utilities from 4.4BSD-Lite
ii  busybox                        1:1.22.0-9+deb8u1        amd64        Tiny utilities for small and embedded systems
ii  coreutils                      8.23-4                   amd64        GNU core utilities
ii  cpio                           2.11+dfsg-4.1            amd64        GNU cpio -- a program to manage archives of files
ii  cron                           3.0pl1-127+deb8u1        amd64        process scheduling daemon
ii  dash                           0.5.7-4+b1               amd64        POSIX-compliant shell
ii  dbus                           1.8.20-0+deb8u1          amd64        simple interprocess messaging system (daemon and utilities)
ii  debconf                        1.5.56                   all          Debian configuration management system
ii  debconf-i18n                   1.5.56                   all          full internationalization support for debconf
ii  debian-archive-keyring         2014.3                   all          GnuPG archive keys of the Debian archive
ii  debianutils                    4.4+b1                   amd64        Miscellaneous utilities specific to Debian
ii  dialog                         1.2-20140911-1           amd64        Displays user-friendly dialog boxes from shell scripts
ii  diffutils                      1:3.3-1+b1               amd64        File comparison utilities
ii  dmidecode                      2.12-3                   amd64        SMBIOS/DMI table decoder
ii  dmsetup                        2:1.02.90-2.2            amd64        Linux Kernel Device Mapper userspace library
ii  dpkg                           1.17.26                  amd64        Debian package management system
ii  e2fslibs:amd64                 1.42.12-1.1              amd64        ext2/ext3/ext4 file system libraries
ii  e2fsprogs                      1.42.12-1.1              amd64        ext2/ext3/ext4 file system utilities
ii  findutils                      4.4.2-9+b1               amd64        utilities for finding files--find, xargs
ii  firmware-linux-free            3.3                      all          Binary firmware for various drivers in the Linux kernel
ii  gcc-4.8-base:amd64             4.8.4-1                  amd64        GCC, the GNU Compiler Collection (base package)
ii  gcc-4.9-base:amd64             4.9.2-10                 amd64        GCC, the GNU Compiler Collection (base package)
ii  gnupg                          1.4.18-7                 amd64        GNU privacy guard - a free PGP replacement
ii  gpgv                           1.4.18-7                 amd64        GNU privacy guard - signature verification tool
ii  grep                           2.20-4.1                 amd64        GNU grep, egrep and fgrep
ii  groff-base                     1.22.2-8                 amd64        GNU troff text-formatting system (base system components)
ii  gzip                           1.6-4                    amd64        GNU compression utilities
ii  hostname                       3.15                     amd64        utility to set/show the host name or domain name
ii  ifupdown                       0.7.53.1                 amd64        high level tools to configure network interfaces
ii  init                           1.22                     amd64        System-V-like init utilities - metapackage
ii  init-system-helpers            1.22                     all          helper tools for all init systems
ii  initramfs-tools                0.120                    all          generic modular initramfs generator
ii  initscripts                    2.88dsf-59               amd64        scripts for initializing and shutting down the system
ii  insserv                        1.14.0-5                 amd64        boot sequence organizer using LSB init.d script dependency information
ii  iproute2                       3.16.0-2                 amd64        networking and traffic control tools
ii  iptables                       1.4.21-2+b1              amd64        administration tools for packet filtering and NAT
ii  iputils-ping                   3:20121221-5+b2          amd64        Tools to test the reachability of network hosts
ii  irqbalance                     1.0.6-3                  amd64        Daemon to balance interrupts for SMP systems
ii  isc-dhcp-client                4.3.1-6+deb8u2           amd64        DHCP client for automatically obtaining an IP address
ii  isc-dhcp-common                4.3.1-6+deb8u2           amd64        common files used by all of the isc-dhcp packages
ii  klibc-utils                    2.0.4-2                  amd64        small utilities built with klibc for early boot
ii  kmod                           18-3                     amd64        tools for managing Linux kernel modules
ii  less                           458-3                    amd64        pager program similar to more
ii  libacl1:amd64                  2.2.52-2                 amd64        Access control list shared library
ii  libalgorithm-c3-perl           0.09-1                   all          Perl module for merging hierarchies using the C3 algorithm
ii  libapt-inst1.5:amd64           1.0.9.8.1                amd64        deb package format runtime library
ii  libapt-pkg4.12:amd64           1.0.9.8.1                amd64        package management runtime library
ii  libarchive-extract-perl        0.72-1                   all          generic archive extracting module
ii  libattr1:amd64                 1:2.4.47-2               amd64        Extended attribute shared library
ii  libaudit-common                1:2.4-1                  all          Dynamic library for security auditing - common files
ii  libaudit1:amd64                1:2.4-1+b1               amd64        Dynamic library for security auditing
ii  libblkid1:amd64                2.25.2-6                 amd64        block device id library
ii  libboost-iostreams1.55.0:amd64 1.55.0+dfsg-3            amd64        Boost.Iostreams Library
ii  libbz2-1.0:amd64               1.0.6-7+b3               amd64        high-quality block-sorting file compressor library - runtime
ii  libc-bin                       2.19-18+deb8u1           amd64        GNU C Library: Binaries
ii  libc6:amd64                    2.19-18+deb8u1           amd64        GNU C Library: Shared libraries
ii  libcap-ng0:amd64               0.7.4-2                  amd64        An alternate POSIX capabilities library
ii  libcap2:amd64                  1:2.24-8                 amd64        POSIX 1003.1e capabilities (library)
ii  libcap2-bin                    1:2.24-8                 amd64        POSIX 1003.1e capabilities (utilities)
ii  libcgi-fast-perl               1:2.04-1                 all          CGI subclass for work with FCGI
ii  libcgi-pm-perl                 4.09-1                   all          module for Common Gateway Interface applications
ii  libclass-c3-perl               0.26-1                   all          pragma for using the C3 method resolution order
ii  libclass-c3-xs-perl            0.13-2+b1                amd64        Perl module to accelerate Class::C3
ii  libcomerr2:amd64               1.42.12-1.1              amd64        common error description library
ii  libcpan-meta-perl              2.142690-1               all          Perl module to access CPAN distributions metadata
ii  libcryptsetup4:amd64           2:1.6.6-5                amd64        disk encryption support - shared library
ii  libdata-optlist-perl           0.109-1                  all          module to parse and validate simple name/value option pairs
ii  libdata-section-perl           0.200006-1               all          module to read chunks of data from a module's DATA section
ii  libdb5.3:amd64                 5.3.28-9                 amd64        Berkeley v5.3 Database Libraries [runtime]
ii  libdbus-1-3:amd64              1.8.20-0+deb8u1          amd64        simple interprocess messaging system (library)
ii  libdebconfclient0:amd64        0.192                    amd64        Debian Configuration Management System (C-implementation library)
ii  libdevmapper1.02.1:amd64       2:1.02.90-2.2            amd64        Linux Kernel Device Mapper userspace library
ii  libdns-export100               1:9.9.5.dfsg-9+deb8u5    amd64        Exported DNS Shared Library
ii  libestr0                       0.1.9-1.1                amd64        Helper functions for handling strings (lib)
ii  libexpat1:amd64                2.1.0-6+deb8u1           amd64        XML parsing C library - runtime library
ii  libfcgi-perl                   0.77-1+b1                amd64        helper module for FastCGI
ii  libffi6:amd64                  3.1-2+b2                 amd64        Foreign Function Interface library runtime
ii  libgcc1:amd64                  1:4.9.2-10               amd64        GCC support library
ii  libgcrypt20:amd64              1.6.3-2                  amd64        LGPL Crypto library - runtime library
ii  libgdbm3:amd64                 1.8.3-13.1               amd64        GNU dbm database routines (runtime version)
ii  libglib2.0-0:amd64             2.42.1-1                 amd64        GLib library of C routines
ii  libglib2.0-data                2.42.1-1                 all          Common files for GLib library
ii  libgmp10:amd64                 2:6.0.0+dfsg-6           amd64        Multiprecision arithmetic library
ii  libgnutls-deb0-28:amd64        3.3.8-6+deb8u3           amd64        GNU TLS library - main runtime library
ii  libgnutls-openssl27:amd64      3.3.8-6+deb8u3           amd64        GNU TLS library - OpenSSL wrapper
ii  libgpg-error0:amd64            1.17-3                   amd64        library for common error values and messages in GnuPG components
ii  libhogweed2:amd64              2.7.1-5                  amd64        low level cryptographic library (public-key cryptos)
ii  libicu52:amd64                 52.1-8+deb8u3            amd64        International Components for Unicode
ii  libidn11:amd64                 1.29-1+b2                amd64        GNU Libidn library, implementation of IETF IDN specifications
ii  libirs-export91                1:9.9.5.dfsg-9+deb8u5    amd64        Exported IRS Shared Library
ii  libisc-export95                1:9.9.5.dfsg-9+deb8u5    amd64        Exported ISC Shared Library
ii  libisccfg-export90             1:9.9.5.dfsg-9+deb8u5    amd64        Exported ISC CFG Shared Library
ii  libjson-c2:amd64               0.11-4                   amd64        JSON manipulation library - shared library
ii  libklibc                       2.0.4-2                  amd64        minimal libc subset for use with initramfs
ii  libkmod2:amd64                 18-3                     amd64        libkmod shared library
ii  liblocale-gettext-perl         1.05-8+b1                amd64        module using libc functions for internationalization in Perl
ii  liblog-message-perl            0.8-1                    all          powerful and flexible message logging mechanism
ii  liblog-message-simple-perl     0.10-2                   all          simplified interface to Log::Message
ii  liblogging-stdlog0:amd64       1.0.4-1                  amd64        easy to use and lightweight logging library
ii  liblognorm1:amd64              1.0.1-3                  amd64        Log normalizing library
ii  liblzma5:amd64                 5.1.1alpha+20120614-2+b3 amd64        XZ-format compression library
ii  libmnl0:amd64                  1.0.3-5                  amd64        minimalistic Netlink communication library
ii  libmodule-build-perl           0.421000-2               all          framework for building and installing Perl modules
ii  libmodule-pluggable-perl       5.1-1                    all          module for giving  modules the ability to have plugins
ii  libmodule-signature-perl       0.73-1+deb8u2            all          module to manipulate CPAN SIGNATURE files
ii  libmount1:amd64                2.25.2-6                 amd64        device mounting library
ii  libmro-compat-perl             0.12-1                   all          mro::* interface compatibility for Perls < 5.9.5
ii  libncurses5:amd64              5.9+20140913-1+b1        amd64        shared libraries for terminal handling
ii  libncursesw5:amd64             5.9+20140913-1+b1        amd64        shared libraries for terminal handling (wide character support)
ii  libnetfilter-acct1:amd64       1.0.2-1.1                amd64        Netfilter acct library
ii  libnettle4:amd64               2.7.1-5                  amd64        low level cryptographic library (symmetric and one-way cryptos)
ii  libnewt0.52:amd64              0.52.17-1+b1             amd64        Not Erik's Windowing Toolkit - text mode windowing with slang
ii  libnfnetlink0:amd64            1.0.1-3                  amd64        Netfilter netlink library
ii  libnuma1:amd64                 2.0.10-1                 amd64        Libraries for controlling NUMA policy
ii  libp11-kit0:amd64              0.20.7-1                 amd64        Library for loading and coordinating access to PKCS#11 modules - runtime
ii  libpackage-constants-perl      0.04-1                   all          List constants defined in a package
ii  libpam-modules:amd64           1.1.8-3.1                amd64        Pluggable Authentication Modules for PAM
ii  libpam-modules-bin             1.1.8-3.1                amd64        Pluggable Authentication Modules for PAM - helper binaries
ii  libpam-runtime                 1.1.8-3.1                all          Runtime support for the PAM library
ii  libpam0g:amd64                 1.1.8-3.1                amd64        Pluggable Authentication Modules library
ii  libparams-util-perl            1.07-2+b1                amd64        Perl extension for simple stand-alone param checking functions
ii  libpcre3:amd64                 2:8.35-3.3               amd64        Perl 5 Compatible Regular Expression Library - runtime files
ii  libpipeline1:amd64             1.4.0-1                  amd64        pipeline manipulation library
ii  libpod-latex-perl              0.61-1                   all          module to convert Pod data to formatted LaTeX
ii  libpod-readme-perl             0.11-1                   all          Perl module to convert POD to README file
ii  libpopt0:amd64                 1.16-10                  amd64        lib for parsing cmdline parameters
ii  libprocps3:amd64               2:3.3.9-9                amd64        library for accessing process information from /proc
ii  libpsl0:amd64                  0.5.1-1                  amd64        Library for Public Suffix List (shared libraries)
ii  libreadline6:amd64             6.3-8+b3                 amd64        GNU readline and history libraries, run-time libraries
ii  libregexp-common-perl          2013031301-1             all          module with common regular expressions
ii  libselinux1:amd64              2.3-2                    amd64        SELinux runtime shared libraries
ii  libsemanage-common             2.3-1                    all          Common files for SELinux policy management libraries
ii  libsemanage1:amd64             2.3-1+b1                 amd64        SELinux policy management library
ii  libsepol1:amd64                2.3-2                    amd64        SELinux library for manipulating binary security policies
ii  libsigc++-2.0-0c2a:amd64       2.4.0-1                  amd64        type-safe Signal Framework for C++ - runtime
ii  libslang2:amd64                2.3.0-2                  amd64        S-Lang programming library - runtime version
ii  libsmartcols1:amd64            2.25.2-6                 amd64        smart column output alignment library
ii  libsoftware-license-perl       0.103010-3               all          module providing templated software licenses
ii  libss2:amd64                   1.42.12-1.1              amd64        command-line interface parsing library
ii  libssl1.0.0:amd64              1.0.1k-3+deb8u2          amd64        Secure Sockets Layer toolkit - shared libraries
ii  libstdc++6:amd64               4.9.2-10                 amd64        GNU Standard C++ Library v3
ii  libsub-exporter-perl           0.986-1                  all          sophisticated exporter for custom-built routines
ii  libsub-install-perl            0.928-1                  all          module for installing subroutines into packages easily
ii  libsystemd0:amd64              215-17+deb8u2            amd64        systemd utility library
ii  libtasn1-6:amd64               4.2-3+deb8u1             amd64        Manage ASN.1 structures (runtime)
ii  libterm-ui-perl                0.42-1                   all          Term::ReadLine UI made easy
ii  libtext-charwidth-perl         0.04-7+b3                amd64        get display widths of characters on the terminal
ii  libtext-iconv-perl             1.7-5+b2                 amd64        converts between character sets in Perl
ii  libtext-soundex-perl           3.4-1+b2                 amd64        implementation of the soundex algorithm
ii  libtext-template-perl          1.46-1                   all          perl module to process text templates
ii  libtext-wrapi18n-perl          0.06-7                   all          internationalized substitute of Text::Wrap
ii  libtinfo5:amd64                5.9+20140913-1+b1        amd64        shared low-level terminfo library for terminal handling
ii  libudev1:amd64                 215-17+deb8u2            amd64        libudev shared library
ii  libusb-0.1-4:amd64             2:0.1.12-25              amd64        userspace USB programming library
ii  libustr-1.0-1:amd64            1.0.4-3+b2               amd64        Micro string library: shared library
ii  libuuid-perl                   0.05-1+b1                amd64        Perl extension for using UUID interfaces as defined in e2fsprogs
ii  libuuid1:amd64                 2.25.2-6                 amd64        Universally Unique ID library
ii  libxml2:amd64                  2.9.1+dfsg1-5+deb8u1     amd64        GNOME XML library
ii  libxtables10                   1.4.21-2+b1              amd64        netfilter xtables library
ii  linux-base                     3.5                      all          Linux image base package
ii  linux-image-3.16.0-4-amd64     3.16.7-ckt20-1+deb8u3    amd64        Linux 3.16 for 64-bit PCs
ii  linux-image-amd64              3.16+63                  amd64        Linux for 64-bit PCs (meta-package)
ii  live-boot                      4.0.2-1                  all          Live System Boot Components
ii  live-boot-doc                  4.0.2-1                  all          Live System Boot Components (documentation)
ii  live-boot-initramfs-tools      4.0.2-1                  all          Live System Boot Components (initramfs-tools backend)
ii  live-tools                     4.0.2-1.1                all          Live System Extra Components
ii  login                          1:4.2-3                  amd64        system login tools
ii  logrotate                      3.8.7-1+b1               amd64        Log rotation utility
ii  lsb-base                       4.1+Debian13+nmu1        all          Linux Standard Base 4.1 init script functionality
ii  man-db                         2.7.0.2-5                amd64        on-line manual pager
ii  manpages                       3.74-1                   all          Manual pages about using a GNU/Linux system
ii  mawk                           1.3.3-17                 amd64        a pattern scanning and text processing language
ii  mount                          2.25.2-6                 amd64        Tools for mounting and manipulating filesystems
ii  multiarch-support              2.19-18+deb8u1           amd64        Transitional package to ensure multiarch compatibility
ii  nano                           2.2.6-3                  amd64        small, friendly text editor inspired by Pico
ii  ncurses-base                   5.9+20140913-1           all          basic terminal type definitions
ii  ncurses-bin                    5.9+20140913-1+b1        amd64        terminal-related programs and man pages
ii  net-tools                      1.60-26+b1               amd64        NET-3 networking toolkit
ii  netbase                        5.3                      all          Basic TCP/IP networking system
ii  netcat-traditional             1.10-41                  amd64        TCP/IP swiss army knife
ii  nfacct                         1.0.1-1.1                amd64        netfilter accounting object tool
ii  passwd                         1:4.2-3                  amd64        change and administer password and group data
ii  perl                           5.20.2-3+deb8u2          amd64        Larry Wall's Practical Extraction and Report Language
ii  perl-base                      5.20.2-3+deb8u2          amd64        minimal Perl system
ii  perl-modules                   5.20.2-3+deb8u2          all          Core Perl modules
ii  procps                         2:3.3.9-9                amd64        /proc file system utilities
ii  readline-common                6.3-8                    all          GNU readline and history libraries, common files
ii  rename                         0.20-3                   all          Perl extension for renaming multiple files
ii  rsync                          3.1.1-3                  amd64        fast, versatile, remote (and local) file-copying tool
ii  rsyslog                        8.4.2-1+deb8u1           amd64        reliable system and kernel logging daemon
ii  sed                            4.2.2-4+b1               amd64        The GNU sed stream editor
ii  sensible-utils                 0.0.9                    all          Utilities for sensible alternative selection
ii  sgml-base                      1.26+nmu4                all          SGML infrastructure and SGML catalog file support
ii  shared-mime-info               1.3-1                    amd64        FreeDesktop.org shared MIME database and spec
ii  startpar                       0.59-3                   amd64        run processes in parallel and multiplex their output
ii  systemd                        215-17+deb8u2            amd64        system and service manager
ii  systemd-sysv                   215-17+deb8u2            amd64        system and service manager - SysV links
ii  sysv-rc                        2.88dsf-59               all          System-V-like runlevel change mechanism
ii  sysvinit-utils                 2.88dsf-59               amd64        System-V-like utilities
ii  tar                            1.27.1-2+b1              amd64        GNU version of the tar archiving utility
ii  tasksel                        3.31+deb8u1              all          tool for selecting tasks for installation on Debian systems
ii  tasksel-data                   3.31+deb8u1              all          official tasks used for installation of Debian systems
ii  traceroute                     1:2.0.20-2+b1            amd64        Traces the route taken by packets over an IPv4/IPv6 network
ii  tzdata                         2015g-0+deb8u1           all          time zone and daylight-saving time data
ii  udev                           215-17+deb8u2            amd64        /dev/ and hotplug management daemon
ii  util-linux                     2.25.2-6                 amd64        Miscellaneous system utilities
ii  uuid-runtime                   2.25.2-6                 amd64        runtime components for the Universally Unique ID library
ii  vim-common                     2:7.4.488-7              amd64        Vi IMproved - Common files
ii  vim-tiny                       2:7.4.488-7              amd64        Vi IMproved - enhanced vi editor - compact version
ii  wget                           1.16-1                   amd64        retrieves files from the web
ii  whiptail                       0.52.17-1+b1             amd64        Displays user-friendly dialog boxes from shell scripts
ii  xdg-user-dirs                  0.15-2                   amd64        tool to manage well known user directories
ii  xml-core                       0.13+nmu2                all          XML infrastructure and XML catalog file support
ii  zlib1g:amd64                   1:1.2.8.dfsg-2+b1        amd64        compression library - runtime
