acl
adduser
adwaita-icon-theme
alsa-base
alsa-utils
amd64-microcode
apt
apt-utils
at-spi2-core
atmel-firmware
b43-fwcutter
base-files
base-passwd
bash
bluez-firmware
browser-plugin-freshplayer-pepperflash
bsdmainutils
bsdutils
busybox-static
bzip2
cli-common
coinor-libcbc3
coinor-libcgl1
coinor-libclp1
coinor-libcoinmp1
coinor-libcoinutils3
coinor-libosi1
conky
conky-std
coreutils
cpio
cpp
cpp-4.9
cron
dash
dbus
dbus-x11
dconf-gsettings-backend
dconf-service
deb-multimedia-keyring
debconf
debconf-i18n
debconf-utils
debian-archive-keyring
debianutils
debootstrap
desktop-file-utils
dialog
diffutils
dmidecode
dmsetup
dpkg
e2fslibs
e2fsprogs
exfat-fuse
exfat-utils
exo-utils
feh
findutils
firefox-esr
firmware-amd-graphics
firmware-atheros
firmware-bnx2
firmware-bnx2x
firmware-brcm80211
firmware-intelwimax
firmware-ipw2x00
firmware-ivtv
firmware-iwlwifi
firmware-libertas
firmware-linux
firmware-linux-free
firmware-linux-nonfree
firmware-misc-nonfree
firmware-qlogic
firmware-realtek
firmware-zd1211
fontconfig
fontconfig-config
fonts-dejavu-core
fonts-liberation
fonts-opensymbol
fuse
gcc-4.8-base
gcc-4.9-base
gir1.2-glib-2.0
glib-networking
glib-networking-common
glib-networking-services
gnome-icon-theme
gnome-screenshot
gnupg
gpgv
gpicview
grep
groff-base
gsettings-desktop-schemas
gzip
hicolor-icon-theme
hostname
iceweasel
ifupdown
init
init-system-helpers
initramfs-tools
initscripts
insserv
intel-microcode
iproute2
iptables
iputils-ping
isc-dhcp-client
isc-dhcp-common
isolinux
iucode-tool
jmtpfs
jwm
keyboard-configuration
klibc-utils
kmod
less
libaacplus2
libabw-0.1-1
libacl1
libapt-inst1.5
libapt-pkg4.12
libasound2
libasound2-data
libass5
libasyncns0
libatk-bridge2.0-0
libatk1.0-0
libatk1.0-data
libatspi2.0-0
libattr1
libaudio2
libaudit-common
libaudit1
libavahi-client3
libavahi-common-data
libavahi-common3
libavc1394-0
libavcodec56
libavdevice56
libavfilter5
libavformat56
libavresample2
libavutil54
libblas-common
libblas3
libblkid1
libbluray1
libboost-date-time1.55.0
libboost-filesystem1.55.0
libboost-iostreams1.55.0
libboost-system1.55.0
libbs2b0
libbsd0
libburn4
libbz2-1.0
libc-bin
libc6
libcaca0
libcairo-gobject2
libcairo2
libcanberra-gtk3-0
libcanberra0
libcap-ng0
libcap2
libcap2-bin
libcdio-cdda1
libcdio-paranoia1
libcdio13
libcdr-0.1-1
libcloog-isl4
libclucene-contribs1
libclucene-core1
libcolamd2.8.0
libcolord2
libcomerr2
libcroco3
libcryptsetup4
libcrystalhd3
libcups2
libcurl3
libcurl3-gnutls
libdatrie1
libdb5.3
libdbus-1-3
libdbus-glib-1-2
libdc1394-22
libdconf1
libdebconfclient0
libdevmapper1.02.1
libdirectfb-1.2-9
libdns-export100
libdrm-intel1
libdrm-nouveau2
libdrm-radeon1
libdrm2
libdvdnav4
libdvdread4
libe-book-0.1-1
libedit2
libegl1-mesa
libelf1
libenca0
libeot0
libepoxy0
libestr0
libetonyek-0.1-1
libevdev2
libevent-2.0-5
libevent-core-2.0-5
libevent-pthreads-2.0-5
libexif12
libexo-1-0
libexo-common
libexo-helpers
libexpat1
libexttextcat-2.0-0
libexttextcat-data
libfaac0
libfdk-aac1
libffi6
libflac8
libfontconfig1
libfontenc1
libfreehand-0.1-1
libfreetype6
libfribidi0
libfuse2
libgbm1
libgcc1
libgcrypt20
libgdbm3
libgdiplus
libgdk-pixbuf2.0-0
libgdk-pixbuf2.0-common
libgfortran3
libgif4
libgirepository-1.0-1
libgl1-mesa-glx
libglade2-0
libglapi-mesa
libglew1.10
libglib2.0-0
libglib2.0-cil
libglu1-mesa
libgmp10
libgnutls-deb0-28
libgnutls-openssl27
libgpg-error0
libgraphite2-3
libgsm1
libgssapi-krb5-2
libgtk-3-0
libgtk-3-bin
libgtk-3-common
libgtk2.0-0
libgtk2.0-cil
libgtk2.0-common
libgudev-1.0-0
libguess1
libharfbuzz-icu0
libharfbuzz0b
libhogweed2
libhunspell-1.3-0
libhyphen0
libice6
libicu52
libid3tag0
libidn11
libiec61883-0
libimlib2
libirs-export91
libisc-export95
libisccfg-export90
libisl10
libisoburn1
libisofs6
libiw30
libjack-jackd2-0
libjasper1
libjbig0
libjbig2dec0
libjpeg62-turbo
libjson-c2
libjson-glib-1.0-0
libjson-glib-1.0-common
libjte1
libk5crypto3
libkeyutils1
libklibc
libkmod2
libkrb5-3
libkrb5support0
liblangtag-common
liblangtag1
liblapack3
liblcms2-2
libldap-2.4-2
libldap-common
libldb1
liblircclient0
libllvm3.5
liblocale-gettext-perl
liblogging-stdlog0
liblognorm1
libltdl7
liblua5.1-0
liblua5.2-0
liblzma5
liblzo2-2
libmagic1
libmhash2
libmng1
libmnl0
libmono-addins-gui0.2-cil
libmono-addins0.2-cil
libmono-cairo4.0-cil
libmono-corlib4.5-cil
libmono-posix4.0-cil
libmono-security4.0-cil
libmono-sharpzip4.84-cil
libmono-system-configuration4.0-cil
libmono-system-core4.0-cil
libmono-system-drawing4.0-cil
libmono-system-security4.0-cil
libmono-system-xml4.0-cil
libmono-system4.0-cil
libmount1
libmowgli-2-0
libmp3lame0
libmpc3
libmpfr4
libmpg123-0
libmspub-0.1-1
libmtdev1
libmtp-common
libmtp9
libmwaw-0.3-3
libmythes-1.2-0
libncurses5
libncursesw5
libneon27-gnutls
libnetfilter-acct1
libnettle4
libnewt0.52
libnfnetlink0
libnl-3-200
libnl-genl-3-200
libnotify4
libnspr4
libnss3
libntdb1
libodfgen-0.1-1
libogg0
libopenal-data
libopenal1
libopencore-amrnb0
libopencore-amrwb0
libopenjp2-7
libopenjpeg5
libopts25
libopus0
liborc-0.4-0
libp11-kit0
libpagemaker-0.0-0
libpam-modules
libpam-modules-bin
libpam-runtime
libpam0g
libpango-1.0-0
libpango1.0-0
libpangocairo-1.0-0
libpangoft2-1.0-0
libpangox-1.0-0
libpangoxft-1.0-0
libpci3
libpciaccess0
libpcre3
libpcsclite1
libpipeline1
libpixman-1-0
libpng12-0
libpopt0
libpostproc53
libprocps3
libproxy1
libpsl0
libpulse0
libpython-stdlib
libpython2.7
libpython2.7-minimal
libpython2.7-stdlib
libqt4-xml
libqtcore4
libqtgui4
libquadmath0
libraptor2-0
librasqal3
libraw1394-11
librdf0
libreadline6
libreoffice-base
libreoffice-base-core
libreoffice-base-drivers
libreoffice-calc
libreoffice-common
libreoffice-core
libreoffice-draw
libreoffice-impress
libreoffice-math
libreoffice-style-galaxy
libreoffice-writer
librest-0.7-0
librevenge-0.0-0
librsvg2-2
librsvg2-common
librtmp1
libsamplerate0
libsasl2-2
libsasl2-modules-db
libschroedinger-1.0-0
libsdl1.2debian
libselinux1
libsemanage-common
libsemanage1
libsepol1
libsigc++-2.0-0c2a
libslang2
libsm6
libsmartcols1
libsmbclient
libsndfile1
libsoup-gnome2.4-1
libsoup2.4-1
libspeex1
libsqlite3-0
libss2
libssh2-1
libssl1.0.0
libstartup-notification0
libstdc++6
libswresample1
libswscale3
libsystemd0
libtag1-vanilla
libtag1c2a
libtagc0
libtalloc2
libtasn1-6
libtdb1
libtevent0
libtext-charwidth-perl
libtext-iconv-perl
libtext-wrapi18n-perl
libthai-data
libthai0
libtheora0
libthunarx-2-0
libtiff5
libtinfo5
libudev1
libusb-0.1-4
libusb-1.0-0
libustr-1.0-1
libutvideo15
libuuid1
libv4l-0
libv4lconvert0
libva-glx1
libva-x11-1
libva1
libvdpau1
libvidstab1.0
libvisio-0.1-1
libvo-aacenc0
libvo-amrwbenc0
libvorbis0a
libvorbisenc2
libvorbisfile3
libvpx1
libvte-common
libvte9
libwayland-client0
libwayland-cursor0
libwayland-egl1-mesa
libwayland-server0
libwbclient0
libwpd-0.10-10
libwpg-0.3-3
libwrap0
libx11-6
libx11-data
libx11-xcb1
libx264-146
libx265-51
libxatracker2
libxau6
libxaw7
libxcb-dri2-0
libxcb-dri3-0
libxcb-glx0
libxcb-present0
libxcb-render0
libxcb-shape0
libxcb-shm0
libxcb-sync1
libxcb-util0
libxcb-xfixes0
libxcb1
libxcomposite1
libxcursor1
libxdamage1
libxdmcp6
libxext6
libxfce4ui-1-0
libxfce4util-common
libxfce4util6
libxfconf-0-2
libxfixes3
libxfont1
libxft2
libxi6
libxinerama1
libxkbcommon0
libxkbfile1
libxml2
libxmu6
libxmuu1
libxpm4
libxrandr2
libxrender1
libxshmfence1
libxslt1.1
libxss1
libxt6
libxtables10
libxtst6
libxv1
libxvidcore4
libxvmc1
libxxf86dga1
libxxf86vm1
libyajl2
libzvbi-common
libzvbi0
linux-base
linux-image-4.9.0-0.bpo.3-amd64
linux-image-amd64
live-boot
live-boot-initramfs-tools
localepurge
locales
login
logrotate
lp-solve
lsb-base
lxrandr
man-db
manpages
mawk
menu
mime-support
mono-4.0-gac
mono-gac
mono-runtime
mono-runtime-common
mono-runtime-sgen
mount
mpv
multiarch-support
mupdf
nano
ncurses-base
ncurses-bin
net-tools
netbase
netcat-traditional
nfacct
ntfs-3g
ntp
numlockx
p7zip
passwd
pciutils
perl
perl-base
perl-modules
pinta
pkg-mozilla-archive-keyring
procps
psmisc
python
python-cairo
python-dbus
python-dbus-dev
python-gi
python-glade2
python-gobject
python-gobject-2
python-gtk2
python-minimal
python-numpy
python-support
python-talloc
python-wicd
python2.7
python2.7-minimal
qtcore4-l10n
rar
readline-common
rsync
rsyslog
samba-libs
scite
sed
sensible-utils
shared-mime-info
speedcrunch
squashfs-tools
startpar
stterm
systemd
systemd-sysv
sysv-rc
sysvinit-utils
tar
tasksel
tasksel-data
thunar
thunar-archive-plugin
thunar-data
thunar-media-tags-plugin
thunar-volman
traceroute
tzdata
ucf
udev
udevil
uno-libs3
unrar
unzip
ure
util-linux
vim-common
vim-tiny
volumeicon-alsa
wget
whiptail
wicd
wicd-daemon
wicd-gtk
wireless-tools
wmctrl
wpasupplicant
x11-common
x11-utils
x11-xkb-utils
x11-xserver-utils
xauth
xfce-keyboard-shortcuts
xfce4-terminal
xfconf
xinit
xkb-data
xorriso
xserver-common
xserver-xorg
xserver-xorg-core
xserver-xorg-input-all
xserver-xorg-input-evdev
xserver-xorg-input-mouse
xserver-xorg-input-synaptics
xserver-xorg-input-vmmouse
xserver-xorg-video-all
xserver-xorg-video-ati
xserver-xorg-video-cirrus
xserver-xorg-video-fbdev
xserver-xorg-video-intel
xserver-xorg-video-mach64
xserver-xorg-video-mga
xserver-xorg-video-modesetting
xserver-xorg-video-neomagic
xserver-xorg-video-nouveau
xserver-xorg-video-openchrome
xserver-xorg-video-r128
xserver-xorg-video-radeon
xserver-xorg-video-savage
xserver-xorg-video-siliconmotion
xserver-xorg-video-sisusb
xserver-xorg-video-tdfx
xserver-xorg-video-trident
xserver-xorg-video-vesa
xserver-xorg-video-vmware
zip
zlib1g
