inst-min-con-00-apt-custom-repository/inst-min-con-00-apt-custom-repository.sh
inst-min-con-00-linux-image/inst-min-con-00-linux-image.sh
inst-min-con-01-apt-transport-https/inst-min-con-01-apt-transport-https.sh
inst-min-con-01-apt/inst-min-con-01-apt.sh
inst-min-con-01-debconf-utils/inst-min-con-01-debconf-utils.sh
inst-min-con-02-locale/inst-min-con-02-locale.sh
inst-min-con-02-localepurge/inst-min-con-02-localepurge.sh
inst-min-con-03-systemd-hooks/inst-min-con-03-systemd-hooks.sh
inst-min-con-04-block-services-start-postinstall/inst-min-con-04-block-services-start-postinstall.sh
inst-min-con-auto-log-root/inst-min-con-auto-log-root.sh
inst-min-con-cld-bashrc/inst-min-con-cld-bashrc.sh
inst-min-con-cld-bin/inst-min-con-cld-bin.sh
inst-min-con-cld-dev-tools-debootstrap/inst-min-con-cld-dev-tools-debootstrap.sh
inst-min-con-cld-tools/inst-min-con-cld-tools.sh
inst-min-con-compressors/inst-min-con-compressors.sh
inst-min-con-dircolors/inst-min-con-dircolors.sh
inst-min-con-filesystem-dosfstools/inst-min-con-filesystem-dosfstools.sh
inst-min-con-filesystem-exfat/inst-min-con-filesystem-exfat.sh
inst-min-con-filesystem-hfsprogs/inst-min-con-filesystem-hfsprogs.sh
inst-min-con-filesystem-ntfs-3g/inst-min-con-filesystem-ntfs-3g.sh
inst-min-con-firmware-cpu/inst-min-con-firmware-cpu.sh
inst-min-con-firmware-net-b43-installer/inst-min-con-firmware-net-b43-installer.sh
inst-min-con-firmware/inst-min-con-firmware.sh
inst-min-con-live-build-tools/inst-min-con-live-build-tools.sh
inst-min-con-mtp-jmtpfs/inst-min-con-mtp-jmtpfs.sh
inst-min-con-ntp/inst-min-con-ntp.sh
inst-min-con-numlock/inst-min-con-numlock.sh
inst-min-con-pciutils/inst-min-con-pciutils.sh
inst-min-con-rename/inst-min-con-rename.sh
inst-min-con-snd-alsa/inst-min-con-snd-alsa.sh
inst-min-con-udevil/inst-min-con-udevil.sh
inst-min-con-users-poweruser/inst-min-con-users-poweruser.sh
inst-min-win-00-xorg/inst-min-win-00-xorg.sh
inst-min-win-01-basic-font/inst-min-win-01-basic-font.sh
inst-min-win-01-wm-jwm/inst-min-win-01-wm-jwm.sh
inst-min-win-01-wm-terminal-xfce/inst-min-win-01-wm-terminal-xfce.sh
inst-min-win-cld-dev-tools-pandoc/inst-min-win-cld-dev-tools-pandoc.sh
inst-min-win-cld-win-split/inst-min-win-cld-win-split.sh
inst-min-win-jwm-help-manuals-text/inst-min-win-jwm-help-manuals-text.sh
inst-min-win-jwm-keyboard-move-mouse/inst-min-win-jwm-keyboard-move-mouse.sh
inst-min-win-jwm-keys-alsa/inst-min-win-jwm-keys-alsa.sh
inst-min-win-menu/inst-min-win-menu.sh
inst-min-win-systray-volumeicon-alsa/inst-min-win-systray-volumeicon-alsa.sh
inst-std-00-jwm/inst-std-00-jwm.sh
inst-std-accessories-calc-speedcrunch/inst-std-accessories-calc-speedcrunch.sh
inst-std-accessories-feh/inst-std-accessories-feh.sh
inst-std-accessories-gpicview/inst-std-accessories-gpicview.sh
inst-std-accessories-mupdf/inst-std-accessories-mupdf.sh
inst-std-accessories-prtscr-gnome-screenshot/inst-std-accessories-prtscr-gnome-screenshot.sh
inst-std-accessories-scite/inst-std-accessories-scite.sh
inst-std-accessories-thunar/inst-std-accessories-thunar.sh
inst-std-font-fonts-liberation/inst-std-font-fonts-liberation.sh
inst-std-graphic-pinta/inst-std-graphic-pinta.sh
inst-std-help-manuals-html/inst-std-help-manuals-html.sh
inst-std-inet-firefox-esr/inst-std-inet-firefox-esr.sh
inst-std-multimedia-00-debmultimedia-keyring/inst-std-multimedia-00-debmultimedia-keyring.sh
inst-std-multimedia-mpv/inst-std-multimedia-mpv.sh
inst-std-office-libreoffice/inst-std-office-00-libreoffice-fix.sh
inst-std-office-libreoffice/inst-std-office-libreoffice.sh
inst-std-system-alsamixer/inst-std-system-alsamixer.sh
inst-std-system-conky/inst-std-system-conky.sh
inst-std-system-gnome-disk-utility/inst-std-system-gnome-disk-utility.sh
inst-std-system-keyboard/inst-std-system-keyboard.sh
inst-std-system-monitor-switcher-lxrandr/inst-std-system-monitor-switcher-lxrandr.sh
inst-std-system-network-wicd/inst-std-system-network-wicd.sh
inst-std-system-time-zone/inst-std-system-time-zone.sh
inst-zclean-01-apt-get-00-clean-up/inst-zclean-01-apt-get-00-clean-up.sh
inst-zclean-01-apt-get-01-source-list/inst-zclean-01-apt-get-01-source-list.sh
inst-zclean-02-remove-block-services/inst-zclean-02-remove-block-services.sh
inst-zclean-03-default-filemanager/inst-zclean-03-default-filemanager.sh
inst-zclean-98-zerosizing/inst-zclean-98-zerosizing.sh
inst-zclean-99-end-cleanup/inst-zclean-99-end-cleanup.sh
