CLDS:>>>>>>>>> Running inst-std-multimedia-mpv.sh ...
Reading package lists...
Building dependency tree...
Reading state information...
Some packages could not be installed. This may mean that you have
requested an impossible situation or if you are using the unstable
distribution that some required packages have not yet been created
or been moved out of Incoming.
The following information may help to resolve the situation:

The following packages have unmet dependencies:
 mpv : Depends: libavdevice57 (>= 10:3.3.6) but it is not going to be installed
       Depends: libgl1-mesa-glx but it is not going to be installed or
                libgl1
E: Unable to correct problems, you have held broken packages.
'./cld/doc/mpv-help.txt' -> '/usr/local/cld/doc/mpv-help.txt'
'./cld/home/.config/mpv' -> '/usr/local/cld/home/.config/mpv'
'./cld/home/.config/mpv/mpv.conf' -> '/usr/local/cld/home/.config/mpv/mpv.conf'
'./cld/home/.config/mpv/input.conf' -> '/usr/local/cld/home/.config/mpv/input.conf'
'./cld/bashrc.d/bashrc-alias-mpv.sh' -> '/usr/local/cld/bashrc.d/bashrc-alias-mpv.sh'
/root/scripts/repository/inst-std-multimedia-mpv/inst-std-multimedia-mpv.sh: line 19: mpv: command not found
CLDS: * Install Media Player: .
CLDS: * Add multiple aliases for MPV.
CLDS: * Add useful mpv keybindings settings.
CLDS: * Disk size = 3328148K. Space Used = 24K. Runtime = 00:00:00:01.
