CLDS:>>>>>>>>> Running inst-min-con-live-build-tools.sh ...
Reading package lists...
Building dependency tree...
Reading state information...
isolinux is already the newest version (3:6.04~git20190206.bf6db5b4+dfsg1-1).
0 upgraded, 0 newly installed, 0 to remove and 18 not upgraded.
Reading package lists...
Building dependency tree...
Reading state information...
xorriso is already the newest version (1.5.0-1).
0 upgraded, 0 newly installed, 0 to remove and 18 not upgraded.
Reading package lists...
Building dependency tree...
Reading state information...
rsync is already the newest version (3.2.3-3~bpo10+1).
0 upgraded, 0 newly installed, 0 to remove and 18 not upgraded.
Reading package lists...
Building dependency tree...
Reading state information...
squashfs-tools is already the newest version (1:4.3-12).
0 upgraded, 0 newly installed, 0 to remove and 18 not upgraded.
'./cld/doc/xorriso-help.txt' -> '/usr/local/cld/doc/xorriso-help.txt'
CLDS: * Install xorriso to create isohybrid.
CLDS: * Install isolinux to get isohdpfx.bin and isolinux.bin in order to create isohybrid.
CLDS: * Note: boot.cat is automatically created.
CLDS: * Install rsync to copy directories.
CLDS: * Install squashfs-tools to create new squashfs.
CLDS: * Disk size = 1372376K. Space Used = 4K. Runtime = 00:00:00:01.
