acl (=2.2.52-2)
adduser (=3.113+nmu3)
alsa-base (=1.0.27+1)
alsa-utils (=1.0.28-1)
amd64-microcode (=2.20160316.1~deb8u1)
apt (=1.0.9.8.3)
apt-utils (=1.0.9.8.3)
atmel-firmware (=1.3-4)
b43-fwcutter (=1:019-2)
base-files (=8+deb8u6)
base-passwd (=3.5.37)
bash (=4.3-11+b1)
bluez-firmware (=1.2-3)
bsdmainutils (=9.0.6)
bsdutils (=1:2.25.2-6)
busybox-static (=1:1.22.0-9+deb8u1)
bzip2 (=1.0.6-7+b3)
coreutils (=8.23-4)
cpio (=2.11+dfsg-4.1+deb8u1)
cron (=3.0pl1-127+deb8u1)
dash (=0.5.7-4+b1)
dbus (=1.8.20-0+deb8u1)
deb-multimedia-keyring (=2015.6.1)
debconf (=1.5.56)
debconf-i18n (=1.5.56)
debconf-utils (=1.5.56)
debian-archive-keyring (=2014.3)
debianutils (=4.4+b1)
debootstrap (=1.0.86~bpo8+1)
dialog (=1.2-20140911-1)
diffutils (=1:3.3-1+b1)
dmidecode (=2.12-3)
dmsetup (=2:1.02.90-2.2+deb8u1)
dpkg (=1.17.27)
e2fslibs:amd64 (=1.42.12-2)
e2fsprogs (=1.42.12-2)
exfat-fuse (=1.2.4-1~bpo8+1)
exfat-utils (=1.2.4-1~bpo8+1)
findutils (=4.4.2-9+b1)
firmware-amd-graphics (=20160824-1~bpo8+1)
firmware-atheros (=20160824-1~bpo8+1)
firmware-bnx2 (=20160824-1~bpo8+1)
firmware-bnx2x (=20160824-1~bpo8+1)
firmware-brcm80211 (=20160824-1~bpo8+1)
firmware-intelwimax (=20160824-1~bpo8+1)
firmware-ipw2x00 (=20160824-1~bpo8+1)
firmware-ivtv (=20160824-1~bpo8+1)
firmware-iwlwifi (=20160824-1~bpo8+1)
firmware-libertas (=20160824-1~bpo8+1)
firmware-linux (=20160824-1~bpo8+1)
firmware-linux-free (=3.3)
firmware-linux-nonfree (=20160824-1~bpo8+1)
firmware-misc-nonfree (=20160824-1~bpo8+1)
firmware-qlogic (=20160824-1~bpo8+1)
firmware-realtek (=20160824-1~bpo8+1)
firmware-zd1211 (=3.0.0.56-3)
fontconfig (=2.11.0-6.3+deb8u1)
fontconfig-config (=2.11.0-6.3+deb8u1)
fonts-dejavu-core (=2.34-1)
fuse (=2.9.3-15+deb8u2)
gcc-4.8-base:amd64 (=4.8.4-1)
gcc-4.9-base:amd64 (=4.9.2-10)
gnupg (=1.4.18-7+deb8u3)
gpgv (=1.4.18-7+deb8u3)
grep (=2.20-4.1)
groff-base (=1.22.2-8)
gzip (=1.6-4)
hostname (=3.15)
ifupdown (=0.7.53.1)
init (=1.22)
init-system-helpers (=1.22)
initramfs-tools (=0.120+deb8u2)
initscripts (=2.88dsf-59)
insserv (=1.14.0-5)
intel-microcode (=3.20161104.1~bpo8+1)
iproute2 (=3.16.0-2)
iptables (=1.4.21-2+b1)
iputils-ping (=3:20121221-5+b2)
isc-dhcp-client (=4.3.1-6+deb8u2)
isc-dhcp-common (=4.3.1-6+deb8u2)
isolinux (=3:6.03+dfsg-5+deb8u1)
iucode-tool (=2.1-1~bpo8+1)
jmtpfs (=0.5-2)
jwm (=2.3.6-1~bpo8+1)
keyboard-configuration (=1.123)
klibc-utils (=2.0.4-2)
kmod (=18-3)
less (=458-3)
libacl1:amd64 (=2.2.52-2)
libapt-inst1.5:amd64 (=1.0.9.8.3)
libapt-pkg4.12:amd64 (=1.0.9.8.3)
libasound2:amd64 (=1.0.28-1)
libasound2-data (=1.0.28-1)
libatk1.0-0:amd64 (=2.14.0-1)
libatk1.0-data (=2.14.0-1)
libattr1:amd64 (=1:2.4.47-2)
libaudit-common (=1:2.4-1)
libaudit1:amd64 (=1:2.4-1+b1)
libavahi-client3:amd64 (=0.6.31-5)
libavahi-common-data:amd64 (=0.6.31-5)
libavahi-common3:amd64 (=0.6.31-5)
libblkid1:amd64 (=2.25.2-6)
libboost-iostreams1.55.0:amd64 (=1.55.0+dfsg-3)
libbsd0:amd64 (=0.7.0-2)
libburn4 (=1.3.2-1.1)
libbz2-1.0:amd64 (=1.0.6-7+b3)
libc-bin (=2.19-18+deb8u6)
libc6:amd64 (=2.19-18+deb8u6)
libcairo2:amd64 (=1.14.0-2.1+deb8u1)
libcap-ng0:amd64 (=0.7.4-2)
libcap2:amd64 (=1:2.24-8)
libcap2-bin (=1:2.24-8)
libcomerr2:amd64 (=1.42.12-2)
libcroco3:amd64 (=0.6.8-3+b1)
libcryptsetup4:amd64 (=2:1.6.6-5)
libcups2:amd64 (=1.7.5-11+deb8u1)
libdatrie1:amd64 (=0.2.8-1)
libdb5.3:amd64 (=5.3.28-9)
libdbus-1-3:amd64 (=1.8.20-0+deb8u1)
libdebconfclient0:amd64 (=0.192)
libdevmapper1.02.1:amd64 (=2:1.02.90-2.2+deb8u1)
libdns-export100 (=1:9.9.5.dfsg-9+deb8u6)
libdrm-intel1:amd64 (=2.4.73-1~bpo8+1)
libdrm-nouveau2:amd64 (=2.4.73-1~bpo8+1)
libdrm-radeon1:amd64 (=2.4.73-1~bpo8+1)
libdrm2:amd64 (=2.4.73-1~bpo8+1)
libedit2:amd64 (=3.1-20140620-2)
libegl1-mesa:amd64 (=10.3.2-1+deb8u1)
libelf1:amd64 (=0.159-4.2)
libepoxy0 (=1.2-1)
libestr0 (=0.1.9-1.1)
libevdev2 (=1.3+dfsg-1)
libexpat1:amd64 (=2.1.0-6+deb8u3)
libffi6:amd64 (=3.1-2+b2)
libfontconfig1:amd64 (=2.11.0-6.3+deb8u1)
libfontenc1:amd64 (=1:1.1.2-1+b2)
libfreetype6:amd64 (=2.5.2-3+deb8u1)
libfribidi0:amd64 (=0.19.6-3)
libfuse2:amd64 (=2.9.3-15+deb8u2)
libgbm1:amd64 (=10.3.2-1+deb8u1)
libgcc1:amd64 (=1:4.9.2-10)
libgcrypt20:amd64 (=1.6.3-2+deb8u2)
libgdbm3:amd64 (=1.8.3-13.1)
libgdk-pixbuf2.0-0:amd64 (=2.31.1-2+deb8u5)
libgdk-pixbuf2.0-common (=2.31.1-2+deb8u5)
libgl1-mesa-glx:amd64 (=12.0.4-2~bpo8+1)
libglapi-mesa:amd64 (=12.0.4-2~bpo8+1)
libglib2.0-0:amd64 (=2.48.0-1~bpo8+1)
libgmp10:amd64 (=2:6.0.0+dfsg-6)
libgnutls-deb0-28:amd64 (=3.3.8-6+deb8u3)
libgnutls-openssl27:amd64 (=3.3.8-6+deb8u3)
libgpg-error0:amd64 (=1.17-3)
libgraphite2-3:amd64 (=1.3.6-1~deb8u1)
libgssapi-krb5-2:amd64 (=1.12.1+dfsg-19+deb8u2)
libgtk2.0-0:amd64 (=2.24.25-3+deb8u1)
libgtk2.0-common (=2.24.25-3+deb8u1)
libharfbuzz0b:amd64 (=0.9.35-2)
libhogweed2:amd64 (=2.7.1-5+deb8u1)
libice6:amd64 (=2:1.0.9-1+b1)
libicu52:amd64 (=52.1-8+deb8u3)
libidn11:amd64 (=1.29-1+deb8u2)
libirs-export91 (=1:9.9.5.dfsg-9+deb8u6)
libisc-export95 (=1:9.9.5.dfsg-9+deb8u6)
libisccfg-export90 (=1:9.9.5.dfsg-9+deb8u6)
libisoburn1 (=1.3.2-1.1)
libisofs6 (=1.3.2-1.1)
libjasper1:amd64 (=1.900.1-debian1-2.4+deb8u1)
libjbig0:amd64 (=2.1-3.1)
libjpeg62-turbo:amd64 (=1:1.3.1-12)
libjson-c2:amd64 (=0.11-4)
libjte1 (=1.20-1)
libk5crypto3:amd64 (=1.12.1+dfsg-19+deb8u2)
libkeyutils1:amd64 (=1.5.9-5+b1)
libklibc (=2.0.4-2)
libkmod2:amd64 (=18-3)
libkrb5-3:amd64 (=1.12.1+dfsg-19+deb8u2)
libkrb5support0:amd64 (=1.12.1+dfsg-19+deb8u2)
libllvm3.5:amd64 (=1:3.5-10)
liblocale-gettext-perl (=1.05-8+b1)
liblogging-stdlog0:amd64 (=1.0.4-1)
liblognorm1:amd64 (=1.0.1-3)
liblua5.1-0:amd64 (=5.1.5-7.1)
liblzma5:amd64 (=5.1.1alpha+20120614-2+b3)
liblzo2-2:amd64 (=2.08-1.2)
libmagic1:amd64 (=1:5.22+15-2+deb8u2)
libmnl0:amd64 (=1.0.3-5)
libmount1:amd64 (=2.25.2-6)
libmtdev1:amd64 (=1.1.5-1)
libmtp-common (=1.1.10-1~bpo8+1)
libmtp9:amd64 (=1.1.10-1~bpo8+1)
libncurses5:amd64 (=5.9+20140913-1+b1)
libncursesw5:amd64 (=5.9+20140913-1+b1)
libnetfilter-acct1:amd64 (=1.0.2-1.1)
libnettle4:amd64 (=2.7.1-5+deb8u1)
libnewt0.52:amd64 (=0.52.17-1+b1)
libnfnetlink0:amd64 (=1.0.1-3)
libnotify4:amd64 (=0.7.6-2)
libopts25:amd64 (=1:5.18.4-3)
libp11-kit0:amd64 (=0.20.7-1)
libpam-modules:amd64 (=1.1.8-3.1+deb8u1+b1)
libpam-modules-bin (=1.1.8-3.1+deb8u1+b1)
libpam-runtime (=1.1.8-3.1+deb8u1)
libpam0g:amd64 (=1.1.8-3.1+deb8u1+b1)
libpango-1.0-0:amd64 (=1.36.8-3)
libpangocairo-1.0-0:amd64 (=1.36.8-3)
libpangoft2-1.0-0:amd64 (=1.36.8-3)
libpci3:amd64 (=1:3.2.1-3)
libpciaccess0:amd64 (=0.13.2-3+b1)
libpcre3:amd64 (=2:8.35-3.3+deb8u4)
libpipeline1:amd64 (=1.4.0-1)
libpixman-1-0:amd64 (=0.32.6-3)
libpng12-0:amd64 (=1.2.50-2+deb8u2)
libpopt0:amd64 (=1.16-10)
libprocps3:amd64 (=2:3.3.9-9)
libpsl0:amd64 (=0.5.1-1)
libreadline6:amd64 (=6.3-8+b3)
librsvg2-2:amd64 (=2.40.5-1+deb8u2)
libsamplerate0:amd64 (=0.1.8-8)
libselinux1:amd64 (=2.3-2)
libsemanage-common (=2.3-1)
libsemanage1:amd64 (=2.3-1+b1)
libsepol1:amd64 (=2.3-2)
libsigc++-2.0-0c2a:amd64 (=2.4.0-1)
libslang2:amd64 (=2.3.0-2)
libsm6:amd64 (=2:1.2.2-1+b1)
libsmartcols1:amd64 (=2.25.2-6)
libss2:amd64 (=1.42.12-2)
libssl1.0.0:amd64 (=1.0.1t-1+deb8u3)
libstdc++6:amd64 (=4.9.2-10)
libsystemd0:amd64 (=215-17+deb8u5)
libtasn1-6:amd64 (=4.2-3+deb8u2)
libtext-charwidth-perl (=0.04-7+b3)
libtext-iconv-perl (=1.7-5+b2)
libtext-wrapi18n-perl (=0.06-7)
libthai-data (=0.1.21-1)
libthai0:amd64 (=0.1.21-1)
libtiff5:amd64 (=4.0.3-12.3+deb8u1)
libtinfo5:amd64 (=5.9+20140913-1+b1)
libudev1:amd64 (=215-17+deb8u5)
libusb-0.1-4:amd64 (=2:0.1.12-25)
libusb-1.0-0:amd64 (=2:1.0.19-1)
libustr-1.0-1:amd64 (=1.0.4-3+b2)
libuuid1:amd64 (=2.25.2-6)
libwayland-client0:amd64 (=1.6.0-2)
libwayland-server0:amd64 (=1.6.0-2)
libx11-6:amd64 (=2:1.6.2-3)
libx11-data (=2:1.6.2-3)
libx11-xcb1:amd64 (=2:1.6.2-3)
libxatracker2:amd64 (=10.3.2-1+deb8u1)
libxau6:amd64 (=1:1.0.8-1)
libxaw7:amd64 (=2:1.0.12-2+b1)
libxcb-dri2-0:amd64 (=1.10-3+b1)
libxcb-dri3-0:amd64 (=1.10-3+b1)
libxcb-glx0:amd64 (=1.10-3+b1)
libxcb-present0:amd64 (=1.10-3+b1)
libxcb-render0:amd64 (=1.10-3+b1)
libxcb-shape0:amd64 (=1.10-3+b1)
libxcb-shm0:amd64 (=1.10-3+b1)
libxcb-sync1:amd64 (=1.10-3+b1)
libxcb-util0:amd64 (=0.3.8-3)
libxcb-xfixes0:amd64 (=1.10-3+b1)
libxcb1:amd64 (=1.10-3+b1)
libxcomposite1:amd64 (=1:0.4.4-1)
libxcursor1:amd64 (=1:1.1.14-1+b1)
libxdamage1:amd64 (=1:1.1.4-2+b1)
libxdmcp6:amd64 (=1:1.1.1-1+b1)
libxext6:amd64 (=2:1.3.3-1)
libxfixes3:amd64 (=1:5.0.1-2+b2)
libxfont1:amd64 (=1:1.5.1-1)
libxft2:amd64 (=2.3.2-1)
libxi6:amd64 (=2:1.7.4-1+b2)
libxinerama1:amd64 (=2:1.1.3-1+b1)
libxkbfile1:amd64 (=1:1.0.8-1)
libxml2:amd64 (=2.9.1+dfsg1-5+deb8u4)
libxmu6:amd64 (=2:1.1.2-1)
libxmuu1:amd64 (=2:1.1.2-1)
libxpm4:amd64 (=1:3.5.11-1+b1)
libxrandr2:amd64 (=2:1.4.2-1+b1)
libxrender1:amd64 (=1:0.9.8-1+b1)
libxshmfence1:amd64 (=1.1-4)
libxt6:amd64 (=1:1.1.4-1+b1)
libxtables10 (=1.4.21-2+b1)
libxtst6:amd64 (=2:1.2.2-1+b1)
libxv1:amd64 (=2:1.0.10-1+b1)
libxvmc1:amd64 (=2:1.0.8-2+b1)
libxxf86dga1:amd64 (=2:1.1.4-1+b1)
libxxf86vm1:amd64 (=1:1.1.3-1+b1)
libyaml-0-2:amd64 (=0.1.6-3)
linux-base (=4.3~bpo8+1)
linux-image-4.8.0-0.bpo.2-amd64-unsigned (=4.8.11-1~bpo8+1)
linux-image-amd64 (=4.8+77~bpo8+1)
live-boot (=1:20160511~bpo8+1)
live-boot-initramfs-tools (=1:20160511~bpo8+1)
localepurge (=0.7.3.4)
locales (=2.19-18+deb8u6)
login (=1:4.2-3+deb8u1)
logrotate (=3.8.7-1+b1)
lsb-base (=4.1+Debian13+nmu1)
man-db (=2.7.0.2-5)
manpages (=3.74-1)
mawk (=1.3.3-17)
menu (=2.1.47)
mount (=2.25.2-6)
multiarch-support (=2.19-18+deb8u6)
nano (=2.2.6-3)
ncurses-base (=5.9+20140913-1)
ncurses-bin (=5.9+20140913-1+b1)
net-tools (=1.60-26+b1)
netbase (=5.3)
netcat-traditional (=1.10-41)
nfacct (=1.0.1-1.1)
ntfs-3g (=1:2014.2.15AR.2-1+deb8u2)
ntp (=1:4.2.6.p5+dfsg-7+deb8u2)
numlockx (=1.2-7)
p7zip (=9.20.1~dfsg.1-4.1+deb8u2)
pandoc (=1.12.4.2~dfsg-1+b14)
pandoc-data (=1.12.4.2~dfsg-1)
passwd (=1:4.2-3+deb8u1)
pciutils (=1:3.2.1-3)
perl-base (=5.20.2-3+deb8u6)
procps (=2:3.3.9-9)
rar (=2:4.2.0-1)
readline-common (=6.3-8)
rsync (=3.1.1-3)
rsyslog (=8.4.2-1+deb8u2)
sed (=4.2.2-4+b1)
sensible-utils (=0.0.9)
shared-mime-info (=1.3-1)
squashfs-tools (=1:4.2+20130409-2)
startpar (=0.59-3)
stterm (=0.6-1~bpo8+1)
systemd (=215-17+deb8u5)
systemd-sysv (=215-17+deb8u5)
sysv-rc (=2.88dsf-59)
sysvinit-utils (=2.88dsf-59)
tar (=1.27.1-2+b1)
tasksel (=3.31+deb8u1)
tasksel-data (=3.31+deb8u1)
traceroute (=1:2.0.20-2+b1)
tzdata (=2016f-0+deb8u1)
ucf (=3.0030)
udev (=215-17+deb8u5)
udevil (=0.4.4-1~bpo8+1)
unrar (=1:5.2.7-0.1)
unzip (=6.0-16+deb8u2)
util-linux (=2.25.2-6)
vim-common (=2:7.4.488-7)
vim-tiny (=2:7.4.488-7)
volumeicon-alsa (=0.4.6-2.1)
wget (=1.16-1+deb8u1)
whiptail (=0.52.17-1+b1)
wmctrl (=1.07-7)
x11-common (=1:7.7+7)
x11-utils (=7.7+2)
x11-xkb-utils (=7.7+1)
xauth (=1:1.0.9-1)
xinit (=1.3.4-1)
xkb-data (=2.12-1)
xorriso (=1.3.2-1.1)
xserver-common (=2:1.16.4-1)
xserver-xorg (=1:7.7+7)
xserver-xorg-core (=2:1.16.4-1)
xserver-xorg-input-all (=1:7.7+7)
xserver-xorg-input-evdev (=1:2.9.0-2)
xserver-xorg-input-mouse (=1:1.9.1-1)
xserver-xorg-input-synaptics (=1.8.1-1)
xserver-xorg-input-vmmouse (=1:13.0.0-1+b3)
xserver-xorg-video-all (=1:7.7+7)
xserver-xorg-video-ati (=1:7.5.0-1)
xserver-xorg-video-cirrus (=1:1.5.2-2+b1)
xserver-xorg-video-fbdev (=1:0.4.4-1+b2)
xserver-xorg-video-intel (=2:2.21.15-2+b2)
xserver-xorg-video-mach64 (=6.9.4-2)
xserver-xorg-video-mga (=1:1.6.3-2+b1)
xserver-xorg-video-modesetting (=0.9.0-2)
xserver-xorg-video-neomagic (=1:1.2.8-1+b2)
xserver-xorg-video-nouveau (=1:1.0.11-1)
xserver-xorg-video-openchrome (=1:0.3.3-1+b2)
xserver-xorg-video-r128 (=6.9.2-1+b2)
xserver-xorg-video-radeon (=1:7.5.0-1)
xserver-xorg-video-savage (=1:2.3.7-2+b2)
xserver-xorg-video-siliconmotion (=1:1.7.7-2+b2)
xserver-xorg-video-sisusb (=1:0.9.6-2+b2)
xserver-xorg-video-tdfx (=1:1.4.5-1+b2)
xserver-xorg-video-trident (=1:1.3.6-2+b2)
xserver-xorg-video-vesa (=1:2.3.3-1+b3)
xserver-xorg-video-vmware (=1:13.0.2-3.1)
zip (=3.0-8)
zlib1g:amd64 (=1:1.2.8.dfsg-2+b1)
