CLDS:>>>>>>>>> Running inst-min-con-00-apt-custom-repository.sh ...
'trusted.gpg' -> '/etc/apt/trusted.gpg'
Get:1 http://localhost/aptly-repo/master_bullseye-main bullseye InRelease [4352 B]
Get:2 http://localhost/aptly-repo/master_aptly-main squeeze InRelease [4342 B]
Get:3 http://localhost/aptly-repo/master_bullseye-backports-contrib bullseye-backports InRelease [4493 B]
Get:4 http://localhost/aptly-repo/master_bullseye-backports-main bullseye-backports InRelease [4412 B]
Get:5 http://localhost/aptly-repo/master_bullseye-backports-non-free bullseye-backports InRelease [2952 B]
Get:6 http://localhost/aptly-repo/master_bullseye-contrib bullseye InRelease [4433 B]
Get:7 http://localhost/aptly-repo/master_bullseye-non-free bullseye InRelease [4460 B]
Get:8 http://localhost/aptly-repo/master_bullseye-updates-contrib bullseye-updates InRelease [2921 B]
Get:9 http://localhost/aptly-repo/master_bullseye-updates-main bullseye-updates InRelease [4400 B]
Get:10 http://localhost/aptly-repo/master_bullseye-updates-non-free bullseye-updates InRelease [2940 B]
Get:11 http://localhost/aptly-repo/master_deb-multimedia-main bullseye InRelease [4364 B]
Get:12 http://localhost/aptly-repo/master_deb-multimedia-non-free bullseye InRelease [2904 B]
Get:13 http://localhost/aptly-repo/master_docker-stable bullseye InRelease [4402 B]
Get:14 http://localhost/aptly-repo/master_google-cloud-main cloud-sdk InRelease [4364 B]
Get:15 http://localhost/aptly-repo/master_google-main stable InRelease [4340 B]
Get:16 http://localhost/aptly-repo/master_qgis-main bullseye InRelease [4344 B]
Get:17 http://localhost/aptly-repo/master_virtualbox-contrib bullseye InRelease [4437 B]
Get:18 http://localhost/aptly-repo/master_bullseye-main bullseye/main amd64 Packages [463 kB]
Get:19 http://localhost/aptly-repo/master_aptly-main squeeze/main amd64 Packages [3765 B]
Get:20 http://localhost/aptly-repo/master_bullseye-backports-contrib bullseye-backports/contrib amd64 Packages [2811 B]
Get:21 http://localhost/aptly-repo/master_bullseye-backports-main bullseye-backports/main amd64 Packages [16.6 kB]
Get:22 http://localhost/aptly-repo/master_bullseye-contrib bullseye/contrib amd64 Packages [3971 B]
Get:23 http://localhost/aptly-repo/master_bullseye-non-free bullseye/non-free amd64 Packages [6950 B]
Get:24 http://localhost/aptly-repo/master_bullseye-updates-main bullseye-updates/main amd64 Packages [630 B]
Get:25 http://localhost/aptly-repo/master_deb-multimedia-main bullseye/main amd64 Packages [13.4 kB]
Get:26 http://localhost/aptly-repo/master_docker-stable bullseye/stable amd64 Packages [4936 B]
Get:27 http://localhost/aptly-repo/master_google-cloud-main cloud-sdk/main amd64 Packages [9175 B]
Get:28 http://localhost/aptly-repo/master_google-main stable/main amd64 Packages [924 B]
Get:29 http://localhost/aptly-repo/master_qgis-main bullseye/main amd64 Packages [5664 B]
Get:30 http://localhost/aptly-repo/master_virtualbox-contrib bullseye/contrib amd64 Packages [1175 B]
Fetched 602 kB in 1s (729 kB/s)
Reading package lists...
CLDS: * Disk size = 488592K. Space Used = 6348K. Runtime = 00:00:00:01.
