CLDS:>>>>>>>>> Running inst-xtra-games-openra.sh ...
Reading package lists...
Building dependency tree...
Reading state information...
xdg-utils is already the newest version (1.1.1-1+deb9u1).
The following packages were automatically installed and are no longer required:
  galera-4 libaio1 libdbi-perl libreadline5 lsof mariadb-common
  mariadb-server-core-10.4 socat
Use 'apt autoremove' to remove them.
0 upgraded, 0 newly installed, 0 to remove and 18 not upgraded.
Reading package lists...
Building dependency tree...
Reading state information...
libsdl2-2.0-0 is already the newest version (2.0.5+dfsg1-2).
The following packages were automatically installed and are no longer required:
  galera-4 libaio1 libdbi-perl libreadline5 lsof mariadb-common
  mariadb-server-core-10.4 socat
Use 'apt autoremove' to remove them.
0 upgraded, 0 newly installed, 0 to remove and 18 not upgraded.
Reading package lists...
Building dependency tree...
Reading state information...
libmono-system-data4.0-cil is already the newest version (6.8.0.105-0xamarin3+debian9b1).
libmono-system-data4.0-cil set to manually installed.
The following packages were automatically installed and are no longer required:
  galera-4 libaio1 libdbi-perl libreadline5 lsof mariadb-common
  mariadb-server-core-10.4 socat
Use 'apt autoremove' to remove them.
0 upgraded, 0 newly installed, 0 to remove and 18 not upgraded.
Reading package lists...
Building dependency tree...
Reading state information...
libmono-system-numerics4.0-cil is already the newest version (6.8.0.105-0xamarin3+debian9b1).
libmono-system-numerics4.0-cil set to manually installed.
The following packages were automatically installed and are no longer required:
  galera-4 libaio1 libdbi-perl libreadline5 lsof mariadb-common
  mariadb-server-core-10.4 socat
Use 'apt autoremove' to remove them.
0 upgraded, 0 newly installed, 0 to remove and 18 not upgraded.
Reading package lists...
Building dependency tree...
Reading state information...
libmono-system-runtime-serialization4.0-cil is already the newest version (6.8.0.105-0xamarin3+debian9b1).
libmono-system-runtime-serialization4.0-cil set to manually installed.
The following packages were automatically installed and are no longer required:
  galera-4 libaio1 libdbi-perl libreadline5 lsof mariadb-common
  mariadb-server-core-10.4 socat
Use 'apt autoremove' to remove them.
0 upgraded, 0 newly installed, 0 to remove and 18 not upgraded.
Reading package lists...
Building dependency tree...
Reading state information...
libmono-system-xml-linq4.0-cil is already the newest version (6.8.0.105-0xamarin3+debian9b1).
libmono-system-xml-linq4.0-cil set to manually installed.
The following packages were automatically installed and are no longer required:
  galera-4 libaio1 libdbi-perl libreadline5 lsof mariadb-common
  mariadb-server-core-10.4 socat
Use 'apt autoremove' to remove them.
0 upgraded, 0 newly installed, 0 to remove and 18 not upgraded.
Reading package lists...
Building dependency tree...
Reading state information...
libmono-i18n4.0-all is already the newest version (6.8.0.105-0xamarin3+debian9b1).
libmono-i18n4.0-all set to manually installed.
The following packages were automatically installed and are no longer required:
  galera-4 libaio1 libdbi-perl libreadline5 lsof mariadb-common
  mariadb-server-core-10.4 socat
Use 'apt autoremove' to remove them.
0 upgraded, 0 newly installed, 0 to remove and 18 not upgraded.
Reading package lists...
Building dependency tree...
Reading state information...
Some packages could not be installed. This may mean that you have
requested an impossible situation or if you are using the unstable
distribution that some required packages have not yet been created
or been moved out of Incoming.
The following information may help to resolve the situation:

The following packages have unmet dependencies:
 zenity : Depends: libwebkit2gtk-4.0-37 (>= 2.5.3) but it is not going to be installed
E: Unable to correct problems, you have held broken packages.
CLDS: * Disk size = 7063344K. Space Used = 8K. Runtime = 00:00:00:02.
