#
# A fatal error has been detected by the Java Runtime Environment:
#
#  SIGSEGV (0xb) at pc=0x00007f1e01f4120d, pid=14461, tid=139766069401344
#
# JRE version: OpenJDK Runtime Environment (7.0_101) (build 1.7.0_101-b00)
# Java VM: OpenJDK 64-Bit Server VM (24.95-b01 mixed mode linux-amd64 compressed oops)
# Derivative: IcedTea 2.6.6
# Distribution: Debian GNU/Linux 8.4 (jessie), package 7u101-2.6.6-2~deb8u1
# Problematic frame:
# C  [libc.so.6+0x9220d]
#
# Failed to write core dump. Core dumps have been disabled. To enable core dumping, try "ulimit -c unlimited" before starting Java again
#
# If you would like to submit a bug report, please include
# instructions on how to reproduce the bug and visit:
#   http://icedtea.classpath.org/bugzilla
# The crash happened outside the Java Virtual Machine in native code.
# See problematic frame for where to report the bug.
#

---------------  T H R E A D  ---------------

Current thread (0x00007f1dec00b000):  JavaThread "J3D-Renderer-1" [_thread_in_native, id=14485, stack(0x00007f1dd2db1000,0x00007f1dd2eb2000)]

siginfo:si_signo=SIGSEGV: si_errno=0, si_code=1 (SEGV_MAPERR), si_addr=0x00007f1e0561fcec

Registers:
RAX=0x000000001d610c04, RBX=0x000000000000003f, RCX=0x0000000000000010, RDX=0x0000000000000008
RSP=0x00007f1dd2eb0148, RBP=0x00007f1e0561fcec, RSI=0x00007f1e0561fcec, RDI=0x00007f1de800f0e0
R8 =0x0000000000000008, R9 =0x0000000000000040, R10=0x00007f1de800f0e0, R11=0x0000000000000000
R12=0x0000000000000100, R13=0x0000000000000008, R14=0x0000000000000008, R15=0x00007f1de800f0e0
RIP=0x00007f1e01f4120d, EFLAGS=0x0000000000010202, CSGSFS=0x002b000000000033, ERR=0x0000000000000004
  TRAPNO=0x000000000000000e

Top of Stack: (sp=0x00007f1dd2eb0148)
0x00007f1dd2eb0148:   00007f1dd74f307e 00007f1dd74f3040
0x00007f1dd2eb0158:   00007f1e0561fcec 00007f1de800f0c8
0x00007f1dd2eb0168:   0000000000000016 0000000000000000
0x00007f1dd2eb0178:   00007f1dd74f3767 0000000000000000
0x00007f1dd2eb0188:   00007f1dd74f3278 00007f1dd2eb0210
0x00007f1dd2eb0198:   0000000000004000 0000000000000008
0x00007f1dd2eb01a8:   0000000000000200 0000000000000008
0x00007f1dd2eb01b8:   0000000000000100 00007f1de8007450
0x00007f1dd2eb01c8:   00007f1de800f0e0 00007f1de800f0c8
0x00007f1dd2eb01d8:   0000000000003000 0000000000000000
0x00007f1dd2eb01e8:   0000000000000000 00007f1d0000000a
0x00007f1dd2eb01f8:   00007f1dec00be00 00007f1dec00b000
0x00007f1dd2eb0208:   00007f1dd2eb0490 00007f1dd2eb0490
0x00007f1dd2eb0218:   00007f1de84d14b0 0000000000000000
0x00007f1dd2eb0228:   0000000000000001 0000000000000020
0x00007f1dd2eb0238:   00007f1de8007450 00007f1de8007400
0x00007f1dd2eb0248:   00007f1dd74f40fd 0000000000000000
0x00007f1dd2eb0258:   0000000000000000 0000000000000040
0x00007f1dd2eb0268:   0000000000000040 0000000000000001
0x00007f1dd2eb0278:   0000000000000020 00007f1dd2eb0b40
0x00007f1dd2eb0288:   0000000000000040 0000000000000040
0x00007f1dd2eb0298:   00007f1de8007450 00000000f61266b0
0x00007f1dd2eb02a8:   00007f1de84b4300 0000000002600005
0x00007f1dd2eb02b8:   00007f1df85ade4c 00007f1dd2eb06a8
0x00007f1dd2eb02c8:   00007f1dd2eb0490 00007f1dec00b000
0x00007f1dd2eb02d8:   8f49827c23b42d00 00007f1dec00bea0
0x00007f1dd2eb02e8:   00007f1dec1a0820 00007f1dd2eb04e0
0x00007f1dd2eb02f8:   00007f1dec00b000 00007f1dd2eb03d0
0x00007f1dd2eb0308:   00007f1dec00bed8 00007f1dd2eb0330
0x00007f1dd2eb0318:   00007f1e0144d7c8 00007f1dec00bed8
0x00007f1dd2eb0328:   00007f1dec00b000 00007f1dd2eb0480
0x00007f1dd2eb0338:   00007f1e0145d096 00007f1dec00b1d8 

Instructions: (pc=0x00007f1e01f4120d)
0x00007f1e01f411ed:   b7 44 16 fe 66 89 44 17 fe e9 63 fe ff ff 48 8d
0x00007f1e01f411fd:   42 ff 90 0f b6 14 06 88 14 07 48 83 e8 01 eb f3
0x00007f1e01f4120d:   48 8b 06 48 89 07 48 8b 44 16 f8 48 89 44 17 f8
0x00007f1e01f4121d:   e9 3c fe ff ff 31 c0 eb 90 8b 06 89 07 8b 44 16 

Register to memory mapping:

RAX=0x000000001d610c04 is an unknown value
RBX=0x000000000000003f is an unknown value
RCX=0x0000000000000010 is an unknown value
RDX=0x0000000000000008 is an unknown value
RSP=0x00007f1dd2eb0148 is pointing into the stack for thread: 0x00007f1dec00b000
RBP=0x00007f1e0561fcec is an unknown value
RSI=0x00007f1e0561fcec is an unknown value
RDI=0x00007f1de800f0e0 is an unknown value
R8 =0x0000000000000008 is an unknown value
R9 =0x0000000000000040 is an unknown value
R10=0x00007f1de800f0e0 is an unknown value
R11=0x0000000000000000 is an unknown value
R12=0x0000000000000100 is an unknown value
R13=0x0000000000000008 is an unknown value
R14=0x0000000000000008 is an unknown value
R15=0x00007f1de800f0e0 is an unknown value


Stack: [0x00007f1dd2db1000,0x00007f1dd2eb2000],  sp=0x00007f1dd2eb0148,  free space=1020k
Native frames: (J=compiled Java code, j=interpreted, Vv=VM code, C=native code)
C  [libc.so.6+0x9220d]

Java frames: (J=compiled Java code, j=interpreted, Vv=VM code)
j  javax.media.j3d.NativePipeline.useCtx(JJJ)Z+0
j  javax.media.j3d.NativePipeline.useCtx(Ljavax/media/j3d/Context;JLjavax/media/j3d/Drawable;)Z+43
j  javax.media.j3d.Canvas3D.useCtx(Ljavax/media/j3d/Context;JLjavax/media/j3d/Drawable;)Z+6
j  javax.media.j3d.Canvas3D.makeCtxCurrent(Ljavax/media/j3d/Context;JLjavax/media/j3d/Drawable;)V+51
j  javax.media.j3d.Canvas3D.makeCtxCurrent()V+16
j  javax.media.j3d.Renderer.doWork(J)V+4036
j  javax.media.j3d.J3dThread.run()V+19
v  ~StubRoutines::call_stub

---------------  P R O C E S S  ---------------

Java Threads: ( => current thread )
  0x00007f1dec02d800 JavaThread "J3D-InputDeviceScheduler-2" [_thread_blocked, id=14511, stack(0x00007f1dcc4b0000,0x00007f1dcc5b1000)]
  0x00007f1dec02b800 JavaThread "J3D-SoundSchedulerUpdateThread-2" [_thread_blocked, id=14510, stack(0x00007f1dcc5b1000,0x00007f1dcc6b2000)]
  0x00007f1dec029800 JavaThread "J3D-RenderStructureUpdateThread-2" [_thread_blocked, id=14509, stack(0x00007f1dcc6b2000,0x00007f1dcc7b3000)]
  0x00007f1dec027800 JavaThread "J3D-BehaviorScheduler-2" [_thread_blocked, id=14508, stack(0x00007f1dcc7b3000,0x00007f1dcc8b4000)]
  0x00007f1dec025000 JavaThread "J3D-TransformStructureUpdateThread-2" [_thread_blocked, id=14507, stack(0x00007f1dcc8b4000,0x00007f1dcc9b5000)]
  0x00007f1dec023000 JavaThread "J3D-RenderingEnvironmentStructureUpdateThread-2" [_thread_blocked, id=14506, stack(0x00007f1dcc9b5000,0x00007f1dccab6000)]
  0x00007f1dec021000 JavaThread "J3D-SoundStructureUpdateThread-2" [_thread_blocked, id=14505, stack(0x00007f1dccab6000,0x00007f1dccbb7000)]
  0x00007f1dec01f800 JavaThread "J3D-GeometryStructureUpdateThread-2" [_thread_blocked, id=14504, stack(0x00007f1dccbb7000,0x00007f1dcccb8000)]
  0x00007f1dec01e000 JavaThread "J3D-BehaviorStructureUpdateThread-2" [_thread_blocked, id=14503, stack(0x00007f1dcccb8000,0x00007f1dccdb9000)]
  0x00007f1dec01c000 JavaThread "J3D-InputDeviceScheduler-1" [_thread_blocked, id=14501, stack(0x00007f1dce2ae000,0x00007f1dce3af000)]
  0x00007f1dec01a000 JavaThread "J3D-SoundSchedulerUpdateThread-1" [_thread_blocked, id=14500, stack(0x00007f1dce3af000,0x00007f1dce4b0000)]
  0x00007f1dec018000 JavaThread "J3D-RenderStructureUpdateThread-1" [_thread_blocked, id=14499, stack(0x00007f1dce4b0000,0x00007f1dce5b1000)]
  0x00007f1dec016000 JavaThread "J3D-BehaviorScheduler-1" [_thread_blocked, id=14498, stack(0x00007f1dce5b1000,0x00007f1dce6b2000)]
  0x00007f1dec014000 JavaThread "J3D-TransformStructureUpdateThread-1" [_thread_blocked, id=14497, stack(0x00007f1dce6b2000,0x00007f1dce7b3000)]
  0x00007f1dec012800 JavaThread "J3D-RenderingEnvironmentStructureUpdateThread-1" [_thread_blocked, id=14496, stack(0x00007f1dce7b3000,0x00007f1dce8b4000)]
  0x00007f1dec00f000 JavaThread "J3D-SoundStructureUpdateThread-1" [_thread_blocked, id=14495, stack(0x00007f1dce8b4000,0x00007f1dce9b5000)]
  0x00007f1dec00d800 JavaThread "J3D-GeometryStructureUpdateThread-1" [_thread_blocked, id=14494, stack(0x00007f1dce9b5000,0x00007f1dceab6000)]
  0x00007f1dec010800 JavaThread "J3D-BehaviorStructureUpdateThread-1" [_thread_blocked, id=14493, stack(0x00007f1dceab6000,0x00007f1dcebb7000)]
  0x00007f1dfc288000 JavaThread "pool-5-thread-1" [_thread_blocked, id=14492, stack(0x00007f1dd4fbf000,0x00007f1dd50c0000)]
  0x00007f1dfc57f000 JavaThread "TimerQueue" daemon [_thread_blocked, id=14491, stack(0x00007f1dcebb7000,0x00007f1dcecb8000)]
  0x00007f1dfc453000 JavaThread "Image Fetcher 2" daemon [_thread_blocked, id=14490, stack(0x00007f1dcf115000,0x00007f1dcf216000)]
  0x00007f1dfc4a2000 JavaThread "Image Fetcher 1" daemon [_thread_blocked, id=14489, stack(0x00007f1dcf216000,0x00007f1dcf317000)]
  0x00007f1dfc42e800 JavaThread "Image Fetcher 0" daemon [_thread_blocked, id=14488, stack(0x00007f1dcf317000,0x00007f1dcf418000)]
  0x00007f1dfc00a000 JavaThread "DestroyJavaVM" [_thread_blocked, id=14462, stack(0x00007f1e02992000,0x00007f1e02a93000)]
  0x00007f1dfc37c000 JavaThread "autoSaveTimer" daemon [_thread_blocked, id=14486, stack(0x00007f1dcf418000,0x00007f1dcf519000)]
=>0x00007f1dec00b000 JavaThread "J3D-Renderer-1" [_thread_in_native, id=14485, stack(0x00007f1dd2db1000,0x00007f1dd2eb2000)]
  0x00007f1dfc327800 JavaThread "J3D-MasterControl-1" [_thread_blocked, id=14484, stack(0x00007f1dd2eb2000,0x00007f1dd2fb3000)]
  0x00007f1dfc32c800 JavaThread "J3D-NotificationThread" [_thread_blocked, id=14483, stack(0x00007f1dd2fb3000,0x00007f1dd30b4000)]
  0x00007f1dfc32b800 JavaThread "J3D-TimerThread" [_thread_blocked, id=14482, stack(0x00007f1dd30b4000,0x00007f1dd31b5000)]
  0x00007f1dfc326800 JavaThread "J3D-RenderingAttributesStructureUpdateThread" [_thread_blocked, id=14481, stack(0x00007f1dd31b5000,0x00007f1dd32b6000)]
  0x00007f1dfc2f8800 JavaThread "pool-2-thread-1" [_thread_in_native, id=14480, stack(0x00007f1dd4ebe000,0x00007f1dd4fbf000)]
  0x00007f1dfc2d3000 JavaThread "AWT-EventQueue-0" [_thread_blocked, id=14478, stack(0x00007f1dd50c0000,0x00007f1dd51c1000)]
  0x00007f1dfc2cf800 JavaThread "AWT-Shutdown" [_thread_blocked, id=14477, stack(0x00007f1dd51c1000,0x00007f1dd52c2000)]
  0x00007f1dfc2bc800 JavaThread "AWT-XAWT" daemon [_thread_in_native, id=14476, stack(0x00007f1dd52c2000,0x00007f1dd53c3000)]
  0x00007f1dfc238000 JavaThread "Java2D Disposer" daemon [_thread_blocked, id=14475, stack(0x00007f1dd5c36000,0x00007f1dd5d37000)]
  0x00007f1dfc178800 JavaThread "Timer-0" daemon [_thread_blocked, id=14471, stack(0x00007f1df59c3000,0x00007f1df5ac4000)]
  0x00007f1dfc0cd000 JavaThread "Service Thread" daemon [_thread_blocked, id=14469, stack(0x00007f1df7720000,0x00007f1df7821000)]
  0x00007f1dfc0ca800 JavaThread "C2 CompilerThread1" daemon [_thread_blocked, id=14468, stack(0x00007f1df7821000,0x00007f1df7922000)]
  0x00007f1dfc0c8800 JavaThread "C2 CompilerThread0" daemon [_thread_blocked, id=14467, stack(0x00007f1df7922000,0x00007f1df7a23000)]
  0x00007f1dfc0c6000 JavaThread "Signal Dispatcher" daemon [_thread_blocked, id=14466, stack(0x00007f1df7a23000,0x00007f1df7b24000)]
  0x00007f1dfc099000 JavaThread "Finalizer" daemon [_thread_blocked, id=14465, stack(0x00007f1df7cad000,0x00007f1df7dae000)]
  0x00007f1dfc097000 JavaThread "Reference Handler" daemon [_thread_blocked, id=14464, stack(0x00007f1df7dae000,0x00007f1df7eaf000)]

Other Threads:
  0x00007f1dfc092800 VMThread [stack: 0x00007f1df7eaf000,0x00007f1df7fb0000] [id=14463]
  0x00007f1dfc0d8000 WatcherThread [stack: 0x00007f1df761f000,0x00007f1df7720000] [id=14470]

VM state:not at safepoint (normal execution)

VM Mutex/Monitor currently owned by a thread: None

Heap
 def new generation   total 14656K, used 814K [0x00000000c6800000, 0x00000000c77e0000, 0x00000000d6350000)
  eden space 13056K,   6% used [0x00000000c6800000, 0x00000000c68cb9e8, 0x00000000c74c0000)
  from space 1600K,   0% used [0x00000000c74c0000, 0x00000000c74c0000, 0x00000000c7650000)
  to   space 1600K,   0% used [0x00000000c7650000, 0x00000000c7650000, 0x00000000c77e0000)
 tenured generation   total 32192K, used 9240K [0x00000000d6350000, 0x00000000d82c0000, 0x00000000f5a00000)
   the space 32192K,  28% used [0x00000000d6350000, 0x00000000d6c560e0, 0x00000000d6c56200, 0x00000000d82c0000)
 compacting perm gen  total 30144K, used 29902K [0x00000000f5a00000, 0x00000000f7770000, 0x0000000100000000)
   the space 30144K,  99% used [0x00000000f5a00000, 0x00000000f77339a8, 0x00000000f7733a00, 0x00000000f7770000)
No shared spaces configured.

Card table byte_map: [0x00007f1df83cc000,0x00007f1df8599000] byte_map_base: 0x00007f1df7d98000

Polling page: 0x00007f1e02aa6000

Code Cache  [0x00007f1df8599000, 0x00007f1df8809000, 0x00007f1dfb599000)
 total_blobs=1021 nmethods=209 adapters=765 free_code_cache=47893Kb largest_free_block=48999680

Compilation events (10 events):
Event: 6.191 Thread 0x00007f1dfc0c8800  216             java.awt.Component::getPeer (5 bytes)
Event: 6.191 Thread 0x00007f1dfc0c8800 nmethod 216 0x00007f1df86c9cd0 code [0x00007f1df86c9e00, 0x00007f1df86c9e58]
Event: 6.246 Thread 0x00007f1dfc0ca800  217             java.nio.HeapByteBuffer::_get (7 bytes)
Event: 6.246 Thread 0x00007f1dfc0ca800 nmethod 217 0x00007f1df8645b90 code [0x00007f1df8645ce0, 0x00007f1df8645d78]
Event: 6.264 Thread 0x00007f1dfc0ca800  218  s          sun.util.resources.OpenListResourceBundle::loadLookup (86 bytes)
Event: 6.266 Thread 0x00007f1dfc0ca800 nmethod 218 0x00007f1df8645150 code [0x00007f1df86452c0, 0x00007f1df8645898]
Event: 6.314 Thread 0x00007f1dfc0ca800  219             java.nio.Buffer::nextGetIndex (31 bytes)
Event: 6.314 Thread 0x00007f1dfc0ca800 nmethod 219 0x00007f1df8644e50 code [0x00007f1df8644f80, 0x00007f1df8644ff8]
Event: 6.324 Thread 0x00007f1dfc0ca800  220             javax.swing.JComponent::getFlag (20 bytes)
Event: 6.324 Thread 0x00007f1dfc0ca800 nmethod 220 0x00007f1df86de110 code [0x00007f1df86de240, 0x00007f1df86de2b8]

GC Heap History (10 events):
Event: 2.677 GC heap before
{Heap before GC invocations=4 (full 1):
 def new generation   total 14592K, used 14177K [0x00000000c6800000, 0x00000000c77d0000, 0x00000000d6350000)
  eden space 12992K, 100% used [0x00000000c6800000, 0x00000000c74b0000, 0x00000000c74b0000)
  from space 1600K,  74% used [0x00000000c7640000, 0x00000000c77687e8, 0x00000000c77d0000)
  to   space 1600K,   0% used [0x00000000c74b0000, 0x00000000c74b0000, 0x00000000c7640000)
 tenured generation   total 32192K, used 4986K [0x00000000d6350000, 0x00000000d82c0000, 0x00000000f5a00000)
   the space 32192K,  15% used [0x00000000d6350000, 0x00000000d682e840, 0x00000000d682ea00, 0x00000000d82c0000)
 compacting perm gen  total 26368K, used 26251K [0x00000000f5a00000, 0x00000000f73c0000, 0x0000000100000000)
   the space 26368K,  99% used [0x00000000f5a00000, 0x00000000f73a2c70, 0x00000000f73a2e00, 0x00000000f73c0000)
No shared spaces configured.
Event: 2.687 GC heap after
Heap after GC invocations=5 (full 1):
 def new generation   total 14592K, used 1599K [0x00000000c6800000, 0x00000000c77d0000, 0x00000000d6350000)
  eden space 12992K,   0% used [0x00000000c6800000, 0x00000000c6800000, 0x00000000c74b0000)
  from space 1600K,  99% used [0x00000000c74b0000, 0x00000000c763fff8, 0x00000000c7640000)
  to   space 1600K,   0% used [0x00000000c7640000, 0x00000000c7640000, 0x00000000c77d0000)
 tenured generation   total 32192K, used 5890K [0x00000000d6350000, 0x00000000d82c0000, 0x00000000f5a00000)
   the space 32192K,  18% used [0x00000000d6350000, 0x00000000d69108b0, 0x00000000d6910a00, 0x00000000d82c0000)
 compacting perm gen  total 26368K, used 26251K [0x00000000f5a00000, 0x00000000f73c0000, 0x0000000100000000)
   the space 26368K,  99% used [0x00000000f5a00000, 0x00000000f73a2c70, 0x00000000f73a2e00, 0x00000000f73c0000)
No shared spaces configured.
}
Event: 2.715 GC heap before
{Heap before GC invocations=5 (full 1):
 def new generation   total 14592K, used 3053K [0x00000000c6800000, 0x00000000c77d0000, 0x00000000d6350000)
  eden space 12992K,  11% used [0x00000000c6800000, 0x00000000c696b6c0, 0x00000000c74b0000)
  from space 1600K,  99% used [0x00000000c74b0000, 0x00000000c763fff8, 0x00000000c7640000)
  to   space 1600K,   0% used [0x00000000c7640000, 0x00000000c7640000, 0x00000000c77d0000)
 tenured generation   total 32192K, used 5890K [0x00000000d6350000, 0x00000000d82c0000, 0x00000000f5a00000)
   the space 32192K,  18% used [0x00000000d6350000, 0x00000000d69108b0, 0x00000000d6910a00, 0x00000000d82c0000)
 compacting perm gen  total 26688K, used 26687K [0x00000000f5a00000, 0x00000000f7410000, 0x0000000100000000)
   the space 26688K,  99% used [0x00000000f5a00000, 0x00000000f740ff70, 0x00000000f7410000, 0x00000000f7410000)
No shared spaces configured.
Event: 2.758 GC heap after
Heap after GC invocations=6 (full 2):
 def new generation   total 14592K, used 0K [0x00000000c6800000, 0x00000000c77d0000, 0x00000000d6350000)
  eden space 12992K,   0% used [0x00000000c6800000, 0x00000000c6800000, 0x00000000c74b0000)
  from space 1600K,   0% used [0x00000000c74b0000, 0x00000000c74b0000, 0x00000000c7640000)
  to   space 1600K,   0% used [0x00000000c7640000, 0x00000000c7640000, 0x00000000c77d0000)
 tenured generation   total 32192K, used 7097K [0x00000000d6350000, 0x00000000d82c0000, 0x00000000f5a00000)
   the space 32192K,  22% used [0x00000000d6350000, 0x00000000d6a3e590, 0x00000000d6a3e600, 0x00000000d82c0000)
 compacting perm gen  total 26688K, used 26687K [0x00000000f5a00000, 0x00000000f7410000, 0x0000000100000000)
   the space 26688K,  99% used [0x00000000f5a00000, 0x00000000f740ff70, 0x00000000f7410000, 0x00000000f7410000)
No shared spaces configured.
}
Event: 2.978 GC heap before
{Heap before GC invocations=6 (full 2):
 def new generation   total 14592K, used 6776K [0x00000000c6800000, 0x00000000c77d0000, 0x00000000d6350000)
  eden space 12992K,  52% used [0x00000000c6800000, 0x00000000c6e9e230, 0x00000000c74b0000)
  from space 1600K,   0% used [0x00000000c74b0000, 0x00000000c74b0000, 0x00000000c7640000)
  to   space 1600K,   0% used [0x00000000c7640000, 0x00000000c7640000, 0x00000000c77d0000)
 tenured generation   total 32192K, used 7097K [0x00000000d6350000, 0x00000000d82c0000, 0x00000000f5a00000)
   the space 32192K,  22% used [0x00000000d6350000, 0x00000000d6a3e590, 0x00000000d6a3e600, 0x00000000d82c0000)
 compacting perm gen  total 27968K, used 27832K [0x00000000f5a00000, 0x00000000f7550000, 0x0000000100000000)
   the space 27968K,  99% used [0x00000000f5a00000, 0x00000000f752e318, 0x00000000f752e400, 0x00000000f7550000)
No shared spaces configured.
Event: 3.025 GC heap after
Heap after GC invocations=7 (full 3):
 def new generation   total 14592K, used 0K [0x00000000c6800000, 0x00000000c77d0000, 0x00000000d6350000)
  eden space 12992K,   0% used [0x00000000c6800000, 0x00000000c6800000, 0x00000000c74b0000)
  from space 1600K,   0% used [0x00000000c74b0000, 0x00000000c74b0000, 0x00000000c7640000)
  to   space 1600K,   0% used [0x00000000c7640000, 0x00000000c7640000, 0x00000000c77d0000)
 tenured generation   total 32192K, used 7408K [0x00000000d6350000, 0x00000000d82c0000, 0x00000000f5a00000)
   the space 32192K,  23% used [0x00000000d6350000, 0x00000000d6a8c1c8, 0x00000000d6a8c200, 0x00000000d82c0000)
 compacting perm gen  total 27840K, used 27832K [0x00000000f5a00000, 0x00000000f7530000, 0x0000000100000000)
   the space 27840K,  99% used [0x00000000f5a00000, 0x00000000f752e318, 0x00000000f752e400, 0x00000000f7530000)
No shared spaces configured.
}
Event: 6.267 GC heap before
{Heap before GC invocations=7 (full 3):
 def new generation   total 14592K, used 12992K [0x00000000c6800000, 0x00000000c77d0000, 0x00000000d6350000)
  eden space 12992K, 100% used [0x00000000c6800000, 0x00000000c74b0000, 0x00000000c74b0000)
  from space 1600K,   0% used [0x00000000c74b0000, 0x00000000c74b0000, 0x00000000c7640000)
  to   space 1600K,   0% used [0x00000000c7640000, 0x00000000c7640000, 0x00000000c77d0000)
 tenured generation   total 32192K, used 7408K [0x00000000d6350000, 0x00000000d82c0000, 0x00000000f5a00000)
   the space 32192K,  23% used [0x00000000d6350000, 0x00000000d6a8c1c8, 0x00000000d6a8c200, 0x00000000d82c0000)
 compacting perm gen  total 29760K, used 29663K [0x00000000f5a00000, 0x00000000f7710000, 0x0000000100000000)
   the space 29760K,  99% used [0x00000000f5a00000, 0x00000000f76f7c20, 0x00000000f76f7e00, 0x00000000f7710000)
No shared spaces configured.
Event: 6.276 GC heap after
Heap after GC invocations=8 (full 3):
 def new generation   total 14592K, used 1600K [0x00000000c6800000, 0x00000000c77d0000, 0x00000000d6350000)
  eden space 12992K,   0% used [0x00000000c6800000, 0x00000000c6800000, 0x00000000c74b0000)
  from space 1600K, 100% used [0x00000000c7640000, 0x00000000c77d0000, 0x00000000c77d0000)
  to   space 1600K,   0% used [0x00000000c74b0000, 0x00000000c74b0000, 0x00000000c7640000)
 tenured generation   total 32192K, used 9180K [0x00000000d6350000, 0x00000000d82c0000, 0x00000000f5a00000)
   the space 32192K,  28% used [0x00000000d6350000, 0x00000000d6c47078, 0x00000000d6c47200, 0x00000000d82c0000)
 compacting perm gen  total 29760K, used 29663K [0x00000000f5a00000, 0x00000000f7710000, 0x0000000100000000)
   the space 29760K,  99% used [0x00000000f5a00000, 0x00000000f76f7c20, 0x00000000f76f7e00, 0x00000000f7710000)
No shared spaces configured.
}
Event: 6.332 GC heap before
{Heap before GC invocations=8 (full 3):
 def new generation   total 14592K, used 3305K [0x00000000c6800000, 0x00000000c77d0000, 0x00000000d6350000)
  eden space 12992K,  13% used [0x00000000c6800000, 0x00000000c69aa478, 0x00000000c74b0000)
  from space 1600K, 100% used [0x00000000c7640000, 0x00000000c77d0000, 0x00000000c77d0000)
  to   space 1600K,   0% used [0x00000000c74b0000, 0x00000000c74b0000, 0x00000000c7640000)
 tenured generation   total 32192K, used 9180K [0x00000000d6350000, 0x00000000d82c0000, 0x00000000f5a00000)
   the space 32192K,  28% used [0x00000000d6350000, 0x00000000d6c47078, 0x00000000d6c47200, 0x00000000d82c0000)
 compacting perm gen  total 30080K, used 29818K [0x00000000f5a00000, 0x00000000f7760000, 0x0000000100000000)
   the space 30080K,  99% used [0x00000000f5a00000, 0x00000000f771eaa8, 0x00000000f771ec00, 0x00000000f7760000)
No shared spaces configured.
Event: 6.391 GC heap after
Heap after GC invocations=9 (full 4):
 def new generation   total 14656K, used 0K [0x00000000c6800000, 0x00000000c77e0000, 0x00000000d6350000)
  eden space 13056K,   0% used [0x00000000c6800000, 0x00000000c6800000, 0x00000000c74c0000)
  from space 1600K,   0% used [0x00000000c74c0000, 0x00000000c74c0000, 0x00000000c7650000)
  to   space 1600K,   0% used [0x00000000c7650000, 0x00000000c7650000, 0x00000000c77e0000)
 tenured generation   total 32192K, used 9240K [0x00000000d6350000, 0x00000000d82c0000, 0x00000000f5a00000)
   the space 32192K,  28% used [0x00000000d6350000, 0x00000000d6c560e0, 0x00000000d6c56200, 0x00000000d82c0000)
 compacting perm gen  total 29824K, used 29810K [0x00000000f5a00000, 0x00000000f7720000, 0x0000000100000000)
   the space 29824K,  99% used [0x00000000f5a00000, 0x00000000f771c9b8, 0x00000000f771ca00, 0x00000000f7720000)
No shared spaces configured.
}

Deoptimization events (10 events):
Event: 4.969 Thread 0x00007f1dfc2d3000 Uncommon trap: reason=bimorphic action=maybe_recompile pc=0x00007f1df86939e8 method=javax.swing.ArrayTable.get(Ljava/lang/Object;)Ljava/lang/Object; @ 44
Event: 4.969 Thread 0x00007f1dfc2d3000 Uncommon trap: reason=bimorphic action=maybe_recompile pc=0x00007f1df86939e8 method=javax.swing.ArrayTable.get(Ljava/lang/Object;)Ljava/lang/Object; @ 44
Event: 4.982 Thread 0x00007f1dfc2d3000 Uncommon trap: reason=class_check action=maybe_recompile pc=0x00007f1df86c7380 method=javax.swing.RepaintManager.addDirtyRegion0(Ljava/awt/Container;IIII)V @ 91
Event: 5.287 Thread 0x00007f1dfc2d3000 Uncommon trap: reason=class_check action=maybe_recompile pc=0x00007f1df86c7380 method=javax.swing.RepaintManager.addDirtyRegion0(Ljava/awt/Container;IIII)V @ 91
Event: 5.323 Thread 0x00007f1dfc2d3000 Uncommon trap: reason=class_check action=maybe_recompile pc=0x00007f1df86c7380 method=javax.swing.RepaintManager.addDirtyRegion0(Ljava/awt/Container;IIII)V @ 91
Event: 5.323 Thread 0x00007f1dfc2d3000 Uncommon trap: reason=class_check action=maybe_recompile pc=0x00007f1df86c7380 method=javax.swing.RepaintManager.addDirtyRegion0(Ljava/awt/Container;IIII)V @ 91
Event: 6.212 Thread 0x00007f1dfc2d3000 Uncommon trap: reason=class_check action=maybe_recompile pc=0x00007f1df86aa8e0 method=javax.swing.UIDefaults.getFromHashtable(Ljava/lang/Object;)Ljava/lang/Object; @ 92
Event: 6.222 Thread 0x00007f1dfc2d3000 Uncommon trap: reason=unstable_if action=reinterpret pc=0x00007f1df864b600 method=java.lang.CharacterData.of(I)Ljava/lang/CharacterData; @ 4
Event: 6.281 Thread 0x00007f1dfc2d3000 Uncommon trap: reason=class_check action=maybe_recompile pc=0x00007f1df86aa8e0 method=javax.swing.UIDefaults.getFromHashtable(Ljava/lang/Object;)Ljava/lang/Object; @ 92
Event: 6.323 Thread 0x00007f1dfc2d3000 Uncommon trap: reason=class_check action=maybe_recompile pc=0x00007f1df86aa8e0 method=javax.swing.UIDefaults.getFromHashtable(Ljava/lang/Object;)Ljava/lang/Object; @ 92

Internal exceptions (10 events):
Event: 1.152 Thread 0x00007f1dfc2d3000 Implicit null exception at 0x00007f1df8652665 to 0x00007f1df86529b5
Event: 1.152 Thread 0x00007f1dfc2d3000 Implicit null exception at 0x00007f1df8651e25 to 0x00007f1df865216d
Event: 1.155 Thread 0x00007f1dfc2d3000 Implicit null exception at 0x00007f1df8657aa4 to 0x00007f1df8657d65
Event: 1.610 Thread 0x00007f1dfc2d3000 Threw 0x00000000c701c100 at /build/openjdk-7-Z6tDWf/openjdk-7-7u101-2.6.6/build/openjdk/hotspot/src/share/vm/prims/jvm.cpp:1322
Event: 1.610 Thread 0x00007f1dfc2d3000 Threw 0x00000000c701c7c0 at /build/openjdk-7-Z6tDWf/openjdk-7-7u101-2.6.6/build/openjdk/hotspot/src/share/vm/prims/jvm.cpp:1322
Event: 1.610 Thread 0x00007f1dfc2d3000 Threw 0x00000000c70257c8 at /build/openjdk-7-Z6tDWf/openjdk-7-7u101-2.6.6/build/openjdk/hotspot/src/share/vm/prims/jvm.cpp:1322
Event: 1.610 Thread 0x00007f1dfc2d3000 Threw 0x00000000c7025ea8 at /build/openjdk-7-Z6tDWf/openjdk-7-7u101-2.6.6/build/openjdk/hotspot/src/share/vm/prims/jvm.cpp:1322
Event: 2.099 Thread 0x00007f1dfc2d3000 Threw 0x00000000c6b44950 at /build/openjdk-7-Z6tDWf/openjdk-7-7u101-2.6.6/build/openjdk/hotspot/src/share/vm/prims/jni.cpp:721
Event: 2.650 Thread 0x00007f1dfc2d3000 Threw 0x00000000c73d7c28 at /build/openjdk-7-Z6tDWf/openjdk-7-7u101-2.6.6/build/openjdk/hotspot/src/share/vm/prims/jni.cpp:747
Event: 6.392 Thread 0x00007f1dfc288000 Threw 0x00000000c6841c38 at /build/openjdk-7-Z6tDWf/openjdk-7-7u101-2.6.6/build/openjdk/hotspot/src/share/vm/prims/jni.cpp:747

Events (10 events):
Event: 6.426 Executing VM operation: RevokeBias
Event: 6.426 Executing VM operation: RevokeBias done
Event: 6.428 Executing VM operation: RevokeBias
Event: 6.428 Executing VM operation: RevokeBias done
Event: 6.451 Executing VM operation: RevokeBias
Event: 6.451 Executing VM operation: RevokeBias done
Event: 6.452 Executing VM operation: RevokeBias
Event: 6.452 Executing VM operation: RevokeBias done
Event: 6.452 Executing VM operation: RevokeBias
Event: 6.452 Executing VM operation: RevokeBias done


Dynamic libraries:
00400000-00401000 r-xp 00000000 07:00 11829                              /usr/lib/jvm/java-7-openjdk-amd64/jre/bin/java
00600000-00601000 r--p 00000000 07:00 11829                              /usr/lib/jvm/java-7-openjdk-amd64/jre/bin/java
00601000-00602000 rw-p 00001000 07:00 11829                              /usr/lib/jvm/java-7-openjdk-amd64/jre/bin/java
01e1a000-01f0b000 rw-p 00000000 00:00 0                                  [heap]
c6800000-c77e0000 rw-p 00000000 00:00 0 
c77e0000-d6350000 rw-p 00000000 00:00 0 
d6350000-d82c0000 rw-p 00000000 00:00 0 
d82c0000-f5a00000 rw-p 00000000 00:00 0 
f5a00000-f7770000 rw-p 00000000 00:00 0 
f7770000-100000000 rw-p 00000000 00:00 0 
7f1dcc4af000-7f1dcc4b0000 rw-p 00000000 00:00 0 
7f1dcc4b0000-7f1dcc4b3000 ---p 00000000 00:00 0 
7f1dcc4b3000-7f1dcc5b1000 rw-p 00000000 00:00 0 
7f1dcc5b1000-7f1dcc5b4000 ---p 00000000 00:00 0 
7f1dcc5b4000-7f1dcc6b2000 rw-p 00000000 00:00 0 
7f1dcc6b2000-7f1dcc6b5000 ---p 00000000 00:00 0 
7f1dcc6b5000-7f1dcc7b3000 rw-p 00000000 00:00 0 
7f1dcc7b3000-7f1dcc7b6000 ---p 00000000 00:00 0 
7f1dcc7b6000-7f1dcc8b4000 rw-p 00000000 00:00 0 
7f1dcc8b4000-7f1dcc8b7000 ---p 00000000 00:00 0 
7f1dcc8b7000-7f1dcc9b5000 rw-p 00000000 00:00 0 
7f1dcc9b5000-7f1dcc9b8000 ---p 00000000 00:00 0 
7f1dcc9b8000-7f1dccab6000 rw-p 00000000 00:00 0 
7f1dccab6000-7f1dccab9000 ---p 00000000 00:00 0 
7f1dccab9000-7f1dccbb7000 rw-p 00000000 00:00 0 
7f1dccbb7000-7f1dccbba000 ---p 00000000 00:00 0 
7f1dccbba000-7f1dcccb8000 rw-p 00000000 00:00 0 
7f1dcccb8000-7f1dcccbb000 ---p 00000000 00:00 0 
7f1dcccbb000-7f1dccdb9000 rw-p 00000000 00:00 0 
7f1dccdb9000-7f1dccdba000 r--s 00000000 07:00 68987                      /var/cache/fontconfig/4794a0821666d79190d59a36cb4f44b5-le64.cache-4
7f1dccdba000-7f1dccdc1000 r--s 00000000 07:00 68984                      /var/cache/fontconfig/3047814df9a2f067bd2d96a2b9c36e5a-le64.cache-4
7f1dccdc1000-7f1dcddc1000 rwxp 00000000 00:00 0 
7f1dcddc1000-7f1dce2ae000 rw-p 00000000 00:00 0 
7f1dce2ae000-7f1dce2b1000 ---p 00000000 00:00 0 
7f1dce2b1000-7f1dce3af000 rw-p 00000000 00:00 0 
7f1dce3af000-7f1dce3b2000 ---p 00000000 00:00 0 
7f1dce3b2000-7f1dce4b0000 rw-p 00000000 00:00 0 
7f1dce4b0000-7f1dce4b3000 ---p 00000000 00:00 0 
7f1dce4b3000-7f1dce5b1000 rw-p 00000000 00:00 0 
7f1dce5b1000-7f1dce5b4000 ---p 00000000 00:00 0 
7f1dce5b4000-7f1dce6b2000 rw-p 00000000 00:00 0 
7f1dce6b2000-7f1dce6b5000 ---p 00000000 00:00 0 
7f1dce6b5000-7f1dce7b3000 rw-p 00000000 00:00 0 
7f1dce7b3000-7f1dce7b6000 ---p 00000000 00:00 0 
7f1dce7b6000-7f1dce8b4000 rw-p 00000000 00:00 0 
7f1dce8b4000-7f1dce8b7000 ---p 00000000 00:00 0 
7f1dce8b7000-7f1dce9b5000 rw-p 00000000 00:00 0 
7f1dce9b5000-7f1dce9b8000 ---p 00000000 00:00 0 
7f1dce9b8000-7f1dceab6000 rw-p 00000000 00:00 0 
7f1dceab6000-7f1dceab9000 ---p 00000000 00:00 0 
7f1dceab9000-7f1dcebb7000 rw-p 00000000 00:00 0 
7f1dcebb7000-7f1dcebba000 ---p 00000000 00:00 0 
7f1dcebba000-7f1dcecb8000 rw-p 00000000 00:00 0 
7f1dcecb8000-7f1dcecbd000 r-xp 00000000 07:00 7859                       /lib/x86_64-linux-gnu/libnss_dns-2.19.so
7f1dcecbd000-7f1dceebc000 ---p 00005000 07:00 7859                       /lib/x86_64-linux-gnu/libnss_dns-2.19.so
7f1dceebc000-7f1dceebd000 r--p 00004000 07:00 7859                       /lib/x86_64-linux-gnu/libnss_dns-2.19.so
7f1dceebd000-7f1dceebe000 rw-p 00005000 07:00 7859                       /lib/x86_64-linux-gnu/libnss_dns-2.19.so
7f1dceebe000-7f1dcef11000 r-xp 00000000 07:00 11851                      /usr/lib/jvm/java-7-openjdk-amd64/jre/lib/amd64/libfontmanager.so
7f1dcef11000-7f1dcf110000 ---p 00053000 07:00 11851                      /usr/lib/jvm/java-7-openjdk-amd64/jre/lib/amd64/libfontmanager.so
7f1dcf110000-7f1dcf114000 r--p 00052000 07:00 11851                      /usr/lib/jvm/java-7-openjdk-amd64/jre/lib/amd64/libfontmanager.so
7f1dcf114000-7f1dcf115000 rw-p 00056000 07:00 11851                      /usr/lib/jvm/java-7-openjdk-amd64/jre/lib/amd64/libfontmanager.so
7f1dcf115000-7f1dcf118000 ---p 00000000 00:00 0 
7f1dcf118000-7f1dcf216000 rw-p 00000000 00:00 0 
7f1dcf216000-7f1dcf219000 ---p 00000000 00:00 0 
7f1dcf219000-7f1dcf317000 rw-p 00000000 00:00 0 
7f1dcf317000-7f1dcf31a000 ---p 00000000 00:00 0 
7f1dcf31a000-7f1dcf418000 rw-p 00000000 00:00 0 
7f1dcf418000-7f1dcf41b000 ---p 00000000 00:00 0 
7f1dcf41b000-7f1dcf519000 rw-p 00000000 00:00 0 
7f1dcf519000-7f1dcf527000 r-xp 00000000 07:00 7781                       /lib/x86_64-linux-gnu/libbsd.so.0.7.0
7f1dcf527000-7f1dcf726000 ---p 0000e000 07:00 7781                       /lib/x86_64-linux-gnu/libbsd.so.0.7.0
7f1dcf726000-7f1dcf727000 r--p 0000d000 07:00 7781                       /lib/x86_64-linux-gnu/libbsd.so.0.7.0
7f1dcf727000-7f1dcf728000 rw-p 0000e000 07:00 7781                       /lib/x86_64-linux-gnu/libbsd.so.0.7.0
7f1dcf728000-7f1dcf729000 rw-p 00000000 00:00 0 
7f1dcf729000-7f1dcf74f000 r-xp 00000000 07:00 7913                       /lib/x86_64-linux-gnu/libtinfo.so.5.9
7f1dcf74f000-7f1dcf94e000 ---p 00026000 07:00 7913                       /lib/x86_64-linux-gnu/libtinfo.so.5.9
7f1dcf94e000-7f1dcf952000 r--p 00025000 07:00 7913                       /lib/x86_64-linux-gnu/libtinfo.so.5.9
7f1dcf952000-7f1dcf953000 rw-p 00029000 07:00 7913                       /lib/x86_64-linux-gnu/libtinfo.so.5.9
7f1dcf953000-7f1dcf985000 r-xp 00000000 07:00 21477                      /usr/lib/x86_64-linux-gnu/libedit.so.2.0.51
7f1dcf985000-7f1dcfb85000 ---p 00032000 07:00 21477                      /usr/lib/x86_64-linux-gnu/libedit.so.2.0.51
7f1dcfb85000-7f1dcfb87000 r--p 00032000 07:00 21477                      /usr/lib/x86_64-linux-gnu/libedit.so.2.0.51
7f1dcfb87000-7f1dcfb88000 rw-p 00034000 07:00 21477                      /usr/lib/x86_64-linux-gnu/libedit.so.2.0.51
7f1dcfb88000-7f1dcfb8c000 rw-p 00000000 00:00 0 
7f1dcfb8c000-7f1dd16cb000 r-xp 00000000 07:00 21213                      /usr/lib/x86_64-linux-gnu/libLLVM-3.5.so.1
7f1dd16cb000-7f1dd189d000 rw-p 01b3f000 07:00 21213                      /usr/lib/x86_64-linux-gnu/libLLVM-3.5.so.1
7f1dd189d000-7f1dd18b3000 rw-p 00000000 00:00 0 
7f1dd18b3000-7f1dd18c8000 r-xp 00000000 07:00 21478                      /usr/lib/x86_64-linux-gnu/libelf-0.159.so
7f1dd18c8000-7f1dd1ac7000 ---p 00015000 07:00 21478                      /usr/lib/x86_64-linux-gnu/libelf-0.159.so
7f1dd1ac7000-7f1dd1ac8000 r--p 00014000 07:00 21478                      /usr/lib/x86_64-linux-gnu/libelf-0.159.so
7f1dd1ac8000-7f1dd1ac9000 rw-p 00015000 07:00 21478                      /usr/lib/x86_64-linux-gnu/libelf-0.159.so
7f1dd1ac9000-7f1dd1ad0000 r-xp 00000000 07:00 21465                      /usr/lib/x86_64-linux-gnu/libdrm_amdgpu.so.1.0.0
7f1dd1ad0000-7f1dd1ccf000 ---p 00007000 07:00 21465                      /usr/lib/x86_64-linux-gnu/libdrm_amdgpu.so.1.0.0
7f1dd1ccf000-7f1dd1cd0000 r--p 00006000 07:00 21465                      /usr/lib/x86_64-linux-gnu/libdrm_amdgpu.so.1.0.0
7f1dd1cd0000-7f1dd1cd1000 rw-p 00007000 07:00 21465                      /usr/lib/x86_64-linux-gnu/libdrm_amdgpu.so.1.0.0
7f1dd1cd1000-7f1dd1cdc000 r-xp 00000000 07:00 21471                      /usr/lib/x86_64-linux-gnu/libdrm_radeon.so.1.0.1
7f1dd1cdc000-7f1dd1edb000 ---p 0000b000 07:00 21471                      /usr/lib/x86_64-linux-gnu/libdrm_radeon.so.1.0.1
7f1dd1edb000-7f1dd1edc000 r--p 0000a000 07:00 21471                      /usr/lib/x86_64-linux-gnu/libdrm_radeon.so.1.0.1
7f1dd1edc000-7f1dd1edd000 rw-p 0000b000 07:00 21471                      /usr/lib/x86_64-linux-gnu/libdrm_radeon.so.1.0.1
7f1dd1edd000-7f1dd1ee4000 r-xp 00000000 07:00 21469                      /usr/lib/x86_64-linux-gnu/libdrm_nouveau.so.2.0.0
7f1dd1ee4000-7f1dd20e3000 ---p 00007000 07:00 21469                      /usr/lib/x86_64-linux-gnu/libdrm_nouveau.so.2.0.0
7f1dd20e3000-7f1dd20e4000 r--p 00006000 07:00 21469                      /usr/lib/x86_64-linux-gnu/libdrm_nouveau.so.2.0.0
7f1dd20e4000-7f1dd20e5000 rw-p 00007000 07:00 21469                      /usr/lib/x86_64-linux-gnu/libdrm_nouveau.so.2.0.0
7f1dd20e5000-7f1dd294d000 r-xp 00000000 07:00 20475                      /usr/lib/x86_64-linux-gnu/dri/swrast_dri.so
7f1dd294d000-7f1dd2b4c000 ---p 00868000 07:00 20475                      /usr/lib/x86_64-linux-gnu/dri/swrast_dri.so
7f1dd2b4c000-7f1dd2bbd000 r--p 00867000 07:00 20475                      /usr/lib/x86_64-linux-gnu/dri/swrast_dri.so
7f1dd2bbd000-7f1dd2bcb000 rw-p 008d8000 07:00 20475                      /usr/lib/x86_64-linux-gnu/dri/swrast_dri.so
7f1dd2bcb000-7f1dd2db1000 rw-p 00000000 00:00 0 
7f1dd2db1000-7f1dd2db4000 ---p 00000000 00:00 0 
7f1dd2db4000-7f1dd2eb2000 rw-p 00000000 00:00 0 
7f1dd2eb2000-7f1dd2eb5000 ---p 00000000 00:00 0 
7f1dd2eb5000-7f1dd2fb3000 rw-p 00000000 00:00 0 
7f1dd2fb3000-7f1dd2fb6000 ---p 00000000 00:00 0 
7f1dd2fb6000-7f1dd30b4000 rw-p 00000000 00:00 0 
7f1dd30b4000-7f1dd30b7000 ---p 00000000 00:00 0 
7f1dd30b7000-7f1dd31b5000 rw-p 00000000 00:00 0 
7f1dd31b5000-7f1dd31b8000 ---p 00000000 00:00 0 
7f1dd31b8000-7f1dd32b6000 rw-p 00000000 00:00 0 
7f1dd32b6000-7f1dd32c4000 r-xp 00000000 07:00 21463                      /usr/lib/x86_64-linux-gnu/libdrm.so.2.4.0
7f1dd32c4000-7f1dd34c3000 ---p 0000e000 07:00 21463                      /usr/lib/x86_64-linux-gnu/libdrm.so.2.4.0
7f1dd34c3000-7f1dd34c4000 r--p 0000d000 07:00 21463                      /usr/lib/x86_64-linux-gnu/libdrm.so.2.4.0
7f1dd34c4000-7f1dd34c5000 rw-p 0000e000 07:00 21463                      /usr/lib/x86_64-linux-gnu/libdrm.so.2.4.0
7f1dd34c5000-7f1dd34ca000 r-xp 00000000 07:00 21309                      /usr/lib/x86_64-linux-gnu/libXxf86vm.so.1.0.0
7f1dd34ca000-7f1dd36c9000 ---p 00005000 07:00 21309                      /usr/lib/x86_64-linux-gnu/libXxf86vm.so.1.0.0
7f1dd36c9000-7f1dd36ca000 r--p 00004000 07:00 21309                      /usr/lib/x86_64-linux-gnu/libXxf86vm.so.1.0.0
7f1dd36ca000-7f1dd36cb000 rw-p 00005000 07:00 21309                      /usr/lib/x86_64-linux-gnu/libXxf86vm.so.1.0.0
7f1dd36cb000-7f1dd36cf000 r-xp 00000000 07:00 22038                      /usr/lib/x86_64-linux-gnu/libxcb-dri2.so.0.0.0
7f1dd36cf000-7f1dd38ce000 ---p 00004000 07:00 22038                      /usr/lib/x86_64-linux-gnu/libxcb-dri2.so.0.0.0
7f1dd38ce000-7f1dd38cf000 r--p 00003000 07:00 22038                      /usr/lib/x86_64-linux-gnu/libxcb-dri2.so.0.0.0
7f1dd38cf000-7f1dd38d0000 rw-p 00004000 07:00 22038                      /usr/lib/x86_64-linux-gnu/libxcb-dri2.so.0.0.0
7f1dd38d0000-7f1dd38e7000 r-xp 00000000 07:00 22042                      /usr/lib/x86_64-linux-gnu/libxcb-glx.so.0.0.0
7f1dd38e7000-7f1dd3ae6000 ---p 00017000 07:00 22042                      /usr/lib/x86_64-linux-gnu/libxcb-glx.so.0.0.0
7f1dd3ae6000-7f1dd3ae8000 r--p 00016000 07:00 22042                      /usr/lib/x86_64-linux-gnu/libxcb-glx.so.0.0.0
7f1dd3ae8000-7f1dd3ae9000 rw-p 00018000 07:00 22042                      /usr/lib/x86_64-linux-gnu/libxcb-glx.so.0.0.0
7f1dd3ae9000-7f1dd3aea000 r-xp 00000000 07:00 21256                      /usr/lib/x86_64-linux-gnu/libX11-xcb.so.1.0.0
7f1dd3aea000-7f1dd3ce9000 ---p 00001000 07:00 21256                      /usr/lib/x86_64-linux-gnu/libX11-xcb.so.1.0.0
7f1dd3ce9000-7f1dd3cea000 r--p 00000000 07:00 21256                      /usr/lib/x86_64-linux-gnu/libX11-xcb.so.1.0.0
7f1dd3cea000-7f1dd3ceb000 rw-p 00001000 07:00 21256                      /usr/lib/x86_64-linux-gnu/libX11-xcb.so.1.0.0
7f1dd3ceb000-7f1dd3ced000 r-xp 00000000 07:00 21269                      /usr/lib/x86_64-linux-gnu/libXdamage.so.1.1.0
7f1dd3ced000-7f1dd3eec000 ---p 00002000 07:00 21269                      /usr/lib/x86_64-linux-gnu/libXdamage.so.1.1.0
7f1dd3eec000-7f1dd3eed000 r--p 00001000 07:00 21269                      /usr/lib/x86_64-linux-gnu/libXdamage.so.1.1.0
7f1dd3eed000-7f1dd3eee000 rw-p 00002000 07:00 21269                      /usr/lib/x86_64-linux-gnu/libXdamage.so.1.1.0
7f1dd3eee000-7f1dd3f17000 r-xp 00000000 07:00 21567                      /usr/lib/x86_64-linux-gnu/libglapi.so.0.0.0
7f1dd3f17000-7f1dd4116000 ---p 00029000 07:00 21567                      /usr/lib/x86_64-linux-gnu/libglapi.so.0.0.0
7f1dd4116000-7f1dd411a000 r--p 00028000 07:00 21567                      /usr/lib/x86_64-linux-gnu/libglapi.so.0.0.0
7f1dd411a000-7f1dd411b000 rw-p 0002c000 07:00 21567                      /usr/lib/x86_64-linux-gnu/libglapi.so.0.0.0
7f1dd411b000-7f1dd411c000 rw-p 00000000 00:00 0 
7f1dd411c000-7f1dd411d000 r-xp 00000000 07:00 22074                      /usr/lib/x86_64-linux-gnu/libxshmfence.so.1.0.0
7f1dd411d000-7f1dd431c000 ---p 00001000 07:00 22074                      /usr/lib/x86_64-linux-gnu/libxshmfence.so.1.0.0
7f1dd431c000-7f1dd431d000 r--p 00000000 07:00 22074                      /usr/lib/x86_64-linux-gnu/libxshmfence.so.1.0.0
7f1dd431d000-7f1dd431e000 rw-p 00001000 07:00 22074                      /usr/lib/x86_64-linux-gnu/libxshmfence.so.1.0.0
7f1dd431e000-7f1dd4323000 r-xp 00000000 07:00 22052                      /usr/lib/x86_64-linux-gnu/libxcb-sync.so.1.0.0
7f1dd4323000-7f1dd4523000 ---p 00005000 07:00 22052                      /usr/lib/x86_64-linux-gnu/libxcb-sync.so.1.0.0
7f1dd4523000-7f1dd4524000 r--p 00005000 07:00 22052                      /usr/lib/x86_64-linux-gnu/libxcb-sync.so.1.0.0
7f1dd4524000-7f1dd4525000 rw-p 00006000 07:00 22052                      /usr/lib/x86_64-linux-gnu/libxcb-sync.so.1.0.0
7f1dd4525000-7f1dd4527000 r-xp 00000000 07:00 22044                      /usr/lib/x86_64-linux-gnu/libxcb-present.so.0.0.0
7f1dd4527000-7f1dd4726000 ---p 00002000 07:00 22044                      /usr/lib/x86_64-linux-gnu/libxcb-present.so.0.0.0
7f1dd4726000-7f1dd4727000 r--p 00001000 07:00 22044                      /usr/lib/x86_64-linux-gnu/libxcb-present.so.0.0.0
7f1dd4727000-7f1dd4728000 rw-p 00002000 07:00 22044                      /usr/lib/x86_64-linux-gnu/libxcb-present.so.0.0.0
7f1dd4728000-7f1dd472a000 r-xp 00000000 07:00 22040                      /usr/lib/x86_64-linux-gnu/libxcb-dri3.so.0.0.0
7f1dd472a000-7f1dd4929000 ---p 00002000 07:00 22040                      /usr/lib/x86_64-linux-gnu/libxcb-dri3.so.0.0.0
7f1dd4929000-7f1dd492a000 r--p 00001000 07:00 22040                      /usr/lib/x86_64-linux-gnu/libxcb-dri3.so.0.0.0
7f1dd492a000-7f1dd492b000 rw-p 00002000 07:00 22040                      /usr/lib/x86_64-linux-gnu/libxcb-dri3.so.0.0.0
7f1dd492b000-7f1dd4998000 r-xp 00000000 07:00 21192                      /usr/lib/x86_64-linux-gnu/libGL.so.1.2.0
7f1dd4998000-7f1dd4b97000 ---p 0006d000 07:00 21192                      /usr/lib/x86_64-linux-gnu/libGL.so.1.2.0
7f1dd4b97000-7f1dd4b9a000 r--p 0006c000 07:00 21192                      /usr/lib/x86_64-linux-gnu/libGL.so.1.2.0
7f1dd4b9a000-7f1dd4b9b000 rw-p 0006f000 07:00 21192                      /usr/lib/x86_64-linux-gnu/libGL.so.1.2.0
7f1dd4b9b000-7f1dd4b9c000 rw-p 00000000 00:00 0 
7f1dd4b9c000-7f1dd4bbc000 r-xp 00000000 00:28 322516                     /tmp/extension2754466782163326326.so
7f1dd4bbc000-7f1dd4cbb000 ---p 00020000 00:28 322516                     /tmp/extension2754466782163326326.so
7f1dd4cbb000-7f1dd4cbc000 rw-p 0001f000 00:28 322516                     /tmp/extension2754466782163326326.so
7f1dd4cbc000-7f1dd4cbd000 r-xp 00000000 07:00 11866                      /usr/lib/jvm/java-7-openjdk-amd64/jre/lib/amd64/libjawt.so
7f1dd4cbd000-7f1dd4ebc000 ---p 00001000 07:00 11866                      /usr/lib/jvm/java-7-openjdk-amd64/jre/lib/amd64/libjawt.so
7f1dd4ebc000-7f1dd4ebd000 r--p 00000000 07:00 11866                      /usr/lib/jvm/java-7-openjdk-amd64/jre/lib/amd64/libjawt.so
7f1dd4ebd000-7f1dd4ebe000 rw-p 00001000 07:00 11866                      /usr/lib/jvm/java-7-openjdk-amd64/jre/lib/amd64/libjawt.so
7f1dd4ebe000-7f1dd4ec1000 ---p 00000000 00:00 0 
7f1dd4ec1000-7f1dd4fbf000 rw-p 00000000 00:00 0 
7f1dd4fbf000-7f1dd4fc2000 ---p 00000000 00:00 0 
7f1dd4fc2000-7f1dd50c0000 rw-p 00000000 00:00 0 
7f1dd50c0000-7f1dd50c3000 ---p 00000000 00:00 0 
7f1dd50c3000-7f1dd51c1000 rw-p 00000000 00:00 0 
7f1dd51c1000-7f1dd51c4000 ---p 00000000 00:00 0 
7f1dd51c4000-7f1dd52c2000 rw-p 00000000 00:00 0 
7f1dd52c2000-7f1dd52c5000 ---p 00000000 00:00 0 
7f1dd52c5000-7f1dd53c3000 rw-p 00000000 00:00 0 
7f1dd53c3000-7f1dd53c8000 r-xp 00000000 07:00 21275                      /usr/lib/x86_64-linux-gnu/libXfixes.so.3.1.0
7f1dd53c8000-7f1dd55c7000 ---p 00005000 07:00 21275                      /usr/lib/x86_64-linux-gnu/libXfixes.so.3.1.0
7f1dd55c7000-7f1dd55c8000 r--p 00004000 07:00 21275                      /usr/lib/x86_64-linux-gnu/libXfixes.so.3.1.0
7f1dd55c8000-7f1dd55c9000 rw-p 00005000 07:00 21275                      /usr/lib/x86_64-linux-gnu/libXfixes.so.3.1.0
7f1dd55c9000-7f1dd55d3000 r-xp 00000000 07:00 21267                      /usr/lib/x86_64-linux-gnu/libXcursor.so.1.0.2
7f1dd55d3000-7f1dd57d2000 ---p 0000a000 07:00 21267                      /usr/lib/x86_64-linux-gnu/libXcursor.so.1.0.2
7f1dd57d2000-7f1dd57d3000 r--p 00009000 07:00 21267                      /usr/lib/x86_64-linux-gnu/libXcursor.so.1.0.2
7f1dd57d3000-7f1dd57d4000 rw-p 0000a000 07:00 21267                      /usr/lib/x86_64-linux-gnu/libXcursor.so.1.0.2
7f1dd57d4000-7f1dd5819000 r-xp 00000000 07:00 21660                      /usr/lib/x86_64-linux-gnu/libjpeg.so.62.1.0
7f1dd5819000-7f1dd5a19000 ---p 00045000 07:00 21660                      /usr/lib/x86_64-linux-gnu/libjpeg.so.62.1.0
7f1dd5a19000-7f1dd5a1a000 r--p 00045000 07:00 21660                      /usr/lib/x86_64-linux-gnu/libjpeg.so.62.1.0
7f1dd5a1a000-7f1dd5a1b000 rw-p 00046000 07:00 21660                      /usr/lib/x86_64-linux-gnu/libjpeg.so.62.1.0
7f1dd5a1b000-7f1dd5a2b000 rw-p 00000000 00:00 0 
7f1dd5a2b000-7f1dd5a35000 r-xp 00000000 07:00 11863                      /usr/lib/jvm/java-7-openjdk-amd64/jre/lib/amd64/libjavajpeg.so
7f1dd5a35000-7f1dd5c34000 ---p 0000a000 07:00 11863                      /usr/lib/jvm/java-7-openjdk-amd64/jre/lib/amd64/libjavajpeg.so
7f1dd5c34000-7f1dd5c35000 r--p 00009000 07:00 11863                      /usr/lib/jvm/java-7-openjdk-amd64/jre/lib/amd64/libjavajpeg.so
7f1dd5c35000-7f1dd5c36000 rw-p 0000a000 07:00 11863                      /usr/lib/jvm/java-7-openjdk-amd64/jre/lib/amd64/libjavajpeg.so
7f1dd5c36000-7f1dd5c39000 ---p 00000000 00:00 0 
7f1dd5c39000-7f1dd5d37000 rw-p 00000000 00:00 0 
7f1dd5d37000-7f1dd5d3c000 r-xp 00000000 07:00 21271                      /usr/lib/x86_64-linux-gnu/libXdmcp.so.6.0.0
7f1dd5d3c000-7f1dd5f3b000 ---p 00005000 07:00 21271                      /usr/lib/x86_64-linux-gnu/libXdmcp.so.6.0.0
7f1dd5f3b000-7f1dd5f3c000 rw-p 00004000 07:00 21271                      /usr/lib/x86_64-linux-gnu/libXdmcp.so.6.0.0
7f1dd5f3c000-7f1dd5f3f000 r-xp 00000000 07:00 21260                      /usr/lib/x86_64-linux-gnu/libXau.so.6.0.0
7f1dd5f3f000-7f1dd613e000 ---p 00003000 07:00 21260                      /usr/lib/x86_64-linux-gnu/libXau.so.6.0.0
7f1dd613e000-7f1dd613f000 r--p 00002000 07:00 21260                      /usr/lib/x86_64-linux-gnu/libXau.so.6.0.0
7f1dd613f000-7f1dd6140000 rw-p 00003000 07:00 21260                      /usr/lib/x86_64-linux-gnu/libXau.so.6.0.0
7f1dd6140000-7f1dd6166000 r-xp 00000000 07:00 7885                       /lib/x86_64-linux-gnu/libpng12.so.0.50.0
7f1dd6166000-7f1dd6365000 ---p 00026000 07:00 7885                       /lib/x86_64-linux-gnu/libpng12.so.0.50.0
7f1dd6365000-7f1dd6366000 r--p 00025000 07:00 7885                       /lib/x86_64-linux-gnu/libpng12.so.0.50.0
7f1dd6366000-7f1dd6367000 rw-p 00026000 07:00 7885                       /lib/x86_64-linux-gnu/libpng12.so.0.50.0
7f1dd6367000-7f1dd638d000 r-xp 00000000 07:00 7807                       /lib/x86_64-linux-gnu/libexpat.so.1.6.0
7f1dd638d000-7f1dd658c000 ---p 00026000 07:00 7807                       /lib/x86_64-linux-gnu/libexpat.so.1.6.0
7f1dd658c000-7f1dd658f000 r--p 00025000 07:00 7807                       /lib/x86_64-linux-gnu/libexpat.so.1.6.0
7f1dd658f000-7f1dd6590000 rw-p 00028000 07:00 7807                       /lib/x86_64-linux-gnu/libexpat.so.1.6.0
7f1dd6590000-7f1dd65b1000 r-xp 00000000 07:00 22058                      /usr/lib/x86_64-linux-gnu/libxcb.so.1.1.0
7f1dd65b1000-7f1dd67b0000 ---p 00021000 07:00 22058                      /usr/lib/x86_64-linux-gnu/libxcb.so.1.1.0
7f1dd67b0000-7f1dd67b1000 r--p 00020000 07:00 22058                      /usr/lib/x86_64-linux-gnu/libxcb.so.1.1.0
7f1dd67b1000-7f1dd67b2000 rw-p 00021000 07:00 22058                      /usr/lib/x86_64-linux-gnu/libxcb.so.1.1.0
7f1dd67b2000-7f1dd6856000 r-xp 00000000 07:00 21519                      /usr/lib/x86_64-linux-gnu/libfreetype.so.6.11.1
7f1dd6856000-7f1dd6a55000 ---p 000a4000 07:00 21519                      /usr/lib/x86_64-linux-gnu/libfreetype.so.6.11.1
7f1dd6a55000-7f1dd6a5b000 r--p 000a3000 07:00 21519                      /usr/lib/x86_64-linux-gnu/libfreetype.so.6.11.1
7f1dd6a5b000-7f1dd6a5c000 rw-p 000a9000 07:00 21519                      /usr/lib/x86_64-linux-gnu/libfreetype.so.6.11.1
7f1dd6a5c000-7f1dd6a97000 r-xp 00000000 07:00 21511                      /usr/lib/x86_64-linux-gnu/libfontconfig.so.1.8.0
7f1dd6a97000-7f1dd6c96000 ---p 0003b000 07:00 21511                      /usr/lib/x86_64-linux-gnu/libfontconfig.so.1.8.0
7f1dd6c96000-7f1dd6c98000 r--p 0003a000 07:00 21511                      /usr/lib/x86_64-linux-gnu/libfontconfig.so.1.8.0
7f1dd6c98000-7f1dd6c99000 rw-p 0003c000 07:00 21511                      /usr/lib/x86_64-linux-gnu/libfontconfig.so.1.8.0
7f1dd6c99000-7f1dd6ca8000 r-xp 00000000 07:00 21281                      /usr/lib/x86_64-linux-gnu/libXi.so.6.1.0
7f1dd6ca8000-7f1dd6ea7000 ---p 0000f000 07:00 21281                      /usr/lib/x86_64-linux-gnu/libXi.so.6.1.0
7f1dd6ea7000-7f1dd6ea8000 r--p 0000e000 07:00 21281                      /usr/lib/x86_64-linux-gnu/libXi.so.6.1.0
7f1dd6ea8000-7f1dd6ea9000 rw-p 0000f000 07:00 21281                      /usr/lib/x86_64-linux-gnu/libXi.so.6.1.0
7f1dd6ea9000-7f1dd6eae000 r-xp 00000000 07:00 21299                      /usr/lib/x86_64-linux-gnu/libXtst.so.6.1.0
7f1dd6eae000-7f1dd70ad000 ---p 00005000 07:00 21299                      /usr/lib/x86_64-linux-gnu/libXtst.so.6.1.0
7f1dd70ad000-7f1dd70ae000 r--p 00004000 07:00 21299                      /usr/lib/x86_64-linux-gnu/libXtst.so.6.1.0
7f1dd70ae000-7f1dd70af000 rw-p 00005000 07:00 21299                      /usr/lib/x86_64-linux-gnu/libXtst.so.6.1.0
7f1dd70af000-7f1dd70b1000 r-xp 00000000 07:00 21265                      /usr/lib/x86_64-linux-gnu/libXcomposite.so.1.0.0
7f1dd70b1000-7f1dd72b0000 ---p 00002000 07:00 21265                      /usr/lib/x86_64-linux-gnu/libXcomposite.so.1.0.0
7f1dd72b0000-7f1dd72b1000 r--p 00001000 07:00 21265                      /usr/lib/x86_64-linux-gnu/libXcomposite.so.1.0.0
7f1dd72b1000-7f1dd72b2000 rw-p 00002000 07:00 21265                      /usr/lib/x86_64-linux-gnu/libXcomposite.so.1.0.0
7f1dd72b2000-7f1dd72bb000 r-xp 00000000 07:00 21293                      /usr/lib/x86_64-linux-gnu/libXrender.so.1.3.0
7f1dd72bb000-7f1dd74ba000 ---p 00009000 07:00 21293                      /usr/lib/x86_64-linux-gnu/libXrender.so.1.3.0
7f1dd74ba000-7f1dd74bb000 r--p 00008000 07:00 21293                      /usr/lib/x86_64-linux-gnu/libXrender.so.1.3.0
7f1dd74bb000-7f1dd74bc000 rw-p 00009000 07:00 21293                      /usr/lib/x86_64-linux-gnu/libXrender.so.1.3.0
7f1dd74bc000-7f1dd75f8000 r-xp 00000000 07:00 21258                      /usr/lib/x86_64-linux-gnu/libX11.so.6.3.0
7f1dd75f8000-7f1dd77f7000 ---p 0013c000 07:00 21258                      /usr/lib/x86_64-linux-gnu/libX11.so.6.3.0
7f1dd77f7000-7f1dd77f9000 r--p 0013b000 07:00 21258                      /usr/lib/x86_64-linux-gnu/libX11.so.6.3.0
7f1dd77f9000-7f1dd77fe000 rw-p 0013d000 07:00 21258                      /usr/lib/x86_64-linux-gnu/libX11.so.6.3.0
7f1dd77fe000-7f1dd77ff000 rw-p 00000000 00:00 0 
7f1dd77ff000-7f1dd7800000 ---p 00000000 00:00 0 
7f1dd7800000-7f1dd8000000 rw-p 00000000 00:00 0 
7f1dd8000000-7f1dd874d000 rw-p 00000000 00:00 0 
7f1dd874d000-7f1ddc000000 ---p 00000000 00:00 0 
7f1ddc000000-7f1ddc09a000 rw-p 00000000 00:00 0 
7f1ddc09a000-7f1de0000000 ---p 00000000 00:00 0 
7f1de0000000-7f1de0037000 rw-p 00000000 00:00 0 
7f1de0037000-7f1de4000000 ---p 00000000 00:00 0 
7f1de4000000-7f1de4a3d000 rw-p 00000000 00:00 0 
7f1de4a3d000-7f1de8000000 ---p 00000000 00:00 0 
7f1de8000000-7f1de86ef000 rw-p 00000000 00:00 0 
7f1de86ef000-7f1dec000000 ---p 00000000 00:00 0 
7f1dec000000-7f1dec23f000 rw-p 00000000 00:00 0 
7f1dec23f000-7f1df0000000 ---p 00000000 00:00 0 
7f1df0000000-7f1df0043000 rw-p 00000000 00:00 0 
7f1df0043000-7f1df4000000 ---p 00000000 00:00 0 
7f1df4000000-7f1df4005000 r--s 00000000 07:00 68990                      /var/cache/fontconfig/9923581aef9bb9211ee5bcd557562ee7-le64.cache-4
7f1df4005000-7f1df400f000 r--s 00000000 07:00 68986                      /var/cache/fontconfig/3f7329c5293ffd510edef78f73874cfd-le64.cache-4
7f1df400f000-7f1df4013000 r--s 00000000 07:00 68992                      /var/cache/fontconfig/d589a48862398ed80a3d6066f4f56f4c-le64.cache-4
7f1df4013000-7f1df4062000 rw-s 00000000 00:01 7307269                    /SYSV00000000 (deleted)
7f1df4062000-7f1df4073000 r-xp 00000000 07:00 21273                      /usr/lib/x86_64-linux-gnu/libXext.so.6.4.0
7f1df4073000-7f1df4272000 ---p 00011000 07:00 21273                      /usr/lib/x86_64-linux-gnu/libXext.so.6.4.0
7f1df4272000-7f1df4273000 r--p 00010000 07:00 21273                      /usr/lib/x86_64-linux-gnu/libXext.so.6.4.0
7f1df4273000-7f1df4274000 rw-p 00011000 07:00 21273                      /usr/lib/x86_64-linux-gnu/libXext.so.6.4.0
7f1df4274000-7f1df4278000 r--s 00000000 07:00 68989                      /var/cache/fontconfig/7ef2298fde41cc6eeb7af42e48b7d293-le64.cache-4
7f1df4278000-7f1df4283000 r--s 00203000 07:00 11890                      /usr/lib/jvm/java-7-openjdk-amd64/jre/lib/charsets.jar
7f1df4283000-7f1df42cc000 r-xp 00000000 07:00 11888                      /usr/lib/jvm/java-7-openjdk-amd64/jre/lib/amd64/xawt/libmawt.so
7f1df42cc000-7f1df44cb000 ---p 00049000 07:00 11888                      /usr/lib/jvm/java-7-openjdk-amd64/jre/lib/amd64/xawt/libmawt.so
7f1df44cb000-7f1df44cc000 r--p 00048000 07:00 11888                      /usr/lib/jvm/java-7-openjdk-amd64/jre/lib/amd64/xawt/libmawt.so
7f1df44cc000-7f1df44cf000 rw-p 00049000 07:00 11888                      /usr/lib/jvm/java-7-openjdk-amd64/jre/lib/amd64/xawt/libmawt.so
7f1df44cf000-7f1df44d0000 rw-p 00000000 00:00 0 
7f1df44d0000-7f1df4571000 r-xp 00000000 07:00 11849                      /usr/lib/jvm/java-7-openjdk-amd64/jre/lib/amd64/libawt.so
7f1df4571000-7f1df4770000 ---p 000a1000 07:00 11849                      /usr/lib/jvm/java-7-openjdk-amd64/jre/lib/amd64/libawt.so
7f1df4770000-7f1df4771000 r--p 000a0000 07:00 11849                      /usr/lib/jvm/java-7-openjdk-amd64/jre/lib/amd64/libawt.so
7f1df4771000-7f1df477c000 rw-p 000a1000 07:00 11849                      /usr/lib/jvm/java-7-openjdk-amd64/jre/lib/amd64/libawt.so
7f1df477c000-7f1df47a1000 rw-p 00000000 00:00 0 
7f1df47a1000-7f1df47a2000 ---p 00000000 00:00 0 
7f1df47a2000-7f1df4fa2000 rw-p 00000000 00:00 0 
7f1df4fa2000-7f1df4fa3000 ---p 00000000 00:00 0 
7f1df4fa3000-7f1df57a3000 rw-p 00000000 00:00 0 
7f1df57a3000-7f1df57a4000 r--s 00000000 00:2a 25134                      /run/user/0/dconf/user
7f1df57a4000-7f1df57af000 r-xp 00000000 07:00 20767                      /usr/lib/x86_64-linux-gnu/gio/modules/libdconfsettings.so
7f1df57af000-7f1df59af000 ---p 0000b000 07:00 20767                      /usr/lib/x86_64-linux-gnu/gio/modules/libdconfsettings.so
7f1df59af000-7f1df59b0000 r--p 0000b000 07:00 20767                      /usr/lib/x86_64-linux-gnu/gio/modules/libdconfsettings.so
7f1df59b0000-7f1df59b1000 rw-p 0000c000 07:00 20767                      /usr/lib/x86_64-linux-gnu/gio/modules/libdconfsettings.so
7f1df59b1000-7f1df59b9000 r--p 00000000 07:00 34015                      /usr/share/glib-2.0/schemas/gschemas.compiled
7f1df59b9000-7f1df59c3000 r--s 000ae000 07:00 11939                      /usr/lib/jvm/java-7-openjdk-amd64/jre/lib/resources.jar
7f1df59c3000-7f1df59c6000 ---p 00000000 00:00 0 
7f1df59c6000-7f1df5ac4000 rw-p 00000000 00:00 0 
7f1df5ac4000-7f1df5acf000 r--s 00108000 00:28 322515                     /tmp/extension3417750616342190513.jar
7f1df5acf000-7f1df5ad0000 r--s 00004000 00:28 322514                     /tmp/extension32173873602421018.jar
7f1df5ad0000-7f1df5ade000 r--s 00193000 00:28 322513                     /tmp/extension3744148643575541396.jar
7f1df5ade000-7f1df5aea000 r--s 002c7000 00:28 322511                     /tmp/extension4168062787138334240.jar
7f1df5aea000-7f1df5af8000 r--s 000e1000 00:28 322508                     /tmp/extension8193884040700527158.jar
7f1df5af8000-7f1df5df9000 rw-p 00000000 00:00 0 
7f1df5df9000-7f1df5e65000 r-xp 00000000 07:00 7883                       /lib/x86_64-linux-gnu/libpcre.so.3.13.1
7f1df5e65000-7f1df6065000 ---p 0006c000 07:00 7883                       /lib/x86_64-linux-gnu/libpcre.so.3.13.1
7f1df6065000-7f1df6066000 r--p 0006c000 07:00 7883                       /lib/x86_64-linux-gnu/libpcre.so.3.13.1
7f1df6066000-7f1df6067000 rw-p 0006d000 07:00 7883                       /lib/x86_64-linux-gnu/libpcre.so.3.13.1
7f1df6067000-7f1df606e000 r-xp 00000000 07:00 21503                      /usr/lib/x86_64-linux-gnu/libffi.so.6.0.2
7f1df606e000-7f1df626d000 ---p 00007000 07:00 21503                      /usr/lib/x86_64-linux-gnu/libffi.so.6.0.2
7f1df626d000-7f1df626e000 r--p 00006000 07:00 21503                      /usr/lib/x86_64-linux-gnu/libffi.so.6.0.2
7f1df626e000-7f1df626f000 rw-p 00007000 07:00 21503                      /usr/lib/x86_64-linux-gnu/libffi.so.6.0.2
7f1df626f000-7f1df6283000 r-xp 00000000 07:00 7896                       /lib/x86_64-linux-gnu/libresolv-2.19.so
7f1df6283000-7f1df6482000 ---p 00014000 07:00 7896                       /lib/x86_64-linux-gnu/libresolv-2.19.so
7f1df6482000-7f1df6483000 r--p 00013000 07:00 7896                       /lib/x86_64-linux-gnu/libresolv-2.19.so
7f1df6483000-7f1df6484000 rw-p 00014000 07:00 7896                       /lib/x86_64-linux-gnu/libresolv-2.19.so
7f1df6484000-7f1df6486000 rw-p 00000000 00:00 0 
7f1df6486000-7f1df64a7000 r-xp 00000000 07:00 7900                       /lib/x86_64-linux-gnu/libselinux.so.1
7f1df64a7000-7f1df66a7000 ---p 00021000 07:00 7900                       /lib/x86_64-linux-gnu/libselinux.so.1
7f1df66a7000-7f1df66a8000 r--p 00021000 07:00 7900                       /lib/x86_64-linux-gnu/libselinux.so.1
7f1df66a8000-7f1df66a9000 rw-p 00022000 07:00 7900                       /lib/x86_64-linux-gnu/libselinux.so.1
7f1df66a9000-7f1df66ab000 rw-p 00000000 00:00 0 
7f1df66ab000-7f1df66ae000 r-xp 00000000 07:00 21569                      /usr/lib/x86_64-linux-gnu/libgmodule-2.0.so.0.4800.0
7f1df66ae000-7f1df68ad000 ---p 00003000 07:00 21569                      /usr/lib/x86_64-linux-gnu/libgmodule-2.0.so.0.4800.0
7f1df68ad000-7f1df68ae000 r--p 00002000 07:00 21569                      /usr/lib/x86_64-linux-gnu/libgmodule-2.0.so.0.4800.0
7f1df68ae000-7f1df68af000 rw-p 00003000 07:00 21569                      /usr/lib/x86_64-linux-gnu/libgmodule-2.0.so.0.4800.0
7f1df68af000-7f1df69bd000 r-xp 00000000 07:00 7816                       /lib/x86_64-linux-gnu/libglib-2.0.so.0.4800.0
7f1df69bd000-7f1df6bbc000 ---p 0010e000 07:00 7816                       /lib/x86_64-linux-gnu/libglib-2.0.so.0.4800.0
7f1df6bbc000-7f1df6bbd000 r--p 0010d000 07:00 7816                       /lib/x86_64-linux-gnu/libglib-2.0.so.0.4800.0
7f1df6bbd000-7f1df6bbe000 rw-p 0010e000 07:00 7816                       /lib/x86_64-linux-gnu/libglib-2.0.so.0.4800.0
7f1df6bbe000-7f1df6bbf000 rw-p 00000000 00:00 0 
7f1df6bbf000-7f1df6c10000 r-xp 00000000 07:00 21587                      /usr/lib/x86_64-linux-gnu/libgobject-2.0.so.0.4800.0
7f1df6c10000-7f1df6e10000 ---p 00051000 07:00 21587                      /usr/lib/x86_64-linux-gnu/libgobject-2.0.so.0.4800.0
7f1df6e10000-7f1df6e11000 r--p 00051000 07:00 21587                      /usr/lib/x86_64-linux-gnu/libgobject-2.0.so.0.4800.0
7f1df6e11000-7f1df6e12000 rw-p 00052000 07:00 21587                      /usr/lib/x86_64-linux-gnu/libgobject-2.0.so.0.4800.0
7f1df6e12000-7f1df6f93000 r-xp 00000000 07:00 21556                      /usr/lib/x86_64-linux-gnu/libgio-2.0.so.0.4800.0
7f1df6f93000-7f1df7193000 ---p 00181000 07:00 21556                      /usr/lib/x86_64-linux-gnu/libgio-2.0.so.0.4800.0
7f1df7193000-7f1df7197000 r--p 00181000 07:00 21556                      /usr/lib/x86_64-linux-gnu/libgio-2.0.so.0.4800.0
7f1df7197000-7f1df719a000 rw-p 00185000 07:00 21556                      /usr/lib/x86_64-linux-gnu/libgio-2.0.so.0.4800.0
7f1df719a000-7f1df719b000 rw-p 00000000 00:00 0 
7f1df719b000-7f1df71b3000 r-xp 00000000 07:00 11874                      /usr/lib/jvm/java-7-openjdk-amd64/jre/lib/amd64/libnet.so
7f1df71b3000-7f1df73b2000 ---p 00018000 07:00 11874                      /usr/lib/jvm/java-7-openjdk-amd64/jre/lib/amd64/libnet.so
7f1df73b2000-7f1df73b3000 r--p 00017000 07:00 11874                      /usr/lib/jvm/java-7-openjdk-amd64/jre/lib/amd64/libnet.so
7f1df73b3000-7f1df73b4000 rw-p 00018000 07:00 11874                      /usr/lib/jvm/java-7-openjdk-amd64/jre/lib/amd64/libnet.so
7f1df73b4000-7f1df73c5000 r-xp 00000000 07:00 11875                      /usr/lib/jvm/java-7-openjdk-amd64/jre/lib/amd64/libnio.so
7f1df73c5000-7f1df75c4000 ---p 00011000 07:00 11875                      /usr/lib/jvm/java-7-openjdk-amd64/jre/lib/amd64/libnio.so
7f1df75c4000-7f1df75c5000 r--p 00010000 07:00 11875                      /usr/lib/jvm/java-7-openjdk-amd64/jre/lib/amd64/libnio.so
7f1df75c5000-7f1df75c6000 rw-p 00011000 07:00 11875                      /usr/lib/jvm/java-7-openjdk-amd64/jre/lib/amd64/libnio.so
7f1df75c6000-7f1df761f000 r--s 01830000 07:00 22964                      /usr/local/bin/sh3d/SweetHome3D-5.2.jar
7f1df761f000-7f1df7620000 ---p 00000000 00:00 0 
7f1df7620000-7f1df7720000 rw-p 00000000 00:00 0 
7f1df7720000-7f1df7723000 ---p 00000000 00:00 0 
7f1df7723000-7f1df7821000 rw-p 00000000 00:00 0 
7f1df7821000-7f1df7824000 ---p 00000000 00:00 0 
7f1df7824000-7f1df7922000 rw-p 00000000 00:00 0 
7f1df7922000-7f1df7925000 ---p 00000000 00:00 0 
7f1df7925000-7f1df7a23000 rw-p 00000000 00:00 0 
7f1df7a23000-7f1df7a26000 ---p 00000000 00:00 0 
7f1df7a26000-7f1df7b24000 rw-p 00000000 00:00 0 
7f1df7b24000-7f1df7cad000 r--p 00000000 07:00 15862                      /usr/lib/locale/locale-archive
7f1df7cad000-7f1df7cb0000 ---p 00000000 00:00 0 
7f1df7cb0000-7f1df7dae000 rw-p 00000000 00:00 0 
7f1df7dae000-7f1df7db1000 ---p 00000000 00:00 0 
7f1df7db1000-7f1df7eaf000 rw-p 00000000 00:00 0 
7f1df7eaf000-7f1df7eb0000 ---p 00000000 00:00 0 
7f1df7eb0000-7f1df7ff9000 rw-p 00000000 00:00 0 
7f1df7ff9000-7f1df81ab000 r--s 01d32000 07:00 11941                      /usr/lib/jvm/java-7-openjdk-amd64/jre/lib/rt.jar
7f1df81ab000-7f1df828b000 rw-p 00000000 00:00 0 
7f1df828b000-7f1df82d0000 rw-p 00000000 00:00 0 
7f1df82d0000-7f1df82e0000 rw-p 00000000 00:00 0 
7f1df82e0000-7f1df83cc000 rw-p 00000000 00:00 0 
7f1df83cc000-7f1df83d4000 rw-p 00000000 00:00 0 
7f1df83d4000-7f1df8449000 rw-p 00000000 00:00 0 
7f1df8449000-7f1df845a000 rw-p 00000000 00:00 0 
7f1df845a000-7f1df8545000 rw-p 00000000 00:00 0 
7f1df8545000-7f1df8554000 rw-p 00000000 00:00 0 
7f1df8554000-7f1df8598000 rw-p 00000000 00:00 0 
7f1df8598000-7f1df8599000 rw-p 00000000 00:00 0 
7f1df8599000-7f1df8809000 rwxp 00000000 00:00 0 
7f1df8809000-7f1dfb599000 rw-p 00000000 00:00 0 
7f1dfb599000-7f1dfb5a1000 r-xp 00000000 07:00 11881                      /usr/lib/jvm/java-7-openjdk-amd64/jre/lib/amd64/libzip.so
7f1dfb5a1000-7f1dfb7a0000 ---p 00008000 07:00 11881                      /usr/lib/jvm/java-7-openjdk-amd64/jre/lib/amd64/libzip.so
7f1dfb7a0000-7f1dfb7a1000 r--p 00007000 07:00 11881                      /usr/lib/jvm/java-7-openjdk-amd64/jre/lib/amd64/libzip.so
7f1dfb7a1000-7f1dfb7a2000 rw-p 00008000 07:00 11881                      /usr/lib/jvm/java-7-openjdk-amd64/jre/lib/amd64/libzip.so
7f1dfb7a2000-7f1dfb7ad000 r-xp 00000000 07:00 7861                       /lib/x86_64-linux-gnu/libnss_files-2.19.so
7f1dfb7ad000-7f1dfb9ac000 ---p 0000b000 07:00 7861                       /lib/x86_64-linux-gnu/libnss_files-2.19.so
7f1dfb9ac000-7f1dfb9ad000 r--p 0000a000 07:00 7861                       /lib/x86_64-linux-gnu/libnss_files-2.19.so
7f1dfb9ad000-7f1dfb9ae000 rw-p 0000b000 07:00 7861                       /lib/x86_64-linux-gnu/libnss_files-2.19.so
7f1dfb9ae000-7f1dfb9b8000 r-xp 00000000 07:00 7865                       /lib/x86_64-linux-gnu/libnss_nis-2.19.so
7f1dfb9b8000-7f1dfbbb7000 ---p 0000a000 07:00 7865                       /lib/x86_64-linux-gnu/libnss_nis-2.19.so
7f1dfbbb7000-7f1dfbbb8000 r--p 00009000 07:00 7865                       /lib/x86_64-linux-gnu/libnss_nis-2.19.so
7f1dfbbb8000-7f1dfbbb9000 rw-p 0000a000 07:00 7865                       /lib/x86_64-linux-gnu/libnss_nis-2.19.so
7f1dfbbb9000-7f1dfbbce000 r-xp 00000000 07:00 7855                       /lib/x86_64-linux-gnu/libnsl-2.19.so
7f1dfbbce000-7f1dfbdcd000 ---p 00015000 07:00 7855                       /lib/x86_64-linux-gnu/libnsl-2.19.so
7f1dfbdcd000-7f1dfbdce000 r--p 00014000 07:00 7855                       /lib/x86_64-linux-gnu/libnsl-2.19.so
7f1dfbdce000-7f1dfbdcf000 rw-p 00015000 07:00 7855                       /lib/x86_64-linux-gnu/libnsl-2.19.so
7f1dfbdcf000-7f1dfbdd1000 rw-p 00000000 00:00 0 
7f1dfbdd1000-7f1dfbdfe000 r-xp 00000000 07:00 11860                      /usr/lib/jvm/java-7-openjdk-amd64/jre/lib/amd64/libjava.so
7f1dfbdfe000-7f1dfbffd000 ---p 0002d000 07:00 11860                      /usr/lib/jvm/java-7-openjdk-amd64/jre/lib/amd64/libjava.so
7f1dfbffd000-7f1dfbffe000 r--p 0002c000 07:00 11860                      /usr/lib/jvm/java-7-openjdk-amd64/jre/lib/amd64/libjava.so
7f1dfbffe000-7f1dfc000000 rw-p 0002d000 07:00 11860                      /usr/lib/jvm/java-7-openjdk-amd64/jre/lib/amd64/libjava.so
7f1dfc000000-7f1dfc8f0000 rw-p 00000000 00:00 0 
7f1dfc8f0000-7f1e00000000 ---p 00000000 00:00 0 
7f1e00000000-7f1e00002000 r--s 0004c000 00:28 322512                     /tmp/extension4647914108186296807.jar
7f1e00002000-7f1e00008000 r--s 0004f000 00:28 322507                     /tmp/extension1758457832265494170.jar
7f1e00008000-7f1e0000f000 r-xp 00000000 07:00 7857                       /lib/x86_64-linux-gnu/libnss_compat-2.19.so
7f1e0000f000-7f1e0020e000 ---p 00007000 07:00 7857                       /lib/x86_64-linux-gnu/libnss_compat-2.19.so
7f1e0020e000-7f1e0020f000 r--p 00006000 07:00 7857                       /lib/x86_64-linux-gnu/libnss_compat-2.19.so
7f1e0020f000-7f1e00210000 rw-p 00007000 07:00 7857                       /lib/x86_64-linux-gnu/libnss_compat-2.19.so
7f1e00210000-7f1e0021f000 r-xp 00000000 07:00 11880                      /usr/lib/jvm/java-7-openjdk-amd64/jre/lib/amd64/libverify.so
7f1e0021f000-7f1e0041e000 ---p 0000f000 07:00 11880                      /usr/lib/jvm/java-7-openjdk-amd64/jre/lib/amd64/libverify.so
7f1e0041e000-7f1e00421000 r--p 0000e000 07:00 11880                      /usr/lib/jvm/java-7-openjdk-amd64/jre/lib/amd64/libverify.so
7f1e00421000-7f1e00422000 rw-p 00011000 07:00 11880                      /usr/lib/jvm/java-7-openjdk-amd64/jre/lib/amd64/libverify.so
7f1e00422000-7f1e00429000 r-xp 00000000 07:00 7898                       /lib/x86_64-linux-gnu/librt-2.19.so
7f1e00429000-7f1e00628000 ---p 00007000 07:00 7898                       /lib/x86_64-linux-gnu/librt-2.19.so
7f1e00628000-7f1e00629000 r--p 00006000 07:00 7898                       /lib/x86_64-linux-gnu/librt-2.19.so
7f1e00629000-7f1e0062a000 rw-p 00007000 07:00 7898                       /lib/x86_64-linux-gnu/librt-2.19.so
7f1e0062a000-7f1e00640000 r-xp 00000000 07:00 7812                       /lib/x86_64-linux-gnu/libgcc_s.so.1
7f1e00640000-7f1e0083f000 ---p 00016000 07:00 7812                       /lib/x86_64-linux-gnu/libgcc_s.so.1
7f1e0083f000-7f1e00840000 rw-p 00015000 07:00 7812                       /lib/x86_64-linux-gnu/libgcc_s.so.1
7f1e00840000-7f1e00940000 r-xp 00000000 07:00 7840                       /lib/x86_64-linux-gnu/libm-2.19.so
7f1e00940000-7f1e00b3f000 ---p 00100000 07:00 7840                       /lib/x86_64-linux-gnu/libm-2.19.so
7f1e00b3f000-7f1e00b40000 r--p 000ff000 07:00 7840                       /lib/x86_64-linux-gnu/libm-2.19.so
7f1e00b40000-7f1e00b41000 rw-p 00100000 07:00 7840                       /lib/x86_64-linux-gnu/libm-2.19.so
7f1e00b41000-7f1e00c2d000 r-xp 00000000 07:00 21928                      /usr/lib/x86_64-linux-gnu/libstdc++.so.6.0.20
7f1e00c2d000-7f1e00e2d000 ---p 000ec000 07:00 21928                      /usr/lib/x86_64-linux-gnu/libstdc++.so.6.0.20
7f1e00e2d000-7f1e00e35000 r--p 000ec000 07:00 21928                      /usr/lib/x86_64-linux-gnu/libstdc++.so.6.0.20
7f1e00e35000-7f1e00e37000 rw-p 000f4000 07:00 21928                      /usr/lib/x86_64-linux-gnu/libstdc++.so.6.0.20
7f1e00e37000-7f1e00e4c000 rw-p 00000000 00:00 0 
7f1e00e4c000-7f1e019a4000 r-xp 00000000 07:00 11886                      /usr/lib/jvm/java-7-openjdk-amd64/jre/lib/amd64/server/libjvm.so
7f1e019a4000-7f1e01ba4000 ---p 00b58000 07:00 11886                      /usr/lib/jvm/java-7-openjdk-amd64/jre/lib/amd64/server/libjvm.so
7f1e01ba4000-7f1e01c43000 r--p 00b58000 07:00 11886                      /usr/lib/jvm/java-7-openjdk-amd64/jre/lib/amd64/server/libjvm.so
7f1e01c43000-7f1e01c66000 rw-p 00bf7000 07:00 11886                      /usr/lib/jvm/java-7-openjdk-amd64/jre/lib/amd64/server/libjvm.so
7f1e01c66000-7f1e01c94000 rw-p 00000000 00:00 0 
7f1e01c94000-7f1e01cae000 r-xp 00000000 07:00 7929                       /lib/x86_64-linux-gnu/libz.so.1.2.8
7f1e01cae000-7f1e01ead000 ---p 0001a000 07:00 7929                       /lib/x86_64-linux-gnu/libz.so.1.2.8
7f1e01ead000-7f1e01eae000 r--p 00019000 07:00 7929                       /lib/x86_64-linux-gnu/libz.so.1.2.8
7f1e01eae000-7f1e01eaf000 rw-p 0001a000 07:00 7929                       /lib/x86_64-linux-gnu/libz.so.1.2.8
7f1e01eaf000-7f1e02051000 r-xp 00000000 07:00 7785                       /lib/x86_64-linux-gnu/libc-2.19.so
7f1e02051000-7f1e02250000 ---p 001a2000 07:00 7785                       /lib/x86_64-linux-gnu/libc-2.19.so
7f1e02250000-7f1e02254000 r--p 001a1000 07:00 7785                       /lib/x86_64-linux-gnu/libc-2.19.so
7f1e02254000-7f1e02256000 rw-p 001a5000 07:00 7785                       /lib/x86_64-linux-gnu/libc-2.19.so
7f1e02256000-7f1e0225a000 rw-p 00000000 00:00 0 
7f1e0225a000-7f1e0225d000 r-xp 00000000 07:00 7800                       /lib/x86_64-linux-gnu/libdl-2.19.so
7f1e0225d000-7f1e0245c000 ---p 00003000 07:00 7800                       /lib/x86_64-linux-gnu/libdl-2.19.so
7f1e0245c000-7f1e0245d000 r--p 00002000 07:00 7800                       /lib/x86_64-linux-gnu/libdl-2.19.so
7f1e0245d000-7f1e0245e000 rw-p 00003000 07:00 7800                       /lib/x86_64-linux-gnu/libdl-2.19.so
7f1e0245e000-7f1e0246b000 r-xp 00000000 07:00 11845                      /usr/lib/jvm/java-7-openjdk-amd64/jre/lib/amd64/jli/libjli.so
7f1e0246b000-7f1e0266a000 ---p 0000d000 07:00 11845                      /usr/lib/jvm/java-7-openjdk-amd64/jre/lib/amd64/jli/libjli.so
7f1e0266a000-7f1e0266b000 r--p 0000c000 07:00 11845                      /usr/lib/jvm/java-7-openjdk-amd64/jre/lib/amd64/jli/libjli.so
7f1e0266b000-7f1e0266c000 rw-p 0000d000 07:00 11845                      /usr/lib/jvm/java-7-openjdk-amd64/jre/lib/amd64/jli/libjli.so
7f1e0266c000-7f1e02684000 r-xp 00000000 07:00 7890                       /lib/x86_64-linux-gnu/libpthread-2.19.so
7f1e02684000-7f1e02883000 ---p 00018000 07:00 7890                       /lib/x86_64-linux-gnu/libpthread-2.19.so
7f1e02883000-7f1e02884000 r--p 00017000 07:00 7890                       /lib/x86_64-linux-gnu/libpthread-2.19.so
7f1e02884000-7f1e02885000 rw-p 00018000 07:00 7890                       /lib/x86_64-linux-gnu/libpthread-2.19.so
7f1e02885000-7f1e02889000 rw-p 00000000 00:00 0 
7f1e02889000-7f1e028a9000 r-xp 00000000 07:00 7761                       /lib/x86_64-linux-gnu/ld-2.19.so
7f1e028a9000-7f1e028ab000 r--s 00008000 00:28 322509                     /tmp/extension7335559244525312131.jar
7f1e028ab000-7f1e028b2000 r--s 0006d000 00:28 322506                     /tmp/extension1510355475804579805.jar
7f1e028b2000-7f1e028be000 r--s 00108000 00:28 322505                     /tmp/extension402385070108099856.jar
7f1e028be000-7f1e028c2000 r--s 0004f000 07:00 11926                      /usr/lib/jvm/java-7-openjdk-amd64/jre/lib/jsse.jar
7f1e028c2000-7f1e028c4000 r--s 00012000 07:00 11909                      /usr/lib/jvm/java-7-openjdk-amd64/jre/lib/ext/zipfs.jar
7f1e028c4000-7f1e028c8000 r--s 0003c000 07:00 11908                      /usr/lib/jvm/java-7-openjdk-amd64/jre/lib/ext/sunpkcs11.jar
7f1e028c8000-7f1e028cc000 r--s 00034000 07:00 11907                      /usr/lib/jvm/java-7-openjdk-amd64/jre/lib/ext/sunjce_provider.jar
7f1e028cc000-7f1e028d0000 r--s 00085000 07:00 11906                      /usr/lib/jvm/java-7-openjdk-amd64/jre/lib/ext/localedata.jar
7f1e028d0000-7f1e028d2000 r--s 00006000 07:00 44943                      /usr/share/java/java-atk-wrapper.jar
7f1e028d2000-7f1e028dc000 rw-p 00000000 00:00 0 
7f1e028dc000-7f1e02992000 rw-p 00000000 00:00 0 
7f1e02992000-7f1e02995000 ---p 00000000 00:00 0 
7f1e02995000-7f1e02a98000 rw-p 00000000 00:00 0 
7f1e02a98000-7f1e02a99000 r--s 00001000 00:28 322510                     /tmp/extension1876040933785786952.jar
7f1e02a99000-7f1e02a9c000 r--s 0000f000 07:00 11903                      /usr/lib/jvm/java-7-openjdk-amd64/jre/lib/ext/icedtea-sound.jar
7f1e02a9c000-7f1e02a9d000 r--s 00002000 07:00 11902                      /usr/lib/jvm/java-7-openjdk-amd64/jre/lib/ext/dnsns.jar
7f1e02a9d000-7f1e02aa5000 rw-s 00000000 00:28 322504                     /tmp/hsperfdata_root/14461
7f1e02aa5000-7f1e02aa6000 rw-p 00000000 00:00 0 
7f1e02aa6000-7f1e02aa7000 r--p 00000000 00:00 0 
7f1e02aa7000-7f1e02aa9000 rw-p 00000000 00:00 0 
7f1e02aa9000-7f1e02aaa000 r--p 00020000 07:00 7761                       /lib/x86_64-linux-gnu/ld-2.19.so
7f1e02aaa000-7f1e02aab000 rw-p 00021000 07:00 7761                       /lib/x86_64-linux-gnu/ld-2.19.so
7f1e02aab000-7f1e02aac000 rw-p 00000000 00:00 0 
7ffce4e5e000-7ffce4e7f000 rw-p 00000000 00:00 0                          [stack]
7ffce4fb9000-7ffce4fbc000 r--p 00000000 00:00 0                          [vvar]
7ffce4fbc000-7ffce4fbe000 r-xp 00000000 00:00 0                          [vdso]
ffffffffff600000-ffffffffff601000 r-xp 00000000 00:00 0                  [vsyscall]

VM Arguments:
java_command: /usr/local/bin/sh3d/SweetHome3D-5.2.jar
Launcher Type: SUN_STANDARD

Environment Variables:
PATH=/usr/local/sbin:/usr/local/bin:/usr/sbin:/usr/bin:/sbin:/bin:/media/master/apps/eclipse64
SHELL=/bin/bash
DISPLAY=:0.0

Signal Handlers:
SIGSEGV: [libjvm.so+0x989ea0], sa_mask[0]=0x7ffbfeff, sa_flags=0x10000004
SIGBUS: [libjvm.so+0x989ea0], sa_mask[0]=0x7ffbfeff, sa_flags=0x10000004
SIGFPE: [libjvm.so+0x7f6820], sa_mask[0]=0x7ffbfeff, sa_flags=0x10000004
SIGPIPE: SIG_IGN, sa_mask[0]=0x00001000, sa_flags=0x10000000
SIGXFSZ: [libjvm.so+0x7f6820], sa_mask[0]=0x7ffbfeff, sa_flags=0x10000004
SIGILL: [libjvm.so+0x7f6820], sa_mask[0]=0x7ffbfeff, sa_flags=0x10000004
SIGUSR1: SIG_DFL, sa_mask[0]=0x00000000, sa_flags=0x00000000
SIGUSR2: [libjvm.so+0x7f66a0], sa_mask[0]=0x00000000, sa_flags=0x10000004
SIGHUP: [libjvm.so+0x7f68a0], sa_mask[0]=0x7ffbfeff, sa_flags=0x10000004
SIGINT: [libjvm.so+0x7f68a0], sa_mask[0]=0x7ffbfeff, sa_flags=0x10000004
SIGTERM: [libjvm.so+0x7f68a0], sa_mask[0]=0x7ffbfeff, sa_flags=0x10000004
SIGQUIT: [libjvm.so+0x7f68a0], sa_mask[0]=0x7ffbfeff, sa_flags=0x10000004
SIGTRAP: SIG_DFL, sa_mask[0]=0x00000000, sa_flags=0x00000000


---------------  S Y S T E M  ---------------

OS:8.5

uname:Linux 4.6.0-0.bpo.1-amd64 #1 SMP Debian 4.6.4-1~bpo8+1 (2016-08-11) x86_64
libc:glibc 2.19 NPTL 2.19 
rlimit: STACK 8192k, CORE 0k, NPROC 11926, NOFILE 65536, AS infinity
load average:0.21 0.11 0.07

/proc/meminfo:
MemTotal:        3084904 kB
MemFree:          120512 kB
MemAvailable:     933760 kB
Buffers:          199544 kB
Cached:          1596328 kB
SwapCached:            0 kB
Active:          1637920 kB
Inactive:        1048936 kB
Active(anon):    1127400 kB
Inactive(anon):   747872 kB
Active(file):     510520 kB
Inactive(file):   301064 kB
Unevictable:           0 kB
Mlocked:               0 kB
SwapTotal:             0 kB
SwapFree:              0 kB
Dirty:                88 kB
Writeback:             0 kB
AnonPages:        890992 kB
Mapped:           152976 kB
Shmem:            984212 kB
Slab:             216948 kB
SReclaimable:     193724 kB
SUnreclaim:        23224 kB
KernelStack:        7408 kB
PageTables:        15492 kB
NFS_Unstable:          0 kB
Bounce:                0 kB
WritebackTmp:          0 kB
CommitLimit:     1542452 kB
Committed_AS:    3523100 kB
VmallocTotal:   34359738367 kB
VmallocUsed:           0 kB
VmallocChunk:          0 kB
HardwareCorrupted:     0 kB
AnonHugePages:         0 kB
HugePages_Total:       0
HugePages_Free:        0
HugePages_Rsvd:        0
HugePages_Surp:        0
Hugepagesize:       2048 kB
DirectMap4k:       71616 kB
DirectMap2M:     3074048 kB


CPU:total 1 (1 cores per cpu, 1 threads per core) family 6 model 61 stepping 4, cmov, cx8, fxsr, mmx, sse, sse2, sse3, ssse3, sse4.1, sse4.2, popcnt, avx, aes, tsc, tscinvbit

/proc/cpuinfo:
processor	: 0
vendor_id	: GenuineIntel
cpu family	: 6
model		: 61
model name	: Intel(R) Core(TM) i7-5650U CPU @ 2.20GHz
stepping	: 4
cpu MHz		: 2199.998
cache size	: 4096 KB
physical id	: 0
siblings	: 1
core id		: 0
cpu cores	: 1
apicid		: 0
initial apicid	: 0
fpu		: yes
fpu_exception	: yes
cpuid level	: 20
wp		: yes
flags		: fpu vme de pse tsc msr pae mce cx8 apic sep mtrr pge mca cmov pat pse36 clflush mmx fxsr sse sse2 syscall nx rdtscp lm constant_tsc rep_good nopl xtopology nonstop_tsc eagerfpu pni pclmulqdq monitor ssse3 cx16 sse4_1 sse4_2 movbe popcnt aes xsave avx rdrand hypervisor lahf_lm abm 3dnowprefetch rdseed
bugs		:
bogomips	: 4399.99
clflush size	: 64
cache_alignment	: 64
address sizes	: 39 bits physical, 48 bits virtual
power management:



Memory: 4k page, physical 3084904k(120512k free), swap 0k(0k free)

vm_info: OpenJDK 64-Bit Server VM (24.95-b01) for linux-amd64 JRE (1.7.0_101-b00), built on May  4 2016 17:57:00 by "julien" with gcc 4.9.2

time: Mon Aug 22 12:59:36 2016
elapsed time: 6 seconds

