#
# A fatal error has been detected by the Java Runtime Environment:
#
#  SIGSEGV (0xb) at pc=0x00007f6610d7120d, pid=14544, tid=140075556525824
#
# JRE version: OpenJDK Runtime Environment (7.0_101) (build 1.7.0_101-b00)
# Java VM: OpenJDK 64-Bit Server VM (24.95-b01 mixed mode linux-amd64 compressed oops)
# Derivative: IcedTea 2.6.6
# Distribution: Debian GNU/Linux 8.4 (jessie), package 7u101-2.6.6-2~deb8u1
# Problematic frame:
# C  [libc.so.6+0x9220d]
#
# Failed to write core dump. Core dumps have been disabled. To enable core dumping, try "ulimit -c unlimited" before starting Java again
#
# If you would like to submit a bug report, please include
# instructions on how to reproduce the bug and visit:
#   http://icedtea.classpath.org/bugzilla
# The crash happened outside the Java Virtual Machine in native code.
# See problematic frame for where to report the bug.
#

---------------  T H R E A D  ---------------

Current thread (0x00007f65fc00b000):  JavaThread "J3D-Renderer-1" [_thread_in_native, id=14568, stack(0x00007f65e1b9d000,0x00007f65e1c9e000)]

siginfo:si_signo=SIGSEGV: si_errno=0, si_code=1 (SEGV_MAPERR), si_addr=0x00007f66175d8dcc

Registers:
RAX=0x000000001f0e2751, RBX=0x000000000000003f, RCX=0x0000000000000016, RDX=0x000000000000000b
RSP=0x00007f65e1c9c148, RBP=0x00007f66175d8dcc, RSI=0x00007f66175d8dcc, RDI=0x00007f65f84f6670
R8 =0x000000000000000c, R9 =0x0000000000000040, R10=0x00007f65f84f6670, R11=0x00007f65e62ed730
R12=0x0000000000000100, R13=0x000000000000000c, R14=0x000000000000000b, R15=0x00007f65f84f6670
RIP=0x00007f6610d7120d, EFLAGS=0x0000000000010202, CSGSFS=0x002b000000000033, ERR=0x0000000000000004
  TRAPNO=0x000000000000000e

Top of Stack: (sp=0x00007f65e1c9c148)
0x00007f65e1c9c148:   00007f65e62df07e 00007f65e62df040
0x00007f65e1c9c158:   00007f66175d8dcc 00007f65f8016598
0x00007f65e1c9c168:   0000000000000016 0000000000000000
0x00007f65e1c9c178:   00007f65e62df767 0000000000000000
0x00007f65e1c9c188:   00007f65e62df868 0000000000000000
0x00007f65e1c9c198:   0000000000004000 000000000000000c
0x00007f65e1c9c1a8:   0000000000000300 000000000000000b
0x00007f65e1c9c1b8:   0000000000000100 00007f65f800e8e0
0x00007f65e1c9c1c8:   00007f65f84f6670 00007f65f8016598
0x00007f65e1c9c1d8:   0000000000004800 0000000000000000
0x00007f65e1c9c1e8:   0000000000000000 00007f650000000a
0x00007f65e1c9c1f8:   00007f65fc00be00 00007f65fc00b000
0x00007f65e1c9c208:   00007f65e1c9c490 00007f65e1c9c490
0x00007f65e1c9c218:   00007f65f84400c0 0000000000000000
0x00007f65e1c9c228:   0000000000000001 0000000000000020
0x00007f65e1c9c238:   00007f65f800e8e0 00007f65f800e800
0x00007f65e1c9c248:   00007f65e62e00fd 0000000000000000
0x00007f65e1c9c258:   0000000000000000 0000000000000040
0x00007f65e1c9c268:   0000000000000040 0000000000000001
0x00007f65e1c9c278:   0000000000000020 00007f65e1c9cb40
0x00007f65e1c9c288:   0000000000000040 0000000000000040
0x00007f65e1c9c298:   00007f65f800e8e0 00000000f61266b0
0x00007f65e1c9c2a8:   00007f65f841af40 0000000002600005
0x00007f65e1c9c2b8:   00007f6605014e4c 00007f65e1c9c6a8
0x00007f65e1c9c2c8:   00007f65e1c9c490 00007f65fc00b000
0x00007f65e1c9c2d8:   0e61a751f100f600 00007f65fc00bea0
0x00007f65e1c9c2e8:   00007f65fc1a0030 00007f65e1c9c4e0
0x00007f65e1c9c2f8:   00007f65fc00b000 00007f65e1c9c3d0
0x00007f65e1c9c308:   00007f65fc00bed8 00007f65e1c9c330
0x00007f65e1c9c318:   00007f661027d7c8 00007f65fc00bed8
0x00007f65e1c9c328:   00007f65fc00b000 00007f65e1c9c480
0x00007f65e1c9c338:   00007f661028d096 00007f65fc00b1d8 

Instructions: (pc=0x00007f6610d7120d)
0x00007f6610d711ed:   b7 44 16 fe 66 89 44 17 fe e9 63 fe ff ff 48 8d
0x00007f6610d711fd:   42 ff 90 0f b6 14 06 88 14 07 48 83 e8 01 eb f3
0x00007f6610d7120d:   48 8b 06 48 89 07 48 8b 44 16 f8 48 89 44 17 f8
0x00007f6610d7121d:   e9 3c fe ff ff 31 c0 eb 90 8b 06 89 07 8b 44 16 

Register to memory mapping:

RAX=0x000000001f0e2751 is an unknown value
RBX=0x000000000000003f is an unknown value
RCX=0x0000000000000016 is an unknown value
RDX=0x000000000000000b is an unknown value
RSP=0x00007f65e1c9c148 is pointing into the stack for thread: 0x00007f65fc00b000
RBP=0x00007f66175d8dcc is an unknown value
RSI=0x00007f66175d8dcc is an unknown value
RDI=0x00007f65f84f6670 is an unknown value
R8 =0x000000000000000c is an unknown value
R9 =0x0000000000000040 is an unknown value
R10=0x00007f65f84f6670 is an unknown value
R11=0x00007f65e62ed730: _XAllocScratch+0 in /usr/lib/x86_64-linux-gnu/libX11.so.6 at 0x00007f65e62a8000
R12=0x0000000000000100 is an unknown value
R13=0x000000000000000c is an unknown value
R14=0x000000000000000b is an unknown value
R15=0x00007f65f84f6670 is an unknown value


Stack: [0x00007f65e1b9d000,0x00007f65e1c9e000],  sp=0x00007f65e1c9c148,  free space=1020k
Native frames: (J=compiled Java code, j=interpreted, Vv=VM code, C=native code)
C  [libc.so.6+0x9220d]

Java frames: (J=compiled Java code, j=interpreted, Vv=VM code)
j  javax.media.j3d.NativePipeline.useCtx(JJJ)Z+0
j  javax.media.j3d.NativePipeline.useCtx(Ljavax/media/j3d/Context;JLjavax/media/j3d/Drawable;)Z+43
j  javax.media.j3d.Canvas3D.useCtx(Ljavax/media/j3d/Context;JLjavax/media/j3d/Drawable;)Z+6
j  javax.media.j3d.Canvas3D.makeCtxCurrent(Ljavax/media/j3d/Context;JLjavax/media/j3d/Drawable;)V+51
j  javax.media.j3d.Canvas3D.makeCtxCurrent()V+16
j  javax.media.j3d.Renderer.doWork(J)V+4036
j  javax.media.j3d.J3dThread.run()V+19
v  ~StubRoutines::call_stub

---------------  P R O C E S S  ---------------

Java Threads: ( => current thread )
  0x00007f65fc02d000 JavaThread "J3D-BehaviorScheduler-2" [_thread_blocked, id=14590, stack(0x00007f65db5a7000,0x00007f65db6a8000)]
  0x00007f65fc02a800 JavaThread "J3D-TransformStructureUpdateThread-2" [_thread_blocked, id=14589, stack(0x00007f65db6a8000,0x00007f65db7a9000)]
  0x00007f65fc028800 JavaThread "J3D-RenderingEnvironmentStructureUpdateThread-2" [_thread_blocked, id=14588, stack(0x00007f65db7a9000,0x00007f65db8aa000)]
  0x00007f65fc026800 JavaThread "J3D-SoundStructureUpdateThread-2" [_thread_blocked, id=14587, stack(0x00007f65db8aa000,0x00007f65db9ab000)]
  0x00007f65fc025000 JavaThread "J3D-GeometryStructureUpdateThread-2" [_thread_blocked, id=14586, stack(0x00007f65db9ab000,0x00007f65dbaac000)]
  0x00007f65fc023800 JavaThread "J3D-BehaviorStructureUpdateThread-2" [_thread_blocked, id=14585, stack(0x00007f65dbaac000,0x00007f65dbbad000)]
  0x00007f65fc021800 JavaThread "J3D-InputDeviceScheduler-1" [_thread_blocked, id=14583, stack(0x00007f65dd09a000,0x00007f65dd19b000)]
  0x00007f65fc01f800 JavaThread "J3D-SoundSchedulerUpdateThread-1" [_thread_blocked, id=14582, stack(0x00007f65dd19b000,0x00007f65dd29c000)]
  0x00007f65fc01d000 JavaThread "J3D-RenderStructureUpdateThread-1" [_thread_blocked, id=14581, stack(0x00007f65dd29c000,0x00007f65dd39d000)]
  0x00007f65fc01b800 JavaThread "J3D-BehaviorScheduler-1" [_thread_blocked, id=14580, stack(0x00007f65dd39d000,0x00007f65dd49e000)]
  0x00007f65fc019800 JavaThread "J3D-TransformStructureUpdateThread-1" [_thread_blocked, id=14579, stack(0x00007f65dd49e000,0x00007f65dd59f000)]
  0x00007f65fc018000 JavaThread "J3D-RenderingEnvironmentStructureUpdateThread-1" [_thread_blocked, id=14578, stack(0x00007f65dd59f000,0x00007f65dd6a0000)]
  0x00007f65fc00f000 JavaThread "J3D-SoundStructureUpdateThread-1" [_thread_blocked, id=14577, stack(0x00007f65dd6a0000,0x00007f65dd7a1000)]
  0x00007f65fc00d800 JavaThread "J3D-GeometryStructureUpdateThread-1" [_thread_blocked, id=14576, stack(0x00007f65dd7a1000,0x00007f65dd8a2000)]
  0x00007f65fc010800 JavaThread "J3D-BehaviorStructureUpdateThread-1" [_thread_blocked, id=14575, stack(0x00007f65dd8a2000,0x00007f65dd9a3000)]
  0x00007f6608591000 JavaThread "pool-5-thread-1" [_thread_in_native, id=14574, stack(0x00007f65e3dab000,0x00007f65e3eac000)]
  0x00007f66085a8000 JavaThread "TimerQueue" daemon [_thread_blocked, id=14573, stack(0x00007f65dd9a3000,0x00007f65ddaa4000)]
  0x00007f6608459000 JavaThread "Image Fetcher 2" daemon [_thread_blocked, id=14572, stack(0x00007f65ddf01000,0x00007f65de002000)]
  0x00007f660844c800 JavaThread "Image Fetcher 1" daemon [_thread_blocked, id=14571, stack(0x00007f65de002000,0x00007f65de103000)]
  0x00007f6608473800 JavaThread "Image Fetcher 0" daemon [_thread_blocked, id=14570, stack(0x00007f65de103000,0x00007f65de204000)]
  0x00007f660800a000 JavaThread "DestroyJavaVM" [_thread_blocked, id=14545, stack(0x00007f66117c2000,0x00007f66118c3000)]
  0x00007f660835d800 JavaThread "autoSaveTimer" daemon [_thread_blocked, id=14569, stack(0x00007f65de204000,0x00007f65de305000)]
=>0x00007f65fc00b000 JavaThread "J3D-Renderer-1" [_thread_in_native, id=14568, stack(0x00007f65e1b9d000,0x00007f65e1c9e000)]
  0x00007f6608386000 JavaThread "J3D-MasterControl-1" [_thread_blocked, id=14567, stack(0x00007f65e1c9e000,0x00007f65e1d9f000)]
  0x00007f6608384800 JavaThread "J3D-NotificationThread" [_thread_blocked, id=14566, stack(0x00007f65e1d9f000,0x00007f65e1ea0000)]
  0x00007f6608389800 JavaThread "J3D-TimerThread" [_thread_blocked, id=14565, stack(0x00007f65e1ea0000,0x00007f65e1fa1000)]
  0x00007f6608384000 JavaThread "J3D-RenderingAttributesStructureUpdateThread" [_thread_blocked, id=14564, stack(0x00007f65e1fa1000,0x00007f65e20a2000)]
  0x00007f66082bc800 JavaThread "pool-2-thread-1" [_thread_in_native, id=14563, stack(0x00007f65e3caa000,0x00007f65e3dab000)]
  0x00007f66082f9000 JavaThread "AWT-EventQueue-0" [_thread_in_Java, id=14561, stack(0x00007f65e3eac000,0x00007f65e3fad000)]
  0x00007f66082f5000 JavaThread "AWT-Shutdown" [_thread_blocked, id=14560, stack(0x00007f65e3fad000,0x00007f65e40ae000)]
  0x00007f66082e4800 JavaThread "AWT-XAWT" daemon [_thread_in_native, id=14559, stack(0x00007f65e40ae000,0x00007f65e41af000)]
  0x00007f6608207000 JavaThread "Java2D Disposer" daemon [_thread_blocked, id=14558, stack(0x00007f65e4a22000,0x00007f65e4b23000)]
  0x00007f66081b4000 JavaThread "Timer-0" daemon [_thread_blocked, id=14554, stack(0x00007f6604788000,0x00007f6604889000)]
  0x00007f66080cd000 JavaThread "Service Thread" daemon [_thread_blocked, id=14552, stack(0x00007f660d558000,0x00007f660d659000)]
  0x00007f66080ca800 JavaThread "C2 CompilerThread1" daemon [_thread_blocked, id=14551, stack(0x00007f660d659000,0x00007f660d75a000)]
  0x00007f66080c8800 JavaThread "C2 CompilerThread0" daemon [_thread_blocked, id=14550, stack(0x00007f660d75a000,0x00007f660d85b000)]
  0x00007f66080c6000 JavaThread "Signal Dispatcher" daemon [_thread_blocked, id=14549, stack(0x00007f660d85b000,0x00007f660d95c000)]
  0x00007f6608099000 JavaThread "Finalizer" daemon [_thread_blocked, id=14548, stack(0x00007f660dae5000,0x00007f660dbe6000)]
  0x00007f6608097000 JavaThread "Reference Handler" daemon [_thread_blocked, id=14547, stack(0x00007f660dbe6000,0x00007f660dce7000)]

Other Threads:
  0x00007f6608092800 VMThread [stack: 0x00007f660dce7000,0x00007f660dde8000] [id=14546]
  0x00007f66080d8000 WatcherThread [stack: 0x00007f660d457000,0x00007f660d558000] [id=14553]

VM state:not at safepoint (normal execution)

VM Mutex/Monitor currently owned by a thread: None

Heap
 def new generation   total 14656K, used 1064K [0x00000000c6800000, 0x00000000c77e0000, 0x00000000d6350000)
  eden space 13056K,   8% used [0x00000000c6800000, 0x00000000c690a028, 0x00000000c74c0000)
  from space 1600K,   0% used [0x00000000c74c0000, 0x00000000c74c0000, 0x00000000c7650000)
  to   space 1600K,   0% used [0x00000000c7650000, 0x00000000c7650000, 0x00000000c77e0000)
 tenured generation   total 32192K, used 9346K [0x00000000d6350000, 0x00000000d82c0000, 0x00000000f5a00000)
   the space 32192K,  29% used [0x00000000d6350000, 0x00000000d6c70a40, 0x00000000d6c70c00, 0x00000000d82c0000)
 compacting perm gen  total 30144K, used 29913K [0x00000000f5a00000, 0x00000000f7770000, 0x0000000100000000)
   the space 30144K,  99% used [0x00000000f5a00000, 0x00000000f7736530, 0x00000000f7736600, 0x00000000f7770000)
No shared spaces configured.

Card table byte_map: [0x00007f660e204000,0x00007f660e3d1000] byte_map_base: 0x00007f660dbd0000

Polling page: 0x00007f66118d6000

Code Cache  [0x00007f6605000000, 0x00007f6605270000, 0x00007f6608000000)
 total_blobs=1006 nmethods=192 adapters=767 free_code_cache=47923Kb largest_free_block=49021376

Compilation events (10 events):
Event: 5.032 Thread 0x00007f66080c8800  202             java.nio.HeapByteBuffer::_get (7 bytes)
Event: 5.033 Thread 0x00007f66080c8800 nmethod 202 0x00007f6605131e90 code [0x00007f6605131fe0, 0x00007f6605132078]
Event: 5.048 Thread 0x00007f66080c8800  203  s          sun.util.resources.OpenListResourceBundle::loadLookup (86 bytes)
Event: 5.052 Thread 0x00007f66080c8800 nmethod 203 0x00007f66050a6590 code [0x00007f66050a6700, 0x00007f66050a6cd8]
Event: 5.086 Thread 0x00007f66080c8800  204             java.util.concurrent.locks.AbstractQueuedSynchronizer::release (33 bytes)
Event: 5.089 Thread 0x00007f66080c8800 nmethod 204 0x00007f66050a9b90 code [0x00007f66050a9ce0, 0x00007f66050a9ea8]
Event: 5.093 Thread 0x00007f66080c8800  205             java.nio.Buffer::nextGetIndex (31 bytes)
Event: 5.093 Thread 0x00007f66080c8800 nmethod 205 0x00007f66050a6350 code [0x00007f66050a6480, 0x00007f66050a64f8]
Event: 5.094 Thread 0x00007f66080c8800  206             java.util.concurrent.locks.ReentrantLock::unlock (10 bytes)
Event: 5.096 Thread 0x00007f66080c8800 nmethod 206 0x00007f66050a9710 code [0x00007f66050a9860, 0x00007f66050a99e8]

GC Heap History (10 events):
Event: 2.774 GC heap before
{Heap before GC invocations=4 (full 1):
 def new generation   total 14592K, used 14156K [0x00000000c6800000, 0x00000000c77d0000, 0x00000000d6350000)
  eden space 12992K, 100% used [0x00000000c6800000, 0x00000000c74b0000, 0x00000000c74b0000)
  from space 1600K,  72% used [0x00000000c7640000, 0x00000000c77630f0, 0x00000000c77d0000)
  to   space 1600K,   0% used [0x00000000c74b0000, 0x00000000c74b0000, 0x00000000c7640000)
 tenured generation   total 32192K, used 4978K [0x00000000d6350000, 0x00000000d82c0000, 0x00000000f5a00000)
   the space 32192K,  15% used [0x00000000d6350000, 0x00000000d682c928, 0x00000000d682ca00, 0x00000000d82c0000)
 compacting perm gen  total 26368K, used 26251K [0x00000000f5a00000, 0x00000000f73c0000, 0x0000000100000000)
   the space 26368K,  99% used [0x00000000f5a00000, 0x00000000f73a2cc8, 0x00000000f73a2e00, 0x00000000f73c0000)
No shared spaces configured.
Event: 2.785 GC heap after
Heap after GC invocations=5 (full 1):
 def new generation   total 14592K, used 1599K [0x00000000c6800000, 0x00000000c77d0000, 0x00000000d6350000)
  eden space 12992K,   0% used [0x00000000c6800000, 0x00000000c6800000, 0x00000000c74b0000)
  from space 1600K,  99% used [0x00000000c74b0000, 0x00000000c763fff8, 0x00000000c7640000)
  to   space 1600K,   0% used [0x00000000c7640000, 0x00000000c7640000, 0x00000000c77d0000)
 tenured generation   total 32192K, used 5900K [0x00000000d6350000, 0x00000000d82c0000, 0x00000000f5a00000)
   the space 32192K,  18% used [0x00000000d6350000, 0x00000000d6913250, 0x00000000d6913400, 0x00000000d82c0000)
 compacting perm gen  total 26368K, used 26251K [0x00000000f5a00000, 0x00000000f73c0000, 0x0000000100000000)
   the space 26368K,  99% used [0x00000000f5a00000, 0x00000000f73a2cc8, 0x00000000f73a2e00, 0x00000000f73c0000)
No shared spaces configured.
}
Event: 2.805 GC heap before
{Heap before GC invocations=5 (full 1):
 def new generation   total 14592K, used 3001K [0x00000000c6800000, 0x00000000c77d0000, 0x00000000d6350000)
  eden space 12992K,  10% used [0x00000000c6800000, 0x00000000c695e700, 0x00000000c74b0000)
  from space 1600K,  99% used [0x00000000c74b0000, 0x00000000c763fff8, 0x00000000c7640000)
  to   space 1600K,   0% used [0x00000000c7640000, 0x00000000c7640000, 0x00000000c77d0000)
 tenured generation   total 32192K, used 5900K [0x00000000d6350000, 0x00000000d82c0000, 0x00000000f5a00000)
   the space 32192K,  18% used [0x00000000d6350000, 0x00000000d6913250, 0x00000000d6913400, 0x00000000d82c0000)
 compacting perm gen  total 26688K, used 26687K [0x00000000f5a00000, 0x00000000f7410000, 0x0000000100000000)
   the space 26688K,  99% used [0x00000000f5a00000, 0x00000000f740fe18, 0x00000000f7410000, 0x00000000f7410000)
No shared spaces configured.
Event: 2.854 GC heap after
Heap after GC invocations=6 (full 2):
 def new generation   total 14592K, used 0K [0x00000000c6800000, 0x00000000c77d0000, 0x00000000d6350000)
  eden space 12992K,   0% used [0x00000000c6800000, 0x00000000c6800000, 0x00000000c74b0000)
  from space 1600K,   0% used [0x00000000c74b0000, 0x00000000c74b0000, 0x00000000c7640000)
  to   space 1600K,   0% used [0x00000000c7640000, 0x00000000c7640000, 0x00000000c77d0000)
 tenured generation   total 32192K, used 7107K [0x00000000d6350000, 0x00000000d82c0000, 0x00000000f5a00000)
   the space 32192K,  22% used [0x00000000d6350000, 0x00000000d6a40e48, 0x00000000d6a41000, 0x00000000d82c0000)
 compacting perm gen  total 26688K, used 26687K [0x00000000f5a00000, 0x00000000f7410000, 0x0000000100000000)
   the space 26688K,  99% used [0x00000000f5a00000, 0x00000000f740fe18, 0x00000000f7410000, 0x00000000f7410000)
No shared spaces configured.
}
Event: 3.091 GC heap before
{Heap before GC invocations=6 (full 2):
 def new generation   total 14592K, used 6927K [0x00000000c6800000, 0x00000000c77d0000, 0x00000000d6350000)
  eden space 12992K,  53% used [0x00000000c6800000, 0x00000000c6ec3d00, 0x00000000c74b0000)
  from space 1600K,   0% used [0x00000000c74b0000, 0x00000000c74b0000, 0x00000000c7640000)
  to   space 1600K,   0% used [0x00000000c7640000, 0x00000000c7640000, 0x00000000c77d0000)
 tenured generation   total 32192K, used 7107K [0x00000000d6350000, 0x00000000d82c0000, 0x00000000f5a00000)
   the space 32192K,  22% used [0x00000000d6350000, 0x00000000d6a40e48, 0x00000000d6a41000, 0x00000000d82c0000)
 compacting perm gen  total 27968K, used 27880K [0x00000000f5a00000, 0x00000000f7550000, 0x0000000100000000)
   the space 27968K,  99% used [0x00000000f5a00000, 0x00000000f753a200, 0x00000000f753a200, 0x00000000f7550000)
No shared spaces configured.
Event: 3.138 GC heap after
Heap after GC invocations=7 (full 3):
 def new generation   total 14592K, used 0K [0x00000000c6800000, 0x00000000c77d0000, 0x00000000d6350000)
  eden space 12992K,   0% used [0x00000000c6800000, 0x00000000c6800000, 0x00000000c74b0000)
  from space 1600K,   0% used [0x00000000c74b0000, 0x00000000c74b0000, 0x00000000c7640000)
  to   space 1600K,   0% used [0x00000000c7640000, 0x00000000c7640000, 0x00000000c77d0000)
 tenured generation   total 32192K, used 7426K [0x00000000d6350000, 0x00000000d82c0000, 0x00000000f5a00000)
   the space 32192K,  23% used [0x00000000d6350000, 0x00000000d6a90820, 0x00000000d6a90a00, 0x00000000d82c0000)
 compacting perm gen  total 27968K, used 27880K [0x00000000f5a00000, 0x00000000f7550000, 0x0000000100000000)
   the space 27968K,  99% used [0x00000000f5a00000, 0x00000000f753a200, 0x00000000f753a200, 0x00000000f7550000)
No shared spaces configured.
}
Event: 5.058 GC heap before
{Heap before GC invocations=7 (full 3):
 def new generation   total 14592K, used 12992K [0x00000000c6800000, 0x00000000c77d0000, 0x00000000d6350000)
  eden space 12992K, 100% used [0x00000000c6800000, 0x00000000c74b0000, 0x00000000c74b0000)
  from space 1600K,   0% used [0x00000000c74b0000, 0x00000000c74b0000, 0x00000000c7640000)
  to   space 1600K,   0% used [0x00000000c7640000, 0x00000000c7640000, 0x00000000c77d0000)
 tenured generation   total 32192K, used 7426K [0x00000000d6350000, 0x00000000d82c0000, 0x00000000f5a00000)
   the space 32192K,  23% used [0x00000000d6350000, 0x00000000d6a90820, 0x00000000d6a90a00, 0x00000000d82c0000)
 compacting perm gen  total 29888K, used 29665K [0x00000000f5a00000, 0x00000000f7730000, 0x0000000100000000)
   the space 29888K,  99% used [0x00000000f5a00000, 0x00000000f76f8710, 0x00000000f76f8800, 0x00000000f7730000)
No shared spaces configured.
Event: 5.067 GC heap after
Heap after GC invocations=8 (full 3):
 def new generation   total 14592K, used 1599K [0x00000000c6800000, 0x00000000c77d0000, 0x00000000d6350000)
  eden space 12992K,   0% used [0x00000000c6800000, 0x00000000c6800000, 0x00000000c74b0000)
  from space 1600K,  99% used [0x00000000c7640000, 0x00000000c77cfff8, 0x00000000c77d0000)
  to   space 1600K,   0% used [0x00000000c74b0000, 0x00000000c74b0000, 0x00000000c7640000)
 tenured generation   total 32192K, used 9277K [0x00000000d6350000, 0x00000000d82c0000, 0x00000000f5a00000)
   the space 32192K,  28% used [0x00000000d6350000, 0x00000000d6c5f7b8, 0x00000000d6c5f800, 0x00000000d82c0000)
 compacting perm gen  total 29888K, used 29665K [0x00000000f5a00000, 0x00000000f7730000, 0x0000000100000000)
   the space 29888K,  99% used [0x00000000f5a00000, 0x00000000f76f8710, 0x00000000f76f8800, 0x00000000f7730000)
No shared spaces configured.
}
Event: 5.111 GC heap before
{Heap before GC invocations=8 (full 3):
 def new generation   total 14592K, used 2896K [0x00000000c6800000, 0x00000000c77d0000, 0x00000000d6350000)
  eden space 12992K,   9% used [0x00000000c6800000, 0x00000000c6944168, 0x00000000c74b0000)
  from space 1600K,  99% used [0x00000000c7640000, 0x00000000c77cfff8, 0x00000000c77d0000)
  to   space 1600K,   0% used [0x00000000c74b0000, 0x00000000c74b0000, 0x00000000c7640000)
 tenured generation   total 32192K, used 9277K [0x00000000d6350000, 0x00000000d82c0000, 0x00000000f5a00000)
   the space 32192K,  28% used [0x00000000d6350000, 0x00000000d6c5f7b8, 0x00000000d6c5f800, 0x00000000d82c0000)
 compacting perm gen  total 29888K, used 29810K [0x00000000f5a00000, 0x00000000f7730000, 0x0000000100000000)
   the space 29888K,  99% used [0x00000000f5a00000, 0x00000000f771ca30, 0x00000000f771cc00, 0x00000000f7730000)
No shared spaces configured.
Event: 5.181 GC heap after
Heap after GC invocations=9 (full 4):
 def new generation   total 14656K, used 0K [0x00000000c6800000, 0x00000000c77e0000, 0x00000000d6350000)
  eden space 13056K,   0% used [0x00000000c6800000, 0x00000000c6800000, 0x00000000c74c0000)
  from space 1600K,   0% used [0x00000000c74c0000, 0x00000000c74c0000, 0x00000000c7650000)
  to   space 1600K,   0% used [0x00000000c7650000, 0x00000000c7650000, 0x00000000c77e0000)
 tenured generation   total 32192K, used 9346K [0x00000000d6350000, 0x00000000d82c0000, 0x00000000f5a00000)
   the space 32192K,  29% used [0x00000000d6350000, 0x00000000d6c70a40, 0x00000000d6c70c00, 0x00000000d82c0000)
 compacting perm gen  total 29824K, used 29802K [0x00000000f5a00000, 0x00000000f7720000, 0x0000000100000000)
   the space 29824K,  99% used [0x00000000f5a00000, 0x00000000f771a960, 0x00000000f771aa00, 0x00000000f7720000)
No shared spaces configured.
}

Deoptimization events (10 events):
Event: 3.817 Thread 0x00007f66082f9000 Uncommon trap: reason=bimorphic action=maybe_recompile pc=0x00007f66050f3128 method=javax.swing.ArrayTable.get(Ljava/lang/Object;)Ljava/lang/Object; @ 44
Event: 3.846 Thread 0x00007f66082f9000 Uncommon trap: reason=class_check action=maybe_recompile pc=0x00007f660512a300 method=javax.swing.RepaintManager.addDirtyRegion0(Ljava/awt/Container;IIII)V @ 91
Event: 4.221 Thread 0x00007f66082f9000 Uncommon trap: reason=class_check action=maybe_recompile pc=0x00007f660512a300 method=javax.swing.RepaintManager.addDirtyRegion0(Ljava/awt/Container;IIII)V @ 91
Event: 4.255 Thread 0x00007f66082f9000 Uncommon trap: reason=class_check action=maybe_recompile pc=0x00007f660512a300 method=javax.swing.RepaintManager.addDirtyRegion0(Ljava/awt/Container;IIII)V @ 91
Event: 4.256 Thread 0x00007f66082f9000 Uncommon trap: reason=class_check action=maybe_recompile pc=0x00007f660512a300 method=javax.swing.RepaintManager.addDirtyRegion0(Ljava/awt/Container;IIII)V @ 91
Event: 4.995 Thread 0x00007f66082f9000 Uncommon trap: reason=class_check action=maybe_recompile pc=0x00007f660510e194 method=javax.swing.UIDefaults.getFromHashtable(Ljava/lang/Object;)Ljava/lang/Object; @ 92
Event: 5.007 Thread 0x00007f66082f9000 Uncommon trap: reason=unstable_if action=reinterpret pc=0x00007f66050b0800 method=java.lang.CharacterData.of(I)Ljava/lang/CharacterData; @ 4
Event: 5.055 Thread 0x00007f66082f9000 Uncommon trap: reason=class_check action=maybe_recompile pc=0x00007f660510e194 method=javax.swing.UIDefaults.getFromHashtable(Ljava/lang/Object;)Ljava/lang/Object; @ 92
Event: 5.103 Thread 0x00007f66082f9000 Uncommon trap: reason=class_check action=maybe_recompile pc=0x00007f660510e194 method=javax.swing.UIDefaults.getFromHashtable(Ljava/lang/Object;)Ljava/lang/Object; @ 92
Event: 5.240 Thread 0x00007f66082f9000 Uncommon trap: reason=class_check action=maybe_recompile pc=0x00007f660510e194 method=javax.swing.UIDefaults.getFromHashtable(Ljava/lang/Object;)Ljava/lang/Object; @ 92

Internal exceptions (10 events):
Event: 1.014 Thread 0x00007f660800a000 Threw 0x00000000c7414528 at /build/openjdk-7-Z6tDWf/openjdk-7-7u101-2.6.6/build/openjdk/hotspot/src/share/vm/prims/jvm.cpp:1322
Event: 1.105 Thread 0x00007f66082f9000 Implicit null exception at 0x00007f66050b67e5 to 0x00007f66050b6b35
Event: 1.106 Thread 0x00007f66082f9000 Implicit null exception at 0x00007f66050b70e5 to 0x00007f66050b742d
Event: 1.109 Thread 0x00007f66082f9000 Implicit null exception at 0x00007f66050ba324 to 0x00007f66050ba5e5
Event: 1.577 Thread 0x00007f66082f9000 Threw 0x00000000c7003dd0 at /build/openjdk-7-Z6tDWf/openjdk-7-7u101-2.6.6/build/openjdk/hotspot/src/share/vm/prims/jvm.cpp:1322
Event: 1.577 Thread 0x00007f66082f9000 Threw 0x00000000c7004490 at /build/openjdk-7-Z6tDWf/openjdk-7-7u101-2.6.6/build/openjdk/hotspot/src/share/vm/prims/jvm.cpp:1322
Event: 1.578 Thread 0x00007f66082f9000 Threw 0x00000000c700d478 at /build/openjdk-7-Z6tDWf/openjdk-7-7u101-2.6.6/build/openjdk/hotspot/src/share/vm/prims/jvm.cpp:1322
Event: 1.578 Thread 0x00007f66082f9000 Threw 0x00000000c700db58 at /build/openjdk-7-Z6tDWf/openjdk-7-7u101-2.6.6/build/openjdk/hotspot/src/share/vm/prims/jvm.cpp:1322
Event: 2.166 Thread 0x00007f66082f9000 Threw 0x00000000c6b6a010 at /build/openjdk-7-Z6tDWf/openjdk-7-7u101-2.6.6/build/openjdk/hotspot/src/share/vm/prims/jni.cpp:721
Event: 3.064 Thread 0x00007f66082f9000 Threw 0x00000000c6d83658 at /build/openjdk-7-Z6tDWf/openjdk-7-7u101-2.6.6/build/openjdk/hotspot/src/share/vm/prims/jni.cpp:747

Events (10 events):
Event: 5.236 Executing VM operation: RevokeBias
Event: 5.236 Executing VM operation: RevokeBias done
Event: 5.236 Executing VM operation: RevokeBias
Event: 5.236 Executing VM operation: RevokeBias done
Event: 5.237 Thread 0x00007f65fc033000 Thread exited: 0x00007f65fc033000
Event: 5.237 Executing VM operation: RevokeBias
Event: 5.237 Executing VM operation: RevokeBias done
Event: 5.240 Thread 0x00007f66082f9000 Uncommon trap: trap_request=0xffffffde fr.pc=0x00007f660510e194
Event: 5.240 Thread 0x00007f66082f9000 DEOPT PACKING pc=0x00007f660510e194 sp=0x00007f65e3fa8570
Event: 5.240 Thread 0x00007f66082f9000 DEOPT UNPACKING pc=0x00007f6605039445 sp=0x00007f65e3fa84f8 mode 2


Dynamic libraries:
00400000-00401000 r-xp 00000000 07:00 11829                              /usr/lib/jvm/java-7-openjdk-amd64/jre/bin/java
00600000-00601000 r--p 00000000 07:00 11829                              /usr/lib/jvm/java-7-openjdk-amd64/jre/bin/java
00601000-00602000 rw-p 00001000 07:00 11829                              /usr/lib/jvm/java-7-openjdk-amd64/jre/bin/java
024b1000-02582000 rw-p 00000000 00:00 0                                  [heap]
c6800000-c77e0000 rw-p 00000000 00:00 0 
c77e0000-d6350000 rw-p 00000000 00:00 0 
d6350000-d82c0000 rw-p 00000000 00:00 0 
d82c0000-f5a00000 rw-p 00000000 00:00 0 
f5a00000-f7770000 rw-p 00000000 00:00 0 
f7770000-100000000 rw-p 00000000 00:00 0 
7f65db2a4000-7f65db2a7000 ---p 00000000 00:00 0 
7f65db2a7000-7f65db3a5000 rw-p 00000000 00:00 0 
7f65db3a5000-7f65db3a8000 ---p 00000000 00:00 0 
7f65db3a8000-7f65db4a6000 rw-p 00000000 00:00 0 
7f65db4a6000-7f65db4a9000 ---p 00000000 00:00 0 
7f65db4a9000-7f65db5a7000 rw-p 00000000 00:00 0 
7f65db5a7000-7f65db5aa000 ---p 00000000 00:00 0 
7f65db5aa000-7f65db6a8000 rw-p 00000000 00:00 0 
7f65db6a8000-7f65db6ab000 ---p 00000000 00:00 0 
7f65db6ab000-7f65db7a9000 rw-p 00000000 00:00 0 
7f65db7a9000-7f65db7ac000 ---p 00000000 00:00 0 
7f65db7ac000-7f65db8aa000 rw-p 00000000 00:00 0 
7f65db8aa000-7f65db8ad000 ---p 00000000 00:00 0 
7f65db8ad000-7f65db9ab000 rw-p 00000000 00:00 0 
7f65db9ab000-7f65db9ae000 ---p 00000000 00:00 0 
7f65db9ae000-7f65dbaac000 rw-p 00000000 00:00 0 
7f65dbaac000-7f65dbaaf000 ---p 00000000 00:00 0 
7f65dbaaf000-7f65dbbad000 rw-p 00000000 00:00 0 
7f65dbbad000-7f65dcbad000 rwxp 00000000 00:00 0 
7f65dcbad000-7f65dd09a000 rw-p 00000000 00:00 0 
7f65dd09a000-7f65dd09d000 ---p 00000000 00:00 0 
7f65dd09d000-7f65dd19b000 rw-p 00000000 00:00 0 
7f65dd19b000-7f65dd19e000 ---p 00000000 00:00 0 
7f65dd19e000-7f65dd29c000 rw-p 00000000 00:00 0 
7f65dd29c000-7f65dd29f000 ---p 00000000 00:00 0 
7f65dd29f000-7f65dd39d000 rw-p 00000000 00:00 0 
7f65dd39d000-7f65dd3a0000 ---p 00000000 00:00 0 
7f65dd3a0000-7f65dd49e000 rw-p 00000000 00:00 0 
7f65dd49e000-7f65dd4a1000 ---p 00000000 00:00 0 
7f65dd4a1000-7f65dd59f000 rw-p 00000000 00:00 0 
7f65dd59f000-7f65dd5a2000 ---p 00000000 00:00 0 
7f65dd5a2000-7f65dd6a0000 rw-p 00000000 00:00 0 
7f65dd6a0000-7f65dd6a3000 ---p 00000000 00:00 0 
7f65dd6a3000-7f65dd7a1000 rw-p 00000000 00:00 0 
7f65dd7a1000-7f65dd7a4000 ---p 00000000 00:00 0 
7f65dd7a4000-7f65dd8a2000 rw-p 00000000 00:00 0 
7f65dd8a2000-7f65dd8a5000 ---p 00000000 00:00 0 
7f65dd8a5000-7f65dd9a3000 rw-p 00000000 00:00 0 
7f65dd9a3000-7f65dd9a6000 ---p 00000000 00:00 0 
7f65dd9a6000-7f65ddaa4000 rw-p 00000000 00:00 0 
7f65ddaa4000-7f65ddaa9000 r-xp 00000000 07:00 7859                       /lib/x86_64-linux-gnu/libnss_dns-2.19.so
7f65ddaa9000-7f65ddca8000 ---p 00005000 07:00 7859                       /lib/x86_64-linux-gnu/libnss_dns-2.19.so
7f65ddca8000-7f65ddca9000 r--p 00004000 07:00 7859                       /lib/x86_64-linux-gnu/libnss_dns-2.19.so
7f65ddca9000-7f65ddcaa000 rw-p 00005000 07:00 7859                       /lib/x86_64-linux-gnu/libnss_dns-2.19.so
7f65ddcaa000-7f65ddcfd000 r-xp 00000000 07:00 11851                      /usr/lib/jvm/java-7-openjdk-amd64/jre/lib/amd64/libfontmanager.so
7f65ddcfd000-7f65ddefc000 ---p 00053000 07:00 11851                      /usr/lib/jvm/java-7-openjdk-amd64/jre/lib/amd64/libfontmanager.so
7f65ddefc000-7f65ddf00000 r--p 00052000 07:00 11851                      /usr/lib/jvm/java-7-openjdk-amd64/jre/lib/amd64/libfontmanager.so
7f65ddf00000-7f65ddf01000 rw-p 00056000 07:00 11851                      /usr/lib/jvm/java-7-openjdk-amd64/jre/lib/amd64/libfontmanager.so
7f65ddf01000-7f65ddf04000 ---p 00000000 00:00 0 
7f65ddf04000-7f65de002000 rw-p 00000000 00:00 0 
7f65de002000-7f65de005000 ---p 00000000 00:00 0 
7f65de005000-7f65de103000 rw-p 00000000 00:00 0 
7f65de103000-7f65de106000 ---p 00000000 00:00 0 
7f65de106000-7f65de204000 rw-p 00000000 00:00 0 
7f65de204000-7f65de207000 ---p 00000000 00:00 0 
7f65de207000-7f65de305000 rw-p 00000000 00:00 0 
7f65de305000-7f65de313000 r-xp 00000000 07:00 7781                       /lib/x86_64-linux-gnu/libbsd.so.0.7.0
7f65de313000-7f65de512000 ---p 0000e000 07:00 7781                       /lib/x86_64-linux-gnu/libbsd.so.0.7.0
7f65de512000-7f65de513000 r--p 0000d000 07:00 7781                       /lib/x86_64-linux-gnu/libbsd.so.0.7.0
7f65de513000-7f65de514000 rw-p 0000e000 07:00 7781                       /lib/x86_64-linux-gnu/libbsd.so.0.7.0
7f65de514000-7f65de515000 rw-p 00000000 00:00 0 
7f65de515000-7f65de53b000 r-xp 00000000 07:00 7913                       /lib/x86_64-linux-gnu/libtinfo.so.5.9
7f65de53b000-7f65de73a000 ---p 00026000 07:00 7913                       /lib/x86_64-linux-gnu/libtinfo.so.5.9
7f65de73a000-7f65de73e000 r--p 00025000 07:00 7913                       /lib/x86_64-linux-gnu/libtinfo.so.5.9
7f65de73e000-7f65de73f000 rw-p 00029000 07:00 7913                       /lib/x86_64-linux-gnu/libtinfo.so.5.9
7f65de73f000-7f65de771000 r-xp 00000000 07:00 21477                      /usr/lib/x86_64-linux-gnu/libedit.so.2.0.51
7f65de771000-7f65de971000 ---p 00032000 07:00 21477                      /usr/lib/x86_64-linux-gnu/libedit.so.2.0.51
7f65de971000-7f65de973000 r--p 00032000 07:00 21477                      /usr/lib/x86_64-linux-gnu/libedit.so.2.0.51
7f65de973000-7f65de974000 rw-p 00034000 07:00 21477                      /usr/lib/x86_64-linux-gnu/libedit.so.2.0.51
7f65de974000-7f65de978000 rw-p 00000000 00:00 0 
7f65de978000-7f65e04b7000 r-xp 00000000 07:00 21213                      /usr/lib/x86_64-linux-gnu/libLLVM-3.5.so.1
7f65e04b7000-7f65e0689000 rw-p 01b3f000 07:00 21213                      /usr/lib/x86_64-linux-gnu/libLLVM-3.5.so.1
7f65e0689000-7f65e069f000 rw-p 00000000 00:00 0 
7f65e069f000-7f65e06b4000 r-xp 00000000 07:00 21478                      /usr/lib/x86_64-linux-gnu/libelf-0.159.so
7f65e06b4000-7f65e08b3000 ---p 00015000 07:00 21478                      /usr/lib/x86_64-linux-gnu/libelf-0.159.so
7f65e08b3000-7f65e08b4000 r--p 00014000 07:00 21478                      /usr/lib/x86_64-linux-gnu/libelf-0.159.so
7f65e08b4000-7f65e08b5000 rw-p 00015000 07:00 21478                      /usr/lib/x86_64-linux-gnu/libelf-0.159.so
7f65e08b5000-7f65e08bc000 r-xp 00000000 07:00 21465                      /usr/lib/x86_64-linux-gnu/libdrm_amdgpu.so.1.0.0
7f65e08bc000-7f65e0abb000 ---p 00007000 07:00 21465                      /usr/lib/x86_64-linux-gnu/libdrm_amdgpu.so.1.0.0
7f65e0abb000-7f65e0abc000 r--p 00006000 07:00 21465                      /usr/lib/x86_64-linux-gnu/libdrm_amdgpu.so.1.0.0
7f65e0abc000-7f65e0abd000 rw-p 00007000 07:00 21465                      /usr/lib/x86_64-linux-gnu/libdrm_amdgpu.so.1.0.0
7f65e0abd000-7f65e0ac8000 r-xp 00000000 07:00 21471                      /usr/lib/x86_64-linux-gnu/libdrm_radeon.so.1.0.1
7f65e0ac8000-7f65e0cc7000 ---p 0000b000 07:00 21471                      /usr/lib/x86_64-linux-gnu/libdrm_radeon.so.1.0.1
7f65e0cc7000-7f65e0cc8000 r--p 0000a000 07:00 21471                      /usr/lib/x86_64-linux-gnu/libdrm_radeon.so.1.0.1
7f65e0cc8000-7f65e0cc9000 rw-p 0000b000 07:00 21471                      /usr/lib/x86_64-linux-gnu/libdrm_radeon.so.1.0.1
7f65e0cc9000-7f65e0cd0000 r-xp 00000000 07:00 21469                      /usr/lib/x86_64-linux-gnu/libdrm_nouveau.so.2.0.0
7f65e0cd0000-7f65e0ecf000 ---p 00007000 07:00 21469                      /usr/lib/x86_64-linux-gnu/libdrm_nouveau.so.2.0.0
7f65e0ecf000-7f65e0ed0000 r--p 00006000 07:00 21469                      /usr/lib/x86_64-linux-gnu/libdrm_nouveau.so.2.0.0
7f65e0ed0000-7f65e0ed1000 rw-p 00007000 07:00 21469                      /usr/lib/x86_64-linux-gnu/libdrm_nouveau.so.2.0.0
7f65e0ed1000-7f65e1739000 r-xp 00000000 07:00 20475                      /usr/lib/x86_64-linux-gnu/dri/swrast_dri.so
7f65e1739000-7f65e1938000 ---p 00868000 07:00 20475                      /usr/lib/x86_64-linux-gnu/dri/swrast_dri.so
7f65e1938000-7f65e19a9000 r--p 00867000 07:00 20475                      /usr/lib/x86_64-linux-gnu/dri/swrast_dri.so
7f65e19a9000-7f65e19b7000 rw-p 008d8000 07:00 20475                      /usr/lib/x86_64-linux-gnu/dri/swrast_dri.so
7f65e19b7000-7f65e1b9d000 rw-p 00000000 00:00 0 
7f65e1b9d000-7f65e1ba0000 ---p 00000000 00:00 0 
7f65e1ba0000-7f65e1c9e000 rw-p 00000000 00:00 0 
7f65e1c9e000-7f65e1ca1000 ---p 00000000 00:00 0 
7f65e1ca1000-7f65e1d9f000 rw-p 00000000 00:00 0 
7f65e1d9f000-7f65e1da2000 ---p 00000000 00:00 0 
7f65e1da2000-7f65e1ea0000 rw-p 00000000 00:00 0 
7f65e1ea0000-7f65e1ea3000 ---p 00000000 00:00 0 
7f65e1ea3000-7f65e1fa1000 rw-p 00000000 00:00 0 
7f65e1fa1000-7f65e1fa4000 ---p 00000000 00:00 0 
7f65e1fa4000-7f65e20a2000 rw-p 00000000 00:00 0 
7f65e20a2000-7f65e20b0000 r-xp 00000000 07:00 21463                      /usr/lib/x86_64-linux-gnu/libdrm.so.2.4.0
7f65e20b0000-7f65e22af000 ---p 0000e000 07:00 21463                      /usr/lib/x86_64-linux-gnu/libdrm.so.2.4.0
7f65e22af000-7f65e22b0000 r--p 0000d000 07:00 21463                      /usr/lib/x86_64-linux-gnu/libdrm.so.2.4.0
7f65e22b0000-7f65e22b1000 rw-p 0000e000 07:00 21463                      /usr/lib/x86_64-linux-gnu/libdrm.so.2.4.0
7f65e22b1000-7f65e22b6000 r-xp 00000000 07:00 21309                      /usr/lib/x86_64-linux-gnu/libXxf86vm.so.1.0.0
7f65e22b6000-7f65e24b5000 ---p 00005000 07:00 21309                      /usr/lib/x86_64-linux-gnu/libXxf86vm.so.1.0.0
7f65e24b5000-7f65e24b6000 r--p 00004000 07:00 21309                      /usr/lib/x86_64-linux-gnu/libXxf86vm.so.1.0.0
7f65e24b6000-7f65e24b7000 rw-p 00005000 07:00 21309                      /usr/lib/x86_64-linux-gnu/libXxf86vm.so.1.0.0
7f65e24b7000-7f65e24bb000 r-xp 00000000 07:00 22038                      /usr/lib/x86_64-linux-gnu/libxcb-dri2.so.0.0.0
7f65e24bb000-7f65e26ba000 ---p 00004000 07:00 22038                      /usr/lib/x86_64-linux-gnu/libxcb-dri2.so.0.0.0
7f65e26ba000-7f65e26bb000 r--p 00003000 07:00 22038                      /usr/lib/x86_64-linux-gnu/libxcb-dri2.so.0.0.0
7f65e26bb000-7f65e26bc000 rw-p 00004000 07:00 22038                      /usr/lib/x86_64-linux-gnu/libxcb-dri2.so.0.0.0
7f65e26bc000-7f65e26d3000 r-xp 00000000 07:00 22042                      /usr/lib/x86_64-linux-gnu/libxcb-glx.so.0.0.0
7f65e26d3000-7f65e28d2000 ---p 00017000 07:00 22042                      /usr/lib/x86_64-linux-gnu/libxcb-glx.so.0.0.0
7f65e28d2000-7f65e28d4000 r--p 00016000 07:00 22042                      /usr/lib/x86_64-linux-gnu/libxcb-glx.so.0.0.0
7f65e28d4000-7f65e28d5000 rw-p 00018000 07:00 22042                      /usr/lib/x86_64-linux-gnu/libxcb-glx.so.0.0.0
7f65e28d5000-7f65e28d6000 r-xp 00000000 07:00 21256                      /usr/lib/x86_64-linux-gnu/libX11-xcb.so.1.0.0
7f65e28d6000-7f65e2ad5000 ---p 00001000 07:00 21256                      /usr/lib/x86_64-linux-gnu/libX11-xcb.so.1.0.0
7f65e2ad5000-7f65e2ad6000 r--p 00000000 07:00 21256                      /usr/lib/x86_64-linux-gnu/libX11-xcb.so.1.0.0
7f65e2ad6000-7f65e2ad7000 rw-p 00001000 07:00 21256                      /usr/lib/x86_64-linux-gnu/libX11-xcb.so.1.0.0
7f65e2ad7000-7f65e2ad9000 r-xp 00000000 07:00 21269                      /usr/lib/x86_64-linux-gnu/libXdamage.so.1.1.0
7f65e2ad9000-7f65e2cd8000 ---p 00002000 07:00 21269                      /usr/lib/x86_64-linux-gnu/libXdamage.so.1.1.0
7f65e2cd8000-7f65e2cd9000 r--p 00001000 07:00 21269                      /usr/lib/x86_64-linux-gnu/libXdamage.so.1.1.0
7f65e2cd9000-7f65e2cda000 rw-p 00002000 07:00 21269                      /usr/lib/x86_64-linux-gnu/libXdamage.so.1.1.0
7f65e2cda000-7f65e2d03000 r-xp 00000000 07:00 21567                      /usr/lib/x86_64-linux-gnu/libglapi.so.0.0.0
7f65e2d03000-7f65e2f02000 ---p 00029000 07:00 21567                      /usr/lib/x86_64-linux-gnu/libglapi.so.0.0.0
7f65e2f02000-7f65e2f06000 r--p 00028000 07:00 21567                      /usr/lib/x86_64-linux-gnu/libglapi.so.0.0.0
7f65e2f06000-7f65e2f07000 rw-p 0002c000 07:00 21567                      /usr/lib/x86_64-linux-gnu/libglapi.so.0.0.0
7f65e2f07000-7f65e2f08000 rw-p 00000000 00:00 0 
7f65e2f08000-7f65e2f09000 r-xp 00000000 07:00 22074                      /usr/lib/x86_64-linux-gnu/libxshmfence.so.1.0.0
7f65e2f09000-7f65e3108000 ---p 00001000 07:00 22074                      /usr/lib/x86_64-linux-gnu/libxshmfence.so.1.0.0
7f65e3108000-7f65e3109000 r--p 00000000 07:00 22074                      /usr/lib/x86_64-linux-gnu/libxshmfence.so.1.0.0
7f65e3109000-7f65e310a000 rw-p 00001000 07:00 22074                      /usr/lib/x86_64-linux-gnu/libxshmfence.so.1.0.0
7f65e310a000-7f65e310f000 r-xp 00000000 07:00 22052                      /usr/lib/x86_64-linux-gnu/libxcb-sync.so.1.0.0
7f65e310f000-7f65e330f000 ---p 00005000 07:00 22052                      /usr/lib/x86_64-linux-gnu/libxcb-sync.so.1.0.0
7f65e330f000-7f65e3310000 r--p 00005000 07:00 22052                      /usr/lib/x86_64-linux-gnu/libxcb-sync.so.1.0.0
7f65e3310000-7f65e3311000 rw-p 00006000 07:00 22052                      /usr/lib/x86_64-linux-gnu/libxcb-sync.so.1.0.0
7f65e3311000-7f65e3313000 r-xp 00000000 07:00 22044                      /usr/lib/x86_64-linux-gnu/libxcb-present.so.0.0.0
7f65e3313000-7f65e3512000 ---p 00002000 07:00 22044                      /usr/lib/x86_64-linux-gnu/libxcb-present.so.0.0.0
7f65e3512000-7f65e3513000 r--p 00001000 07:00 22044                      /usr/lib/x86_64-linux-gnu/libxcb-present.so.0.0.0
7f65e3513000-7f65e3514000 rw-p 00002000 07:00 22044                      /usr/lib/x86_64-linux-gnu/libxcb-present.so.0.0.0
7f65e3514000-7f65e3516000 r-xp 00000000 07:00 22040                      /usr/lib/x86_64-linux-gnu/libxcb-dri3.so.0.0.0
7f65e3516000-7f65e3715000 ---p 00002000 07:00 22040                      /usr/lib/x86_64-linux-gnu/libxcb-dri3.so.0.0.0
7f65e3715000-7f65e3716000 r--p 00001000 07:00 22040                      /usr/lib/x86_64-linux-gnu/libxcb-dri3.so.0.0.0
7f65e3716000-7f65e3717000 rw-p 00002000 07:00 22040                      /usr/lib/x86_64-linux-gnu/libxcb-dri3.so.0.0.0
7f65e3717000-7f65e3784000 r-xp 00000000 07:00 21192                      /usr/lib/x86_64-linux-gnu/libGL.so.1.2.0
7f65e3784000-7f65e3983000 ---p 0006d000 07:00 21192                      /usr/lib/x86_64-linux-gnu/libGL.so.1.2.0
7f65e3983000-7f65e3986000 r--p 0006c000 07:00 21192                      /usr/lib/x86_64-linux-gnu/libGL.so.1.2.0
7f65e3986000-7f65e3987000 rw-p 0006f000 07:00 21192                      /usr/lib/x86_64-linux-gnu/libGL.so.1.2.0
7f65e3987000-7f65e3988000 rw-p 00000000 00:00 0 
7f65e3988000-7f65e39a8000 r-xp 00000000 00:28 322893                     /tmp/extension7840702002120640380.so
7f65e39a8000-7f65e3aa7000 ---p 00020000 00:28 322893                     /tmp/extension7840702002120640380.so
7f65e3aa7000-7f65e3aa8000 rw-p 0001f000 00:28 322893                     /tmp/extension7840702002120640380.so
7f65e3aa8000-7f65e3aa9000 r-xp 00000000 07:00 11866                      /usr/lib/jvm/java-7-openjdk-amd64/jre/lib/amd64/libjawt.so
7f65e3aa9000-7f65e3ca8000 ---p 00001000 07:00 11866                      /usr/lib/jvm/java-7-openjdk-amd64/jre/lib/amd64/libjawt.so
7f65e3ca8000-7f65e3ca9000 r--p 00000000 07:00 11866                      /usr/lib/jvm/java-7-openjdk-amd64/jre/lib/amd64/libjawt.so
7f65e3ca9000-7f65e3caa000 rw-p 00001000 07:00 11866                      /usr/lib/jvm/java-7-openjdk-amd64/jre/lib/amd64/libjawt.so
7f65e3caa000-7f65e3cad000 ---p 00000000 00:00 0 
7f65e3cad000-7f65e3dab000 rw-p 00000000 00:00 0 
7f65e3dab000-7f65e3dae000 ---p 00000000 00:00 0 
7f65e3dae000-7f65e3eac000 rw-p 00000000 00:00 0 
7f65e3eac000-7f65e3eaf000 ---p 00000000 00:00 0 
7f65e3eaf000-7f65e3fad000 rw-p 00000000 00:00 0 
7f65e3fad000-7f65e3fb0000 ---p 00000000 00:00 0 
7f65e3fb0000-7f65e40ae000 rw-p 00000000 00:00 0 
7f65e40ae000-7f65e40b1000 ---p 00000000 00:00 0 
7f65e40b1000-7f65e41af000 rw-p 00000000 00:00 0 
7f65e41af000-7f65e41b4000 r-xp 00000000 07:00 21275                      /usr/lib/x86_64-linux-gnu/libXfixes.so.3.1.0
7f65e41b4000-7f65e43b3000 ---p 00005000 07:00 21275                      /usr/lib/x86_64-linux-gnu/libXfixes.so.3.1.0
7f65e43b3000-7f65e43b4000 r--p 00004000 07:00 21275                      /usr/lib/x86_64-linux-gnu/libXfixes.so.3.1.0
7f65e43b4000-7f65e43b5000 rw-p 00005000 07:00 21275                      /usr/lib/x86_64-linux-gnu/libXfixes.so.3.1.0
7f65e43b5000-7f65e43bf000 r-xp 00000000 07:00 21267                      /usr/lib/x86_64-linux-gnu/libXcursor.so.1.0.2
7f65e43bf000-7f65e45be000 ---p 0000a000 07:00 21267                      /usr/lib/x86_64-linux-gnu/libXcursor.so.1.0.2
7f65e45be000-7f65e45bf000 r--p 00009000 07:00 21267                      /usr/lib/x86_64-linux-gnu/libXcursor.so.1.0.2
7f65e45bf000-7f65e45c0000 rw-p 0000a000 07:00 21267                      /usr/lib/x86_64-linux-gnu/libXcursor.so.1.0.2
7f65e45c0000-7f65e4605000 r-xp 00000000 07:00 21660                      /usr/lib/x86_64-linux-gnu/libjpeg.so.62.1.0
7f65e4605000-7f65e4805000 ---p 00045000 07:00 21660                      /usr/lib/x86_64-linux-gnu/libjpeg.so.62.1.0
7f65e4805000-7f65e4806000 r--p 00045000 07:00 21660                      /usr/lib/x86_64-linux-gnu/libjpeg.so.62.1.0
7f65e4806000-7f65e4807000 rw-p 00046000 07:00 21660                      /usr/lib/x86_64-linux-gnu/libjpeg.so.62.1.0
7f65e4807000-7f65e4817000 rw-p 00000000 00:00 0 
7f65e4817000-7f65e4821000 r-xp 00000000 07:00 11863                      /usr/lib/jvm/java-7-openjdk-amd64/jre/lib/amd64/libjavajpeg.so
7f65e4821000-7f65e4a20000 ---p 0000a000 07:00 11863                      /usr/lib/jvm/java-7-openjdk-amd64/jre/lib/amd64/libjavajpeg.so
7f65e4a20000-7f65e4a21000 r--p 00009000 07:00 11863                      /usr/lib/jvm/java-7-openjdk-amd64/jre/lib/amd64/libjavajpeg.so
7f65e4a21000-7f65e4a22000 rw-p 0000a000 07:00 11863                      /usr/lib/jvm/java-7-openjdk-amd64/jre/lib/amd64/libjavajpeg.so
7f65e4a22000-7f65e4a25000 ---p 00000000 00:00 0 
7f65e4a25000-7f65e4b23000 rw-p 00000000 00:00 0 
7f65e4b23000-7f65e4b28000 r-xp 00000000 07:00 21271                      /usr/lib/x86_64-linux-gnu/libXdmcp.so.6.0.0
7f65e4b28000-7f65e4d27000 ---p 00005000 07:00 21271                      /usr/lib/x86_64-linux-gnu/libXdmcp.so.6.0.0
7f65e4d27000-7f65e4d28000 rw-p 00004000 07:00 21271                      /usr/lib/x86_64-linux-gnu/libXdmcp.so.6.0.0
7f65e4d28000-7f65e4d2b000 r-xp 00000000 07:00 21260                      /usr/lib/x86_64-linux-gnu/libXau.so.6.0.0
7f65e4d2b000-7f65e4f2a000 ---p 00003000 07:00 21260                      /usr/lib/x86_64-linux-gnu/libXau.so.6.0.0
7f65e4f2a000-7f65e4f2b000 r--p 00002000 07:00 21260                      /usr/lib/x86_64-linux-gnu/libXau.so.6.0.0
7f65e4f2b000-7f65e4f2c000 rw-p 00003000 07:00 21260                      /usr/lib/x86_64-linux-gnu/libXau.so.6.0.0
7f65e4f2c000-7f65e4f52000 r-xp 00000000 07:00 7885                       /lib/x86_64-linux-gnu/libpng12.so.0.50.0
7f65e4f52000-7f65e5151000 ---p 00026000 07:00 7885                       /lib/x86_64-linux-gnu/libpng12.so.0.50.0
7f65e5151000-7f65e5152000 r--p 00025000 07:00 7885                       /lib/x86_64-linux-gnu/libpng12.so.0.50.0
7f65e5152000-7f65e5153000 rw-p 00026000 07:00 7885                       /lib/x86_64-linux-gnu/libpng12.so.0.50.0
7f65e5153000-7f65e5179000 r-xp 00000000 07:00 7807                       /lib/x86_64-linux-gnu/libexpat.so.1.6.0
7f65e5179000-7f65e5378000 ---p 00026000 07:00 7807                       /lib/x86_64-linux-gnu/libexpat.so.1.6.0
7f65e5378000-7f65e537b000 r--p 00025000 07:00 7807                       /lib/x86_64-linux-gnu/libexpat.so.1.6.0
7f65e537b000-7f65e537c000 rw-p 00028000 07:00 7807                       /lib/x86_64-linux-gnu/libexpat.so.1.6.0
7f65e537c000-7f65e539d000 r-xp 00000000 07:00 22058                      /usr/lib/x86_64-linux-gnu/libxcb.so.1.1.0
7f65e539d000-7f65e559c000 ---p 00021000 07:00 22058                      /usr/lib/x86_64-linux-gnu/libxcb.so.1.1.0
7f65e559c000-7f65e559d000 r--p 00020000 07:00 22058                      /usr/lib/x86_64-linux-gnu/libxcb.so.1.1.0
7f65e559d000-7f65e559e000 rw-p 00021000 07:00 22058                      /usr/lib/x86_64-linux-gnu/libxcb.so.1.1.0
7f65e559e000-7f65e5642000 r-xp 00000000 07:00 21519                      /usr/lib/x86_64-linux-gnu/libfreetype.so.6.11.1
7f65e5642000-7f65e5841000 ---p 000a4000 07:00 21519                      /usr/lib/x86_64-linux-gnu/libfreetype.so.6.11.1
7f65e5841000-7f65e5847000 r--p 000a3000 07:00 21519                      /usr/lib/x86_64-linux-gnu/libfreetype.so.6.11.1
7f65e5847000-7f65e5848000 rw-p 000a9000 07:00 21519                      /usr/lib/x86_64-linux-gnu/libfreetype.so.6.11.1
7f65e5848000-7f65e5883000 r-xp 00000000 07:00 21511                      /usr/lib/x86_64-linux-gnu/libfontconfig.so.1.8.0
7f65e5883000-7f65e5a82000 ---p 0003b000 07:00 21511                      /usr/lib/x86_64-linux-gnu/libfontconfig.so.1.8.0
7f65e5a82000-7f65e5a84000 r--p 0003a000 07:00 21511                      /usr/lib/x86_64-linux-gnu/libfontconfig.so.1.8.0
7f65e5a84000-7f65e5a85000 rw-p 0003c000 07:00 21511                      /usr/lib/x86_64-linux-gnu/libfontconfig.so.1.8.0
7f65e5a85000-7f65e5a94000 r-xp 00000000 07:00 21281                      /usr/lib/x86_64-linux-gnu/libXi.so.6.1.0
7f65e5a94000-7f65e5c93000 ---p 0000f000 07:00 21281                      /usr/lib/x86_64-linux-gnu/libXi.so.6.1.0
7f65e5c93000-7f65e5c94000 r--p 0000e000 07:00 21281                      /usr/lib/x86_64-linux-gnu/libXi.so.6.1.0
7f65e5c94000-7f65e5c95000 rw-p 0000f000 07:00 21281                      /usr/lib/x86_64-linux-gnu/libXi.so.6.1.0
7f65e5c95000-7f65e5c9a000 r-xp 00000000 07:00 21299                      /usr/lib/x86_64-linux-gnu/libXtst.so.6.1.0
7f65e5c9a000-7f65e5e99000 ---p 00005000 07:00 21299                      /usr/lib/x86_64-linux-gnu/libXtst.so.6.1.0
7f65e5e99000-7f65e5e9a000 r--p 00004000 07:00 21299                      /usr/lib/x86_64-linux-gnu/libXtst.so.6.1.0
7f65e5e9a000-7f65e5e9b000 rw-p 00005000 07:00 21299                      /usr/lib/x86_64-linux-gnu/libXtst.so.6.1.0
7f65e5e9b000-7f65e5e9d000 r-xp 00000000 07:00 21265                      /usr/lib/x86_64-linux-gnu/libXcomposite.so.1.0.0
7f65e5e9d000-7f65e609c000 ---p 00002000 07:00 21265                      /usr/lib/x86_64-linux-gnu/libXcomposite.so.1.0.0
7f65e609c000-7f65e609d000 r--p 00001000 07:00 21265                      /usr/lib/x86_64-linux-gnu/libXcomposite.so.1.0.0
7f65e609d000-7f65e609e000 rw-p 00002000 07:00 21265                      /usr/lib/x86_64-linux-gnu/libXcomposite.so.1.0.0
7f65e609e000-7f65e60a7000 r-xp 00000000 07:00 21293                      /usr/lib/x86_64-linux-gnu/libXrender.so.1.3.0
7f65e60a7000-7f65e62a6000 ---p 00009000 07:00 21293                      /usr/lib/x86_64-linux-gnu/libXrender.so.1.3.0
7f65e62a6000-7f65e62a7000 r--p 00008000 07:00 21293                      /usr/lib/x86_64-linux-gnu/libXrender.so.1.3.0
7f65e62a7000-7f65e62a8000 rw-p 00009000 07:00 21293                      /usr/lib/x86_64-linux-gnu/libXrender.so.1.3.0
7f65e62a8000-7f65e63e4000 r-xp 00000000 07:00 21258                      /usr/lib/x86_64-linux-gnu/libX11.so.6.3.0
7f65e63e4000-7f65e65e3000 ---p 0013c000 07:00 21258                      /usr/lib/x86_64-linux-gnu/libX11.so.6.3.0
7f65e65e3000-7f65e65e5000 r--p 0013b000 07:00 21258                      /usr/lib/x86_64-linux-gnu/libX11.so.6.3.0
7f65e65e5000-7f65e65ea000 rw-p 0013d000 07:00 21258                      /usr/lib/x86_64-linux-gnu/libX11.so.6.3.0
7f65e65ea000-7f65e65eb000 rw-p 00000000 00:00 0 
7f65e65eb000-7f65e65fc000 r-xp 00000000 07:00 21273                      /usr/lib/x86_64-linux-gnu/libXext.so.6.4.0
7f65e65fc000-7f65e67fb000 ---p 00011000 07:00 21273                      /usr/lib/x86_64-linux-gnu/libXext.so.6.4.0
7f65e67fb000-7f65e67fc000 r--p 00010000 07:00 21273                      /usr/lib/x86_64-linux-gnu/libXext.so.6.4.0
7f65e67fc000-7f65e67fd000 rw-p 00011000 07:00 21273                      /usr/lib/x86_64-linux-gnu/libXext.so.6.4.0
7f65e67fd000-7f65e67fe000 ---p 00000000 00:00 0 
7f65e67fe000-7f65e6ffe000 rw-p 00000000 00:00 0 
7f65e6ffe000-7f65e6fff000 ---p 00000000 00:00 0 
7f65e6fff000-7f65e77ff000 rw-p 00000000 00:00 0 
7f65e77ff000-7f65e7800000 ---p 00000000 00:00 0 
7f65e7800000-7f65e8000000 rw-p 00000000 00:00 0 
7f65e8000000-7f65e88ac000 rw-p 00000000 00:00 0 
7f65e88ac000-7f65ec000000 ---p 00000000 00:00 0 
7f65ec000000-7f65ec0a5000 rw-p 00000000 00:00 0 
7f65ec0a5000-7f65f0000000 ---p 00000000 00:00 0 
7f65f0000000-7f65f0037000 rw-p 00000000 00:00 0 
7f65f0037000-7f65f4000000 ---p 00000000 00:00 0 
7f65f4000000-7f65f4a2a000 rw-p 00000000 00:00 0 
7f65f4a2a000-7f65f8000000 ---p 00000000 00:00 0 
7f65f8000000-7f65f86f5000 rw-p 00000000 00:00 0 
7f65f86f5000-7f65fc000000 ---p 00000000 00:00 0 
7f65fc000000-7f65fc23f000 rw-p 00000000 00:00 0 
7f65fc23f000-7f6600000000 ---p 00000000 00:00 0 
7f6600000000-7f6600097000 rw-p 00000000 00:00 0 
7f6600097000-7f6604000000 ---p 00000000 00:00 0 
7f660403b000-7f660403c000 rw-p 00000000 00:00 0 
7f660403c000-7f6604043000 r--s 00000000 07:00 68984                      /var/cache/fontconfig/3047814df9a2f067bd2d96a2b9c36e5a-le64.cache-4
7f6604043000-7f6604048000 r--s 00000000 07:00 68990                      /var/cache/fontconfig/9923581aef9bb9211ee5bcd557562ee7-le64.cache-4
7f6604048000-7f6604052000 r--s 00000000 07:00 68986                      /var/cache/fontconfig/3f7329c5293ffd510edef78f73874cfd-le64.cache-4
7f6604052000-7f660405d000 r--s 00203000 07:00 11890                      /usr/lib/jvm/java-7-openjdk-amd64/jre/lib/charsets.jar
7f660405d000-7f66040a6000 r-xp 00000000 07:00 11888                      /usr/lib/jvm/java-7-openjdk-amd64/jre/lib/amd64/xawt/libmawt.so
7f66040a6000-7f66042a5000 ---p 00049000 07:00 11888                      /usr/lib/jvm/java-7-openjdk-amd64/jre/lib/amd64/xawt/libmawt.so
7f66042a5000-7f66042a6000 r--p 00048000 07:00 11888                      /usr/lib/jvm/java-7-openjdk-amd64/jre/lib/amd64/xawt/libmawt.so
7f66042a6000-7f66042a9000 rw-p 00049000 07:00 11888                      /usr/lib/jvm/java-7-openjdk-amd64/jre/lib/amd64/xawt/libmawt.so
7f66042a9000-7f66042aa000 rw-p 00000000 00:00 0 
7f66042aa000-7f660434b000 r-xp 00000000 07:00 11849                      /usr/lib/jvm/java-7-openjdk-amd64/jre/lib/amd64/libawt.so
7f660434b000-7f660454a000 ---p 000a1000 07:00 11849                      /usr/lib/jvm/java-7-openjdk-amd64/jre/lib/amd64/libawt.so
7f660454a000-7f660454b000 r--p 000a0000 07:00 11849                      /usr/lib/jvm/java-7-openjdk-amd64/jre/lib/amd64/libawt.so
7f660454b000-7f6604556000 rw-p 000a1000 07:00 11849                      /usr/lib/jvm/java-7-openjdk-amd64/jre/lib/amd64/libawt.so
7f6604556000-7f660457b000 rw-p 00000000 00:00 0 
7f660457b000-7f6604586000 r-xp 00000000 07:00 20767                      /usr/lib/x86_64-linux-gnu/gio/modules/libdconfsettings.so
7f6604586000-7f6604786000 ---p 0000b000 07:00 20767                      /usr/lib/x86_64-linux-gnu/gio/modules/libdconfsettings.so
7f6604786000-7f6604787000 r--p 0000b000 07:00 20767                      /usr/lib/x86_64-linux-gnu/gio/modules/libdconfsettings.so
7f6604787000-7f6604788000 rw-p 0000c000 07:00 20767                      /usr/lib/x86_64-linux-gnu/gio/modules/libdconfsettings.so
7f6604788000-7f660478b000 ---p 00000000 00:00 0 
7f660478b000-7f6604b8a000 rw-p 00000000 00:00 0 
7f6604b8a000-7f6604bf6000 r-xp 00000000 07:00 7883                       /lib/x86_64-linux-gnu/libpcre.so.3.13.1
7f6604bf6000-7f6604df6000 ---p 0006c000 07:00 7883                       /lib/x86_64-linux-gnu/libpcre.so.3.13.1
7f6604df6000-7f6604df7000 r--p 0006c000 07:00 7883                       /lib/x86_64-linux-gnu/libpcre.so.3.13.1
7f6604df7000-7f6604df8000 rw-p 0006d000 07:00 7883                       /lib/x86_64-linux-gnu/libpcre.so.3.13.1
7f6604df8000-7f6604dff000 r-xp 00000000 07:00 21503                      /usr/lib/x86_64-linux-gnu/libffi.so.6.0.2
7f6604dff000-7f6604ffe000 ---p 00007000 07:00 21503                      /usr/lib/x86_64-linux-gnu/libffi.so.6.0.2
7f6604ffe000-7f6604fff000 r--p 00006000 07:00 21503                      /usr/lib/x86_64-linux-gnu/libffi.so.6.0.2
7f6604fff000-7f6605000000 rw-p 00007000 07:00 21503                      /usr/lib/x86_64-linux-gnu/libffi.so.6.0.2
7f6605000000-7f6605270000 rwxp 00000000 00:00 0 
7f6605270000-7f6608912000 rw-p 00000000 00:00 0 
7f6608912000-7f660c000000 ---p 00000000 00:00 0 
7f660c000000-7f660c001000 r--s 00000000 07:00 68987                      /var/cache/fontconfig/4794a0821666d79190d59a36cb4f44b5-le64.cache-4
7f660c001000-7f660c005000 r--s 00000000 07:00 68992                      /var/cache/fontconfig/d589a48862398ed80a3d6066f4f56f4c-le64.cache-4
7f660c005000-7f660c009000 r--s 00000000 07:00 68989                      /var/cache/fontconfig/7ef2298fde41cc6eeb7af42e48b7d293-le64.cache-4
7f660c009000-7f660c058000 rw-s 00000000 00:01 7372805                    /SYSV00000000 (deleted)
7f660c058000-7f660c059000 r--s 00000000 00:2a 25134                      /run/user/0/dconf/user
7f660c059000-7f660c061000 r--p 00000000 07:00 34015                      /usr/share/glib-2.0/schemas/gschemas.compiled
7f660c061000-7f660c06b000 r--s 000ae000 07:00 11939                      /usr/lib/jvm/java-7-openjdk-amd64/jre/lib/resources.jar
7f660c06b000-7f660c076000 r--s 00108000 00:28 322892                     /tmp/extension3952891088040229517.jar
7f660c076000-7f660c077000 r--s 00004000 00:28 322891                     /tmp/extension250280055245077393.jar
7f660c077000-7f660c085000 r--s 00193000 00:28 322890                     /tmp/extension5662044934488430970.jar
7f660c085000-7f660c087000 r--s 0004c000 00:28 322889                     /tmp/extension1227023697912863400.jar
7f660c087000-7f660c093000 r--s 002c7000 00:28 322888                     /tmp/extension6259532691285089933.jar
7f660c093000-7f660c0a1000 r--s 000e1000 00:28 322885                     /tmp/extension1782858948403957621.jar
7f660c0a1000-7f660c0a7000 r--s 0004f000 00:28 322884                     /tmp/extension1202098597784930184.jar
7f660c0a7000-7f660c0bb000 r-xp 00000000 07:00 7896                       /lib/x86_64-linux-gnu/libresolv-2.19.so
7f660c0bb000-7f660c2ba000 ---p 00014000 07:00 7896                       /lib/x86_64-linux-gnu/libresolv-2.19.so
7f660c2ba000-7f660c2bb000 r--p 00013000 07:00 7896                       /lib/x86_64-linux-gnu/libresolv-2.19.so
7f660c2bb000-7f660c2bc000 rw-p 00014000 07:00 7896                       /lib/x86_64-linux-gnu/libresolv-2.19.so
7f660c2bc000-7f660c2be000 rw-p 00000000 00:00 0 
7f660c2be000-7f660c2df000 r-xp 00000000 07:00 7900                       /lib/x86_64-linux-gnu/libselinux.so.1
7f660c2df000-7f660c4df000 ---p 00021000 07:00 7900                       /lib/x86_64-linux-gnu/libselinux.so.1
7f660c4df000-7f660c4e0000 r--p 00021000 07:00 7900                       /lib/x86_64-linux-gnu/libselinux.so.1
7f660c4e0000-7f660c4e1000 rw-p 00022000 07:00 7900                       /lib/x86_64-linux-gnu/libselinux.so.1
7f660c4e1000-7f660c4e3000 rw-p 00000000 00:00 0 
7f660c4e3000-7f660c4e6000 r-xp 00000000 07:00 21569                      /usr/lib/x86_64-linux-gnu/libgmodule-2.0.so.0.4800.0
7f660c4e6000-7f660c6e5000 ---p 00003000 07:00 21569                      /usr/lib/x86_64-linux-gnu/libgmodule-2.0.so.0.4800.0
7f660c6e5000-7f660c6e6000 r--p 00002000 07:00 21569                      /usr/lib/x86_64-linux-gnu/libgmodule-2.0.so.0.4800.0
7f660c6e6000-7f660c6e7000 rw-p 00003000 07:00 21569                      /usr/lib/x86_64-linux-gnu/libgmodule-2.0.so.0.4800.0
7f660c6e7000-7f660c7f5000 r-xp 00000000 07:00 7816                       /lib/x86_64-linux-gnu/libglib-2.0.so.0.4800.0
7f660c7f5000-7f660c9f4000 ---p 0010e000 07:00 7816                       /lib/x86_64-linux-gnu/libglib-2.0.so.0.4800.0
7f660c9f4000-7f660c9f5000 r--p 0010d000 07:00 7816                       /lib/x86_64-linux-gnu/libglib-2.0.so.0.4800.0
7f660c9f5000-7f660c9f6000 rw-p 0010e000 07:00 7816                       /lib/x86_64-linux-gnu/libglib-2.0.so.0.4800.0
7f660c9f6000-7f660c9f7000 rw-p 00000000 00:00 0 
7f660c9f7000-7f660ca48000 r-xp 00000000 07:00 21587                      /usr/lib/x86_64-linux-gnu/libgobject-2.0.so.0.4800.0
7f660ca48000-7f660cc48000 ---p 00051000 07:00 21587                      /usr/lib/x86_64-linux-gnu/libgobject-2.0.so.0.4800.0
7f660cc48000-7f660cc49000 r--p 00051000 07:00 21587                      /usr/lib/x86_64-linux-gnu/libgobject-2.0.so.0.4800.0
7f660cc49000-7f660cc4a000 rw-p 00052000 07:00 21587                      /usr/lib/x86_64-linux-gnu/libgobject-2.0.so.0.4800.0
7f660cc4a000-7f660cdcb000 r-xp 00000000 07:00 21556                      /usr/lib/x86_64-linux-gnu/libgio-2.0.so.0.4800.0
7f660cdcb000-7f660cfcb000 ---p 00181000 07:00 21556                      /usr/lib/x86_64-linux-gnu/libgio-2.0.so.0.4800.0
7f660cfcb000-7f660cfcf000 r--p 00181000 07:00 21556                      /usr/lib/x86_64-linux-gnu/libgio-2.0.so.0.4800.0
7f660cfcf000-7f660cfd2000 rw-p 00185000 07:00 21556                      /usr/lib/x86_64-linux-gnu/libgio-2.0.so.0.4800.0
7f660cfd2000-7f660cfd3000 rw-p 00000000 00:00 0 
7f660cfd3000-7f660cfeb000 r-xp 00000000 07:00 11874                      /usr/lib/jvm/java-7-openjdk-amd64/jre/lib/amd64/libnet.so
7f660cfeb000-7f660d1ea000 ---p 00018000 07:00 11874                      /usr/lib/jvm/java-7-openjdk-amd64/jre/lib/amd64/libnet.so
7f660d1ea000-7f660d1eb000 r--p 00017000 07:00 11874                      /usr/lib/jvm/java-7-openjdk-amd64/jre/lib/amd64/libnet.so
7f660d1eb000-7f660d1ec000 rw-p 00018000 07:00 11874                      /usr/lib/jvm/java-7-openjdk-amd64/jre/lib/amd64/libnet.so
7f660d1ec000-7f660d1fd000 r-xp 00000000 07:00 11875                      /usr/lib/jvm/java-7-openjdk-amd64/jre/lib/amd64/libnio.so
7f660d1fd000-7f660d3fc000 ---p 00011000 07:00 11875                      /usr/lib/jvm/java-7-openjdk-amd64/jre/lib/amd64/libnio.so
7f660d3fc000-7f660d3fd000 r--p 00010000 07:00 11875                      /usr/lib/jvm/java-7-openjdk-amd64/jre/lib/amd64/libnio.so
7f660d3fd000-7f660d3fe000 rw-p 00011000 07:00 11875                      /usr/lib/jvm/java-7-openjdk-amd64/jre/lib/amd64/libnio.so
7f660d3fe000-7f660d457000 r--s 01830000 07:00 22964                      /usr/local/bin/sh3d/SweetHome3D-5.2.jar
7f660d457000-7f660d458000 ---p 00000000 00:00 0 
7f660d458000-7f660d558000 rw-p 00000000 00:00 0 
7f660d558000-7f660d55b000 ---p 00000000 00:00 0 
7f660d55b000-7f660d659000 rw-p 00000000 00:00 0 
7f660d659000-7f660d65c000 ---p 00000000 00:00 0 
7f660d65c000-7f660d75a000 rw-p 00000000 00:00 0 
7f660d75a000-7f660d75d000 ---p 00000000 00:00 0 
7f660d75d000-7f660d85b000 rw-p 00000000 00:00 0 
7f660d85b000-7f660d85e000 ---p 00000000 00:00 0 
7f660d85e000-7f660d95c000 rw-p 00000000 00:00 0 
7f660d95c000-7f660dae5000 r--p 00000000 07:00 15862                      /usr/lib/locale/locale-archive
7f660dae5000-7f660dae8000 ---p 00000000 00:00 0 
7f660dae8000-7f660dbe6000 rw-p 00000000 00:00 0 
7f660dbe6000-7f660dbe9000 ---p 00000000 00:00 0 
7f660dbe9000-7f660dce7000 rw-p 00000000 00:00 0 
7f660dce7000-7f660dce8000 ---p 00000000 00:00 0 
7f660dce8000-7f660de31000 rw-p 00000000 00:00 0 
7f660de31000-7f660dfe3000 r--s 01d32000 07:00 11941                      /usr/lib/jvm/java-7-openjdk-amd64/jre/lib/rt.jar
7f660dfe3000-7f660e0c3000 rw-p 00000000 00:00 0 
7f660e0c3000-7f660e108000 rw-p 00000000 00:00 0 
7f660e108000-7f660e118000 rw-p 00000000 00:00 0 
7f660e118000-7f660e204000 rw-p 00000000 00:00 0 
7f660e204000-7f660e20c000 rw-p 00000000 00:00 0 
7f660e20c000-7f660e281000 rw-p 00000000 00:00 0 
7f660e281000-7f660e292000 rw-p 00000000 00:00 0 
7f660e292000-7f660e37d000 rw-p 00000000 00:00 0 
7f660e37d000-7f660e38c000 rw-p 00000000 00:00 0 
7f660e38c000-7f660e3d0000 rw-p 00000000 00:00 0 
7f660e3d0000-7f660e3d1000 rw-p 00000000 00:00 0 
7f660e3d1000-7f660e3d9000 r-xp 00000000 07:00 11881                      /usr/lib/jvm/java-7-openjdk-amd64/jre/lib/amd64/libzip.so
7f660e3d9000-7f660e5d8000 ---p 00008000 07:00 11881                      /usr/lib/jvm/java-7-openjdk-amd64/jre/lib/amd64/libzip.so
7f660e5d8000-7f660e5d9000 r--p 00007000 07:00 11881                      /usr/lib/jvm/java-7-openjdk-amd64/jre/lib/amd64/libzip.so
7f660e5d9000-7f660e5da000 rw-p 00008000 07:00 11881                      /usr/lib/jvm/java-7-openjdk-amd64/jre/lib/amd64/libzip.so
7f660e5da000-7f660e5e5000 r-xp 00000000 07:00 7861                       /lib/x86_64-linux-gnu/libnss_files-2.19.so
7f660e5e5000-7f660e7e4000 ---p 0000b000 07:00 7861                       /lib/x86_64-linux-gnu/libnss_files-2.19.so
7f660e7e4000-7f660e7e5000 r--p 0000a000 07:00 7861                       /lib/x86_64-linux-gnu/libnss_files-2.19.so
7f660e7e5000-7f660e7e6000 rw-p 0000b000 07:00 7861                       /lib/x86_64-linux-gnu/libnss_files-2.19.so
7f660e7e6000-7f660e7f0000 r-xp 00000000 07:00 7865                       /lib/x86_64-linux-gnu/libnss_nis-2.19.so
7f660e7f0000-7f660e9ef000 ---p 0000a000 07:00 7865                       /lib/x86_64-linux-gnu/libnss_nis-2.19.so
7f660e9ef000-7f660e9f0000 r--p 00009000 07:00 7865                       /lib/x86_64-linux-gnu/libnss_nis-2.19.so
7f660e9f0000-7f660e9f1000 rw-p 0000a000 07:00 7865                       /lib/x86_64-linux-gnu/libnss_nis-2.19.so
7f660e9f1000-7f660ea06000 r-xp 00000000 07:00 7855                       /lib/x86_64-linux-gnu/libnsl-2.19.so
7f660ea06000-7f660ec05000 ---p 00015000 07:00 7855                       /lib/x86_64-linux-gnu/libnsl-2.19.so
7f660ec05000-7f660ec06000 r--p 00014000 07:00 7855                       /lib/x86_64-linux-gnu/libnsl-2.19.so
7f660ec06000-7f660ec07000 rw-p 00015000 07:00 7855                       /lib/x86_64-linux-gnu/libnsl-2.19.so
7f660ec07000-7f660ec09000 rw-p 00000000 00:00 0 
7f660ec09000-7f660ec10000 r-xp 00000000 07:00 7857                       /lib/x86_64-linux-gnu/libnss_compat-2.19.so
7f660ec10000-7f660ee0f000 ---p 00007000 07:00 7857                       /lib/x86_64-linux-gnu/libnss_compat-2.19.so
7f660ee0f000-7f660ee10000 r--p 00006000 07:00 7857                       /lib/x86_64-linux-gnu/libnss_compat-2.19.so
7f660ee10000-7f660ee11000 rw-p 00007000 07:00 7857                       /lib/x86_64-linux-gnu/libnss_compat-2.19.so
7f660ee11000-7f660ee3e000 r-xp 00000000 07:00 11860                      /usr/lib/jvm/java-7-openjdk-amd64/jre/lib/amd64/libjava.so
7f660ee3e000-7f660f03d000 ---p 0002d000 07:00 11860                      /usr/lib/jvm/java-7-openjdk-amd64/jre/lib/amd64/libjava.so
7f660f03d000-7f660f03e000 r--p 0002c000 07:00 11860                      /usr/lib/jvm/java-7-openjdk-amd64/jre/lib/amd64/libjava.so
7f660f03e000-7f660f040000 rw-p 0002d000 07:00 11860                      /usr/lib/jvm/java-7-openjdk-amd64/jre/lib/amd64/libjava.so
7f660f040000-7f660f04f000 r-xp 00000000 07:00 11880                      /usr/lib/jvm/java-7-openjdk-amd64/jre/lib/amd64/libverify.so
7f660f04f000-7f660f24e000 ---p 0000f000 07:00 11880                      /usr/lib/jvm/java-7-openjdk-amd64/jre/lib/amd64/libverify.so
7f660f24e000-7f660f251000 r--p 0000e000 07:00 11880                      /usr/lib/jvm/java-7-openjdk-amd64/jre/lib/amd64/libverify.so
7f660f251000-7f660f252000 rw-p 00011000 07:00 11880                      /usr/lib/jvm/java-7-openjdk-amd64/jre/lib/amd64/libverify.so
7f660f252000-7f660f259000 r-xp 00000000 07:00 7898                       /lib/x86_64-linux-gnu/librt-2.19.so
7f660f259000-7f660f458000 ---p 00007000 07:00 7898                       /lib/x86_64-linux-gnu/librt-2.19.so
7f660f458000-7f660f459000 r--p 00006000 07:00 7898                       /lib/x86_64-linux-gnu/librt-2.19.so
7f660f459000-7f660f45a000 rw-p 00007000 07:00 7898                       /lib/x86_64-linux-gnu/librt-2.19.so
7f660f45a000-7f660f470000 r-xp 00000000 07:00 7812                       /lib/x86_64-linux-gnu/libgcc_s.so.1
7f660f470000-7f660f66f000 ---p 00016000 07:00 7812                       /lib/x86_64-linux-gnu/libgcc_s.so.1
7f660f66f000-7f660f670000 rw-p 00015000 07:00 7812                       /lib/x86_64-linux-gnu/libgcc_s.so.1
7f660f670000-7f660f770000 r-xp 00000000 07:00 7840                       /lib/x86_64-linux-gnu/libm-2.19.so
7f660f770000-7f660f96f000 ---p 00100000 07:00 7840                       /lib/x86_64-linux-gnu/libm-2.19.so
7f660f96f000-7f660f970000 r--p 000ff000 07:00 7840                       /lib/x86_64-linux-gnu/libm-2.19.so
7f660f970000-7f660f971000 rw-p 00100000 07:00 7840                       /lib/x86_64-linux-gnu/libm-2.19.so
7f660f971000-7f660fa5d000 r-xp 00000000 07:00 21928                      /usr/lib/x86_64-linux-gnu/libstdc++.so.6.0.20
7f660fa5d000-7f660fc5d000 ---p 000ec000 07:00 21928                      /usr/lib/x86_64-linux-gnu/libstdc++.so.6.0.20
7f660fc5d000-7f660fc65000 r--p 000ec000 07:00 21928                      /usr/lib/x86_64-linux-gnu/libstdc++.so.6.0.20
7f660fc65000-7f660fc67000 rw-p 000f4000 07:00 21928                      /usr/lib/x86_64-linux-gnu/libstdc++.so.6.0.20
7f660fc67000-7f660fc7c000 rw-p 00000000 00:00 0 
7f660fc7c000-7f66107d4000 r-xp 00000000 07:00 11886                      /usr/lib/jvm/java-7-openjdk-amd64/jre/lib/amd64/server/libjvm.so
7f66107d4000-7f66109d4000 ---p 00b58000 07:00 11886                      /usr/lib/jvm/java-7-openjdk-amd64/jre/lib/amd64/server/libjvm.so
7f66109d4000-7f6610a73000 r--p 00b58000 07:00 11886                      /usr/lib/jvm/java-7-openjdk-amd64/jre/lib/amd64/server/libjvm.so
7f6610a73000-7f6610a96000 rw-p 00bf7000 07:00 11886                      /usr/lib/jvm/java-7-openjdk-amd64/jre/lib/amd64/server/libjvm.so
7f6610a96000-7f6610ac4000 rw-p 00000000 00:00 0 
7f6610ac4000-7f6610ade000 r-xp 00000000 07:00 7929                       /lib/x86_64-linux-gnu/libz.so.1.2.8
7f6610ade000-7f6610cdd000 ---p 0001a000 07:00 7929                       /lib/x86_64-linux-gnu/libz.so.1.2.8
7f6610cdd000-7f6610cde000 r--p 00019000 07:00 7929                       /lib/x86_64-linux-gnu/libz.so.1.2.8
7f6610cde000-7f6610cdf000 rw-p 0001a000 07:00 7929                       /lib/x86_64-linux-gnu/libz.so.1.2.8
7f6610cdf000-7f6610e81000 r-xp 00000000 07:00 7785                       /lib/x86_64-linux-gnu/libc-2.19.so
7f6610e81000-7f6611080000 ---p 001a2000 07:00 7785                       /lib/x86_64-linux-gnu/libc-2.19.so
7f6611080000-7f6611084000 r--p 001a1000 07:00 7785                       /lib/x86_64-linux-gnu/libc-2.19.so
7f6611084000-7f6611086000 rw-p 001a5000 07:00 7785                       /lib/x86_64-linux-gnu/libc-2.19.so
7f6611086000-7f661108a000 rw-p 00000000 00:00 0 
7f661108a000-7f661108d000 r-xp 00000000 07:00 7800                       /lib/x86_64-linux-gnu/libdl-2.19.so
7f661108d000-7f661128c000 ---p 00003000 07:00 7800                       /lib/x86_64-linux-gnu/libdl-2.19.so
7f661128c000-7f661128d000 r--p 00002000 07:00 7800                       /lib/x86_64-linux-gnu/libdl-2.19.so
7f661128d000-7f661128e000 rw-p 00003000 07:00 7800                       /lib/x86_64-linux-gnu/libdl-2.19.so
7f661128e000-7f661129b000 r-xp 00000000 07:00 11845                      /usr/lib/jvm/java-7-openjdk-amd64/jre/lib/amd64/jli/libjli.so
7f661129b000-7f661149a000 ---p 0000d000 07:00 11845                      /usr/lib/jvm/java-7-openjdk-amd64/jre/lib/amd64/jli/libjli.so
7f661149a000-7f661149b000 r--p 0000c000 07:00 11845                      /usr/lib/jvm/java-7-openjdk-amd64/jre/lib/amd64/jli/libjli.so
7f661149b000-7f661149c000 rw-p 0000d000 07:00 11845                      /usr/lib/jvm/java-7-openjdk-amd64/jre/lib/amd64/jli/libjli.so
7f661149c000-7f66114b4000 r-xp 00000000 07:00 7890                       /lib/x86_64-linux-gnu/libpthread-2.19.so
7f66114b4000-7f66116b3000 ---p 00018000 07:00 7890                       /lib/x86_64-linux-gnu/libpthread-2.19.so
7f66116b3000-7f66116b4000 r--p 00017000 07:00 7890                       /lib/x86_64-linux-gnu/libpthread-2.19.so
7f66116b4000-7f66116b5000 rw-p 00018000 07:00 7890                       /lib/x86_64-linux-gnu/libpthread-2.19.so
7f66116b5000-7f66116b9000 rw-p 00000000 00:00 0 
7f66116b9000-7f66116d9000 r-xp 00000000 07:00 7761                       /lib/x86_64-linux-gnu/ld-2.19.so
7f66116d9000-7f66116db000 r--s 00008000 00:28 322886                     /tmp/extension7877424487549110943.jar
7f66116db000-7f66116e2000 r--s 0006d000 00:28 322883                     /tmp/extension683544567473470799.jar
7f66116e2000-7f66116ee000 r--s 00108000 00:28 322882                     /tmp/extension2255630269088861505.jar
7f66116ee000-7f66116f2000 r--s 0004f000 07:00 11926                      /usr/lib/jvm/java-7-openjdk-amd64/jre/lib/jsse.jar
7f66116f2000-7f66116f4000 r--s 00012000 07:00 11909                      /usr/lib/jvm/java-7-openjdk-amd64/jre/lib/ext/zipfs.jar
7f66116f4000-7f66116f8000 r--s 0003c000 07:00 11908                      /usr/lib/jvm/java-7-openjdk-amd64/jre/lib/ext/sunpkcs11.jar
7f66116f8000-7f66116fc000 r--s 00034000 07:00 11907                      /usr/lib/jvm/java-7-openjdk-amd64/jre/lib/ext/sunjce_provider.jar
7f66116fc000-7f6611700000 r--s 00085000 07:00 11906                      /usr/lib/jvm/java-7-openjdk-amd64/jre/lib/ext/localedata.jar
7f6611700000-7f6611702000 r--s 00006000 07:00 44943                      /usr/share/java/java-atk-wrapper.jar
7f6611702000-7f661170c000 rw-p 00000000 00:00 0 
7f661170c000-7f66117c2000 rw-p 00000000 00:00 0 
7f66117c2000-7f66117c5000 ---p 00000000 00:00 0 
7f66117c5000-7f66118c8000 rw-p 00000000 00:00 0 
7f66118c8000-7f66118c9000 r--s 00001000 00:28 322887                     /tmp/extension2624413143120057687.jar
7f66118c9000-7f66118cc000 r--s 0000f000 07:00 11903                      /usr/lib/jvm/java-7-openjdk-amd64/jre/lib/ext/icedtea-sound.jar
7f66118cc000-7f66118cd000 r--s 00002000 07:00 11902                      /usr/lib/jvm/java-7-openjdk-amd64/jre/lib/ext/dnsns.jar
7f66118cd000-7f66118d5000 rw-s 00000000 00:28 322881                     /tmp/hsperfdata_root/14544
7f66118d5000-7f66118d6000 rw-p 00000000 00:00 0 
7f66118d6000-7f66118d7000 r--p 00000000 00:00 0 
7f66118d7000-7f66118d9000 rw-p 00000000 00:00 0 
7f66118d9000-7f66118da000 r--p 00020000 07:00 7761                       /lib/x86_64-linux-gnu/ld-2.19.so
7f66118da000-7f66118db000 rw-p 00021000 07:00 7761                       /lib/x86_64-linux-gnu/ld-2.19.so
7f66118db000-7f66118dc000 rw-p 00000000 00:00 0 
7ffc6a98e000-7ffc6a9af000 rw-p 00000000 00:00 0                          [stack]
7ffc6a9f9000-7ffc6a9fc000 r--p 00000000 00:00 0                          [vvar]
7ffc6a9fc000-7ffc6a9fe000 r-xp 00000000 00:00 0                          [vdso]
ffffffffff600000-ffffffffff601000 r-xp 00000000 00:00 0                  [vsyscall]

VM Arguments:
java_command: /usr/local/bin/sh3d/SweetHome3D-5.2.jar
Launcher Type: SUN_STANDARD

Environment Variables:
PATH=/usr/local/sbin:/usr/local/bin:/usr/sbin:/usr/bin:/sbin:/bin:/media/master/apps/eclipse64
SHELL=/bin/bash
DISPLAY=:0.0

Signal Handlers:
SIGSEGV: [libjvm.so+0x989ea0], sa_mask[0]=0x7ffbfeff, sa_flags=0x10000004
SIGBUS: [libjvm.so+0x989ea0], sa_mask[0]=0x7ffbfeff, sa_flags=0x10000004
SIGFPE: [libjvm.so+0x7f6820], sa_mask[0]=0x7ffbfeff, sa_flags=0x10000004
SIGPIPE: SIG_IGN, sa_mask[0]=0x00001000, sa_flags=0x10000000
SIGXFSZ: [libjvm.so+0x7f6820], sa_mask[0]=0x7ffbfeff, sa_flags=0x10000004
SIGILL: [libjvm.so+0x7f6820], sa_mask[0]=0x7ffbfeff, sa_flags=0x10000004
SIGUSR1: SIG_DFL, sa_mask[0]=0x00000000, sa_flags=0x00000000
SIGUSR2: [libjvm.so+0x7f66a0], sa_mask[0]=0x00000000, sa_flags=0x10000004
SIGHUP: [libjvm.so+0x7f68a0], sa_mask[0]=0x7ffbfeff, sa_flags=0x10000004
SIGINT: [libjvm.so+0x7f68a0], sa_mask[0]=0x7ffbfeff, sa_flags=0x10000004
SIGTERM: [libjvm.so+0x7f68a0], sa_mask[0]=0x7ffbfeff, sa_flags=0x10000004
SIGQUIT: [libjvm.so+0x7f68a0], sa_mask[0]=0x7ffbfeff, sa_flags=0x10000004
SIGTRAP: SIG_DFL, sa_mask[0]=0x00000000, sa_flags=0x00000000


---------------  S Y S T E M  ---------------

OS:8.5

uname:Linux 4.6.0-0.bpo.1-amd64 #1 SMP Debian 4.6.4-1~bpo8+1 (2016-08-11) x86_64
libc:glibc 2.19 NPTL 2.19 
rlimit: STACK 8192k, CORE 0k, NPROC 11926, NOFILE 65536, AS infinity
load average:0.10 0.09 0.07

/proc/meminfo:
MemTotal:        3084904 kB
MemFree:          112184 kB
MemAvailable:     925916 kB
Buffers:          199832 kB
Cached:          1605536 kB
SwapCached:            0 kB
Active:          1643252 kB
Inactive:        1051932 kB
Active(anon):    1132180 kB
Inactive(anon):   750936 kB
Active(file):     511072 kB
Inactive(file):   300996 kB
Unevictable:           0 kB
Mlocked:               0 kB
SwapTotal:             0 kB
SwapFree:              0 kB
Dirty:               116 kB
Writeback:             0 kB
AnonPages:        889808 kB
Mapped:           153632 kB
Shmem:            993276 kB
Slab:             216960 kB
SReclaimable:     193724 kB
SUnreclaim:        23236 kB
KernelStack:        7408 kB
PageTables:        15488 kB
NFS_Unstable:          0 kB
Bounce:                0 kB
WritebackTmp:          0 kB
CommitLimit:     1542452 kB
Committed_AS:    3531852 kB
VmallocTotal:   34359738367 kB
VmallocUsed:           0 kB
VmallocChunk:          0 kB
HardwareCorrupted:     0 kB
AnonHugePages:         0 kB
HugePages_Total:       0
HugePages_Free:        0
HugePages_Rsvd:        0
HugePages_Surp:        0
Hugepagesize:       2048 kB
DirectMap4k:       71616 kB
DirectMap2M:     3074048 kB


CPU:total 1 (1 cores per cpu, 1 threads per core) family 6 model 61 stepping 4, cmov, cx8, fxsr, mmx, sse, sse2, sse3, ssse3, sse4.1, sse4.2, popcnt, avx, aes, tsc, tscinvbit

/proc/cpuinfo:
processor	: 0
vendor_id	: GenuineIntel
cpu family	: 6
model		: 61
model name	: Intel(R) Core(TM) i7-5650U CPU @ 2.20GHz
stepping	: 4
cpu MHz		: 2199.998
cache size	: 4096 KB
physical id	: 0
siblings	: 1
core id		: 0
cpu cores	: 1
apicid		: 0
initial apicid	: 0
fpu		: yes
fpu_exception	: yes
cpuid level	: 20
wp		: yes
flags		: fpu vme de pse tsc msr pae mce cx8 apic sep mtrr pge mca cmov pat pse36 clflush mmx fxsr sse sse2 syscall nx rdtscp lm constant_tsc rep_good nopl xtopology nonstop_tsc eagerfpu pni pclmulqdq monitor ssse3 cx16 sse4_1 sse4_2 movbe popcnt aes xsave avx rdrand hypervisor lahf_lm abm 3dnowprefetch rdseed
bugs		:
bogomips	: 4399.99
clflush size	: 64
cache_alignment	: 64
address sizes	: 39 bits physical, 48 bits virtual
power management:



Memory: 4k page, physical 3084904k(112184k free), swap 0k(0k free)

vm_info: OpenJDK 64-Bit Server VM (24.95-b01) for linux-amd64 JRE (1.7.0_101-b00), built on May  4 2016 17:57:00 by "julien" with gcc 4.9.2

time: Mon Aug 22 13:00:21 2016
elapsed time: 5 seconds

