CLDS:>>>>>>>>> Running inst-std-xtra-sweethome3d5.sh ...
‘sh3d’ -> ‘/usr/local/bin/sh3d’
‘sh3d/hs_err_pid27132.log’ -> ‘/usr/local/bin/sh3d/hs_err_pid27132.log’
‘sh3d/FurnitureLibraryEditor-1.19.jar’ -> ‘/usr/local/bin/sh3d/FurnitureLibraryEditor-1.19.jar’
‘sh3d/SweetHome3D-5.2.jar’ -> ‘/usr/local/bin/sh3d/SweetHome3D-5.2.jar’
‘sh3d/TexturesLibraryEditor-1.5.jar’ -> ‘/usr/local/bin/sh3d/TexturesLibraryEditor-1.5.jar’
Archive:  jmf-2_1_1e-alljava.zip
   creating: /usr/lib/JMF-2.1.1e/
   creating: /usr/lib/JMF-2.1.1e/bin/
  inflating: /usr/lib/JMF-2.1.1e/bin/JMF.ico  
  inflating: /usr/lib/JMF-2.1.1e/bin/jmfcustomizer  
  inflating: /usr/lib/JMF-2.1.1e/bin/jmfinit  
  inflating: /usr/lib/JMF-2.1.1e/bin/jmfregistry  
  inflating: /usr/lib/JMF-2.1.1e/bin/jmstudio  
   creating: /usr/lib/JMF-2.1.1e/doc/
  inflating: /usr/lib/JMF-2.1.1e/doc/attributions.html  
  inflating: /usr/lib/JMF-2.1.1e/doc/formats.html  
  inflating: /usr/lib/JMF-2.1.1e/doc/readme.html  
   creating: /usr/lib/JMF-2.1.1e/lib/
  inflating: /usr/lib/JMF-2.1.1e/lib/customizer.jar  
  inflating: /usr/lib/JMF-2.1.1e/lib/jmf.jar  
  inflating: /usr/lib/JMF-2.1.1e/lib/jmf.properties  
  inflating: /usr/lib/JMF-2.1.1e/lib/mediaplayer.jar  
  inflating: /usr/lib/JMF-2.1.1e/lib/multiplayer.jar  
CLDS: * Install SweetHome3D-5.2.jar.
CLDS: * Install TexturesLibraryEditor-1.5.jar.
CLDS: * Install FurnitureLibraryEditor-1.19.jar.
CLDS: * Insert SweetHome3D menus in Graphics.
CLDS: * Disk size = 4699092K. Space Used = 38284K.
