CLDS:>>>>>>>>> Running inst-std-inet-xtra-ms-edge.sh ...
Selecting previously unselected package microsoft-edge-stable.
<<<<<<< HEAD
(Reading database ... 94062 files and directories currently installed.)
=======
(Reading database ... 92882 files and directories currently installed.)
>>>>>>> branch 'bookworm' of https://github.com/xuanngo2001/cust-live-deb.git
Preparing to unpack microsoft-edge-stable_112.0.1722.48-1_amd64.deb ...
Unpacking microsoft-edge-stable (112.0.1722.48-1) ...
Setting up microsoft-edge-stable (112.0.1722.48-1) ...
update-alternatives: using /usr/bin/microsoft-edge-stable to provide /usr/bin/microsoft-edge (microsoft-edge) in auto mode
Processing triggers for desktop-file-utils (0.26-1) ...
Processing triggers for menu (2.1.49) ...
CLDS: * Install MS Edge using *.deb.
CLDS: * Change config to run MS Edge as root.
<<<<<<< HEAD
CLDS: * Disk size = 6371588K. Space Used = 492668K. Runtime = 00:00:00:09.
=======
CLDS: * Disk size = 6010368K. Space Used = 492672K. Runtime = 00:00:00:11.
>>>>>>> branch 'bookworm' of https://github.com/xuanngo2001/cust-live-deb.git
