CLDS:>>>>>>>>> Running inst-xtra-zfs-dkms.sh ...
Reading package lists...
Building dependency tree...
Reading state information...
The following NEW packages will be installed:
  libelf-dev
0 upgraded, 1 newly installed, 0 to remove and 18 not upgraded.
Inst libelf-dev (0.168-1 master_stretch-main stretch:stretch [amd64])
Conf libelf-dev (0.168-1 master_stretch-main stretch:stretch [amd64])
Reading package lists...
Building dependency tree...
Reading state information...
lsb-release is already the newest version (9.20161125).
linux-headers-amd64 is already the newest version (4.19+105+deb10u3~bpo9+1).
0 upgraded, 0 newly installed, 0 to remove and 18 not upgraded.
Reading package lists...
Building dependency tree...
Reading state information...
build-essential is already the newest version (12.3).
libc6-dev is already the newest version (2.24-11+deb9u4).
dkms is already the newest version (2.6.1-4~bpo9+1).
0 upgraded, 0 newly installed, 0 to remove and 18 not upgraded.
Reading package lists...
Building dependency tree...
Reading state information...
linux-headers-4.19.0-0.bpo.8-amd64 is already the newest version (4.19.98-1~bpo9+1).
0 upgraded, 0 newly installed, 0 to remove and 18 not upgraded.
Reading package lists...
Building dependency tree...
Reading state information...
module-assistant is already the newest version (0.11.9).
0 upgraded, 0 newly installed, 0 to remove and 18 not upgraded.
Getting source for kernel version: 5.4.0-0.bpo.4-amd64
apt-get -y install linux-headers-5.4.0-0.bpo.4-amd64 
Reading package lists...
Building dependency tree...
Reading state information...
E: Unable to locate package linux-headers-5.4.0-0.bpo.4-amd64
E: Couldn't find any package by glob 'linux-headers-5.4.0-0.bpo.4-amd64'
E: Couldn't find any package by regex 'linux-headers-5.4.0-0.bpo.4-amd64'
apt-get -y install build-essential 
Reading package lists...
Building dependency tree...
Reading state information...
build-essential is already the newest version (12.3).
0 upgraded, 0 newly installed, 0 to remove and 18 not upgraded.

Done!
CLDS: * Disk size = 3929776K. Space Used = 4K. Runtime = 00:00:00:01.
