adduser
adwaita-icon-theme
aglfn
aircrack-ng
alsa-utils
amd64-microcode
apache2
apache2-bin
apache2-data
apache2-utils
apt
apt-transport-https
apt-utils
aptly
aspell
aspell-en
at-spi2-core
atmel-firmware
b43-fwcutter
base-files
base-passwd
bash
binutils
blender
blender-data
bluez-firmware
bsdmainutils
bsdutils
buffer
build-essential
busybox
bzip2
ca-certificates
ca-certificates-java
conky
conky-std
coreutils
cpio
cpp
cpp-6
cron
curl
dash
dbus
dbus-user-session
dconf-gsettings-backend
dconf-service
deb-multimedia-keyring
debconf
debconf-i18n
debconf-utils
debian-archive-keyring
debianutils
debootstrap
default-jdk
default-jdk-headless
default-jre
default-jre-headless
desktop-file-utils
dh-python
dialog
dictionaries-common
diffutils
dirmngr
distro-info-data
dkms
dmidecode
dmsetup
dosfstools
dpkg
dpkg-dev
e2fslibs
e2fsprogs
emacsen-common
ethtool
exfat-fuse
exfat-utils
exo-utils
feh
ffmpeg
file
findutils
firefox-esr
firmware-amd-graphics
firmware-atheros
firmware-bnx2
firmware-bnx2x
firmware-brcm80211
firmware-intelwimax
firmware-ipw2x00
firmware-ivtv
firmware-iwlwifi
firmware-libertas
firmware-linux
firmware-linux-free
firmware-linux-nonfree
firmware-misc-nonfree
firmware-qlogic
firmware-realtek
firmware-zd1211
fontconfig
fontconfig-config
fonts-dejavu
fonts-dejavu-core
fonts-dejavu-extra
fonts-hanazono
fonts-liberation
fuse
g++
g++-6
galera-3
gawk
gcc
gcc-6
gcc-6-base
gconf-service
gconf2-common
gir1.2-glib-2.0
git
git-man
glib-networking
glib-networking-common
glib-networking-services
gnome-disk-utility
gnome-icon-theme
gnome-screenshot
gnupg
gnupg-agent
gnupg-l10n
gnupg-utils
gnupg1
gnuplot-data
gnuplot-nox
google-chrome-stable
gpaint
gpg
gpg-agent
gpg-wks-client
gpg-wks-server
gpgconf
gpgsm
gpgv
gpgv1
gpicview
graphviz
grep
gsettings-desktop-schemas
gsimplecal
gtk-update-icon-cache
gzip
hardinfo
hdparm
hfsprogs
hicolor-icon-theme
hostname
hwloc
iat
ifupdown
init
init-system-helpers
initramfs-tools
initramfs-tools-core
intel-microcode
iproute2
iptables
iputils-ping
isc-dhcp-client
isc-dhcp-common
iso-codes
isolinux
iucode-tool
iw
java-common
jmtpfs
jwm
keyboard-configuration
klibc-utils
kmod
libacl1
libaio1
libann0
libapache2-mod-php7.0
libapparmor1
libappindicator1
libappindicator3-1
libapr1
libaprutil1
libaprutil1-dbd-sqlite3
libaprutil1-ldap
libapt-inst2.0
libapt-pkg5.0
libasan3
libasound2
libasound2-data
libaspell15
libass9
libassuan0
libasyncns0
libatasmart4
libatk-bridge2.0-0
libatk-wrapper-java
libatk-wrapper-java-jni
libatk1.0-0
libatk1.0-data
libatomic1
libatspi2.0-0
libattr1
libaudio2
libaudit-common
libaudit1
libavahi-client3
libavahi-common-data
libavahi-common3
libavc1394-0
libavcodec57
libavdevice57
libavfilter6
libavformat57
libavresample3
libavutil55
libblas-common
libblas3
libblkid1
libblosc1
libbluray2
libboost-atomic1.62.0
libboost-chrono1.62.0
libboost-date-time1.62.0
libboost-filesystem1.62.0
libboost-iostreams1.62.0
libboost-locale1.62.0
libboost-regex1.62.0
libboost-system1.62.0
libboost-thread1.62.0
libbs2b0
libbsd0
libburn4
libbz2-1.0
libc-ares2
libc-bin
libc-dev-bin
libc-l10n
libc6
libc6-dev
libcaca0
libcairo-gobject2
libcairo2
libcanberra-gtk3-0
libcanberra0
libcap-ng0
libcap2
libcap2-bin
libcc1-0
libcdio-cdda1
libcdio-paranoia1
libcdio13
libcdt5
libcgraph6
libchromaprint1
libcilkrts5
libcln6
libcolord2
libcomerr2
libcrack2
libcroco3
libcryptsetup4
libcrystalhd3
libcups2
libcurl3
libcurl3-gnutls
libdatrie1
libdb5.3
libdbi-perl
libdbus-1-3
libdbus-glib-1-2
libdbusmenu-glib4
libdbusmenu-gtk3-4
libdbusmenu-gtk4
libdc1394-22
libdconf1
libdebconfclient0
libdevmapper1.02.1
libdns-export162
libdouble-conversion1
libdpkg-perl
libdrm-amdgpu1
libdrm-common
libdrm-intel1
libdrm-nouveau2
libdrm-radeon1
libdrm2
libdvdnav4
libdvdread4
libedit2
libegl1-mesa
libelf-dev
libelf1
libenchant1c2a
libepoxy0
liberror-perl
libestr0
libevdev2
libevent-2.0-5
libexif12
libexo-1-0
libexo-common
libexo-helpers
libexpat1
libexpat1-dev
libfastjson4
libfdisk1
libfdk-aac1
libffi6
libfftw3-double3
libfftw3-single3
libflac8
libfontconfig1
libfontenc1
libfreetype6
libfribidi0
libfuse2
libgbm1
libgcc-6-dev
libgcc1
libgconf-2-4
libgcrypt20
libgd3
libgdbm3
libgdk-pixbuf2.0-0
libgdk-pixbuf2.0-common
libgfortran3
libgif7
libgirepository-1.0-1
libgl1-mesa-dri
libgl1-mesa-glx
libglade2-0
libglapi-mesa
libglew2.0
libglib2.0-0
libglu1-mesa
libgme0
libgmp10
libgnutls30
libgomp1
libgpg-error0
libgpm2
libgraphite2-3
libgsm1
libgssapi-krb5-2
libgstreamer-plugins-base1.0-0
libgstreamer1.0-0
libgtk-3-0
libgtk-3-common
libgtk2.0-0
libgtk2.0-common
libgts-0.7-5
libgudev-1.0-0
libgvc6
libgvpr2
libharfbuzz-icu0
libharfbuzz0b
libhogweed4
libhunspell-1.4-0
libhwloc5
libice6
libicu57
libid3tag0
libidn11
libidn2-0
libiec61883-0
libilbc2
libilmbase12
libimlib2
libindicator3-7
libindicator7
libinput-bin
libinput10
libip4tc0
libip6tc0
libiptc0
libisc-export160
libisl15
libisoburn1
libisofs6
libitm1
libiw30
libjack-jackd2-0
libjavascriptcoregtk-3.0-0
libjbig0
libjemalloc1
libjpeg62-turbo
libjson-glib-1.0-0
libjson-glib-1.0-common
libjsoncpp1
libjte1
libk5crypto3
libkeyutils1
libklibc
libkmod2
libkrb5-3
libkrb5support0
libksba8
libkvazaar3
liblapack3
liblcms2-2
libldap-2.4-2
libldap-common
liblept5
libllvm3.9
libllvm6.0
liblocale-gettext-perl
liblog4cplus-1.1-9
liblogging-stdlog0
liblognorm5
liblsan0
libltdl7
liblua5.1-0
liblua5.2-0
liblz4-1
liblzma5
liblzo2-2
libmagic-mgc
libmagic1
libmaxminddb0
libmfx0
libminiupnpc10
libmng1
libmnl0
libmount1
libmp3lame0
libmpc3
libmpdec2
libmpfr4
libmpg123-0
libmpx2
libmtdev1
libmtp-common
libmtp9
libnatpmp1
libncurses5
libncursesw5
libnetfilter-conntrack3
libnettle6
libnewt0.52
libnfnetlink0
libnghttp2-14
libnl-3-200
libnl-genl-3-200
libnotify4
libnpth0
libnspr4
libnss3
libntfs-3g871
libnuma1
libnvpair1linux
libogg0
libopenal-data
libopenal1
libopencolorio1v5
libopencore-amrnb0
libopencore-amrwb0
libopencv-core2.4v5
libopencv-highgui2.4-deb0
libopencv-imgproc2.4v5
libopenexr22
libopenh264-2
libopenimageio1.6
libopenjp2-7
libopenmpt0
libopenvdb3.2
libopts25
libopus0
liborc-0.4-0
libp11-kit0
libpam-modules
libpam-modules-bin
libpam-runtime
libpam-systemd
libpam0g
libpango-1.0-0
libpangocairo-1.0-0
libpangoft2-1.0-0
libparted2
libpathplan4
libpcap0.8
libpci3
libpciaccess0
libpcre16-3
libpcre2-8-0
libpcre3
libpcsclite1
libperl5.24
libpipeline1
libpixman-1-0
libpng16-16
libpolkit-agent-1-0
libpolkit-gobject-1-0
libpoppler64
libpopt0
libpostproc54
libprocps6
libproxy1v5
libpsl5
libpulse0
libpwquality-common
libpwquality1
libpython-stdlib
libpython2.7-minimal
libpython2.7-stdlib
libpython3-dev
libpython3-stdlib
libpython3.5
libpython3.5-dev
libpython3.5-minimal
libpython3.5-stdlib
libqalculate5-data
libqalculate5v5
libqt5core5a
libqt5dbus5
libqt5gui5
libqt5network5
libqt5opengl5
libqt5printsupport5
libqt5widgets5
libqt5x11extras5
libqtcore4
libqtgui4
libquadmath0
libraw1394-11
libraw15
libreadline5
libreadline7
librest-0.7-0
librsvg2-2
librsvg2-common
librtmp1
librubberband2
libruby2.3
libsamplerate0
libsasl2-2
libsasl2-modules-db
libsbc1
libsdl1.2debian
libsdl2-2.0-0
libseccomp2
libsecret-1-0
libsecret-common
libselinux1
libsemanage-common
libsemanage1
libsensors4
libsepol1
libshine3
libsigsegv2
libslang2
libsm6
libsmartcols1
libsmi2ldbl
libsnappy1v5
libsndfile1
libsndio6.1
libsoup-gnome2.4-1
libsoup2.4-1
libsoxr0
libspandsp2
libspeex1
libspnav0
libsqlite3-0
libss2
libssh-gcrypt-4
libssh2-1
libssl1.0.2
libssl1.1
libstartup-notification0
libstdc++-6-dev
libstdc++6
libswresample2
libswscale4
libsystemd0
libtasn1-6
libtbb2
libtcl8.6
libtdb1
libtesseract-data
libtesseract3
libtext-charwidth-perl
libtext-iconv-perl
libtext-wrapi18n-perl
libthai-data
libthai0
libtheora0
libthunarx-2-0
libtiff5
libtinfo5
libtinyxml2.6.2v5
libtsan0
libubsan0
libuchardet0
libudev1
libudisks2-0
libunistring0
libusb-1.0-0
libustr-1.0-1
libuuid1
libuutil1linux
libv4l-0
libv4lconvert0
libva-drm1
libva-wayland1
libva-x11-1
libva1
libvdpau1
libvidstab1.0
libvo-amrwbenc0
libvorbis0a
libvorbisenc2
libvorbisfile3
libvpx4
libvte-2.91-0
libvte-2.91-common
libwacom-common
libwacom2
libwayland-client0
libwayland-cursor0
libwayland-egl1-mesa
libwayland-server0
libwebkitgtk-3.0-0
libwebp6
libwireshark-data
libwireshark11
libwiretap8
libwrap0
libwscodecs2
libwsutil9
libx11-6
libx11-data
libx11-xcb1
libx264-150
libx265-116
libxapian30
libxatracker2
libxau6
libxaw7
libxcb-dri2-0
libxcb-dri3-0
libxcb-glx0
libxcb-icccm4
libxcb-image0
libxcb-keysyms1
libxcb-present0
libxcb-randr0
libxcb-render-util0
libxcb-render0
libxcb-shape0
libxcb-shm0
libxcb-sync1
libxcb-util0
libxcb-xfixes0
libxcb-xinerama0
libxcb-xkb1
libxcb1
libxcomposite1
libxcursor1
libxdamage1
libxdg-basedir1
libxdmcp6
libxdo3
libxdot4
libxext6
libxfce4ui-1-0
libxfce4ui-2-0
libxfce4ui-common
libxfce4util-common
libxfce4util7
libxfconf-0-2
libxfixes3
libxfont2
libxft2
libxi6
libxinerama1
libxkbcommon-x11-0
libxkbcommon0
libxkbfile1
libxml2
libxmu6
libxmuu1
libxpm4
libxrandr2
libxrender1
libxshmfence1
libxslt1.1
libxss1
libxt6
libxtables12
libxtst6
libxv1
libxvidcore4
libxxf86dga1
libxxf86vm1
libyaml-0-2
libyaml-cpp0.3v5
libzfs2linux
libzip4
libzpool2linux
libzstd1
libzvbi-common
libzvbi0
linux-base
linux-compiler-gcc-6-x86
linux-headers-4.19.0-0.bpo.4-amd64
linux-headers-4.19.0-0.bpo.4-common
linux-headers-amd64
linux-image-4.19.0-0.bpo.4-amd64
linux-image-amd64
linux-kbuild-4.19
linux-libc-dev
live-boot
live-boot-initramfs-tools
localepurge
locales
locate
login
logrotate
lsb-base
lsb-release
lsof
lxrandr
macchanger
make
mariadb-client-10.3
mariadb-client-core-10.3
mariadb-common
mariadb-server
mariadb-server-10.3
mariadb-server-core-10.3
mawk
menu
mime-support
module-assistant
mount
mpv
multiarch-support
mysql-common
nano
ncurses-base
ncurses-bin
net-tools
net.downloadhelper.coapp
netbase
ntfs-3g
ntp
numlockx
openjdk-8-jdk
openjdk-8-jdk-headless
openjdk-8-jre
openjdk-8-jre-headless
openssl
openttd
openttd-data
openttd-opengfx
openttd-openmsx
openttd-opensfx
p7zip
parted
passwd
patch
pciutils
perl
perl-base
perl-modules-5.24
php
php-common
php-curl
php-gd
php-mbstring
php-mysql
php-xml
php-zip
php7.0
php7.0-cli
php7.0-common
php7.0-curl
php7.0-gd
php7.0-json
php7.0-mbstring
php7.0-mysql
php7.0-opcache
php7.0-readline
php7.0-xml
php7.0-zip
pinentry-curses
pngcrush
pngquant
poppler-utils
procps
psmisc
pv
python
python-cairo
python-dbus
python-gi
python-glade2
python-gobject
python-gobject-2
python-gtk2
python-minimal
python-numpy
python-pip
python-pip-whl
python-wicd
python2.7
python2.7-minimal
python3
python3-dev
python3-minimal
python3-pip
python3.5
python3.5-dev
python3.5-minimal
qalc
qalculate-gtk
qtcore4-l10n
rake
rar
readline-common
reaver
rename
rfkill
rsync
rsyslog
ruby
ruby-did-you-mean
ruby-minitest
ruby-net-telnet
ruby-power-assert
ruby-test-unit
ruby2.3
rubygems-integration
scite
sed
sensible-utils
shared-mime-info
simplescreenrecorder
smartmontools
socat
spl-dkms
sqlite3
squashfs-tools
systemd
systemd-sysv
sysvinit-utils
tar
tasksel
tasksel-data
thunar
thunar-archive-plugin
thunar-data
thunar-volman
transmission-common
transmission-gtk
tree
tshark
tzdata
ucf
udev
udevil
udisks2
unrar
unzip
usbutils
util-linux
vim-common
vim-nox
vim-runtime
vim-tiny
virtualbox-6.0
volumeicon-alsa
wget
whiptail
wicd
wicd-daemon
wicd-gtk
wireless-tools
wireshark-common
wmctrl
wpasupplicant
x11-common
x11-utils
x11-xkb-utils
x11-xserver-utils
xauth
xdg-utils
xdotool
xfce4-terminal
xfconf
xinit
xkb-data
xorriso
xserver-common
xserver-xorg
xserver-xorg-core
xserver-xorg-input-all
xserver-xorg-input-libinput
xserver-xorg-video-all
xserver-xorg-video-amdgpu
xserver-xorg-video-ati
xserver-xorg-video-fbdev
xserver-xorg-video-nouveau
xserver-xorg-video-radeon
xserver-xorg-video-vesa
xserver-xorg-video-vmware
xxd
xz-utils
zfs-dkms
zfs-initramfs
zfsutils-linux
zip
zlib1g
