CLDS:>>>>>>>>> Running inst-min-con-xtra-ms-powershell.sh ...
Reading package lists...
Building dependency tree...
Reading state information...
The following additional packages will be installed:
  liblttng-ust-ctl4 libnuma1 liburcu6
The following NEW packages will be installed:
  liblttng-ust-ctl4 liblttng-ust0 libnuma1 liburcu6
0 upgraded, 4 newly installed, 0 to remove and 17 not upgraded.
Inst libnuma1 (2.0.12-1+b1 master_bullseye-main bullseye:bullseye [amd64])
Inst liburcu6 (0.12.2-1 master_bullseye-main bullseye:bullseye [amd64])
Inst liblttng-ust-ctl4 (2.12.1-1 master_bullseye-main bullseye:bullseye [amd64])
Inst liblttng-ust0 (2.12.1-1 master_bullseye-main bullseye:bullseye [amd64])
Conf libnuma1 (2.0.12-1+b1 master_bullseye-main bullseye:bullseye [amd64])
Conf liburcu6 (0.12.2-1 master_bullseye-main bullseye:bullseye [amd64])
Conf liblttng-ust-ctl4 (2.12.1-1 master_bullseye-main bullseye:bullseye [amd64])
Conf liblttng-ust0 (2.12.1-1 master_bullseye-main bullseye:bullseye [amd64])
--2023-01-09 15:08:01--  https://github.com/PowerShell/PowerShell/releases/download/v7.0.0/powershell-7.0.0-linux-x64.tar.gz
Resolving github.com (github.com)... 140.82.112.4
Connecting to github.com (github.com)|140.82.112.4|:443... connected.
HTTP request sent, awaiting response... 302 Found
Location: https://objects.githubusercontent.com/github-production-release-asset-2e65be/49609581/0081bc00-5d5f-11ea-9f36-aa3e76b068e6?X-Amz-Algorithm=AWS4-HMAC-SHA256&X-Amz-Credential=AKIAIWNJYAX4CSVEH53A%2F20230109%2Fus-east-1%2Fs3%2Faws4_request&X-Amz-Date=20230109T150801Z&X-Amz-Expires=300&X-Amz-Signature=133736a801f48befa6eed8500462cc3322e0e4bf378cd6e5f46219c1ef8ff3db&X-Amz-SignedHeaders=host&actor_id=0&key_id=0&repo_id=49609581&response-content-disposition=attachment%3B%20filename%3Dpowershell-7.0.0-linux-x64.tar.gz&response-content-type=application%2Foctet-stream [following]
--2023-01-09 15:08:01--  https://objects.githubusercontent.com/github-production-release-asset-2e65be/49609581/0081bc00-5d5f-11ea-9f36-aa3e76b068e6?X-Amz-Algorithm=AWS4-HMAC-SHA256&X-Amz-Credential=AKIAIWNJYAX4CSVEH53A%2F20230109%2Fus-east-1%2Fs3%2Faws4_request&X-Amz-Date=20230109T150801Z&X-Amz-Expires=300&X-Amz-Signature=133736a801f48befa6eed8500462cc3322e0e4bf378cd6e5f46219c1ef8ff3db&X-Amz-SignedHeaders=host&actor_id=0&key_id=0&repo_id=49609581&response-content-disposition=attachment%3B%20filename%3Dpowershell-7.0.0-linux-x64.tar.gz&response-content-type=application%2Foctet-stream
Resolving objects.githubusercontent.com (objects.githubusercontent.com)... 185.199.109.133, 185.199.111.133, 185.199.108.133, ...
Connecting to objects.githubusercontent.com (objects.githubusercontent.com)|185.199.109.133|:443... connected.
HTTP request sent, awaiting response... 200 OK
Length: 61068005 (58M) [application/octet-stream]
Saving to: ‘powershell-7.0.0-linux-x64.tar.gz’

     0K .......... .......... .......... .......... ..........  0% 31.5M 2s
    50K .......... .......... .......... .......... ..........  0% 47.5M 2s
   100K .......... .......... .......... .......... ..........  0% 43.4M 1s
   150K .......... .......... .......... .......... ..........  0% 58.6M 1s
   200K .......... .......... .......... .......... ..........  0%  146M 1s
   250K .......... .......... .......... .......... ..........  0%  102M 1s
   300K .......... .......... .......... .......... ..........  0% 42.1M 1s
   350K .......... .......... .......... .......... ..........  0% 46.8M 1s
   400K .......... .......... .......... .......... ..........  0% 91.3M 1s
   450K .......... .......... .......... .......... ..........  0%  103M 1s
   500K .......... .......... .......... .......... ..........  0% 91.0M 1s
   550K .......... .......... .......... .......... ..........  1% 79.0M 1s
   600K .......... .......... .......... .......... ..........  1% 84.7M 1s
   650K .......... .......... .......... .......... ..........  1% 84.9M 1s
   700K .......... .......... .......... .......... ..........  1% 76.5M 1s
   750K .......... .......... .......... .......... ..........  1%  114M 1s
   800K .......... .......... .......... .......... ..........  1%  298M 1s
   850K .......... .......... .......... .......... ..........  1%  253M 1s
   900K .......... .......... .......... .......... ..........  1%  139M 1s
   950K .......... .......... .......... .......... ..........  1% 90.0M 1s
  1000K .......... .......... .......... .......... ..........  1%  139M 1s
  1050K .......... .......... .......... .......... ..........  1% 64.4M 1s
  1100K .......... .......... .......... .......... ..........  1%  114M 1s
  1150K .......... .......... .......... .......... ..........  2% 88.3M 1s
  1200K .......... .......... .......... .......... ..........  2% 87.5M 1s
  1250K .......... .......... .......... .......... ..........  2%  130M 1s
  1300K .......... .......... .......... .......... ..........  2% 86.9M 1s
  1350K .......... .......... .......... .......... ..........  2% 82.3M 1s
  1400K .......... .......... .......... .......... ..........  2% 84.6M 1s
  1450K .......... .......... .......... .......... ..........  2%  108M 1s
  1500K .......... .......... .......... .......... ..........  2% 74.7M 1s
  1550K .......... .......... .......... .......... ..........  2% 82.3M 1s
  1600K .......... .......... .......... .......... ..........  2% 16.9M 1s
  1650K .......... .......... .......... .......... ..........  2% 77.5M 1s
  1700K .......... .......... .......... .......... ..........  2% 60.6M 1s
  1750K .......... .......... .......... .......... ..........  3% 55.6M 1s
  1800K .......... .......... .......... .......... ..........  3%  267M 1s
  1850K .......... .......... .......... .......... ..........  3%  284M 1s
  1900K .......... .......... .......... .......... ..........  3%  250M 1s
  1950K .......... .......... .......... .......... ..........  3%  230M 1s
  2000K .......... .......... .......... .......... ..........  3% 60.6M 1s
  2050K .......... .......... .......... .......... ..........  3%  103M 1s
  2100K .......... .......... .......... .......... ..........  3%  112M 1s
  2150K .......... .......... .......... .......... ..........  3% 87.7M 1s
  2200K .......... .......... .......... .......... ..........  3% 67.2M 1s
  2250K .......... .......... .......... .......... ..........  3% 91.5M 1s
  2300K .......... .......... .......... .......... ..........  3%  137M 1s
  2350K .......... .......... .......... .......... ..........  4% 80.1M 1s
  2400K .......... .......... .......... .......... ..........  4% 93.8M 1s
  2450K .......... .......... .......... .......... ..........  4% 73.8M 1s
  2500K .......... .......... .......... .......... ..........  4% 67.7M 1s
  2550K .......... .......... .......... .......... ..........  4% 50.6M 1s
  2600K .......... .......... .......... .......... ..........  4% 36.8M 1s
  2650K .......... .......... .......... .......... ..........  4% 41.0M 1s
  2700K .......... .......... .......... .......... ..........  4% 39.9M 1s
  2750K .......... .......... .......... .......... ..........  4% 35.5M 1s
  2800K .......... .......... .......... .......... ..........  4% 41.2M 1s
  2850K .......... .......... .......... .......... ..........  4% 37.0M 1s
  2900K .......... .......... .......... .......... ..........  4% 41.9M 1s
  2950K .......... .......... .......... .......... ..........  5% 35.5M 1s
  3000K .......... .......... .......... .......... ..........  5%  167M 1s
  3050K .......... .......... .......... .......... ..........  5% 77.9M 1s
  3100K .......... .......... .......... .......... ..........  5% 31.1M 1s
  3150K .......... .......... .......... .......... ..........  5% 33.4M 1s
  3200K .......... .......... .......... .......... ..........  5% 25.9M 1s
  3250K .......... .......... .......... .......... ..........  5%  267M 1s
  3300K .......... .......... .......... .......... ..........  5%  285M 1s
  3350K .......... .......... .......... .......... ..........  5%  260M 1s
  3400K .......... .......... .......... .......... ..........  5% 89.5M 1s
  3450K .......... .......... .......... .......... ..........  5% 24.4M 1s
  3500K .......... .......... .......... .......... ..........  5% 35.6M 1s
  3550K .......... .......... .......... .......... ..........  6% 35.9M 1s
  3600K .......... .......... .......... .......... ..........  6% 42.8M 1s
  3650K .......... .......... .......... .......... ..........  6% 33.7M 1s
  3700K .......... .......... .......... .......... ..........  6% 63.0M 1s
  3750K .......... .......... .......... .......... ..........  6%  263M 1s
  3800K .......... .......... .......... .......... ..........  6%  299M 1s
  3850K .......... .......... .......... .......... ..........  6%  285M 1s
  3900K .......... .......... .......... .......... ..........  6%  297M 1s
  3950K .......... .......... .......... .......... ..........  6% 28.4M 1s
  4000K .......... .......... .......... .......... ..........  6% 29.9M 1s
  4050K .......... .......... .......... .......... ..........  6% 18.6M 1s
  4100K .......... .......... .......... .......... ..........  6% 74.5M 1s
  4150K .......... .......... .......... .......... ..........  7% 19.3M 1s
  4200K .......... .......... .......... .......... ..........  7% 38.7M 1s
  4250K .......... .......... .......... .......... ..........  7% 63.5M 1s
  4300K .......... .......... .......... .......... ..........  7% 62.7M 1s
  4350K .......... .......... .......... .......... ..........  7% 51.9M 1s
  4400K .......... .......... .......... .......... ..........  7% 34.8M 1s
  4450K .......... .......... .......... .......... ..........  7% 44.1M 1s
  4500K .......... .......... .......... .......... ..........  7% 48.2M 1s
  4550K .......... .......... .......... .......... ..........  7% 69.7M 1s
  4600K .......... .......... .......... .......... ..........  7% 46.9M 1s
  4650K .......... .......... .......... .......... ..........  7% 17.8M 1s
  4700K .......... .......... .......... .......... ..........  7% 80.8M 1s
  4750K .......... .......... .......... .......... ..........  8%  254M 1s
  4800K .......... .......... .......... .......... ..........  8% 93.3M 1s
  4850K .......... .......... .......... .......... ..........  8% 68.4M 1s
  4900K .......... .......... .......... .......... ..........  8%  109M 1s
  4950K .......... .......... .......... .......... ..........  8% 69.6M 1s
  5000K .......... .......... .......... .......... ..........  8% 74.9M 1s
  5050K .......... .......... .......... .......... ..........  8%  319M 1s
  5100K .......... .......... .......... .......... ..........  8% 86.0M 1s
  5150K .......... .......... .......... .......... ..........  8% 73.6M 1s
  5200K .......... .......... .......... .......... ..........  8% 78.2M 1s
  5250K .......... .......... .......... .......... ..........  8%  324M 1s
  5300K .......... .......... .......... .......... ..........  8%  171M 1s
  5350K .......... .......... .......... .......... ..........  9% 45.0M 1s
  5400K .......... .......... .......... .......... ..........  9% 64.9M 1s
  5450K .......... .......... .......... .......... ..........  9%  103M 1s
  5500K .......... .......... .......... .......... ..........  9%  315M 1s
  5550K .......... .......... .......... .......... ..........  9% 38.5M 1s
  5600K .......... .......... .......... .......... ..........  9% 55.9M 1s
  5650K .......... .......... .......... .......... ..........  9% 65.7M 1s
  5700K .......... .......... .......... .......... ..........  9% 66.4M 1s
  5750K .......... .......... .......... .......... ..........  9% 92.8M 1s
  5800K .......... .......... .......... .......... ..........  9%  228M 1s
  5850K .......... .......... .......... .......... ..........  9%  316M 1s
  5900K .......... .......... .......... .......... ..........  9%  316M 1s
  5950K .......... .......... .......... .......... .......... 10% 52.0M 1s
  6000K .......... .......... .......... .......... .......... 10% 9.89M 1s
  6050K .......... .......... .......... .......... .......... 10% 64.1M 1s
  6100K .......... .......... .......... .......... .......... 10% 63.2M 1s
  6150K .......... .......... .......... .......... .......... 10% 71.0M 1s
  6200K .......... .......... .......... .......... .......... 10% 26.7M 1s
  6250K .......... .......... .......... .......... .......... 10% 73.9M 1s
  6300K .......... .......... .......... .......... .......... 10% 67.0M 1s
  6350K .......... .......... .......... .......... .......... 10%  256M 1s
  6400K .......... .......... .......... .......... .......... 10% 56.2M 1s
  6450K .......... .......... .......... .......... .......... 10% 61.5M 1s
  6500K .......... .......... .......... .......... .......... 10% 69.4M 1s
  6550K .......... .......... .......... .......... .......... 11%  283M 1s
  6600K .......... .......... .......... .......... .......... 11%  127M 1s
  6650K .......... .......... .......... .......... .......... 11% 13.7M 1s
  6700K .......... .......... .......... .......... .......... 11% 40.3M 1s
  6750K .......... .......... .......... .......... .......... 11% 40.6M 1s
  6800K .......... .......... .......... .......... .......... 11% 44.8M 1s
  6850K .......... .......... .......... .......... .......... 11%  317M 1s
  6900K .......... .......... .......... .......... .......... 11%  325M 1s
  6950K .......... .......... .......... .......... .......... 11%  312M 1s
  7000K .......... .......... .......... .......... .......... 11%  244M 1s
  7050K .......... .......... .......... .......... .......... 11%  294M 1s
  7100K .......... .......... .......... .......... .......... 11%  333M 1s
  7150K .......... .......... .......... .......... .......... 12%  331M 1s
  7200K .......... .......... .......... .......... .......... 12%  263M 1s
  7250K .......... .......... .......... .......... .......... 12% 58.0M 1s
  7300K .......... .......... .......... .......... .......... 12% 23.1M 1s
  7350K .......... .......... .......... .......... .......... 12% 24.0M 1s
  7400K .......... .......... .......... .......... .......... 12% 9.12M 1s
  7450K .......... .......... .......... .......... .......... 12% 44.5M 1s
  7500K .......... .......... .......... .......... .......... 12% 40.8M 1s
  7550K .......... .......... .......... .......... .......... 12% 40.9M 1s
  7600K .......... .......... .......... .......... .......... 12% 31.8M 1s
  7650K .......... .......... .......... .......... .......... 12% 43.3M 1s
  7700K .......... .......... .......... .......... .......... 12% 40.0M 1s
  7750K .......... .......... .......... .......... .......... 13% 39.1M 1s
  7800K .......... .......... .......... .......... .......... 13% 34.2M 1s
  7850K .......... .......... .......... .......... .......... 13% 39.2M 1s
  7900K .......... .......... .......... .......... .......... 13% 36.1M 1s
  7950K .......... .......... .......... .......... .......... 13% 40.9M 1s
  8000K .......... .......... .......... .......... .......... 13% 48.7M 1s
  8050K .......... .......... .......... .......... .......... 13%  286M 1s
  8100K .......... .......... .......... .......... .......... 13%  310M 1s
  8150K .......... .......... .......... .......... .......... 13%  275M 1s
  8200K .......... .......... .......... .......... .......... 13%  204M 1s
  8250K .......... .......... .......... .......... .......... 13%  305M 1s
  8300K .......... .......... .......... .......... .......... 14%  305M 1s
  8350K .......... .......... .......... .......... .......... 14%  302M 1s
  8400K .......... .......... .......... .......... .......... 14%  259M 1s
  8450K .......... .......... .......... .......... .......... 14%  260M 1s
  8500K .......... .......... .......... .......... .......... 14%  327M 1s
  8550K .......... .......... .......... .......... .......... 14%  325M 1s
  8600K .......... .......... .......... .......... .......... 14%  281M 1s
  8650K .......... .......... .......... .......... .......... 14%  325M 1s
  8700K .......... .......... .......... .......... .......... 14%  297M 1s
  8750K .......... .......... .......... .......... .......... 14%  290M 1s
  8800K .......... .......... .......... .......... .......... 14%  269M 1s
  8850K .......... .......... .......... .......... .......... 14%  318M 1s
  8900K .......... .......... .......... .......... .......... 15%  324M 1s
  8950K .......... .......... .......... .......... .......... 15%  325M 1s
  9000K .......... .......... .......... .......... .......... 15% 62.8M 1s
  9050K .......... .......... .......... .......... .......... 15% 47.3M 1s
  9100K .......... .......... .......... .......... .......... 15% 70.0M 1s
  9150K .......... .......... .......... .......... .......... 15% 65.4M 1s
  9200K .......... .......... .......... .......... .......... 15% 64.8M 1s
  9250K .......... .......... .......... .......... .......... 15% 68.6M 1s
  9300K .......... .......... .......... .......... .......... 15% 69.6M 1s
  9350K .......... .......... .......... .......... .......... 15% 64.4M 1s
  9400K .......... .......... .......... .......... .......... 15% 66.8M 1s
  9450K .......... .......... .......... .......... .......... 15% 69.6M 1s
  9500K .......... .......... .......... .......... .......... 16% 66.1M 1s
  9550K .......... .......... .......... .......... .......... 16% 65.8M 1s
  9600K .......... .......... .......... .......... .......... 16% 57.7M 1s
  9650K .......... .......... .......... .......... .......... 16% 65.8M 1s
  9700K .......... .......... .......... .......... .......... 16% 69.7M 1s
  9750K .......... .......... .......... .......... .......... 16% 65.5M 1s
  9800K .......... .......... .......... .......... .......... 16% 59.6M 1s
  9850K .......... .......... .......... .......... .......... 16% 66.8M 1s
  9900K .......... .......... .......... .......... .......... 16% 67.2M 1s
  9950K .......... .......... .......... .......... .......... 16% 67.7M 1s
 10000K .......... .......... .......... .......... .......... 16% 58.4M 1s
 10050K .......... .......... .......... .......... .......... 16% 70.8M 1s
 10100K .......... .......... .......... .......... .......... 17% 63.6M 1s
 10150K .......... .......... .......... .......... .......... 17% 63.1M 1s
 10200K .......... .......... .......... .......... .......... 17% 47.9M 1s
 10250K .......... .......... .......... .......... .......... 17% 45.1M 1s
 10300K .......... .......... .......... .......... .......... 17% 47.1M 1s
 10350K .......... .......... .......... .......... .......... 17% 43.3M 1s
 10400K .......... .......... .......... .......... .......... 17% 38.8M 1s
 10450K .......... .......... .......... .......... .......... 17% 66.3M 1s
 10500K .......... .......... .......... .......... .......... 17%  216M 1s
 10550K .......... .......... .......... .......... .......... 17%  231M 1s
 10600K .......... .......... .......... .......... .......... 17%  197M 1s
 10650K .......... .......... .......... .......... .......... 17%  222M 1s
 10700K .......... .......... .......... .......... .......... 18%  236M 1s
 10750K .......... .......... .......... .......... .......... 18%  194M 1s
 10800K .......... .......... .......... .......... .......... 18%  200M 1s
 10850K .......... .......... .......... .......... .......... 18%  217M 1s
 10900K .......... .......... .......... .......... .......... 18%  242M 1s
 10950K .......... .......... .......... .......... .......... 18%  189M 1s
 11000K .......... .......... .......... .......... .......... 18%  207M 1s
 11050K .......... .......... .......... .......... .......... 18%  243M 1s
 11100K .......... .......... .......... .......... .......... 18%  220M 1s
 11150K .......... .......... .......... .......... .......... 18%  223M 1s
 11200K .......... .......... .......... .......... .......... 18%  206M 1s
 11250K .......... .......... .......... .......... .......... 18%  245M 1s
 11300K .......... .......... .......... .......... .......... 19%  227M 1s
 11350K .......... .......... .......... .......... .......... 19%  222M 1s
 11400K .......... .......... .......... .......... .......... 19%  198M 1s
 11450K .......... .......... .......... .......... .......... 19%  242M 1s
 11500K .......... .......... .......... .......... .......... 19%  245M 1s
 11550K .......... .......... .......... .......... .......... 19%  242M 1s
 11600K .......... .......... .......... .......... .......... 19%  189M 1s
 11650K .......... .......... .......... .......... .......... 19% 65.9M 1s
 11700K .......... .......... .......... .......... .......... 19% 65.7M 1s
 11750K .......... .......... .......... .......... .......... 19% 66.1M 1s
 11800K .......... .......... .......... .......... .......... 19% 59.0M 1s
 11850K .......... .......... .......... .......... .......... 19% 68.9M 1s
 11900K .......... .......... .......... .......... .......... 20% 64.2M 1s
 11950K .......... .......... .......... .......... .......... 20% 63.4M 1s
 12000K .......... .......... .......... .......... .......... 20% 58.0M 1s
 12050K .......... .......... .......... .......... .......... 20% 66.9M 1s
 12100K .......... .......... .......... .......... .......... 20% 67.6M 1s
 12150K .......... .......... .......... .......... .......... 20% 66.8M 1s
 12200K .......... .......... .......... .......... .......... 20% 60.5M 1s
 12250K .......... .......... .......... .......... .......... 20% 3.01M 1s
 12300K .......... .......... .......... .......... .......... 20% 61.8M 1s
 12350K .......... .......... .......... .......... .......... 20% 15.3M 1s
 12400K .......... .......... .......... .......... .......... 20% 54.4M 1s
 12450K .......... .......... .......... .......... .......... 20% 69.9M 1s
 12500K .......... .......... .......... .......... .......... 21% 60.0M 1s
 12550K .......... .......... .......... .......... .......... 21% 27.8M 1s
 12600K .......... .......... .......... .......... .......... 21% 77.1M 1s
 12650K .......... .......... .......... .......... .......... 21% 33.1M 1s
 12700K .......... .......... .......... .......... .......... 21% 67.0M 1s
 12750K .......... .......... .......... .......... .......... 21% 73.0M 1s
 12800K .......... .......... .......... .......... .......... 21% 57.6M 1s
 12850K .......... .......... .......... .......... .......... 21% 62.9M 1s
 12900K .......... .......... .......... .......... .......... 21% 62.7M 1s
 12950K .......... .......... .......... .......... .......... 21% 64.0M 1s
 13000K .......... .......... .......... .......... .......... 21% 62.3M 1s
 13050K .......... .......... .......... .......... .......... 21% 66.6M 1s
 13100K .......... .......... .......... .......... .......... 22% 61.6M 1s
 13150K .......... .......... .......... .......... .......... 22% 80.8M 1s
 13200K .......... .......... .......... .......... .......... 22%  233M 1s
 13250K .......... .......... .......... .......... .......... 22%  311M 1s
 13300K .......... .......... .......... .......... .......... 22%  322M 1s
 13350K .......... .......... .......... .......... .......... 22%  328M 1s
 13400K .......... .......... .......... .......... .......... 22% 51.0M 1s
 13450K .......... .......... .......... .......... .......... 22% 42.1M 1s
 13500K .......... .......... .......... .......... .......... 22% 40.5M 1s
 13550K .......... .......... .......... .......... .......... 22% 41.2M 1s
 13600K .......... .......... .......... .......... .......... 22% 36.0M 1s
 13650K .......... .......... .......... .......... .......... 22% 41.6M 1s
 13700K .......... .......... .......... .......... .......... 23% 40.5M 1s
 13750K .......... .......... .......... .......... .......... 23% 43.8M 1s
 13800K .......... .......... .......... .......... .......... 23%  170M 1s
 13850K .......... .......... .......... .......... .......... 23%  316M 1s
 13900K .......... .......... .......... .......... .......... 23%  305M 1s
 13950K .......... .......... .......... .......... .......... 23%  269M 1s
 14000K .......... .......... .......... .......... .......... 23%  258M 1s
 14050K .......... .......... .......... .......... .......... 23% 36.2M 1s
 14100K .......... .......... .......... .......... .......... 23% 37.3M 1s
 14150K .......... .......... .......... .......... .......... 23% 82.0M 1s
 14200K .......... .......... .......... .......... .......... 23% 89.6M 1s
 14250K .......... .......... .......... .......... .......... 23%  145M 1s
 14300K .......... .......... .......... .......... .......... 24% 92.0M 1s
 14350K .......... .......... .......... .......... .......... 24%  290M 1s
 14400K .......... .......... .......... .......... .......... 24%  240M 1s
 14450K .......... .......... .......... .......... .......... 24%  301M 1s
 14500K .......... .......... .......... .......... .......... 24% 82.0M 1s
 14550K .......... .......... .......... .......... .......... 24% 65.3M 1s
 14600K .......... .......... .......... .......... .......... 24% 99.5M 1s
 14650K .......... .......... .......... .......... .......... 24% 55.6M 1s
 14700K .......... .......... .......... .......... .......... 24% 84.3M 1s
 14750K .......... .......... .......... .......... .......... 24% 69.7M 1s
 14800K .......... .......... .......... .......... .......... 24% 66.8M 1s
 14850K .......... .......... .......... .......... .......... 24% 63.7M 1s
 14900K .......... .......... .......... .......... .......... 25% 92.2M 1s
 14950K .......... .......... .......... .......... .......... 25% 60.0M 1s
 15000K .......... .......... .......... .......... .......... 25% 86.0M 1s
 15050K .......... .......... .......... .......... .......... 25%  106M 1s
 15100K .......... .......... .......... .......... .......... 25% 57.4M 1s
 15150K .......... .......... .......... .......... .......... 25% 82.2M 1s
 15200K .......... .......... .......... .......... .......... 25% 58.9M 1s
 15250K .......... .......... .......... .......... .......... 25% 78.1M 1s
 15300K .......... .......... .......... .......... .......... 25% 62.7M 1s
 15350K .......... .......... .......... .......... .......... 25% 92.2M 1s
 15400K .......... .......... .......... .......... .......... 25% 10.9M 1s
 15450K .......... .......... .......... .......... .......... 25%  101M 1s
 15500K .......... .......... .......... .......... .......... 26%  102M 1s
 15550K .......... .......... .......... .......... .......... 26% 83.8M 1s
 15600K .......... .......... .......... .......... .......... 26% 64.6M 1s
 15650K .......... .......... .......... .......... .......... 26% 62.9M 1s
 15700K .......... .......... .......... .......... .......... 26% 98.5M 1s
 15750K .......... .......... .......... .......... .......... 26% 47.0M 1s
 15800K .......... .......... .......... .......... .......... 26%  152M 1s
 15850K .......... .......... .......... .......... .......... 26%  290M 1s
 15900K .......... .......... .......... .......... .......... 26%  240M 1s
 15950K .......... .......... .......... .......... .......... 26%  268M 1s
 16000K .......... .......... .......... .......... .......... 26%  254M 1s
 16050K .......... .......... .......... .......... .......... 26%  297M 1s
 16100K .......... .......... .......... .......... .......... 27%  299M 1s
 16150K .......... .......... .......... .......... .......... 27%  304M 1s
 16200K .......... .......... .......... .......... .......... 27% 30.6M 1s
 16250K .......... .......... .......... .......... .......... 27% 89.1M 1s
 16300K .......... .......... .......... .......... .......... 27%  294M 1s
 16350K .......... .......... .......... .......... .......... 27% 11.5M 1s
 16400K .......... .......... .......... .......... .......... 27% 80.8M 1s
 16450K .......... .......... .......... .......... .......... 27% 33.5M 1s
 16500K .......... .......... .......... .......... .......... 27% 83.8M 1s
 16550K .......... .......... .......... .......... .......... 27% 83.4M 1s
 16600K .......... .......... .......... .......... .......... 27% 73.5M 1s
 16650K .......... .......... .......... .......... .......... 28% 65.1M 1s
 16700K .......... .......... .......... .......... .......... 28% 73.2M 1s
 16750K .......... .......... .......... .......... .......... 28% 94.0M 1s
 16800K .......... .......... .......... .......... .......... 28% 70.8M 1s
 16850K .......... .......... .......... .......... .......... 28%  103M 1s
 16900K .......... .......... .......... .......... .......... 28% 85.3M 1s
 16950K .......... .......... .......... .......... .......... 28% 99.0M 1s
 17000K .......... .......... .......... .......... .......... 28% 87.8M 1s
 17050K .......... .......... .......... .......... .......... 28%  124M 1s
 17100K .......... .......... .......... .......... .......... 28% 75.3M 1s
 17150K .......... .......... .......... .......... .......... 28% 98.7M 1s
 17200K .......... .......... .......... .......... .......... 28%  114M 1s
 17250K .......... .......... .......... .......... .......... 29% 37.8M 1s
 17300K .......... .......... .......... .......... .......... 29% 71.9M 1s
 17350K .......... .......... .......... .......... .......... 29%  112M 1s
 17400K .......... .......... .......... .......... .......... 29% 66.9M 1s
 17450K .......... .......... .......... .......... .......... 29% 85.6M 1s
 17500K .......... .......... .......... .......... .......... 29% 21.8M 1s
 17550K .......... .......... .......... .......... .......... 29% 39.6M 1s
 17600K .......... .......... .......... .......... .......... 29% 25.8M 1s
 17650K .......... .......... .......... .......... .......... 29% 30.0M 1s
 17700K .......... .......... .......... .......... .......... 29% 29.4M 1s
 17750K .......... .......... .......... .......... .......... 29% 33.7M 1s
 17800K .......... .......... .......... .......... .......... 29% 37.7M 1s
 17850K .......... .......... .......... .......... .......... 30% 42.2M 1s
 17900K .......... .......... .......... .......... .......... 30% 39.6M 1s
 17950K .......... .......... .......... .......... .......... 30% 37.6M 1s
 18000K .......... .......... .......... .......... .......... 30% 36.4M 1s
 18050K .......... .......... .......... .......... .......... 30% 38.8M 1s
 18100K .......... .......... .......... .......... .......... 30% 43.6M 1s
 18150K .......... .......... .......... .......... .......... 30% 44.3M 1s
 18200K .......... .......... .......... .......... .......... 30% 35.2M 1s
 18250K .......... .......... .......... .......... .......... 30% 39.3M 1s
 18300K .......... .......... .......... .......... .......... 30% 44.1M 1s
 18350K .......... .......... .......... .......... .......... 30% 41.2M 1s
 18400K .......... .......... .......... .......... .......... 30% 37.0M 1s
 18450K .......... .......... .......... .......... .......... 31% 41.6M 1s
 18500K .......... .......... .......... .......... .......... 31% 43.6M 1s
 18550K .......... .......... .......... .......... .......... 31%  167M 1s
 18600K .......... .......... .......... .......... .......... 31%  275M 1s
 18650K .......... .......... .......... .......... .......... 31%  232M 1s
 18700K .......... .......... .......... .......... .......... 31%  303M 1s
 18750K .......... .......... .......... .......... .......... 31%  302M 1s
 18800K .......... .......... .......... .......... .......... 31%  260M 1s
 18850K .......... .......... .......... .......... .......... 31%  311M 1s
 18900K .......... .......... .......... .......... .......... 31%  312M 1s
 18950K .......... .......... .......... .......... .......... 31%  281M 1s
 19000K .......... .......... .......... .......... .......... 31%  246M 1s
 19050K .......... .......... .......... .......... .......... 32%  311M 1s
 19100K .......... .......... .......... .......... .......... 32%  314M 1s
 19150K .......... .......... .......... .......... .......... 32%  307M 1s
 19200K .......... .......... .......... .......... .......... 32%  262M 1s
 19250K .......... .......... .......... .......... .......... 32%  278M 1s
 19300K .......... .......... .......... .......... .......... 32%  294M 1s
 19350K .......... .......... .......... .......... .......... 32% 3.63M 1s
 19400K .......... .......... .......... .......... .......... 32%  271M 1s
 19450K .......... .......... .......... .......... .......... 32% 91.8M 1s
 19500K .......... .......... .......... .......... .......... 32%  182M 1s
 19550K .......... .......... .......... .......... .......... 32%  137M 1s
 19600K .......... .......... .......... .......... .......... 32%  167M 1s
 19650K .......... .......... .......... .......... .......... 33%  150M 1s
 19700K .......... .......... .......... .......... .......... 33%  242M 1s
 19750K .......... .......... .......... .......... .......... 33%  180M 1s
 19800K .......... .......... .......... .......... .......... 33%  151M 1s
 19850K .......... .......... .......... .......... .......... 33%  161M 1s
 19900K .......... .......... .......... .......... .......... 33%  245M 1s
 19950K .......... .......... .......... .......... .......... 33%  196M 1s
 20000K .......... .......... .......... .......... .......... 33%  149M 1s
 20050K .......... .......... .......... .......... .......... 33%  131M 1s
 20100K .......... .......... .......... .......... .......... 33%  165M 1s
 20150K .......... .......... .......... .......... .......... 33%  155M 1s
 20200K .......... .......... .......... .......... .......... 33%  119M 1s
 20250K .......... .......... .......... .......... .......... 34%  232M 1s
 20300K .......... .......... .......... .......... .......... 34%  229M 1s
 20350K .......... .......... .......... .......... .......... 34%  124M 1s
 20400K .......... .......... .......... .......... .......... 34%  108M 1s
 20450K .......... .......... .......... .......... .......... 34% 1.71M 1s
 20500K .......... .......... .......... .......... .......... 34%  113M 1s
 20550K .......... .......... .......... .......... .......... 34% 73.6M 1s
 20600K .......... .......... .......... .......... .......... 34%  113M 1s
 20650K .......... .......... .......... .......... .......... 34% 66.9M 1s
 20700K .......... .......... .......... .......... .......... 34% 97.6M 1s
 20750K .......... .......... .......... .......... .......... 34% 76.7M 1s
 20800K .......... .......... .......... .......... .......... 34% 70.4M 1s
 20850K .......... .......... .......... .......... .......... 35% 98.8M 1s
 20900K .......... .......... .......... .......... .......... 35% 80.6M 1s
 20950K .......... .......... .......... .......... .......... 35% 69.6M 1s
 21000K .......... .......... .......... .......... .......... 35%  113M 1s
 21050K .......... .......... .......... .......... .......... 35% 65.6M 1s
 21100K .......... .......... .......... .......... .......... 35%  133M 1s
 21150K .......... .......... .......... .......... .......... 35% 66.1M 1s
 21200K .......... .......... .......... .......... .......... 35% 70.4M 1s
 21250K .......... .......... .......... .......... .......... 35% 98.5M 1s
 21300K .......... .......... .......... .......... .......... 35% 99.6M 1s
 21350K .......... .......... .......... .......... .......... 35% 14.5M 1s
 21400K .......... .......... .......... .......... .......... 35%  119M 1s
 21450K .......... .......... .......... .......... .......... 36%  176M 1s
 21500K .......... .......... .......... .......... .......... 36% 56.2M 1s
 21550K .......... .......... .......... .......... .......... 36% 7.00M 1s
 21600K .......... .......... .......... .......... .......... 36%  152M 1s
 21650K .......... .......... .......... .......... .......... 36%  145M 1s
 21700K .......... .......... .......... .......... .......... 36%  159M 1s
 21750K .......... .......... .......... .......... .......... 36%  148M 1s
 21800K .......... .......... .......... .......... .......... 36%  135M 1s
 21850K .......... .......... .......... .......... .......... 36% 26.0M 1s
 21900K .......... .......... .......... .......... .......... 36% 78.9M 1s
 21950K .......... .......... .......... .......... .......... 36% 68.4M 1s
 22000K .......... .......... .......... .......... .......... 36% 64.8M 1s
 22050K .......... .......... .......... .......... .......... 37% 70.2M 1s
 22100K .......... .......... .......... .......... .......... 37%  165M 1s
 22150K .......... .......... .......... .......... .......... 37% 74.8M 1s
 22200K .......... .......... .......... .......... .......... 37% 84.1M 1s
 22250K .......... .......... .......... .......... .......... 37% 75.5M 1s
 22300K .......... .......... .......... .......... .......... 37% 80.0M 1s
 22350K .......... .......... .......... .......... .......... 37% 87.3M 1s
 22400K .......... .......... .......... .......... .......... 37% 55.5M 1s
 22450K .......... .......... .......... .......... .......... 37%  154M 1s
 22500K .......... .......... .......... .......... .......... 37% 79.9M 1s
 22550K .......... .......... .......... .......... .......... 37% 84.1M 1s
 22600K .......... .......... .......... .......... .......... 37% 99.6M 1s
 22650K .......... .......... .......... .......... .......... 38% 99.2M 1s
 22700K .......... .......... .......... .......... .......... 38%  138M 1s
 22750K .......... .......... .......... .......... .......... 38% 94.5M 1s
 22800K .......... .......... .......... .......... .......... 38% 93.3M 1s
 22850K .......... .......... .......... .......... .......... 38% 42.2M 1s
 22900K .......... .......... .......... .......... .......... 38%  109M 1s
 22950K .......... .......... .......... .......... .......... 38%  121M 1s
 23000K .......... .......... .......... .......... .......... 38%  187M 1s
 23050K .......... .......... .......... .......... .......... 38%  148M 1s
 23100K .......... .......... .......... .......... .......... 38%  199M 1s
 23150K .......... .......... .......... .......... .......... 38%  176M 1s
 23200K .......... .......... .......... .......... .......... 38%  106M 1s
 23250K .......... .......... .......... .......... .......... 39% 3.76M 1s
 23300K .......... .......... .......... .......... .......... 39%  136M 1s
 23350K .......... .......... .......... .......... .......... 39% 31.8M 1s
 23400K .......... .......... .......... .......... .......... 39%  107M 1s
 23450K .......... .......... .......... .......... .......... 39%  191M 1s
 23500K .......... .......... .......... .......... .......... 39%  105M 1s
 23550K .......... .......... .......... .......... .......... 39% 96.5M 1s
 23600K .......... .......... .......... .......... .......... 39% 63.3M 1s
 23650K .......... .......... .......... .......... .......... 39%  109M 1s
 23700K .......... .......... .......... .......... .......... 39% 13.6M 1s
 23750K .......... .......... .......... .......... .......... 39% 96.7M 1s
 23800K .......... .......... .......... .......... .......... 39% 62.4M 1s
 23850K .......... .......... .......... .......... .......... 40%  151M 1s
 23900K .......... .......... .......... .......... .......... 40%  161M 1s
 23950K .......... .......... .......... .......... .......... 40%  147M 1s
 24000K .......... .......... .......... .......... .......... 40%  146M 1s
 24050K .......... .......... .......... .......... .......... 40%  160M 1s
 24100K .......... .......... .......... .......... .......... 40%  198M 1s
 24150K .......... .......... .......... .......... .......... 40%  126M 1s
 24200K .......... .......... .......... .......... .......... 40%  207M 1s
 24250K .......... .......... .......... .......... .......... 40%  146M 1s
 24300K .......... .......... .......... .......... .......... 40% 85.9M 1s
 24350K .......... .......... .......... .......... .......... 40%  145M 1s
 24400K .......... .......... .......... .......... .......... 40% 2.49M 1s
 24450K .......... .......... .......... .......... .......... 41%  314M 1s
 24500K .......... .......... .......... .......... .......... 41%  295M 1s
 24550K .......... .......... .......... .......... .......... 41% 4.10M 1s
 24600K .......... .......... .......... .......... .......... 41%  153M 1s
 24650K .......... .......... .......... .......... .......... 41% 61.9M 1s
 24700K .......... .......... .......... .......... .......... 41%  137M 1s
 24750K .......... .......... .......... .......... .......... 41% 63.1M 1s
 24800K .......... .......... .......... .......... .......... 41% 86.1M 1s
 24850K .......... .......... .......... .......... .......... 41%  101M 1s
 24900K .......... .......... .......... .......... .......... 41%  111M 1s
 24950K .......... .......... .......... .......... .......... 41% 84.0M 1s
 25000K .......... .......... .......... .......... .......... 42% 90.9M 1s
 25050K .......... .......... .......... .......... .......... 42%  157M 1s
 25100K .......... .......... .......... .......... .......... 42% 92.9M 1s
 25150K .......... .......... .......... .......... .......... 42%  153M 1s
 25200K .......... .......... .......... .......... .......... 42% 63.8M 1s
 25250K .......... .......... .......... .......... .......... 42%  100M 1s
 25300K .......... .......... .......... .......... .......... 42%  120M 1s
 25350K .......... .......... .......... .......... .......... 42% 96.0M 1s
 25400K .......... .......... .......... .......... .......... 42% 98.7M 1s
 25450K .......... .......... .......... .......... .......... 42%  109M 1s
 25500K .......... .......... .......... .......... .......... 42% 83.8M 1s
 25550K .......... .......... .......... .......... .......... 42%  110M 1s
 25600K .......... .......... .......... .......... .......... 43%  101M 1s
 25650K .......... .......... .......... .......... .......... 43% 83.7M 1s
 25700K .......... .......... .......... .......... .......... 43% 97.1M 1s
 25750K .......... .......... .......... .......... .......... 43%  119M 1s
 25800K .......... .......... .......... .......... .......... 43% 96.0M 1s
 25850K .......... .......... .......... .......... .......... 43%  105M 1s
 25900K .......... .......... .......... .......... .......... 43% 88.1M 1s
 25950K .......... .......... .......... .......... .......... 43% 3.27M 1s
 26000K .......... .......... .......... .......... .......... 43% 55.2M 1s
 26050K .......... .......... .......... .......... .......... 43%  123M 1s
 26100K .......... .......... .......... .......... .......... 43%  137M 1s
 26150K .......... .......... .......... .......... .......... 43%  269M 1s
 26200K .......... .......... .......... .......... .......... 44%  158M 1s
 26250K .......... .......... .......... .......... .......... 44% 95.4M 1s
 26300K .......... .......... .......... .......... .......... 44%  219M 1s
 26350K .......... .......... .......... .......... .......... 44%  144M 1s
 26400K .......... .......... .......... .......... .......... 44%  127M 1s
 26450K .......... .......... .......... .......... .......... 44%  215M 1s
 26500K .......... .......... .......... .......... .......... 44% 64.6M 1s
 26550K .......... .......... .......... .......... .......... 44% 26.4M 1s
 26600K .......... .......... .......... .......... .......... 44% 21.6M 1s
 26650K .......... .......... .......... .......... .......... 44% 6.21M 1s
 26700K .......... .......... .......... .......... .......... 44% 35.7M 1s
 26750K .......... .......... .......... .......... .......... 44% 35.1M 1s
 26800K .......... .......... .......... .......... .......... 45% 57.1M 1s
 26850K .......... .......... .......... .......... .......... 45% 12.1M 1s
 26900K .......... .......... .......... .......... .......... 45% 30.8M 1s
 26950K .......... .......... .......... .......... .......... 45% 41.2M 1s
 27000K .......... .......... .......... .......... .......... 45% 33.8M 1s
 27050K .......... .......... .......... .......... .......... 45%  160M 1s
 27100K .......... .......... .......... .......... .......... 45%  290M 1s
 27150K .......... .......... .......... .......... .......... 45%  292M 1s
 27200K .......... .......... .......... .......... .......... 45%  274M 1s
 27250K .......... .......... .......... .......... .......... 45%  317M 1s
 27300K .......... .......... .......... .......... .......... 45%  318M 1s
 27350K .......... .......... .......... .......... .......... 45%  327M 1s
 27400K .......... .......... .......... .......... .......... 46%  286M 1s
 27450K .......... .......... .......... .......... .......... 46%  283M 1s
 27500K .......... .......... .......... .......... .......... 46%  292M 1s
 27550K .......... .......... .......... .......... .......... 46%  329M 1s
 27600K .......... .......... .......... .......... .......... 46%  277M 1s
 27650K .......... .......... .......... .......... .......... 46%  334M 1s
 27700K .......... .......... .......... .......... .......... 46%  223M 1s
 27750K .......... .......... .......... .......... .......... 46%  186M 1s
 27800K .......... .......... .......... .......... .......... 46%  176M 1s
 27850K .......... .......... .......... .......... .......... 46%  201M 1s
 27900K .......... .......... .......... .......... .......... 46%  150M 1s
 27950K .......... .......... .......... .......... .......... 46%  179M 1s
 28000K .......... .......... .......... .......... .......... 47% 17.6M 1s
 28050K .......... .......... .......... .......... .......... 47%  119M 1s
 28100K .......... .......... .......... .......... .......... 47%  235M 1s
 28150K .......... .......... .......... .......... .......... 47%  131M 1s
 28200K .......... .......... .......... .......... .......... 47%  171M 1s
 28250K .......... .......... .......... .......... .......... 47%  208M 1s
 28300K .......... .......... .......... .......... .......... 47%  195M 1s
 28350K .......... .......... .......... .......... .......... 47%  191M 1s
 28400K .......... .......... .......... .......... .......... 47%  142M 1s
 28450K .......... .......... .......... .......... .......... 47%  222M 1s
 28500K .......... .......... .......... .......... .......... 47%  175M 1s
 28550K .......... .......... .......... .......... .......... 47%  107M 1s
 28600K .......... .......... .......... .......... .......... 48% 44.4M 1s
 28650K .......... .......... .......... .......... .......... 48% 1.96M 1s
 28700K .......... .......... .......... .......... .......... 48%  101M 1s
 28750K .......... .......... .......... .......... .......... 48% 31.2M 1s
 28800K .......... .......... .......... .......... .......... 48%  123M 1s
 28850K .......... .......... .......... .......... .......... 48%  136M 1s
 28900K .......... .......... .......... .......... .......... 48%  227M 1s
 28950K .......... .......... .......... .......... .......... 48%  120M 1s
 29000K .......... .......... .......... .......... .......... 48% 81.5M 1s
 29050K .......... .......... .......... .......... .......... 48% 68.6M 1s
 29100K .......... .......... .......... .......... .......... 48% 77.9M 1s
 29150K .......... .......... .......... .......... .......... 48% 63.0M 1s
 29200K .......... .......... .......... .......... .......... 49% 60.0M 1s
 29250K .......... .......... .......... .......... .......... 49% 78.2M 1s
 29300K .......... .......... .......... .......... .......... 49%  104M 1s
 29350K .......... .......... .......... .......... .......... 49% 59.7M 1s
 29400K .......... .......... .......... .......... .......... 49%  116M 1s
 29450K .......... .......... .......... .......... .......... 49% 59.6M 1s
 29500K .......... .......... .......... .......... .......... 49% 66.8M 1s
 29550K .......... .......... .......... .......... .......... 49%  101M 1s
 29600K .......... .......... .......... .......... .......... 49% 60.5M 1s
 29650K .......... .......... .......... .......... .......... 49% 59.5M 1s
 29700K .......... .......... .......... .......... .......... 49%  138M 1s
 29750K .......... .......... .......... .......... .......... 49% 60.9M 1s
 29800K .......... .......... .......... .......... .......... 50% 73.9M 1s
 29850K .......... .......... .......... .......... .......... 50%  102M 1s
 29900K .......... .......... .......... .......... .......... 50% 68.4M 1s
 29950K .......... .......... .......... .......... .......... 50% 78.4M 1s
 30000K .......... .......... .......... .......... .......... 50% 46.9M 1s
 30050K .......... .......... .......... .......... .......... 50% 2.74M 1s
 30100K .......... .......... .......... .......... .......... 50%  183M 1s
 30150K .......... .......... .......... .......... .......... 50%  253M 1s
 30200K .......... .......... .......... .......... .......... 50%  112M 1s
 30250K .......... .......... .......... .......... .......... 50%  144M 1s
 30300K .......... .......... .......... .......... .......... 50%  250M 1s
 30350K .......... .......... .......... .......... .......... 50%  146M 1s
 30400K .......... .......... .......... .......... .......... 51%  110M 1s
 30450K .......... .......... .......... .......... .......... 51% 81.7M 1s
 30500K .......... .......... .......... .......... .......... 51% 64.4M 1s
 30550K .......... .......... .......... .......... .......... 51%  106M 1s
 30600K .......... .......... .......... .......... .......... 51% 90.1M 1s
 30650K .......... .......... .......... .......... .......... 51%  117M 1s
 30700K .......... .......... .......... .......... .......... 51% 92.7M 1s
 30750K .......... .......... .......... .......... .......... 51%  135M 1s
 30800K .......... .......... .......... .......... .......... 51% 87.1M 1s
 30850K .......... .......... .......... .......... .......... 51%  132M 1s
 30900K .......... .......... .......... .......... .......... 51% 84.5M 1s
 30950K .......... .......... .......... .......... .......... 51%  127M 1s
 31000K .......... .......... .......... .......... .......... 52%  109M 1s
 31050K .......... .......... .......... .......... .......... 52%  106M 1s
 31100K .......... .......... .......... .......... .......... 52%  118M 1s
 31150K .......... .......... .......... .......... .......... 52% 90.2M 1s
 31200K .......... .......... .......... .......... .......... 52% 98.2M 1s
 31250K .......... .......... .......... .......... .......... 52%  150M 1s
 31300K .......... .......... .......... .......... .......... 52% 72.2M 1s
 31350K .......... .......... .......... .......... .......... 52%  147M 1s
 31400K .......... .......... .......... .......... .......... 52%  131M 1s
 31450K .......... .......... .......... .......... .......... 52% 3.65M 1s
 31500K .......... .......... .......... .......... .......... 52% 94.6M 1s
 31550K .......... .......... .......... .......... .......... 52% 29.0M 1s
 31600K .......... .......... .......... .......... .......... 53% 93.5M 1s
 31650K .......... .......... .......... .......... .......... 53%  144M 1s
 31700K .......... .......... .......... .......... .......... 53% 72.1M 1s
 31750K .......... .......... .......... .......... .......... 53% 92.1M 1s
 31800K .......... .......... .......... .......... .......... 53% 56.5M 1s
 31850K .......... .......... .......... .......... .......... 53%  147M 1s
 31900K .......... .......... .......... .......... .......... 53% 78.8M 1s
 31950K .......... .......... .......... .......... .......... 53% 64.0M 1s
 32000K .......... .......... .......... .......... .......... 53% 72.7M 1s
 32050K .......... .......... .......... .......... .......... 53% 60.4M 1s
 32100K .......... .......... .......... .......... .......... 53%  106M 1s
 32150K .......... .......... .......... .......... .......... 53% 67.7M 1s
 32200K .......... .......... .......... .......... .......... 54%  120M 1s
 32250K .......... .......... .......... .......... .......... 54% 16.4M 1s
 32300K .......... .......... .......... .......... .......... 54%  175M 1s
 32350K .......... .......... .......... .......... .......... 54%  181M 1s
 32400K .......... .......... .......... .......... .......... 54%  134M 1s
 32450K .......... .......... .......... .......... .......... 54%  123M 1s
 32500K .......... .......... .......... .......... .......... 54%  134M 1s
 32550K .......... .......... .......... .......... .......... 54%  171M 1s
 32600K .......... .......... .......... .......... .......... 54%  170M 1s
 32650K .......... .......... .......... .......... .......... 54%  134M 1s
 32700K .......... .......... .......... .......... .......... 54% 68.7M 1s
 32750K .......... .......... .......... .......... .......... 54% 1.78M 1s
 32800K .......... .......... .......... .......... .......... 55% 98.8M 1s
 32850K .......... .......... .......... .......... .......... 55% 97.7M 1s
 32900K .......... .......... .......... .......... .......... 55% 84.5M 1s
 32950K .......... .......... .......... .......... .......... 55% 76.6M 1s
 33000K .......... .......... .......... .......... .......... 55%  138M 1s
 33050K .......... .......... .......... .......... .......... 55% 94.6M 1s
 33100K .......... .......... .......... .......... .......... 55% 60.8M 1s
 33150K .......... .......... .......... .......... .......... 55% 99.4M 1s
 33200K .......... .......... .......... .......... .......... 55% 99.0M 1s
 33250K .......... .......... .......... .......... .......... 55% 88.1M 1s
 33300K .......... .......... .......... .......... .......... 55%  114M 1s
 33350K .......... .......... .......... .......... .......... 56%  107M 1s
 33400K .......... .......... .......... .......... .......... 56% 90.1M 1s
 33450K .......... .......... .......... .......... .......... 56% 96.0M 1s
 33500K .......... .......... .......... .......... .......... 56% 80.1M 1s
 33550K .......... .......... .......... .......... .......... 56% 34.6M 1s
 33600K .......... .......... .......... .......... .......... 56%  250M 1s
 33650K .......... .......... .......... .......... .......... 56%  243M 1s
 33700K .......... .......... .......... .......... .......... 56%  293M 1s
 33750K .......... .......... .......... .......... .......... 56%  111M 1s
 33800K .......... .......... .......... .......... .......... 56% 89.8M 1s
 33850K .......... .......... .......... .......... .......... 56%  104M 1s
 33900K .......... .......... .......... .......... .......... 56% 96.0M 1s
 33950K .......... .......... .......... .......... .......... 57% 76.8M 1s
 34000K .......... .......... .......... .......... .......... 57% 73.0M 0s
 34050K .......... .......... .......... .......... .......... 57%  109M 0s
 34100K .......... .......... .......... .......... .......... 57% 74.3M 0s
 34150K .......... .......... .......... .......... .......... 57% 3.71M 1s
 34200K .......... .......... .......... .......... .......... 57%  119M 1s
 34250K .......... .......... .......... .......... .......... 57%  123M 1s
 34300K .......... .......... .......... .......... .......... 57%  130M 1s
 34350K .......... .......... .......... .......... .......... 57%  165M 0s
 34400K .......... .......... .......... .......... .......... 57% 80.9M 0s
 34450K .......... .......... .......... .......... .......... 57% 73.1M 0s
 34500K .......... .......... .......... .......... .......... 57% 17.3M 0s
 34550K .......... .......... .......... .......... .......... 58%  149M 0s
 34600K .......... .......... .......... .......... .......... 58%  115M 0s
 34650K .......... .......... .......... .......... .......... 58%  107M 0s
 34700K .......... .......... .......... .......... .......... 58%  139M 0s
 34750K .......... .......... .......... .......... .......... 58%  151M 0s
 34800K .......... .......... .......... .......... .......... 58% 99.6M 0s
 34850K .......... .......... .......... .......... .......... 58% 79.3M 0s
 34900K .......... .......... .......... .......... .......... 58% 67.0M 0s
 34950K .......... .......... .......... .......... .......... 58%  129M 0s
 35000K .......... .......... .......... .......... .......... 58% 54.1M 0s
 35050K .......... .......... .......... .......... .......... 58% 40.6M 0s
 35100K .......... .......... .......... .......... .......... 58% 53.7M 0s
 35150K .......... .......... .......... .......... .......... 59%  333M 0s
 35200K .......... .......... .......... .......... .......... 59% 68.6M 0s
 35250K .......... .......... .......... .......... .......... 59% 60.8M 0s
 35300K .......... .......... .......... .......... .......... 59% 97.3M 0s
 35350K .......... .......... .......... .......... .......... 59% 59.9M 0s
 35400K .......... .......... .......... .......... .......... 59% 61.8M 0s
 35450K .......... .......... .......... .......... .......... 59% 84.5M 0s
 35500K .......... .......... .......... .......... .......... 59% 50.3M 0s
 35550K .......... .......... .......... .......... .......... 59% 8.03M 0s
 35600K .......... .......... .......... .......... .......... 59% 53.1M 0s
 35650K .......... .......... .......... .......... .......... 59% 66.1M 0s
 35700K .......... .......... .......... .......... .......... 59% 74.4M 0s
 35750K .......... .......... .......... .......... .......... 60% 72.5M 0s
 35800K .......... .......... .......... .......... .......... 60% 57.5M 0s
 35850K .......... .......... .......... .......... .......... 60%  103M 0s
 35900K .......... .......... .......... .......... .......... 60% 81.1M 0s
 35950K .......... .......... .......... .......... .......... 60% 55.5M 0s
 36000K .......... .......... .......... .......... .......... 60% 54.3M 0s
 36050K .......... .......... .......... .......... .......... 60% 66.2M 0s
 36100K .......... .......... .......... .......... .......... 60% 16.1M 0s
 36150K .......... .......... .......... .......... .......... 60%  113M 0s
 36200K .......... .......... .......... .......... .......... 60%  165M 0s
 36250K .......... .......... .......... .......... .......... 60%  153M 0s
 36300K .......... .......... .......... .......... .......... 60%  187M 0s
 36350K .......... .......... .......... .......... .......... 61%  140M 0s
 36400K .......... .......... .......... .......... .......... 61% 94.6M 0s
 36450K .......... .......... .......... .......... .......... 61%  241M 0s
 36500K .......... .......... .......... .......... .......... 61%  226M 0s
 36550K .......... .......... .......... .......... .......... 61%  140M 0s
 36600K .......... .......... .......... .......... .......... 61%  108M 0s
 36650K .......... .......... .......... .......... .......... 61% 36.4M 0s
 36700K .......... .......... .......... .......... .......... 61%  103M 0s
 36750K .......... .......... .......... .......... .......... 61%  147M 0s
 36800K .......... .......... .......... .......... .......... 61% 82.7M 0s
 36850K .......... .......... .......... .......... .......... 61%  464K 1s
 36900K .......... .......... .......... .......... .......... 61% 56.0M 1s
 36950K .......... .......... .......... .......... .......... 62%  138M 1s
 37000K .......... .......... .......... .......... .......... 62%  128M 1s
 37050K .......... .......... .......... .......... .......... 62%  158M 1s
 37100K .......... .......... .......... .......... .......... 62%  120M 1s
 37150K .......... .......... .......... .......... .......... 62% 33.1M 1s
 37200K .......... .......... .......... .......... .......... 62%  126M 0s
 37250K .......... .......... .......... .......... .......... 62%  203M 0s
 37300K .......... .......... .......... .......... .......... 62%  160M 0s
 37350K .......... .......... .......... .......... .......... 62%  141M 0s
 37400K .......... .......... .......... .......... .......... 62%  122M 0s
 37450K .......... .......... .......... .......... .......... 62%  122M 0s
 37500K .......... .......... .......... .......... .......... 62% 84.4M 0s
 37550K .......... .......... .......... .......... .......... 63% 71.7M 0s
 37600K .......... .......... .......... .......... .......... 63% 95.4M 0s
 37650K .......... .......... .......... .......... .......... 63%  113M 0s
 37700K .......... .......... .......... .......... .......... 63% 65.0M 0s
 37750K .......... .......... .......... .......... .......... 63%  121M 0s
 37800K .......... .......... .......... .......... .......... 63% 37.3M 0s
 37850K .......... .......... .......... .......... .......... 63%  183M 0s
 37900K .......... .......... .......... .......... .......... 63%  103M 0s
 37950K .......... .......... .......... .......... .......... 63%  122M 0s
 38000K .......... .......... .......... .......... .......... 63% 28.4M 0s
 38050K .......... .......... .......... .......... .......... 63% 39.8M 0s
 38100K .......... .......... .......... .......... .......... 63% 62.2M 0s
 38150K .......... .......... .......... .......... .......... 64% 69.3M 0s
 38200K .......... .......... .......... .......... .......... 64% 59.1M 0s
 38250K .......... .......... .......... .......... .......... 64% 5.10M 0s
 38300K .......... .......... .......... .......... .......... 64% 10.0M 0s
 38350K .......... .......... .......... .......... .......... 64%  102M 0s
 38400K .......... .......... .......... .......... .......... 64%  207M 0s
 38450K .......... .......... .......... .......... .......... 64%  323M 0s
 38500K .......... .......... .......... .......... .......... 64%  322M 0s
 38550K .......... .......... .......... .......... .......... 64%  151M 0s
 38600K .......... .......... .......... .......... .......... 64% 56.8M 0s
 38650K .......... .......... .......... .......... .......... 64% 21.3M 0s
 38700K .......... .......... .......... .......... .......... 64% 27.4M 0s
 38750K .......... .......... .......... .......... .......... 65% 27.3M 0s
 38800K .......... .......... .......... .......... .......... 65% 24.3M 0s
 38850K .......... .......... .......... .......... .......... 65% 33.3M 0s
 38900K .......... .......... .......... .......... .......... 65% 63.8M 0s
 38950K .......... .......... .......... .......... .......... 65% 67.7M 0s
 39000K .......... .......... .......... .......... .......... 65% 60.3M 0s
 39050K .......... .......... .......... .......... .......... 65% 68.7M 0s
 39100K .......... .......... .......... .......... .......... 65%  257M 0s
 39150K .......... .......... .......... .......... .......... 65%  311M 0s
 39200K .......... .......... .......... .......... .......... 65%  228M 0s
 39250K .......... .......... .......... .......... .......... 65%  285M 0s
 39300K .......... .......... .......... .......... .......... 65%  326M 0s
 39350K .......... .......... .......... .......... .......... 66%  331M 0s
 39400K .......... .......... .......... .......... .......... 66%  294M 0s
 39450K .......... .......... .......... .......... .......... 66%  334M 0s
 39500K .......... .......... .......... .......... .......... 66%  302M 0s
 39550K .......... .......... .......... .......... .......... 66%  289M 0s
 39600K .......... .......... .......... .......... .......... 66%  270M 0s
 39650K .......... .......... .......... .......... .......... 66% 9.98M 0s
 39700K .......... .......... .......... .......... .......... 66% 47.4M 0s
 39750K .......... .......... .......... .......... .......... 66% 31.3M 0s
 39800K .......... .......... .......... .......... .......... 66% 29.3M 0s
 39850K .......... .......... .......... .......... .......... 66% 31.3M 0s
 39900K .......... .......... .......... .......... .......... 66%  309M 0s
 39950K .......... .......... .......... .......... .......... 67%  305M 0s
 40000K .......... .......... .......... .......... .......... 67%  245M 0s
 40050K .......... .......... .......... .......... .......... 67%  299M 0s
 40100K .......... .......... .......... .......... .......... 67%  229M 0s
 40150K .......... .......... .......... .......... .......... 67%  296M 0s
 40200K .......... .......... .......... .......... .......... 67%  283M 0s
 40250K .......... .......... .......... .......... .......... 67%  288M 0s
 40300K .......... .......... .......... .......... .......... 67%  106M 0s
 40350K .......... .......... .......... .......... .......... 67% 94.5M 0s
 40400K .......... .......... .......... .......... .......... 67% 69.1M 0s
 40450K .......... .......... .......... .......... .......... 67%  147M 0s
 40500K .......... .......... .......... .......... .......... 67% 66.7M 0s
 40550K .......... .......... .......... .......... .......... 68%  137M 0s
 40600K .......... .......... .......... .......... .......... 68% 67.6M 0s
 40650K .......... .......... .......... .......... .......... 68% 82.2M 0s
 40700K .......... .......... .......... .......... .......... 68%  105M 0s
 40750K .......... .......... .......... .......... .......... 68% 86.2M 0s
 40800K .......... .......... .......... .......... .......... 68% 79.4M 0s
 40850K .......... .......... .......... .......... .......... 68%  107M 0s
 40900K .......... .......... .......... .......... .......... 68% 16.2M 0s
 40950K .......... .......... .......... .......... .......... 68% 1.33M 0s
 41000K .......... .......... .......... .......... .......... 68% 98.5M 0s
 41050K .......... .......... .......... .......... .......... 68% 98.7M 0s
 41100K .......... .......... .......... .......... .......... 69%  135M 0s
 41150K .......... .......... .......... .......... .......... 69% 65.8M 0s
 41200K .......... .......... .......... .......... .......... 69% 77.5M 0s
 41250K .......... .......... .......... .......... .......... 69%  186M 0s
 41300K .......... .......... .......... .......... .......... 69%  107M 0s
 41350K .......... .......... .......... .......... .......... 69% 89.0M 0s
 41400K .......... .......... .......... .......... .......... 69% 93.5M 0s
 41450K .......... .......... .......... .......... .......... 69% 95.6M 0s
 41500K .......... .......... .......... .......... .......... 69%  107M 0s
 41550K .......... .......... .......... .......... .......... 69%  115M 0s
 41600K .......... .......... .......... .......... .......... 69% 79.9M 0s
 41650K .......... .......... .......... .......... .......... 69%  145M 0s
 41700K .......... .......... .......... .......... .......... 70%  108M 0s
 41750K .......... .......... .......... .......... .......... 70% 86.9M 0s
 41800K .......... .......... .......... .......... .......... 70% 82.1M 0s
 41850K .......... .......... .......... .......... .......... 70%  119M 0s
 41900K .......... .......... .......... .......... .......... 70%  111M 0s
 41950K .......... .......... .......... .......... .......... 70% 99.7M 0s
 42000K .......... .......... .......... .......... .......... 70%  103M 0s
 42050K .......... .......... .......... .......... .......... 70%  113M 0s
 42100K .......... .......... .......... .......... .......... 70%  116M 0s
 42150K .......... .......... .......... .......... .......... 70% 95.5M 0s
 42200K .......... .......... .......... .......... .......... 70% 69.5M 0s
 42250K .......... .......... .......... .......... .......... 70% 70.7M 0s
 42300K .......... .......... .......... .......... .......... 71% 3.62M 0s
 42350K .......... .......... .......... .......... .......... 71%  137M 0s
 42400K .......... .......... .......... .......... .......... 71%  170M 0s
 42450K .......... .......... .......... .......... .......... 71% 96.7M 0s
 42500K .......... .......... .......... .......... .......... 71% 52.0M 0s
 42550K .......... .......... .......... .......... .......... 71% 47.2M 0s
 42600K .......... .......... .......... .......... .......... 71% 62.8M 0s
 42650K .......... .......... .......... .......... .......... 71% 63.1M 0s
 42700K .......... .......... .......... .......... .......... 71% 58.1M 0s
 42750K .......... .......... .......... .......... .......... 71% 69.2M 0s
 42800K .......... .......... .......... .......... .......... 71% 50.0M 0s
 42850K .......... .......... .......... .......... .......... 71% 71.0M 0s
 42900K .......... .......... .......... .......... .......... 72% 59.6M 0s
 42950K .......... .......... .......... .......... .......... 72% 16.9M 0s
 43000K .......... .......... .......... .......... .......... 72%  161M 0s
 43050K .......... .......... .......... .......... .......... 72%  186M 0s
 43100K .......... .......... .......... .......... .......... 72%  129M 0s
 43150K .......... .......... .......... .......... .......... 72%  160M 0s
 43200K .......... .......... .......... .......... .......... 72%  197M 0s
 43250K .......... .......... .......... .......... .......... 72%  123M 0s
 43300K .......... .......... .......... .......... .......... 72%  154M 0s
 43350K .......... .......... .......... .......... .......... 72%  130M 0s
 43400K .......... .......... .......... .......... .......... 72%  107M 0s
 43450K .......... .......... .......... .......... .......... 72% 50.8M 0s
 43500K .......... .......... .......... .......... .......... 73% 78.4M 0s
 43550K .......... .......... .......... .......... .......... 73% 57.7M 0s
 43600K .......... .......... .......... .......... .......... 73% 64.8M 0s
 43650K .......... .......... .......... .......... .......... 73% 82.6M 0s
 43700K .......... .......... .......... .......... .......... 73% 70.4M 0s
 43750K .......... .......... .......... .......... .......... 73% 6.58M 0s
 43800K .......... .......... .......... .......... .......... 73% 82.0M 0s
 43850K .......... .......... .......... .......... .......... 73%  102M 0s
 43900K .......... .......... .......... .......... .......... 73% 62.0M 0s
 43950K .......... .......... .......... .......... .......... 73%  113M 0s
 44000K .......... .......... .......... .......... .......... 73% 50.9M 0s
 44050K .......... .......... .......... .......... .......... 73% 70.3M 0s
 44100K .......... .......... .......... .......... .......... 74%  125M 0s
 44150K .......... .......... .......... .......... .......... 74% 77.7M 0s
 44200K .......... .......... .......... .......... .......... 74% 60.3M 0s
 44250K .......... .......... .......... .......... .......... 74% 87.5M 0s
 44300K .......... .......... .......... .......... .......... 74% 83.5M 0s
 44350K .......... .......... .......... .......... .......... 74%  104M 0s
 44400K .......... .......... .......... .......... .......... 74% 51.7M 0s
 44450K .......... .......... .......... .......... .......... 74% 84.4M 0s
 44500K .......... .......... .......... .......... .......... 74% 69.1M 0s
 44550K .......... .......... .......... .......... .......... 74%  111M 0s
 44600K .......... .......... .......... .......... .......... 74% 73.8M 0s
 44650K .......... .......... .......... .......... .......... 74% 92.4M 0s
 44700K .......... .......... .......... .......... .......... 75% 97.4M 0s
 44750K .......... .......... .......... .......... .......... 75%  103M 0s
 44800K .......... .......... .......... .......... .......... 75% 81.6M 0s
 44850K .......... .......... .......... .......... .......... 75% 72.1M 0s
 44900K .......... .......... .......... .......... .......... 75% 15.8M 0s
 44950K .......... .......... .......... .......... .......... 75%  175M 0s
 45000K .......... .......... .......... .......... .......... 75% 90.3M 0s
 45050K .......... .......... .......... .......... .......... 75% 2.01M 0s
 45100K .......... .......... .......... .......... .......... 75%  121M 0s
 45150K .......... .......... .......... .......... .......... 75% 29.5M 0s
 45200K .......... .......... .......... .......... .......... 75% 56.0M 0s
 45250K .......... .......... .......... .......... .......... 75% 75.4M 0s
 45300K .......... .......... .......... .......... .......... 76% 62.2M 0s
 45350K .......... .......... .......... .......... .......... 76%  159M 0s
 45400K .......... .......... .......... .......... .......... 76%  122M 0s
 45450K .......... .......... .......... .......... .......... 76%  158M 0s
 45500K .......... .......... .......... .......... .......... 76%  120M 0s
 45550K .......... .......... .......... .......... .......... 76%  156M 0s
 45600K .......... .......... .......... .......... .......... 76% 72.6M 0s
 45650K .......... .......... .......... .......... .......... 76%  101M 0s
 45700K .......... .......... .......... .......... .......... 76%  120M 0s
 45750K .......... .......... .......... .......... .......... 76% 85.5M 0s
 45800K .......... .......... .......... .......... .......... 76%  116M 0s
 45850K .......... .......... .......... .......... .......... 76%  109M 0s
 45900K .......... .......... .......... .......... .......... 77%  107M 0s
 45950K .......... .......... .......... .......... .......... 77%  114M 0s
 46000K .......... .......... .......... .......... .......... 77% 79.1M 0s
 46050K .......... .......... .......... .......... .......... 77% 82.2M 0s
 46100K .......... .......... .......... .......... .......... 77%  101M 0s
 46150K .......... .......... .......... .......... .......... 77% 77.0M 0s
 46200K .......... .......... .......... .......... .......... 77% 86.3M 0s
 46250K .......... .......... .......... .......... .......... 77% 79.4M 0s
 46300K .......... .......... .......... .......... .......... 77% 98.9M 0s
 46350K .......... .......... .......... .......... .......... 77%  105M 0s
 46400K .......... .......... .......... .......... .......... 77% 4.24M 0s
 46450K .......... .......... .......... .......... .......... 77% 87.4M 0s
 46500K .......... .......... .......... .......... .......... 78% 76.5M 0s
 46550K .......... .......... .......... .......... .......... 78% 63.3M 0s
 46600K .......... .......... .......... .......... .......... 78%  122M 0s
 46650K .......... .......... .......... .......... .......... 78%  123M 0s
 46700K .......... .......... .......... .......... .......... 78% 77.3M 0s
 46750K .......... .......... .......... .......... .......... 78% 80.6M 0s
 46800K .......... .......... .......... .......... .......... 78%  153M 0s
 46850K .......... .......... .......... .......... .......... 78%  101M 0s
 46900K .......... .......... .......... .......... .......... 78%  119M 0s
 46950K .......... .......... .......... .......... .......... 78% 91.3M 0s
 47000K .......... .......... .......... .......... .......... 78% 86.0M 0s
 47050K .......... .......... .......... .......... .......... 78%  127M 0s
 47100K .......... .......... .......... .......... .......... 79% 89.6M 0s
 47150K .......... .......... .......... .......... .......... 79% 14.6M 0s
 47200K .......... .......... .......... .......... .......... 79%  117M 0s
 47250K .......... .......... .......... .......... .......... 79%  215M 0s
 47300K .......... .......... .......... .......... .......... 79%  190M 0s
 47350K .......... .......... .......... .......... .......... 79%  206M 0s
 47400K .......... .......... .......... .......... .......... 79%  205M 0s
 47450K .......... .......... .......... .......... .......... 79%  186M 0s
 47500K .......... .......... .......... .......... .......... 79%  133M 0s
 47550K .......... .......... .......... .......... .......... 79%  163M 0s
 47600K .......... .......... .......... .......... .......... 79%  150M 0s
 47650K .......... .......... .......... .......... .......... 79%  190M 0s
 47700K .......... .......... .......... .......... .......... 80%  157M 0s
 47750K .......... .......... .......... .......... .......... 80%  121M 0s
 47800K .......... .......... .......... .......... .......... 80%  127M 0s
 47850K .......... .......... .......... .......... .......... 80% 3.88M 0s
 47900K .......... .......... .......... .......... .......... 80%  149M 0s
 47950K .......... .......... .......... .......... .......... 80% 55.8M 0s
 48000K .......... .......... .......... .......... .......... 80% 3.04M 0s
 48050K .......... .......... .......... .......... .......... 80% 14.2M 0s
 48100K .......... .......... .......... .......... .......... 80%  126M 0s
 48150K .......... .......... .......... .......... .......... 80%  113M 0s
 48200K .......... .......... .......... .......... .......... 80%  151M 0s
 48250K .......... .......... .......... .......... .......... 80% 51.2M 0s
 48300K .......... .......... .......... .......... .......... 81% 20.7M 0s
 48350K .......... .......... .......... .......... .......... 81% 46.5M 0s
 48400K .......... .......... .......... .......... .......... 81% 67.4M 0s
 48450K .......... .......... .......... .......... .......... 81%  107M 0s
 48500K .......... .......... .......... .......... .......... 81% 69.8M 0s
 48550K .......... .......... .......... .......... .......... 81% 30.6M 0s
 48600K .......... .......... .......... .......... .......... 81%  176M 0s
 48650K .......... .......... .......... .......... .......... 81%  130M 0s
 48700K .......... .......... .......... .......... .......... 81%  111M 0s
 48750K .......... .......... .......... .......... .......... 81%  223M 0s
 48800K .......... .......... .......... .......... .......... 81%  149M 0s
 48850K .......... .......... .......... .......... .......... 81%  141M 0s
 48900K .......... .......... .......... .......... .......... 82% 88.1M 0s
 48950K .......... .......... .......... .......... .......... 82%  116M 0s
 49000K .......... .......... .......... .......... .......... 82% 63.8M 0s
 49050K .......... .......... .......... .......... .......... 82% 97.6M 0s
 49100K .......... .......... .......... .......... .......... 82% 49.9M 0s
 49150K .......... .......... .......... .......... .......... 82% 6.33M 0s
 49200K .......... .......... .......... .......... .......... 82%  108M 0s
 49250K .......... .......... .......... .......... .......... 82%  100M 0s
 49300K .......... .......... .......... .......... .......... 82% 74.2M 0s
 49350K .......... .......... .......... .......... .......... 82% 15.3M 0s
 49400K .......... .......... .......... .......... .......... 82%  174M 0s
 49450K .......... .......... .......... .......... .......... 83%  124M 0s
 49500K .......... .......... .......... .......... .......... 83%  192M 0s
 49550K .......... .......... .......... .......... .......... 83%  163M 0s
 49600K .......... .......... .......... .......... .......... 83%  132M 0s
 49650K .......... .......... .......... .......... .......... 83%  197M 0s
 49700K .......... .......... .......... .......... .......... 83% 91.7M 0s
 49750K .......... .......... .......... .......... .......... 83%  159M 0s
 49800K .......... .......... .......... .......... .......... 83%  147M 0s
 49850K .......... .......... .......... .......... .......... 83%  108M 0s
 49900K .......... .......... .......... .......... .......... 83%  144M 0s
 49950K .......... .......... .......... .......... .......... 83%  182M 0s
 50000K .......... .......... .......... .......... .......... 83% 76.5M 0s
 50050K .......... .......... .......... .......... .......... 84%  102M 0s
 50100K .......... .......... .......... .......... .......... 84% 65.4M 0s
 50150K .......... .......... .......... .......... .......... 84%  124M 0s
 50200K .......... .......... .......... .......... .......... 84% 72.1M 0s
 50250K .......... .......... .......... .......... .......... 84% 96.0M 0s
 50300K .......... .......... .......... .......... .......... 84% 72.0M 0s
 50350K .......... .......... .......... .......... .......... 84% 88.2M 0s
 50400K .......... .......... .......... .......... .......... 84% 91.3M 0s
 50450K .......... .......... .......... .......... .......... 84%  114M 0s
 50500K .......... .......... .......... .......... .......... 84% 4.26M 0s
 50550K .......... .......... .......... .......... .......... 84%  111M 0s
 50600K .......... .......... .......... .......... .......... 84% 24.1M 0s
 50650K .......... .......... .......... .......... .......... 85%  145M 0s
 50700K .......... .......... .......... .......... .......... 85%  119M 0s
 50750K .......... .......... .......... .......... .......... 85%  230M 0s
 50800K .......... .......... .......... .......... .......... 85%  129M 0s
 50850K .......... .......... .......... .......... .......... 85% 66.7M 0s
 50900K .......... .......... .......... .......... .......... 85%  110M 0s
 50950K .......... .......... .......... .......... .......... 85% 89.1M 0s
 51000K .......... .......... .......... .......... .......... 85% 78.0M 0s
 51050K .......... .......... .......... .......... .......... 85% 51.1M 0s
 51100K .......... .......... .......... .......... .......... 85% 60.9M 0s
 51150K .......... .......... .......... .......... .......... 85% 38.4M 0s
 51200K .......... .......... .......... .......... .......... 85% 53.4M 0s
 51250K .......... .......... .......... .......... .......... 86%  144M 0s
 51300K .......... .......... .......... .......... .......... 86% 68.2M 0s
 51350K .......... .......... .......... .......... .......... 86% 86.2M 0s
 51400K .......... .......... .......... .......... .......... 86% 65.9M 0s
 51450K .......... .......... .......... .......... .......... 86% 68.0M 0s
 51500K .......... .......... .......... .......... .......... 86%  128M 0s
 51550K .......... .......... .......... .......... .......... 86% 14.9M 0s
 51600K .......... .......... .......... .......... .......... 86% 74.9M 0s
 51650K .......... .......... .......... .......... .......... 86%  164M 0s
 51700K .......... .......... .......... .......... .......... 86%  134M 0s
 51750K .......... .......... .......... .......... .......... 86%  145M 0s
 51800K .......... .......... .......... .......... .......... 86%  129M 0s
 51850K .......... .......... .......... .......... .......... 87%  123M 0s
 51900K .......... .......... .......... .......... .......... 87% 87.8M 0s
 51950K .......... .......... .......... .......... .......... 87% 7.05M 0s
 52000K .......... .......... .......... .......... .......... 87% 65.4M 0s
 52050K .......... .......... .......... .......... .......... 87% 98.8M 0s
 52100K .......... .......... .......... .......... .......... 87% 74.5M 0s
 52150K .......... .......... .......... .......... .......... 87% 57.4M 0s
 52200K .......... .......... .......... .......... .......... 87%  127M 0s
 52250K .......... .......... .......... .......... .......... 87% 75.5M 0s
 52300K .......... .......... .......... .......... .......... 87% 80.8M 0s
 52350K .......... .......... .......... .......... .......... 87% 58.1M 0s
 52400K .......... .......... .......... .......... .......... 87% 55.6M 0s
 52450K .......... .......... .......... .......... .......... 88% 51.4M 0s
 52500K .......... .......... .......... .......... .......... 88% 29.9M 0s
 52550K .......... .......... .......... .......... .......... 88% 82.4M 0s
 52600K .......... .......... .......... .......... .......... 88% 36.4M 0s
 52650K .......... .......... .......... .......... .......... 88% 56.5M 0s
 52700K .......... .......... .......... .......... .......... 88% 90.4M 0s
 52750K .......... .......... .......... .......... .......... 88% 69.2M 0s
 52800K .......... .......... .......... .......... .......... 88%  102M 0s
 52850K .......... .......... .......... .......... .......... 88% 96.2M 0s
 52900K .......... .......... .......... .......... .......... 88%  131M 0s
 52950K .......... .......... .......... .......... .......... 88%  113M 0s
 53000K .......... .......... .......... .......... .......... 88%  106M 0s
 53050K .......... .......... .......... .......... .......... 89%  134M 0s
 53100K .......... .......... .......... .......... .......... 89% 85.1M 0s
 53150K .......... .......... .......... .......... .......... 89%  117M 0s
 53200K .......... .......... .......... .......... .......... 89% 1.98M 0s
 53250K .......... .......... .......... .......... .......... 89% 96.2M 0s
 53300K .......... .......... .......... .......... .......... 89% 30.3M 0s
 53350K .......... .......... .......... .......... .......... 89% 87.1M 0s
 53400K .......... .......... .......... .......... .......... 89%  144M 0s
 53450K .......... .......... .......... .......... .......... 89%  221M 0s
 53500K .......... .......... .......... .......... .......... 89% 79.0M 0s
 53550K .......... .......... .......... .......... .......... 89% 17.4M 0s
 53600K .......... .......... .......... .......... .......... 89%  212M 0s
 53650K .......... .......... .......... .......... .......... 90%  175M 0s
 53700K .......... .......... .......... .......... .......... 90% 99.3M 0s
 53750K .......... .......... .......... .......... .......... 90%  130M 0s
 53800K .......... .......... .......... .......... .......... 90%  101M 0s
 53850K .......... .......... .......... .......... .......... 90%  140M 0s
 53900K .......... .......... .......... .......... .......... 90%  209M 0s
 53950K .......... .......... .......... .......... .......... 90%  117M 0s
 54000K .......... .......... .......... .......... .......... 90% 73.2M 0s
 54050K .......... .......... .......... .......... .......... 90% 77.4M 0s
 54100K .......... .......... .......... .......... .......... 90% 95.6M 0s
 54150K .......... .......... .......... .......... .......... 90% 75.5M 0s
 54200K .......... .......... .......... .......... .......... 90% 80.0M 0s
 54250K .......... .......... .......... .......... .......... 91%  103M 0s
 54300K .......... .......... .......... .......... .......... 91% 63.1M 0s
 54350K .......... .......... .......... .......... .......... 91%  114M 0s
 54400K .......... .......... .......... .......... .......... 91% 97.6M 0s
 54450K .......... .......... .......... .......... .......... 91% 69.0M 0s
 54500K .......... .......... .......... .......... .......... 91% 56.1M 0s
 54550K .......... .......... .......... .......... .......... 91% 28.9M 0s
 54600K .......... .......... .......... .......... .......... 91% 3.15M 0s
 54650K .......... .......... .......... .......... .......... 91%  192M 0s
 54700K .......... .......... .......... .......... .......... 91%  162M 0s
 54750K .......... .......... .......... .......... .......... 91%  139M 0s
 54800K .......... .......... .......... .......... .......... 91% 66.4M 0s
 54850K .......... .......... .......... .......... .......... 92%  157M 0s
 54900K .......... .......... .......... .......... .......... 92%  318M 0s
 54950K .......... .......... .......... .......... .......... 92%  141M 0s
 55000K .......... .......... .......... .......... .......... 92%  149M 0s
 55050K .......... .......... .......... .......... .......... 92%  190M 0s
 55100K .......... .......... .......... .......... .......... 92%  299M 0s
 55150K .......... .......... .......... .......... .......... 92% 35.2M 0s
 55200K .......... .......... .......... .......... .......... 92% 26.1M 0s
 55250K .......... .......... .......... .......... .......... 92% 18.1M 0s
 55300K .......... .......... .......... .......... .......... 92% 39.3M 0s
 55350K .......... .......... .......... .......... .......... 92%  249M 0s
 55400K .......... .......... .......... .......... .......... 92% 44.6M 0s
 55450K .......... .......... .......... .......... .......... 93% 25.2M 0s
 55500K .......... .......... .......... .......... .......... 93% 17.6M 0s
 55550K .......... .......... .......... .......... .......... 93% 31.6M 0s
 55600K .......... .......... .......... .......... .......... 93%  266M 0s
 55650K .......... .......... .......... .......... .......... 93%  321M 0s
 55700K .......... .......... .......... .......... .......... 93%  217M 0s
 55750K .......... .......... .......... .......... .......... 93%  128M 0s
 55800K .......... .......... .......... .......... .......... 93% 20.8M 0s
 55850K .......... .......... .......... .......... .......... 93% 22.7M 0s
 55900K .......... .......... .......... .......... .......... 93% 23.6M 0s
 55950K .......... .......... .......... .......... .......... 93% 40.0M 0s
 56000K .......... .......... .......... .......... .......... 93% 53.6M 0s
 56050K .......... .......... .......... .......... .......... 94% 66.7M 0s
 56100K .......... .......... .......... .......... .......... 94%  150M 0s
 56150K .......... .......... .......... .......... .......... 94%  100M 0s
 56200K .......... .......... .......... .......... .......... 94% 86.2M 0s
 56250K .......... .......... .......... .......... .......... 94%  113M 0s
 56300K .......... .......... .......... .......... .......... 94%  104M 0s
 56350K .......... .......... .......... .......... .......... 94%  160M 0s
 56400K .......... .......... .......... .......... .......... 94%  222M 0s
 56450K .......... .......... .......... .......... .......... 94%  270M 0s
 56500K .......... .......... .......... .......... .......... 94%  301M 0s
 56550K .......... .......... .......... .......... .......... 94%  229M 0s
 56600K .......... .......... .......... .......... .......... 94%  205M 0s
 56650K .......... .......... .......... .......... .......... 95%  269M 0s
 56700K .......... .......... .......... .......... .......... 95%  281M 0s
 56750K .......... .......... .......... .......... .......... 95%  298M 0s
 56800K .......... .......... .......... .......... .......... 95%  253M 0s
 56850K .......... .......... .......... .......... .......... 95%  294M 0s
 56900K .......... .......... .......... .......... .......... 95%  302M 0s
 56950K .......... .......... .......... .......... .......... 95%  274M 0s
 57000K .......... .......... .......... .......... .......... 95%  265M 0s
 57050K .......... .......... .......... .......... .......... 95%  299M 0s
 57100K .......... .......... .......... .......... .......... 95%  297M 0s
 57150K .......... .......... .......... .......... .......... 95%  268M 0s
 57200K .......... .......... .......... .......... .......... 95%  170M 0s
 57250K .......... .......... .......... .......... .......... 96%  298M 0s
 57300K .......... .......... .......... .......... .......... 96% 2.90M 0s
 57350K .......... .......... .......... .......... .......... 96% 43.9M 0s
 57400K .......... .......... .......... .......... .......... 96% 34.1M 0s
 57450K .......... .......... .......... .......... .......... 96% 83.7M 0s
 57500K .......... .......... .......... .......... .......... 96% 62.5M 0s
 57550K .......... .......... .......... .......... .......... 96% 97.7M 0s
 57600K .......... .......... .......... .......... .......... 96% 80.6M 0s
 57650K .......... .......... .......... .......... .......... 96%  152M 0s
 57700K .......... .......... .......... .......... .......... 96%  156M 0s
 57750K .......... .......... .......... .......... .......... 96%  123M 0s
 57800K .......... .......... .......... .......... .......... 97% 98.5M 0s
 57850K .......... .......... .......... .......... .......... 97% 79.0M 0s
 57900K .......... .......... .......... .......... .......... 97% 91.6M 0s
 57950K .......... .......... .......... .......... .......... 97%  124M 0s
 58000K .......... .......... .......... .......... .......... 97% 54.4M 0s
 58050K .......... .......... .......... .......... .......... 97% 63.7M 0s
 58100K .......... .......... .......... .......... .......... 97% 20.6M 0s
 58150K .......... .......... .......... .......... .......... 97% 78.9M 0s
 58200K .......... .......... .......... .......... .......... 97%  163M 0s
 58250K .......... .......... .......... .......... .......... 97%  107M 0s
 58300K .......... .......... .......... .......... .......... 97%  147M 0s
 58350K .......... .......... .......... .......... .......... 97% 36.9M 0s
 58400K .......... .......... .......... .......... .......... 98% 36.8M 0s
 58450K .......... .......... .......... .......... .......... 98% 32.2M 0s
 58500K .......... .......... .......... .......... .......... 98% 56.8M 0s
 58550K .......... .......... .......... .......... .......... 98% 29.0M 0s
 58600K .......... .......... .......... .......... .......... 98% 75.8M 0s
 58650K .......... .......... .......... .......... .......... 98% 51.7M 0s
 58700K .......... .......... .......... .......... .......... 98% 14.9M 0s
 58750K .......... .......... .......... .......... .......... 98% 89.4M 0s
 58800K .......... .......... .......... .......... .......... 98% 11.3M 0s
 58850K .......... .......... .......... .......... .......... 98% 53.9M 0s
 58900K .......... .......... .......... .......... .......... 98% 50.3M 0s
 58950K .......... .......... .......... .......... .......... 98% 61.7M 0s
 59000K .......... .......... .......... .......... .......... 99%  177M 0s
 59050K .......... .......... .......... .......... .......... 99% 59.2M 0s
 59100K .......... .......... .......... .......... .......... 99% 65.7M 0s
 59150K .......... .......... .......... .......... .......... 99%  125M 0s
 59200K .......... .......... .......... .......... .......... 99% 76.7M 0s
 59250K .......... .......... .......... .......... .......... 99%  158M 0s
 59300K .......... .......... .......... .......... .......... 99% 96.9M 0s
 59350K .......... .......... .......... .......... .......... 99%  190M 0s
 59400K .......... .......... .......... .......... .......... 99%  259M 0s
 59450K .......... .......... .......... .......... .......... 99%  303M 0s
 59500K .......... .......... .......... .......... .......... 99%  269M 0s
 59550K .......... .......... .......... .......... .......... 99%  300M 0s
 59600K .......... .......... .......... ......               100%  145M=1.3s

2023-01-09 15:08:06 (43.4 MB/s) - ‘powershell-7.0.0-linux-x64.tar.gz’ saved [61068005/61068005]

CLDS: * Install PowerShell.
CLDS: * Disk size = 3845756K. Space Used = 222788K. Runtime = 00:00:00:07.
