CLDS:>>>>>>>>> Running inst-std-office-libreoffice-bpo.sh ...
Hit http://localhost jessie InRelease
Hit http://localhost nightly InRelease
Hit http://localhost jessie InRelease
Hit http://localhost jessie InRelease
Hit http://localhost jessie-backports InRelease
Hit http://localhost jessie-backports InRelease
Hit http://localhost jessie-backports InRelease
Hit http://localhost jessie InRelease
Hit http://localhost jessie InRelease
Hit http://localhost jessie-updates InRelease
Hit http://localhost jessie-updates InRelease
Hit http://localhost jessie-updates InRelease
Hit http://localhost jessie-updates InRelease
Hit http://localhost jessie-updates InRelease
Hit http://localhost jessie-updates InRelease
Hit http://localhost jessie InRelease
Hit http://localhost jessie InRelease
Hit http://localhost jessie/main amd64 Packages
Hit http://localhost nightly/main amd64 Packages
Hit http://localhost jessie/main amd64 Packages
Hit http://localhost jessie/non-free amd64 Packages
Hit http://localhost jessie-backports/contrib amd64 Packages
Hit http://localhost jessie-backports/main amd64 Packages
Hit http://localhost jessie-backports/non-free amd64 Packages
Ign http://localhost jessie/main Translation-en_US
Ign http://localhost jessie/main Translation-en
Ign http://localhost jessie/main Translation-en_US.UTF-8
Ign http://localhost nightly/main Translation-en_US
Ign http://localhost nightly/main Translation-en
Ign http://localhost nightly/main Translation-en_US.UTF-8
Ign http://localhost jessie/main Translation-en_US
Ign http://localhost jessie/main Translation-en
Ign http://localhost jessie/main Translation-en_US.UTF-8
Ign http://localhost jessie/non-free Translation-en_US
Ign http://localhost jessie/non-free Translation-en
Ign http://localhost jessie/non-free Translation-en_US.UTF-8
Hit http://localhost jessie/contrib amd64 Packages
Hit http://localhost jessie/non-free amd64 Packages
Ign http://localhost jessie-backports/contrib Translation-en_US
Ign http://localhost jessie-backports/contrib Translation-en
Ign http://localhost jessie-backports/contrib Translation-en_US.UTF-8
Hit http://localhost jessie-updates/contrib amd64 Packages
Hit http://localhost jessie-updates/main amd64 Packages
Hit http://localhost jessie-updates/non-free amd64 Packages
Ign http://localhost jessie-backports/main Translation-en_US
Ign http://localhost jessie-backports/main Translation-en
Ign http://localhost jessie-backports/main Translation-en_US.UTF-8
Ign http://localhost jessie-backports/non-free Translation-en_US
Hit http://localhost jessie-updates/contrib amd64 Packages
Ign http://localhost jessie-backports/non-free Translation-en
Ign http://localhost jessie-backports/non-free Translation-en_US.UTF-8
Ign http://localhost jessie/contrib Translation-en_US
Ign http://localhost jessie/contrib Translation-en
Hit http://localhost jessie-updates/main amd64 Packages
Ign http://localhost jessie/contrib Translation-en_US.UTF-8
Ign http://localhost jessie/non-free Translation-en_US
Ign http://localhost jessie/non-free Translation-en
Ign http://localhost jessie/non-free Translation-en_US.UTF-8
Hit http://localhost jessie-updates/non-free amd64 Packages
Ign http://localhost jessie-updates/contrib Translation-en_US
Ign http://localhost jessie-updates/contrib Translation-en
Hit http://localhost jessie/contrib amd64 Packages
Ign http://localhost jessie-updates/contrib Translation-en_US.UTF-8
Ign http://localhost jessie-updates/main Translation-en_US
Ign http://localhost jessie-updates/main Translation-en
Ign http://localhost jessie-updates/main Translation-en_US.UTF-8
Ign http://localhost jessie-updates/non-free Translation-en_US
Ign http://localhost jessie-updates/non-free Translation-en
Ign http://localhost jessie-updates/non-free Translation-en_US.UTF-8
Hit http://localhost jessie/main amd64 Packages
Ign http://localhost jessie-updates/contrib Translation-en_US
Ign http://localhost jessie-updates/contrib Translation-en
Ign http://localhost jessie-updates/contrib Translation-en_US.UTF-8
Ign http://localhost jessie-updates/main Translation-en_US
Ign http://localhost jessie-updates/main Translation-en
Ign http://localhost jessie-updates/main Translation-en_US.UTF-8
Ign http://localhost jessie-updates/non-free Translation-en_US
Ign http://localhost jessie-updates/non-free Translation-en
Ign http://localhost jessie-updates/non-free Translation-en_US.UTF-8
Ign http://localhost jessie/contrib Translation-en_US
Ign http://localhost jessie/contrib Translation-en
Ign http://localhost jessie/contrib Translation-en_US.UTF-8
Ign http://localhost jessie/main Translation-en_US
Ign http://localhost jessie/main Translation-en
Ign http://localhost jessie/main Translation-en_US.UTF-8
Reading package lists...
Reading package lists...
Building dependency tree...
Reading state information...
The following extra packages will be installed:
  librevenge-0.0-0
The following NEW packages will be installed:
  libpagemaker-0.0-0 librevenge-0.0-0
0 upgraded, 2 newly installed, 0 to remove and 22 not upgraded.
Need to get 361 kB of archives.
After this operation, 1,185 kB of additional disk space will be used.
Get:1 http://localhost/aptly-repo/jessie-main/ jessie/main librevenge-0.0-0 amd64 0.0.1-3 [277 kB]
Get:2 http://localhost/aptly-repo/jessie-main/ jessie/main libpagemaker-0.0-0 amd64 0.0.1-1 [83.9 kB]
Fetched 361 kB in 0s (16.8 MB/s)
Download complete and in download only mode
Reading package lists...
Building dependency tree...
Reading state information...
Some packages could not be installed. This may mean that you have
requested an impossible situation or if you are using the unstable
distribution that some required packages have not yet been created
or been moved out of Incoming.
The following information may help to resolve the situation:

The following packages have unmet dependencies:
 libreoffice-writer : Depends: libreoffice-base-core (= 1:5.2.3~rc1-4~bpo8+1) but it is not going to be installed
                      Depends: libreoffice-core (= 1:5.2.3~rc1-4~bpo8+1) but it is not going to be installed
E: Unable to correct problems, you have held broken packages.
Reading package lists...
Building dependency tree...
Reading state information...
Some packages could not be installed. This may mean that you have
requested an impossible situation or if you are using the unstable
distribution that some required packages have not yet been created
or been moved out of Incoming.
The following information may help to resolve the situation:

The following packages have unmet dependencies:
 libreoffice-calc : Depends: libreoffice-base-core (= 1:5.2.3~rc1-4~bpo8+1) but it is not going to be installed
                    Depends: libreoffice-core (= 1:5.2.3~rc1-4~bpo8+1) but it is not going to be installed
E: Unable to correct problems, you have held broken packages.
Reading package lists...
Building dependency tree...
Reading state information...
Some packages could not be installed. This may mean that you have
requested an impossible situation or if you are using the unstable
distribution that some required packages have not yet been created
or been moved out of Incoming.
The following information may help to resolve the situation:

The following packages have unmet dependencies:
 libreoffice-impress : Depends: libreoffice-core (= 1:5.2.3~rc1-4~bpo8+1) but it is not going to be installed
                       Depends: libreoffice-draw (= 1:5.2.3~rc1-4~bpo8+1) but it is not going to be installed
E: Unable to correct problems, you have held broken packages.
Reading package lists...
Building dependency tree...
Reading state information...
Some packages could not be installed. This may mean that you have
requested an impossible situation or if you are using the unstable
distribution that some required packages have not yet been created
or been moved out of Incoming.
The following information may help to resolve the situation:

The following packages have unmet dependencies:
 libreoffice-draw : Depends: libreoffice-core (= 1:5.2.3~rc1-4~bpo8+1) but it is not going to be installed
E: Unable to correct problems, you have held broken packages.
Reading package lists...
Building dependency tree...
Reading state information...
Some packages could not be installed. This may mean that you have
requested an impossible situation or if you are using the unstable
distribution that some required packages have not yet been created
or been moved out of Incoming.
The following information may help to resolve the situation:

The following packages have unmet dependencies:
 libreoffice-base : Depends: libreoffice-base-core (= 1:5.2.3~rc1-4~bpo8+1) but it is not going to be installed
                    Depends: libreoffice-base-drivers (= 1:5.2.3~rc1-4~bpo8+1) but it is not going to be installed
                    Depends: libreoffice-core (= 1:5.2.3~rc1-4~bpo8+1) but it is not going to be installed
E: Unable to correct problems, you have held broken packages.
Reading package lists...
Building dependency tree...
Reading state information...
Some packages could not be installed. This may mean that you have
requested an impossible situation or if you are using the unstable
distribution that some required packages have not yet been created
or been moved out of Incoming.
The following information may help to resolve the situation:

The following packages have unmet dependencies:
 libreoffice-math : Depends: libreoffice-core (= 1:5.2.3~rc1-4~bpo8+1) but it is not going to be installed
E: Unable to correct problems, you have held broken packages.
/root/scripts/repository/inst-std-office-libreoffice-bpo/inst-std-office-libreoffice-bpo.sh: line 29: libreoffice: command not found
CLDS: * Install .
CLDS: * Install Office Suite: Word processor.
CLDS: * Install Office Suite: Spreadsheet.
CLDS: * Install Office Suite: Presentation.
CLDS: * Install Office Suite: Drawing.
CLDS: * Install Office Suite: Database.
CLDS: * Install Office Suite: Equation.
CLDS: * https://wiki.documentfoundation.org/ReleasePlan
CLDS: * Disk size = 3474584K. Space Used = 348K.
