acl (=2.2.52-2)
adduser (=3.113+nmu3)
adwaita-icon-theme (=3.14.0-2)
aglfn (=1.7-3)
aircrack-ng (=1:1.2-0~beta3-4)
alsa-base (=1.0.27+1)
alsa-utils (=1.0.28-1)
amd64-microcode (=2.20160316.1~deb8u1)
ant (=1.9.4-3)
apache2 (=2.4.10-10+deb8u4)
apache2-bin (=2.4.10-10+deb8u4)
apache2-data (=2.4.10-10+deb8u4)
apache2-utils (=2.4.10-10+deb8u4)
apt (=1.0.9.8.3)
apt-utils (=1.0.9.8.3)
aptly (=0.9.7~dev+46+g2ecd933)
at-spi2-core (=2.14.0-1)
atmel-firmware (=1.3-4)
b43-fwcutter (=1:019-2)
base-files (=8+deb8u4)
base-passwd (=3.5.37)
bash (=4.3-11+b1)
binutils (=2.25-5)
blender (=2.72.b+dfsg0-3)
blender-data (=2.72.b+dfsg0-3)
bluez-firmware (=1.2-3)
bsdmainutils (=9.0.6)
bsdutils (=1:2.25.2-6)
buffer (=1.19-12)
busybox (=1:1.22.0-9+deb8u1)
bzip2 (=1.0.6-7+b3)
ca-certificates (=20141019+deb8u1)
ca-certificates-java (=20140324)
camorama (=0.19-3)
cli-common (=0.9+nmu1)
coinor-libcbc3 (=2.8.12-1)
coinor-libcgl1 (=0.58.9-1)
coinor-libclp1 (=1.15.10-1)
coinor-libcoinmp1:amd64 (=1.7.6+dfsg1-1)
coinor-libcoinutils3 (=2.9.15-3)
coinor-libosi1 (=0.106.9-1)
conky (=1.9.0-6)
conky-std (=1.9.0-6)
coreutils (=8.23-4)
cpio (=2.11+dfsg-4.1+deb8u1)
cpp (=4:4.9.2-2)
cpp-4.8 (=4.8.4-1)
cpp-4.9 (=4.9.2-10)
cron (=3.0pl1-127+deb8u1)
curl (=7.38.0-4+deb8u3)
dash (=0.5.7-4+b1)
dbus (=1.8.20-0+deb8u1)
dbus-x11 (=1.8.20-0+deb8u1)
dconf-gsettings-backend:amd64 (=0.22.0-1)
dconf-service (=0.22.0-1)
deb-multimedia-keyring (=2015.6.1)
debconf (=1.5.56)
debconf-i18n (=1.5.56)
debconf-utils (=1.5.56)
debian-archive-keyring (=2014.3)
debian-zfs (=7~jessie)
debianutils (=4.4+b1)
debootstrap (=1.0.67)
default-jdk (=2:1.7-52)
default-jre (=2:1.7-52)
default-jre-headless (=2:1.7-52)
desktop-file-utils (=0.22-1)
dh-python (=1.20141111-2)
dia (=0.97.3-1)
dia-common (=0.97.3-1)
dia-libs (=0.97.3-1)
dialog (=1.2-20140911-1)
diffutils (=1:3.3-1+b1)
dkms (=2.2.0.3-2)
dmidecode (=2.12-3)
dmsetup (=2:1.02.90-2.2)
dpkg (=1.17.26)
e2fslibs:amd64 (=1.42.12-1.1)
e2fsprogs (=1.42.12-1.1)
exfat-fuse (=1.1.0-2+deb8u1)
exfat-utils (=1.1.0-2+deb8u1)
exo-utils (=0.10.2-4)
feh (=2.12-1)
file (=1:5.22+15-2+deb8u1)
findutils (=4.4.2-9+b1)
firmware-atheros (=0.43)
firmware-bnx2 (=0.43)
firmware-bnx2x (=0.43)
firmware-brcm80211 (=0.43)
firmware-intelwimax (=0.43)
firmware-ipw2x00 (=0.43)
firmware-ivtv (=0.43)
firmware-iwlwifi (=0.43)
firmware-libertas (=0.43)
firmware-linux (=0.43)
firmware-linux-free (=3.3)
firmware-linux-nonfree (=0.43)
firmware-qlogic (=0.43)
firmware-ralink (=0.43)
firmware-realtek (=0.43)
firmware-zd1211 (=3.0.0.56-3)
flashplugin-nonfree (=1:3.6.1)
fontconfig (=2.11.0-6.3)
fontconfig-config (=2.11.0-6.3)
fonts-dejavu-core (=2.34-1)
fonts-droid (=1:4.4.4r2-6)
fonts-hanazono (=20141012-1)
fonts-liberation (=1.07.4-1)
fonts-opensymbol (=2:102.7+LibO5.1.1-1~bpo8+1)
fuse (=2.9.3-15+deb8u2)
gcc (=4:4.9.2-2)
gcc-4.8 (=4.8.4-1)
gcc-4.8-base:amd64 (=4.8.4-1)
gcc-4.9 (=4.9.2-10)
gcc-4.9-base:amd64 (=4.9.2-10)
gconf-service (=3.2.6-3)
gconf2 (=3.2.6-3)
gconf2-common (=3.2.6-3)
gir1.2-glib-2.0:amd64 (=1.42.0-2.2)
glib-networking:amd64 (=2.42.0-2)
glib-networking-common (=2.42.0-2)
glib-networking-services (=2.42.0-2)
gnome-disk-utility (=3.12.1-1+b1)
gnome-icon-theme (=3.12.0-1)
gnome-mime-data (=2.18.0-1)
gnome-screenshot (=3.14.0-1)
gnupg (=1.4.18-7+deb8u1)
gnuplot (=4.6.6-2)
gnuplot-data (=4.6.6-2)
gnuplot-qt (=4.6.6-2)
gnuplot-tex (=4.6.6-2)
gpgv (=1.4.18-7+deb8u1)
gpicview (=0.2.4-2+b2)
grep (=2.20-4.1)
groff-base (=1.22.2-8)
gsettings-desktop-schemas (=3.14.1-1)
gzip (=1.6-4)
hardinfo (=0.5.1-1.4)
hicolor-icon-theme (=0.13-1)
hostname (=3.15)
iat (=0.1.3-7)
iceweasel (=44.0.2-1~bpo80+1)
ifupdown (=0.7.53.1)
imagemagick (=8:6.8.9.9-5+deb8u1)
imagemagick-6.q16 (=8:6.8.9.9-5+deb8u1)
imagemagick-common (=8:6.8.9.9-5+deb8u1)
init (=1.22)
init-system-helpers (=1.22)
initramfs-tools (=0.120+deb8u1)
initscripts (=2.88dsf-59)
insserv (=1.14.0-5)
intel-microcode (=3.20151106.1~deb8u1)
iproute2 (=3.16.0-2)
iptables (=1.4.21-2+b1)
iputils-ping (=3:20121221-5+b2)
irqbalance (=1.0.6-3)
isc-dhcp-client (=4.3.1-6+deb8u2)
isc-dhcp-common (=4.3.1-6+deb8u2)
iso-codes (=3.57-1)
isolinux (=3:6.03+dfsg-5+deb8u1)
iucode-tool (=1.1.1-1)
iw (=3.17-1)
java-common (=0.52)
jmtpfs (=0.5-2)
jwm (=2.1.0+svn579-2)
keyboard-configuration (=1.123)
klibc-utils (=2.0.4-2)
kmod (=18-3)
less (=458-3)
libaacplus2:amd64 (=2.0.2-dmo2)
libabw-0.1-1 (=0.1.0-2)
libacl1:amd64 (=2.2.52-2)
libaio1:amd64 (=0.3.110-1)
libalgorithm-c3-perl (=0.09-1)
libapache2-mod-php5 (=5.6.19+dfsg-0+deb8u1)
libapr1:amd64 (=1.5.1-3)
libaprutil1:amd64 (=1.5.4-1)
libaprutil1-dbd-sqlite3:amd64 (=1.5.4-1)
libaprutil1-ldap:amd64 (=1.5.4-1)
libapt-inst1.5:amd64 (=1.0.9.8.3)
libapt-pkg4.12:amd64 (=1.0.9.8.3)
libarchive-extract-perl (=0.72-1)
libart-2.0-2:amd64 (=2.3.21-2)
libasan0:amd64 (=4.8.4-1)
libasan1:amd64 (=4.9.2-10)
libasn1-8-heimdal:amd64 (=1.6~rc2+dfsg-9)
libasound2:amd64 (=1.0.28-1)
libasound2-data (=1.0.28-1)
libass5:amd64 (=0.10.2-3)
libasyncns0:amd64 (=0.8-5)
libatasmart4:amd64 (=0.19-3)
libatk-bridge2.0-0:amd64 (=2.14.0-2)
libatk-wrapper-java (=0.30.5-1)
libatk-wrapper-java-jni:amd64 (=0.30.5-1)
libatk1.0-0:amd64 (=2.14.0-1)
libatk1.0-data (=2.14.0-1)
libatomic1:amd64 (=4.9.2-10)
libatspi2.0-0:amd64 (=2.14.0-1)
libattr1:amd64 (=1:2.4.47-2)
libaudio2:amd64 (=1.9.4-3)
libaudit-common (=1:2.4-1)
libaudit1:amd64 (=1:2.4-1+b1)
libavahi-client3:amd64 (=0.6.31-5)
libavahi-common-data:amd64 (=0.6.31-5)
libavahi-common3:amd64 (=0.6.31-5)
libavahi-glib1:amd64 (=0.6.31-5)
libavc1394-0:amd64 (=0.5.4-2)
libavcodec56:amd64 (=10:2.6.8-dmo1)
libavdevice55:amd64 (=6:11.6-1~deb8u1)
libavdevice56:amd64 (=10:2.6.8-dmo1)
libavfilter5:amd64 (=10:2.6.8-dmo1)
libavformat56:amd64 (=10:2.6.8-dmo1)
libavresample2:amd64 (=10:2.6.8-dmo1)
libavutil54:amd64 (=10:2.6.8-dmo1)
libblas-common (=1.2.20110419-10)
libblas3 (=1.2.20110419-10)
libblkid1:amd64 (=2.25.2-6)
libbluray1:amd64 (=2:0.7.0-dmo1)
libbonobo2-0:amd64 (=2.32.1-3)
libbonobo2-common (=2.32.1-3)
libbonoboui2-0:amd64 (=2.24.5-2)
libbonoboui2-common (=2.24.5-2)
libboost-chrono1.55.0:amd64 (=1.55.0+dfsg-3)
libboost-date-time1.55.0:amd64 (=1.55.0+dfsg-3)
libboost-filesystem1.55.0:amd64 (=1.55.0+dfsg-3)
libboost-iostreams1.55.0:amd64 (=1.55.0+dfsg-3)
libboost-locale1.55.0:amd64 (=1.55.0+dfsg-3)
libboost-regex1.55.0:amd64 (=1.55.0+dfsg-3)
libboost-system1.55.0:amd64 (=1.55.0+dfsg-3)
libboost-thread1.55.0:amd64 (=1.55.0+dfsg-3)
libbs2b0 (=3.1.0+dfsg-2.1)
libbsd0:amd64 (=0.7.0-2)
libburn4 (=1.3.2-1.1)
libbz2-1.0:amd64 (=1.0.6-7+b3)
libc-ares2:amd64 (=1.10.0-2)
libc-bin (=2.19-18+deb8u4)
libc-dev-bin (=2.19-18+deb8u4)
libc6:amd64 (=2.19-18+deb8u4)
libc6-dev:amd64 (=2.19-18+deb8u4)
libcaca0:amd64 (=0.99.beta19-2)
libcairo-gobject2:amd64 (=1.14.0-2.1+deb8u1)
libcairo2:amd64 (=1.14.0-2.1+deb8u1)
libcanberra-gtk3-0:amd64 (=0.30-2.1)
libcanberra0:amd64 (=0.30-2.1)
libcap-ng0:amd64 (=0.7.4-2)
libcap2:amd64 (=1:2.24-8)
libcap2-bin (=1:2.24-8)
libcdio-cdda1 (=0.83-4.2)
libcdio-paranoia1 (=0.83-4.2)
libcdio13 (=0.83-4.2)
libcdr-0.1-1 (=0.1.0-3)
libcgi-fast-perl (=1:2.04-1)
libcgi-pm-perl (=4.09-1)
libcilkrts5:amd64 (=4.9.2-10)
libclass-c3-perl (=0.26-1)
libclass-c3-xs-perl (=0.13-2+b1)
libcloog-isl4:amd64 (=0.18.2-1+b2)
libclucene-contribs1:amd64 (=2.3.3.4-4)
libclucene-core1:amd64 (=2.3.3.4-4)
libcolamd2.8.0:amd64 (=1:4.2.1-3)
libcolord2:amd64 (=1.2.1-1+b2)
libcomerr2:amd64 (=1.42.12-1.1)
libcpan-meta-perl (=2.142690-1)
libcrack2:amd64 (=2.9.2-1)
libcroco3:amd64 (=0.6.8-3+b1)
libcryptsetup4:amd64 (=2:1.6.6-5)
libcrystalhd3:amd64 (=1:0.0~git20110715.fdd2f19-11)
libcups2:amd64 (=1.7.5-11+deb8u1)
libcurl3:amd64 (=7.38.0-4+deb8u3)
libcurl3-gnutls:amd64 (=7.38.0-4+deb8u3)
libdata-optlist-perl (=0.109-1)
libdata-section-perl (=0.200006-1)
libdatrie1:amd64 (=0.2.8-1)
libdb5.3:amd64 (=5.3.28-9)
libdbi-perl (=1.631-3+b1)
libdbus-1-3:amd64 (=1.8.20-0+deb8u1)
libdbus-glib-1-2:amd64 (=0.102-1)
libdc1394-22:amd64 (=2.2.3-1)
libdconf1:amd64 (=0.22.0-1)
libdebconfclient0:amd64 (=0.192)
libdevmapper1.02.1:amd64 (=2:1.02.90-2.2)
libdirectfb-1.2-9:amd64 (=1.2.10.0-5.1)
libdns-export100 (=1:9.9.5.dfsg-9+deb8u6)
libdrm-intel1:amd64 (=2.4.58-2)
libdrm-nouveau2:amd64 (=2.4.58-2)
libdrm-radeon1:amd64 (=2.4.58-2)
libdrm2:amd64 (=2.4.58-2)
libdvdnav4:amd64 (=5.0.1-1)
libdvdread4:amd64 (=5.0.0-1)
libe-book-0.1-1 (=0.1.1-2)
libedit2:amd64 (=3.1-20140620-2)
libegl1-mesa:amd64 (=10.3.2-1+deb8u1)
libelf1:amd64 (=0.159-4.2)
libenca0:amd64 (=1.16-1)
libeot0 (=0.01-3)
libepoxy0 (=1.2-1)
libestr0 (=0.1.9-1.1)
libetonyek-0.1-1 (=0.1.1-2)
libevdev2 (=1.3+dfsg-1)
libevent-2.0-5:amd64 (=2.0.21-stable-2)
libexif12:amd64 (=0.6.21-2)
libexo-1-0:amd64 (=0.10.2-4)
libexo-common (=0.10.2-4)
libexo-helpers (=0.10.2-4)
libexpat1:amd64 (=2.1.0-6+deb8u1)
libexttextcat-2.0-0 (=3.4.4-1)
libexttextcat-data (=3.4.4-1)
libfaac0:amd64 (=1:1.28-dmo3)
libfcgi-perl (=0.77-1+b1)
libfdk-aac1:amd64 (=1:0.1.4-dmo1)
libffi6:amd64 (=3.1-2+b2)
libfftw3-double3:amd64 (=3.3.4-2)
libflac8:amd64 (=1.3.0-3)
libfontconfig1:amd64 (=2.11.0-6.3)
libfontenc1:amd64 (=1:1.1.2-1+b2)
libfreehand-0.1-1 (=0.1.0-2)
libfreetype6:amd64 (=2.5.2-3+deb8u1)
libfribidi0:amd64 (=0.19.6-3)
libfuse2:amd64 (=2.9.3-15+deb8u2)
libgail18:amd64 (=2.24.25-3+deb8u1)
libgbm1:amd64 (=10.3.2-1+deb8u1)
libgcc-4.8-dev:amd64 (=4.8.4-1)
libgcc-4.9-dev:amd64 (=4.9.2-10)
libgcc1:amd64 (=1:4.9.2-10)
libgconf-2-4:amd64 (=3.2.6-3)
libgcrypt20:amd64 (=1.6.3-2+deb8u1)
libgd3:amd64 (=2.1.0-5)
libgdbm3:amd64 (=1.8.3-13.1)
libgdiplus (=3.6-1+b2)
libgdk-pixbuf2.0-0:amd64 (=2.31.1-2+deb8u4)
libgdk-pixbuf2.0-common (=2.31.1-2+deb8u4)
libgeoip1:amd64 (=1.6.2-4)
libgfortran3:amd64 (=4.9.2-10)
libgif4:amd64 (=4.1.6-11+deb8u1)
libgirepository-1.0-1:amd64 (=1.42.0-2.2)
libgl1-mesa-dri:amd64 (=10.3.2-1+deb8u1)
libgl1-mesa-glx:amd64 (=10.3.2-1+deb8u1)
libglade2-0:amd64 (=1:2.6.4-2)
libglapi-mesa:amd64 (=10.3.2-1+deb8u1)
libglew1.10:amd64 (=1.10.0-3)
libglib2.0-0:amd64 (=2.42.1-1+b1)
libglib2.0-cil (=2.12.10-5.1)
libglib2.0-data (=2.42.1-1)
libglu1-mesa:amd64 (=9.0.0-2)
libgmp10:amd64 (=2:6.0.0+dfsg-6)
libgnome-2-0:amd64 (=2.32.1-5)
libgnome-keyring-common (=3.12.0-1)
libgnome-keyring0:amd64 (=3.12.0-1+b1)
libgnome2-0:amd64 (=2.32.1-5)
libgnome2-bin (=2.32.1-5)
libgnome2-common (=2.32.1-5)
libgnomecanvas2-0:amd64 (=2.30.3-2)
libgnomecanvas2-common (=2.30.3-2)
libgnomeui-0:amd64 (=2.24.5-3)
libgnomeui-common (=2.24.5-3)
libgnomevfs2-0:amd64 (=1:2.24.4-6+b1)
libgnomevfs2-common (=1:2.24.4-6)
libgnutls-deb0-28:amd64 (=3.3.8-6+deb8u3)
libgnutls-openssl27:amd64 (=3.3.8-6+deb8u3)
libgomp1:amd64 (=4.9.2-10)
libgpg-error0:amd64 (=1.17-3)
libgraphite2-3:amd64 (=1.3.6-1~deb8u1)
libgsm1:amd64 (=1.0.13-4)
libgssapi-krb5-2:amd64 (=1.12.1+dfsg-19+deb8u2)
libgssapi3-heimdal:amd64 (=1.6~rc2+dfsg-9)
libgstreamer-plugins-base0.10-0:amd64 (=0.10.36-2)
libgstreamer0.10-0:amd64 (=0.10.36-1.5)
libgtk-3-0:amd64 (=3.14.5-1+deb8u1)
libgtk-3-bin (=3.14.5-1+deb8u1)
libgtk-3-common (=3.14.5-1+deb8u1)
libgtk2.0-0:amd64 (=2.24.25-3+deb8u1)
libgtk2.0-cil (=2.12.10-5.1)
libgtk2.0-common (=2.24.25-3+deb8u1)
libgtkglext1 (=1.2.0-3.2)
libgudev-1.0-0:amd64 (=215-17+deb8u4)
libguess1:amd64 (=1.2-dmo2)
libharfbuzz-icu0:amd64 (=0.9.35-2)
libharfbuzz0b:amd64 (=0.9.35-2)
libhcrypto4-heimdal:amd64 (=1.6~rc2+dfsg-9)
libheimbase1-heimdal:amd64 (=1.6~rc2+dfsg-9)
libheimntlm0-heimdal:amd64 (=1.6~rc2+dfsg-9)
libhogweed2:amd64 (=2.7.1-5+deb8u1)
libhunspell-1.3-0:amd64 (=1.3.3-3)
libhx509-5-heimdal:amd64 (=1.6~rc2+dfsg-9)
libhyphen0 (=2.8.8-1)
libice6:amd64 (=2:1.0.9-1+b1)
libicu52:amd64 (=52.1-8+deb8u3)
libid3tag0 (=0.15.1b-11)
libidn11:amd64 (=1.29-1+b2)
libiec61883-0:amd64 (=1.2.0-0.2)
libilmbase6:amd64 (=1.0.1-6.1)
libimlib2 (=1.4.6-2+deb8u1)
libirs-export91 (=1:9.9.5.dfsg-9+deb8u6)
libisc-export95 (=1:9.9.5.dfsg-9+deb8u6)
libisccfg-export90 (=1:9.9.5.dfsg-9+deb8u6)
libisl10:amd64 (=0.12.2-2)
libisoburn1 (=1.3.2-1.1)
libisofs6 (=1.3.2-1.1)
libitm1:amd64 (=4.9.2-10)
libiw30:amd64 (=30~pre9-8)
libjack-jackd2-0:amd64 (=1.9.10+20140719git3eb0ae6a~dfsg-2)
libjasper1:amd64 (=1.900.1-debian1-2.4+deb8u1)
libjbig0:amd64 (=2.1-3.1)
libjbig2dec0 (=0.11+20120125-1)
libjemalloc1 (=3.6.0-3)
libjpeg-turbo-progs (=1:1.3.1-12)
libjpeg62-turbo:amd64 (=1:1.3.1-12)
libjs-jquery (=1.7.2+dfsg-3.2)
libjs-jquery-ui (=1.10.1+dfsg-1)
libjson-c2:amd64 (=0.11-4)
libjson-glib-1.0-0:amd64 (=1.0.2-1)
libjson-glib-1.0-common (=1.0.2-1)
libjte1 (=1.20-1)
libk5crypto3:amd64 (=1.12.1+dfsg-19+deb8u2)
libkeyutils1:amd64 (=1.5.9-5+b1)
libklibc (=2.0.4-2)
libkmod2:amd64 (=18-3)
libkrb5-26-heimdal:amd64 (=1.6~rc2+dfsg-9)
libkrb5-3:amd64 (=1.12.1+dfsg-19+deb8u2)
libkrb5support0:amd64 (=1.12.1+dfsg-19+deb8u2)
liblangtag-common (=0.5.1-3)
liblangtag1 (=0.5.1-3)
liblapack3 (=3.5.0-4)
liblcms2-2:amd64 (=2.6-3+b3)
libldap-2.4-2:amd64 (=2.4.40+dfsg-1+deb8u2)
libldb1:amd64 (=2:1.1.17-2+deb8u1)
liblircclient0 (=0.9.0~pre1-1.2)
libllvm3.5:amd64 (=1:3.5-10)
liblocale-gettext-perl (=1.05-8+b1)
liblog-message-perl (=0.8-1)
liblog-message-simple-perl (=0.10-2)
liblogging-stdlog0:amd64 (=1.0.4-1)
liblognorm1:amd64 (=1.0.1-3)
liblqr-1-0:amd64 (=0.4.2-2)
liblsan0:amd64 (=4.9.2-10)
libltdl7:amd64 (=2.4.2-1.11)
liblua5.1-0:amd64 (=5.1.5-7.1)
liblua5.2-0:amd64 (=5.2.3-1.1)
liblzma5:amd64 (=5.1.1alpha+20120614-2+b3)
liblzo2-2:amd64 (=2.08-1.2)
libmagic1:amd64 (=1:5.22+15-2+deb8u1)
libmagickcore-6.q16-2:amd64 (=8:6.8.9.9-5+deb8u1)
libmagickwand-6.q16-2:amd64 (=8:6.8.9.9-5+deb8u1)
libmhash2:amd64 (=0.9.9.9-7)
libmng1:amd64 (=1.0.10+dfsg-3.1+b3)
libmnl0:amd64 (=1.0.3-5)
libmodule-build-perl (=0.421000-2)
libmodule-pluggable-perl (=5.1-1)
libmodule-signature-perl (=0.73-1+deb8u2)
libmono-addins-gui0.2-cil (=1.0+git20130406.adcd75b-3)
libmono-addins0.2-cil (=1.0+git20130406.adcd75b-3)
libmono-cairo4.0-cil (=3.2.8+dfsg-10)
libmono-corlib2.0-cil (=3.2.8+dfsg-10)
libmono-corlib4.5-cil (=3.2.8+dfsg-10)
libmono-posix2.0-cil (=3.2.8+dfsg-10)
libmono-posix4.0-cil (=3.2.8+dfsg-10)
libmono-security2.0-cil (=3.2.8+dfsg-10)
libmono-security4.0-cil (=3.2.8+dfsg-10)
libmono-sharpzip4.84-cil (=3.2.8+dfsg-10)
libmono-system-configuration4.0-cil (=3.2.8+dfsg-10)
libmono-system-core4.0-cil (=3.2.8+dfsg-10)
libmono-system-drawing4.0-cil (=3.2.8+dfsg-10)
libmono-system-security4.0-cil (=3.2.8+dfsg-10)
libmono-system-xml4.0-cil (=3.2.8+dfsg-10)
libmono-system2.0-cil (=3.2.8+dfsg-10)
libmono-system4.0-cil (=3.2.8+dfsg-10)
libmount1:amd64 (=2.25.2-6)
libmowgli-2-0:amd64 (=2.0.0-dmo1)
libmp3lame0:amd64 (=1:3.99.5-dmo4)
libmpc3:amd64 (=1.0.2-1)
libmpdec2:amd64 (=2.4.1-1)
libmpfr4:amd64 (=3.1.2-2)
libmpg123-0:amd64 (=1.20.1-2)
libmro-compat-perl (=0.12-1)
libmspub-0.1-1 (=0.1.1-2)
libmtdev1:amd64 (=1.1.5-1)
libmtp-common (=1.1.10-1~bpo8+1)
libmtp9:amd64 (=1.1.10-1~bpo8+1)
libmwaw-0.3-3 (=0.3.1-2)
libmysqlclient18:amd64 (=5.5.47-0+deb8u1)
libmythes-1.2-0 (=2:1.2.4-1)
libncurses5:amd64 (=5.9+20140913-1+b1)
libncursesw5:amd64 (=5.9+20140913-1+b1)
libneon27-gnutls (=0.30.1-1)
libnetfilter-acct1:amd64 (=1.0.2-1.1)
libnettle4:amd64 (=2.7.1-5+deb8u1)
libnewt0.52:amd64 (=0.52.17-1+b1)
libnfnetlink0:amd64 (=1.0.1-3)
libnl-3-200:amd64 (=3.2.24-2)
libnl-genl-3-200:amd64 (=3.2.24-2)
libnotify4:amd64 (=0.7.6-2)
libnspr4:amd64 (=2:4.10.7-1+deb8u1)
libnss3:amd64 (=2:3.17.2-1.1+deb8u2)
libntdb1:amd64 (=1.0-5)
libnuma1:amd64 (=2.0.10-1)
libnvpair1 (=0.6.5.6-3)
libodfgen-0.1-1 (=0.1.1-2)
libogg0:amd64 (=1.3.2-1)
libonig2:amd64 (=5.9.5-3.2)
libopenal-data (=1:1.15.1-5)
libopenal1:amd64 (=1:1.15.1-5)
libopencolorio1 (=1.0.9~dfsg0-3)
libopencore-amrnb0:amd64 (=0.1.3-2.1)
libopencore-amrwb0:amd64 (=0.1.3-2.1)
libopencv-core2.4:amd64 (=2.4.9.1+dfsg-1+deb8u1)
libopencv-highgui2.4:amd64 (=2.4.9.1+dfsg-1+deb8u1)
libopencv-imgproc2.4:amd64 (=2.4.9.1+dfsg-1+deb8u1)
libopenexr6:amd64 (=1.6.1-8)
libopenimageio1.4 (=1.4.14~dfsg0-1)
libopenjp2-7:amd64 (=2.1.0-2)
libopenjpeg5:amd64 (=1:1.5.2-3)
libopts25:amd64 (=1:5.18.4-3)
libopus0:amd64 (=1.1-2)
liborbit-2-0:amd64 (=1:2.14.19-0.3)
liborc-0.4-0:amd64 (=1:0.4.22-1)
libp11-kit0:amd64 (=0.20.7-1)
libpackage-constants-perl (=0.04-1)
libpagemaker-0.0-0 (=0.0.1-1)
libpam-modules:amd64 (=1.1.8-3.1+deb8u1+b1)
libpam-modules-bin (=1.1.8-3.1+deb8u1+b1)
libpam-runtime (=1.1.8-3.1+deb8u1)
libpam-systemd:amd64 (=215-17+deb8u4)
libpam0g:amd64 (=1.1.8-3.1+deb8u1+b1)
libpango-1.0-0:amd64 (=1.36.8-3)
libpango1.0-0:amd64 (=1.36.8-3)
libpangocairo-1.0-0:amd64 (=1.36.8-3)
libpangoft2-1.0-0:amd64 (=1.36.8-3)
libpangox-1.0-0:amd64 (=0.0.2-5)
libpangoxft-1.0-0:amd64 (=1.36.8-3)
libparams-util-perl (=1.07-2+b1)
libparted2:amd64 (=3.2-7)
libpcap0.8:amd64 (=1.6.2-2)
libpci3:amd64 (=1:3.2.1-3)
libpciaccess0:amd64 (=0.13.2-3+b1)
libpcre3:amd64 (=2:8.35-3.3+deb8u4)
libpcsclite1:amd64 (=1.8.13-1)
libperl4-corelibs-perl (=0.003-1)
libperl5.20 (=5.20.2-3+deb8u4)
libpipeline1:amd64 (=1.4.0-1)
libpixman-1-0:amd64 (=0.32.6-3)
libpng12-0:amd64 (=1.2.50-2+deb8u2)
libpod-latex-perl (=0.61-1)
libpod-readme-perl (=0.11-1)
libpolkit-agent-1-0:amd64 (=0.105-8)
libpolkit-gobject-1-0:amd64 (=0.105-8)
libpoppler46:amd64 (=0.26.5-2)
libpopt0:amd64 (=1.16-10)
libpostproc53:amd64 (=10:2.6.8-dmo1)
libprocps3:amd64 (=2:3.3.9-9)
libproxy1:amd64 (=0.4.11-4+b2)
libpsl0:amd64 (=0.5.1-1)
libpulse0:amd64 (=5.0-13)
libpwquality-common (=1.2.3-1)
libpwquality1:amd64 (=1.2.3-1)
libpython-stdlib:amd64 (=2.7.9-1)
libpython2.7:amd64 (=2.7.9-2)
libpython2.7-minimal:amd64 (=2.7.9-2)
libpython2.7-stdlib:amd64 (=2.7.9-2)
libpython3-stdlib:amd64 (=3.4.2-2)
libpython3.4:amd64 (=3.4.2-1)
libpython3.4-minimal:amd64 (=3.4.2-1)
libpython3.4-stdlib:amd64 (=3.4.2-1)
libqdbm14 (=1.8.78-5+b1)
libqt4-network:amd64 (=4:4.8.6+git64-g5dc8b2b+dfsg-3+deb8u1)
libqt4-opengl:amd64 (=4:4.8.6+git64-g5dc8b2b+dfsg-3+deb8u1)
libqt4-svg:amd64 (=4:4.8.6+git64-g5dc8b2b+dfsg-3+deb8u1)
libqt4-xml:amd64 (=4:4.8.6+git64-g5dc8b2b+dfsg-3+deb8u1)
libqtcore4:amd64 (=4:4.8.6+git64-g5dc8b2b+dfsg-3+deb8u1)
libqtdbus4:amd64 (=4:4.8.6+git64-g5dc8b2b+dfsg-3+deb8u1)
libqtgui4:amd64 (=4:4.8.6+git64-g5dc8b2b+dfsg-3+deb8u1)
libquadmath0:amd64 (=4.9.2-10)
libraptor2-0:amd64 (=2.0.14-1)
librasqal3:amd64 (=0.9.32-1)
libraw10:amd64 (=0.16.0-9+deb8u2)
libraw1394-11:amd64 (=2.1.0-3)
librdf0:amd64 (=1.0.17-1+b1)
libreadline5:amd64 (=5.2+dfsg-2)
libreadline6:amd64 (=6.3-8+b3)
libregexp-common-perl (=2013031301-1)
libreoffice-base (=1:5.1.1-1~bpo8+1)
libreoffice-base-core (=1:5.1.1-1~bpo8+1)
libreoffice-base-drivers (=1:5.1.1-1~bpo8+1)
libreoffice-calc (=1:5.1.1-1~bpo8+1)
libreoffice-common (=1:5.1.1-1~bpo8+1)
libreoffice-core (=1:5.1.1-1~bpo8+1)
libreoffice-draw (=1:5.1.1-1~bpo8+1)
libreoffice-impress (=1:5.1.1-1~bpo8+1)
libreoffice-math (=1:5.1.1-1~bpo8+1)
libreoffice-style-galaxy (=1:5.1.1-1~bpo8+1)
libreoffice-writer (=1:5.1.1-1~bpo8+1)
librest-0.7-0:amd64 (=0.7.92-3)
librevenge-0.0-0 (=0.0.1-3)
libroken18-heimdal:amd64 (=1.6~rc2+dfsg-9)
librsvg2-2:amd64 (=2.40.5-1+deb8u1)
librsvg2-common:amd64 (=2.40.5-1+deb8u1)
librtmp1:amd64 (=2:2.4~20150315.gita107cef9b-dmo1)
libsamplerate0:amd64 (=0.1.8-8)
libsasl2-2:amd64 (=2.1.26.dfsg1-13+deb8u1)
libsasl2-modules-db:amd64 (=2.1.26.dfsg1-13+deb8u1)
libschroedinger-1.0-0:amd64 (=1.0.11-2.1)
libsctp1:amd64 (=1.0.16+dfsg-2)
libsdl1.2debian:amd64 (=1.2.15-10+b1)
libsecret-1-0:amd64 (=0.18-1+b1)
libsecret-common (=0.18-1)
libselinux1:amd64 (=2.3-2)
libsemanage-common (=2.3-1)
libsemanage1:amd64 (=2.3-1+b1)
libsepol1:amd64 (=2.3-2)
libsigc++-2.0-0c2a:amd64 (=2.4.0-1)
libslang2:amd64 (=2.3.0-2)
libsm6:amd64 (=2:1.2.2-1+b1)
libsmartcols1:amd64 (=2.25.2-6)
libsmbclient:amd64 (=2:4.1.17+dfsg-2+deb8u2)
libsmi2ldbl:amd64 (=0.4.8+dfsg2-10+b2)
libsndfile1:amd64 (=1.0.25-9.1+deb8u1)
libsoftware-license-perl (=0.103010-3)
libsoup-gnome2.4-1:amd64 (=2.48.0-1)
libsoup2.4-1:amd64 (=2.48.0-1)
libspeex1:amd64 (=1.2~rc1.2-1)
libspnav0 (=0.2.2-1)
libsqlite3-0:amd64 (=3.8.7.1-1+deb8u1)
libss2:amd64 (=1.42.12-1.1)
libssh2-1:amd64 (=1.4.3-4.1+deb8u1)
libssl1.0.0:amd64 (=1.0.1k-3+deb8u4)
libstartup-notification0:amd64 (=0.12-4)
libstdc++6:amd64 (=4.9.2-10)
libsub-exporter-perl (=0.986-1)
libsub-install-perl (=0.928-1)
libswresample1:amd64 (=10:2.6.8-dmo1)
libswscale3:amd64 (=10:2.6.8-dmo1)
libsystemd0:amd64 (=215-17+deb8u4)
libtag1-vanilla:amd64 (=1.9.1-2.1)
libtag1c2a:amd64 (=1.9.1-2.1)
libtagc0:amd64 (=1.9.1-2.1)
libtalloc2:amd64 (=2.1.1-2)
libtasn1-6:amd64 (=4.2-3+deb8u1)
libtbb2 (=4.2~20140122-5)
libtdb1:amd64 (=1.3.1-1)
libterm-readkey-perl (=2.32-1+b1)
libterm-ui-perl (=0.42-1)
libtevent0:amd64 (=0.9.21-1)
libtext-charwidth-perl (=0.04-7+b3)
libtext-iconv-perl (=1.7-5+b2)
libtext-soundex-perl (=3.4-1+b2)
libtext-template-perl (=1.46-1)
libtext-wrapi18n-perl (=0.06-7)
libthai-data (=0.1.21-1)
libthai0:amd64 (=0.1.21-1)
libtheora0:amd64 (=1.1.1+dfsg.1-6)
libthunarx-2-0 (=1.6.3-2)
libtiff5:amd64 (=4.0.3-12.3+deb8u1)
libtinfo5:amd64 (=5.9+20140913-1+b1)
libtinyxml2.6.2:amd64 (=2.6.2-2)
libtsan0:amd64 (=4.9.2-10)
libturbojpeg1:amd64 (=1:1.3.1-12)
libubsan0:amd64 (=4.9.2-10)
libudev1:amd64 (=215-17+deb8u4)
libudisks2-0:amd64 (=2.1.3-5)
libusb-0.1-4:amd64 (=2:0.1.12-25)
libusb-1.0-0:amd64 (=2:1.0.19-1)
libustr-1.0-1:amd64 (=1.0.4-3+b2)
libutempter0 (=1.1.5-4)
libutvideo15:amd64 (=15.1.0-dmo2)
libuuid-perl (=0.05-1+b1)
libuuid1:amd64 (=2.25.2-6)
libuutil1 (=0.6.5.6-3)
libv4l-0:amd64 (=1.6.0-2)
libv4lconvert0:amd64 (=1.6.0-2)
libva-glx1:amd64 (=1.4.1-1)
libva-x11-1:amd64 (=1.4.1-1)
libva1:amd64 (=1.4.1-1)
libvdpau1:amd64 (=0.8-3+deb8u2)
libvidstab1.0 (=2:0.98b-dmo1)
libvisio-0.1-1 (=0.1.0-2)
libvo-aacenc0:amd64 (=0.1.3-1)
libvo-amrwbenc0:amd64 (=0.1.3-1)
libvorbis0a:amd64 (=1.3.4-2)
libvorbisenc2:amd64 (=1.3.4-2)
libvorbisfile3:amd64 (=1.3.4-2)
libvpx1:amd64 (=1.3.0-3)
libvte-common (=1:0.28.2-5)
libvte9 (=1:0.28.2-5)
libwayland-client0:amd64 (=1.6.0-2)
libwayland-cursor0:amd64 (=1.6.0-2)
libwayland-egl1-mesa:amd64 (=10.3.2-1+deb8u1)
libwayland-server0:amd64 (=1.6.0-2)
libwbclient0:amd64 (=2:4.1.17+dfsg-2+deb8u2)
libwebp5:amd64 (=0.4.1-1.2+b2)
libwind0-heimdal:amd64 (=1.6~rc2+dfsg-9)
libwine:amd64 (=1.6.2-20)
libwine-gecko-2.21 (=2.21+dfsg2-1)
libwireshark-data (=1.12.1+g01b65bf-4+deb8u5)
libwireshark5:amd64 (=1.12.1+g01b65bf-4+deb8u5)
libwiretap4:amd64 (=1.12.1+g01b65bf-4+deb8u5)
libwpd-0.10-10 (=0.10.0-2+b1)
libwpg-0.3-3 (=0.3.0-3)
libwrap0:amd64 (=7.6.q-25)
libwsutil4:amd64 (=1.12.1+g01b65bf-4+deb8u5)
libx11-6:amd64 (=2:1.6.2-3)
libx11-data (=2:1.6.2-3)
libx11-xcb1:amd64 (=2:1.6.2-3)
libx264-146:amd64 (=3:0.146.2538+git121396c-dmo1)
libx265-51:amd64 (=1.6-dmo1)
libxatracker2:amd64 (=10.3.2-1+deb8u1)
libxau6:amd64 (=1:1.0.8-1)
libxaw7:amd64 (=2:1.0.12-2+b1)
libxcb-dri2-0:amd64 (=1.10-3+b1)
libxcb-dri3-0:amd64 (=1.10-3+b1)
libxcb-glx0:amd64 (=1.10-3+b1)
libxcb-present0:amd64 (=1.10-3+b1)
libxcb-render0:amd64 (=1.10-3+b1)
libxcb-shape0:amd64 (=1.10-3+b1)
libxcb-shm0:amd64 (=1.10-3+b1)
libxcb-sync1:amd64 (=1.10-3+b1)
libxcb-util0:amd64 (=0.3.8-3)
libxcb-xfixes0:amd64 (=1.10-3+b1)
libxcb1:amd64 (=1.10-3+b1)
libxcomposite1:amd64 (=1:0.4.4-1)
libxcursor1:amd64 (=1:1.1.14-1+b1)
libxdamage1:amd64 (=1:1.1.4-2+b1)
libxdmcp6:amd64 (=1:1.1.1-1+b1)
libxext6:amd64 (=2:1.3.3-1)
libxfce4ui-1-0 (=4.10.0-6)
libxfce4util-common (=4.10.1-2)
libxfce4util6 (=4.10.1-2)
libxfconf-0-2 (=4.10.0-3)
libxfixes3:amd64 (=1:5.0.1-2+b2)
libxfont1:amd64 (=1:1.5.1-1)
libxft2:amd64 (=2.3.2-1)
libxi6:amd64 (=2:1.7.4-1+b2)
libxinerama1:amd64 (=2:1.1.3-1+b1)
libxkbcommon0:amd64 (=0.4.3-2)
libxkbfile1:amd64 (=1:1.0.8-1)
libxml2:amd64 (=2.9.1+dfsg1-5+deb8u1)
libxml2-utils (=2.9.1+dfsg1-5+deb8u1)
libxmu6:amd64 (=2:1.1.2-1)
libxmuu1:amd64 (=2:1.1.2-1)
libxpm4:amd64 (=1:3.5.11-1+b1)
libxrandr2:amd64 (=2:1.4.2-1+b1)
libxrender1:amd64 (=1:0.9.8-1+b1)
libxshmfence1:amd64 (=1.1-4)
libxslt1.1:amd64 (=1.1.28-2+b2)
libxss1:amd64 (=1:1.2.2-1)
libxt6:amd64 (=1:1.1.4-1+b1)
libxtables10 (=1.4.21-2+b1)
libxtst6:amd64 (=2:1.2.2-1+b1)
libxv1:amd64 (=2:1.0.10-1+b1)
libxvidcore4:amd64 (=3:1.3.3-dmo1)
libxvmc1:amd64 (=2:1.0.8-2+b1)
libxxf86dga1:amd64 (=2:1.1.4-1+b1)
libxxf86vm1:amd64 (=1:1.1.3-1+b1)
libyajl2:amd64 (=2.1.0-2)
libyaml-0-2:amd64 (=0.1.6-3)
libyaml-cpp0.3:amd64 (=0.3.0-1.1)
libzfs2 (=0.6.5.6-3)
libzpool2 (=0.6.5.6-3)
libzvbi-common (=0.2.35-3)
libzvbi0:amd64 (=0.2.35-3)
linux-base (=3.5)
linux-compiler-gcc-4.8-x86 (=3.16.7-ckt25-2)
linux-headers-3.16.0-4-amd64 (=3.16.7-ckt25-2)
linux-headers-3.16.0-4-common (=3.16.7-ckt25-2)
linux-headers-amd64 (=3.16+63)
linux-image-3.16.0-4-amd64 (=3.16.7-ckt25-2)
linux-image-amd64 (=3.16+63)
linux-kbuild-3.16 (=3.16.7-ckt20-1)
linux-libc-dev:amd64 (=3.16.7-ckt25-2)
live-boot (=4.0.2-1)
live-boot-doc (=4.0.2-1)
live-boot-initramfs-tools (=4.0.2-1)
live-tools (=4.0.2-1.1)
localepurge (=0.7.3.4)
locales (=2.19-18+deb8u4)
locate (=4.4.2-9+b1)
login (=1:4.2-3+deb8u1)
logrotate (=3.8.7-1+b1)
lp-solve (=5.5.0.13-7+b1)
lsb-base (=4.1+Debian13+nmu1)
lsb-release (=4.1+Debian13+nmu1)
lsof (=4.86+dfsg-1)
lxrandr (=0.3.0-1)
macchanger (=1.7.0-5.3)
make (=4.0-8.1)
man-db (=2.7.0.2-5)
manpages (=3.74-1)
mariadb-client-10.0 (=10.0.23-0+deb8u1)
mariadb-client-core-10.0 (=10.0.23-0+deb8u1)
mariadb-common (=10.0.23-0+deb8u1)
mariadb-server (=10.0.23-0+deb8u1)
mariadb-server-10.0 (=10.0.23-0+deb8u1)
mariadb-server-core-10.0 (=10.0.23-0+deb8u1)
mawk (=1.3.3-17)
menu (=2.1.47)
mime-support (=3.58)
mono-4.0-gac (=3.2.8+dfsg-10)
mono-gac (=3.2.8+dfsg-10)
mono-runtime (=3.2.8+dfsg-10)
mono-runtime-common (=3.2.8+dfsg-10)
mono-runtime-sgen (=3.2.8+dfsg-10)
mount (=2.25.2-6)
mpv (=1:0.8.3-dmo1)
multiarch-support (=2.19-18+deb8u4)
mupdf (=1.5-1+b2)
mysql-common (=5.5.47-0+deb8u1)
nano (=2.2.6-3)
ncurses-base (=5.9+20140913-1)
ncurses-bin (=5.9+20140913-1+b1)
ncurses-term (=5.9+20140913-1)
net-tools (=1.60-26+b1)
netbase (=5.3)
netcat-traditional (=1.10-41)
nfacct (=1.0.1-1.1)
ntfs-3g (=1:2014.2.15AR.2-1+deb8u2)
ntp (=1:4.2.6.p5+dfsg-7+deb8u1)
numlockx (=1.2-7)
openjdk-7-jdk:amd64 (=7u95-2.6.4-1~deb8u1)
openjdk-7-jre:amd64 (=7u95-2.6.4-1~deb8u1)
openjdk-7-jre-headless:amd64 (=7u95-2.6.4-1~deb8u1)
openssl (=1.0.1k-3+deb8u4)
p7zip (=9.20.1~dfsg.1-4.1+deb8u1)
pandoc (=1.12.4.2~dfsg-1+b14)
pandoc-data (=1.12.4.2~dfsg-1)
parted (=3.2-7)
passwd (=1:4.2-3+deb8u1)
patch (=2.7.5-1)
pciutils (=1:3.2.1-3)
perl (=5.20.2-3+deb8u4)
perl-base (=5.20.2-3+deb8u4)
perl-modules (=5.20.2-3+deb8u4)
php5 (=5.6.19+dfsg-0+deb8u1)
php5-cli (=5.6.19+dfsg-0+deb8u1)
php5-common (=5.6.19+dfsg-0+deb8u1)
php5-gd (=5.6.19+dfsg-0+deb8u1)
php5-json (=1.3.6-1)
php5-mysql (=5.6.19+dfsg-0+deb8u1)
pinta (=1.6-0ppa1~trusty1)
pkg-mozilla-archive-keyring (=1.1)
poppler-utils (=0.26.5-2)
procps (=2:3.3.9-9)
projectlibre (=1.6.2-1)
psmisc (=22.21-2)
pv (=1.5.7-2)
pyrit (=0.4.0-4)
python (=2.7.9-1)
python-cairo (=1.8.8-1+b2)
python-dbus (=1.2.0-2+b3)
python-dbus-dev (=1.2.0-2)
python-gi (=3.14.0-1)
python-glade2 (=2.24.0-4)
python-gobject (=3.14.0-1)
python-gobject-2 (=2.28.6-12+b1)
python-gtk2 (=2.24.0-4)
python-minimal (=2.7.9-1)
python-numpy (=1:1.8.2-2)
python-support (=1.0.15)
python-talloc (=2.1.1-2)
python-wicd (=1.7.2.4-4.1)
python2.7 (=2.7.9-2)
python2.7-minimal (=2.7.9-2)
python3 (=3.4.2-2)
python3-minimal (=3.4.2-2)
python3.4 (=3.4.2-1)
python3.4-minimal (=3.4.2-1)
qtcore4-l10n (=4:4.8.6+git64-g5dc8b2b+dfsg-3+deb8u1)
rar (=2:5.2.0-dmo1)
readline-common (=6.3-8)
reaver (=1.4-2)
rename (=0.20-3)
rsync (=3.1.1-3)
rsyslog (=8.4.2-1+deb8u2)
rxvt-unicode-256color (=9.20-1+b1)
samba-libs:amd64 (=2:4.1.17+dfsg-2+deb8u2)
scite (=3.5.0-1)
sed (=4.2.2-4+b1)
sensible-utils (=0.0.9)
sgml-base (=1.26+nmu4)
shared-mime-info (=1.3-1)
speedcrunch (=0.10.1-4)
spl (=0.6.5.6-2)
spl-dkms (=0.6.5.6-2)
sqlite3 (=3.8.7.1-1+deb8u1)
squashfs-tools (=1:4.2+20130409-2)
startpar (=0.59-3)
systemd (=215-17+deb8u4)
systemd-sysv (=215-17+deb8u4)
sysv-rc (=2.88dsf-59)
sysvinit-utils (=2.88dsf-59)
tar (=1.27.1-2+b1)
tasksel (=3.31+deb8u1)
tasksel-data (=3.31+deb8u1)
thunar (=1.6.3-2)
thunar-archive-plugin (=0.3.1-3)
thunar-data (=1.6.3-2)
thunar-media-tags-plugin (=0.2.1-1)
thunar-volman (=0.8.0-4)
traceroute (=1:2.0.20-2+b1)
tree (=1.7.0-3)
tshark (=1.12.1+g01b65bf-4+deb8u5)
tzdata (=2016c-0+deb8u1)
tzdata-java (=2016c-0+deb8u1)
ucf (=3.0030)
udev (=215-17+deb8u4)
udevil (=0.4.4-1~bpo8+1)
udisks2 (=2.1.3-5)
uno-libs3 (=5.1.1-1~bpo8+1)
unzip (=6.0-16+deb8u2)
ure (=5.1.1-1~bpo8+1)
util-linux (=2.25.2-6)
uuid-runtime (=2.25.2-6)
vim-common (=2:7.4.488-7)
vim-tiny (=2:7.4.488-7)
virtualbox-5.0 (=5.0.16-105871~Debian~jessie)
volumeicon-alsa (=0.4.6-2.1)
wget (=1.16-1)
whiptail (=0.52.17-1+b1)
wicd (=1.7.2.4-4.1)
wicd-daemon (=1.7.2.4-4.1)
wicd-gtk (=1.7.2.4-4.1)
wifite (=2.0r85-1)
wine (=1.6.2-20)
wine64 (=1.6.2-20)
wireless-tools (=30~pre9-8)
wireshark-common (=1.12.1+g01b65bf-4+deb8u5)
wmctrl (=1.07-7)
wpasupplicant (=2.3-1+deb8u3)
x11-common (=1:7.7+7)
x11-utils (=7.7+2)
x11-xkb-utils (=7.7+1)
x11-xserver-utils (=7.7+3+b1)
xarchiver (=1:0.5.4-1)
xauth (=1:1.0.9-1)
xbitmaps (=1.1.1-2)
xdg-user-dirs (=0.15-2)
xfce-keyboard-shortcuts (=4.10.0-6)
xfce4-terminal (=0.6.3-1+b1)
xfconf (=4.10.0-3)
xinit (=1.3.4-1)
xkb-data (=2.12-1)
xml-core (=0.13+nmu2)
xorriso (=1.3.2-1.1)
xserver-common (=2:1.16.4-1)
xserver-xorg (=1:7.7+7)
xserver-xorg-core (=2:1.16.4-1)
xserver-xorg-input-all (=1:7.7+7)
xserver-xorg-input-evdev (=1:2.9.0-2)
xserver-xorg-input-mouse (=1:1.9.1-1)
xserver-xorg-input-synaptics (=1.8.1-1)
xserver-xorg-input-vmmouse (=1:13.0.0-1+b3)
xserver-xorg-video-all (=1:7.7+7)
xserver-xorg-video-ati (=1:7.5.0-1)
xserver-xorg-video-cirrus (=1:1.5.2-2+b1)
xserver-xorg-video-fbdev (=1:0.4.4-1+b2)
xserver-xorg-video-intel (=2:2.21.15-2+b2)
xserver-xorg-video-mach64 (=6.9.4-2)
xserver-xorg-video-mga (=1:1.6.3-2+b1)
xserver-xorg-video-modesetting (=0.9.0-2)
xserver-xorg-video-neomagic (=1:1.2.8-1+b2)
xserver-xorg-video-nouveau (=1:1.0.11-1)
xserver-xorg-video-openchrome (=1:0.3.3-1+b2)
xserver-xorg-video-r128 (=6.9.2-1+b2)
xserver-xorg-video-radeon (=1:7.5.0-1)
xserver-xorg-video-savage (=1:2.3.7-2+b2)
xserver-xorg-video-siliconmotion (=1:1.7.7-2+b2)
xserver-xorg-video-sisusb (=1:0.9.6-2+b2)
xserver-xorg-video-tdfx (=1:1.4.5-1+b2)
xserver-xorg-video-trident (=1:1.3.6-2+b2)
xserver-xorg-video-vesa (=1:2.3.3-1+b3)
xserver-xorg-video-vmware (=1:13.0.2-3.1)
xsltproc (=1.1.28-2+b2)
xterm (=312-2)
xz-utils (=5.1.1alpha+20120614-2+b3)
zd1211-firmware (=3.0.0.56-3)
zfs-dkms (=0.6.5.6-3)
zfsonlinux (=6)
zfsutils (=0.6.5.6-3)
zip (=3.0-8)
zlib1g:amd64 (=1:1.2.8.dfsg-2+b1)
