inst-std-accessories-feh
inst-std-accessories-galculator
inst-std-accessories-gpicview
inst-std-accessories-mupdf
inst-std-accessories-prtscr-gnome-screenshot
inst-std-accessories-scite
inst-std-accessories-terminal-xfce
inst-std-accessories-thunar
inst-std-accessories-xarchiver
inst-std-graphic-pinta
inst-std-internet-iceweseal
inst-std-multimedia-mpv
inst-std-office-libreoffice
inst-std-system-conky
inst-std-system-disk-manager
inst-std-system-gnome-disk-utility
inst-std-system-gparted
inst-std-system-keyboard
inst-std-system-monitor-switcher-lxrandr
inst-std-system-network-wicd
inst-std-system-pavucontrol
inst-std-system-time-zone
inst-std-system-xtra-hardinfo
inst-std-system-xtra-webcam-camorama
inst-std-system-xtra-webcam-cheese
inst-std-xtra-blender
inst-std-xtra-dia
inst-std-xtra-opw-drush
inst-std-xtra-opw-php5-gd
inst-std-xtra-opw-php5-mysql
inst-xtra-cld-dev-tools-apt-move
inst-xtra-cld-dev-tools-debtree
inst-xtra-cld-dev-tools-libxml2-utils
inst-xtra-dev-tools-ant
inst-xtra-fuse
inst-xtra-open-terminals-on-startup
inst-xtra-sqlite
inst-xtra-virtualbox-guest-from-scratch
inst-xtra-wifite
inst-xtra-xmpv
inst-xtra-zfs
inst-zclean-00-zerosizing-docs
inst-zclean-99-end-cleanup
