/media/sql/cust-live-deb-64-work_no_proxy_2019-12-02_08.59.12.iso
   88K	./binary/isolinux
   907M	./binary/live
   908M	./binary
   908M	total
   12K	/media/imdb/chroot/dev
   4.0K	/media/imdb/chroot/sys
   6.2M	/media/imdb/chroot/etc
   20K	/media/imdb/chroot/run
   2.5G	/media/imdb/chroot/usr
   158M	/media/imdb/chroot/var
   4.0K	/media/imdb/chroot/srv
   20K	/media/imdb/chroot/home
   152K	/media/imdb/chroot/root
   4.0K	/media/imdb/chroot/media
   47M	/media/imdb/chroot/boot
   4.0K	/media/imdb/chroot/tmp
   4.0K	/media/imdb/chroot/proc
   323M	/media/imdb/chroot/opt
   4.0K	/media/imdb/chroot/mnt
   3.0G	/media/imdb/chroot
   3.0G	total

/media/sql/cust-live-deb-64-work_no_proxy_2019-12-02_09.36.24.iso
   88K	./binary/isolinux
   922M	./binary/live
   923M	./binary
   923M	total
   12K	/media/imdb/chroot/dev
   4.0K	/media/imdb/chroot/sys
   6.3M	/media/imdb/chroot/etc
   28K	/media/imdb/chroot/run
   2.5G	/media/imdb/chroot/usr
   164M	/media/imdb/chroot/var
   4.0K	/media/imdb/chroot/srv
   20K	/media/imdb/chroot/home
   152K	/media/imdb/chroot/root
   4.0K	/media/imdb/chroot/media
   50M	/media/imdb/chroot/boot
   4.0K	/media/imdb/chroot/tmp
   4.0K	/media/imdb/chroot/proc
   323M	/media/imdb/chroot/opt
   4.0K	/media/imdb/chroot/mnt
   3.0G	/media/imdb/chroot
   3.0G	total

