CLDS:>>>>>>>>> Running inst-std-graphic-xtra-qgis.sh ...
Reading package lists...
Building dependency tree...
Reading state information...
The following additional packages will be installed:
  libqtcore4 qtcore4-l10n
The following NEW packages will be installed:
  libqjson0 libqtcore4 qtcore4-l10n
0 upgraded, 3 newly installed, 0 to remove and 18 not upgraded.
Inst qtcore4-l10n (4:4.8.7+dfsg-11 master_stretch-main stretch:stretch [all])
Inst libqtcore4 (4:4.8.7+dfsg-11 master_stretch-main stretch:stretch [amd64])
Inst libqjson0 (0.8.1-3 master_stretch-main stretch:stretch [amd64])
Conf qtcore4-l10n (4:4.8.7+dfsg-11 master_stretch-main stretch:stretch [all])
Conf libqtcore4 (4:4.8.7+dfsg-11 master_stretch-main stretch:stretch [amd64])
Conf libqjson0 (0.8.1-3 master_stretch-main stretch:stretch [amd64])
Reading package lists...
Building dependency tree...
Reading state information...
The following additional packages will be installed:
  libjs-jquery libjs-sphinxdoc libjs-underscore python-configparser
Suggested packages:
  python-future-doc
Recommended packages:
  javascript-common
The following NEW packages will be installed:
  libjs-jquery libjs-sphinxdoc libjs-underscore python-configparser
  python-future
0 upgraded, 5 newly installed, 0 to remove and 18 not upgraded.
Inst libjs-jquery (3.1.1-2+deb9u1 master_stretch-main stretch:stretch [all])
Inst libjs-underscore (1.8.3~dfsg-1 master_stretch-main stretch:stretch [all])
Inst libjs-sphinxdoc (1.4.9-2 master_stretch-main stretch:stretch [all])
Inst python-configparser (3.3.0r2-2 master_stretch-main stretch:stretch [all])
Inst python-future (0.15.2-4 master_stretch-main stretch:stretch [all])
Conf libjs-jquery (3.1.1-2+deb9u1 master_stretch-main stretch:stretch [all])
Conf libjs-underscore (1.8.3~dfsg-1 master_stretch-main stretch:stretch [all])
Conf libjs-sphinxdoc (1.4.9-2 master_stretch-main stretch:stretch [all])
Conf python-configparser (3.3.0r2-2 master_stretch-main stretch:stretch [all])
Conf python-future (0.15.2-4 master_stretch-main stretch:stretch [all])
Reading package lists...
Building dependency tree...
Reading state information...
The following additional packages will be installed:
  libproj12 proj-data python-certifi python-chardet python-dateutil
  python-idna python-lxml python-pkg-resources python-pyproj python-requests
  python-six python-tz python-urllib3
Suggested packages:
  proj-bin python-lxml-dbg python-lxml-doc owslib-doc python-setuptools
  python-cryptography python-openssl python-socks python-ntlm
Recommended packages:
  python-bs4 python-html5lib python-cryptography python-ipaddress
  python-openssl
The following NEW packages will be installed:
  libproj12 proj-data python-certifi python-chardet python-dateutil
  python-idna python-lxml python-owslib python-pkg-resources python-pyproj
  python-requests python-six python-tz python-urllib3
0 upgraded, 14 newly installed, 0 to remove and 18 not upgraded.
Inst proj-data (4.9.3-1 master_stretch-main stretch:stretch [all])
Inst libproj12 (4.9.3-1 master_stretch-main stretch:stretch [amd64])
Inst python-certifi (2016.2.28-1 master_stretch-main stretch:stretch [all])
Inst python-pkg-resources (33.1.1-1 master_stretch-main stretch:stretch [all])
Inst python-chardet (3.0.4-1~bpo9+1 master_stretch-backports-main stretch-backports:stretch-backports [all])
Inst python-six (1.10.0-3 master_stretch-main stretch:stretch [all])
Inst python-dateutil (2.5.3-2 master_stretch-main stretch:stretch [all])
Inst python-idna (2.6-1~bpo9+1 master_stretch-backports-main stretch-backports:stretch-backports [all])
Inst python-lxml (3.7.1-1 master_stretch-main stretch:stretch [amd64])
Inst python-pyproj (1.9.5.1-2+b1 master_stretch-main stretch:stretch [amd64])
Inst python-urllib3 (1.24.1-1~bpo9+1 master_stretch-backports-main stretch-backports:stretch-backports [all])
Inst python-requests (2.21.0-1~bpo9+1 master_stretch-backports-main stretch-backports:stretch-backports [all])
Inst python-tz (2016.7-0.3 master_stretch-main stretch:stretch [all])
Inst python-owslib (0.14.0-1 master_stretch-main stretch:stretch [all])
Conf proj-data (4.9.3-1 master_stretch-main stretch:stretch [all])
Conf libproj12 (4.9.3-1 master_stretch-main stretch:stretch [amd64])
Conf python-certifi (2016.2.28-1 master_stretch-main stretch:stretch [all])
Conf python-pkg-resources (33.1.1-1 master_stretch-main stretch:stretch [all])
Conf python-chardet (3.0.4-1~bpo9+1 master_stretch-backports-main stretch-backports:stretch-backports [all])
Conf python-six (1.10.0-3 master_stretch-main stretch:stretch [all])
Conf python-dateutil (2.5.3-2 master_stretch-main stretch:stretch [all])
Conf python-idna (2.6-1~bpo9+1 master_stretch-backports-main stretch-backports:stretch-backports [all])
Conf python-lxml (3.7.1-1 master_stretch-main stretch:stretch [amd64])
Conf python-pyproj (1.9.5.1-2+b1 master_stretch-main stretch:stretch [amd64])
Conf python-urllib3 (1.24.1-1~bpo9+1 master_stretch-backports-main stretch-backports:stretch-backports [all])
Conf python-requests (2.21.0-1~bpo9+1 master_stretch-backports-main stretch-backports:stretch-backports [all])
Conf python-tz (2016.7-0.3 master_stretch-main stretch:stretch [all])
Conf python-owslib (0.14.0-1 master_stretch-main stretch:stretch [all])
Reading package lists...
Building dependency tree...
Reading state information...
The following additional packages will be installed:
  libproj12 proj-data
Suggested packages:
  proj-bin
The following NEW packages will be installed:
  libproj12 proj-data python-pyproj
0 upgraded, 3 newly installed, 0 to remove and 18 not upgraded.
Inst proj-data (4.9.3-1 master_stretch-main stretch:stretch [all])
Inst libproj12 (4.9.3-1 master_stretch-main stretch:stretch [amd64])
Inst python-pyproj (1.9.5.1-2+b1 master_stretch-main stretch:stretch [amd64])
Conf proj-data (4.9.3-1 master_stretch-main stretch:stretch [all])
Conf libproj12 (4.9.3-1 master_stretch-main stretch:stretch [amd64])
Conf python-pyproj (1.9.5.1-2+b1 master_stretch-main stretch:stretch [amd64])
Reading package lists...
Building dependency tree...
Reading state information...
The following additional packages will be installed:
  python-certifi python-chardet python-idna python-pkg-resources python-six
  python-urllib3
Suggested packages:
  python-setuptools python-cryptography python-openssl python-socks
  python-ntlm
Recommended packages:
  python-cryptography python-ipaddress python-openssl
The following NEW packages will be installed:
  python-certifi python-chardet python-idna python-pkg-resources
  python-requests python-six python-urllib3
0 upgraded, 7 newly installed, 0 to remove and 18 not upgraded.
Inst python-certifi (2016.2.28-1 master_stretch-main stretch:stretch [all])
Inst python-pkg-resources (33.1.1-1 master_stretch-main stretch:stretch [all])
Inst python-chardet (3.0.4-1~bpo9+1 master_stretch-backports-main stretch-backports:stretch-backports [all])
Inst python-idna (2.6-1~bpo9+1 master_stretch-backports-main stretch-backports:stretch-backports [all])
Inst python-six (1.10.0-3 master_stretch-main stretch:stretch [all])
Inst python-urllib3 (1.24.1-1~bpo9+1 master_stretch-backports-main stretch-backports:stretch-backports [all])
Inst python-requests (2.21.0-1~bpo9+1 master_stretch-backports-main stretch-backports:stretch-backports [all])
Conf python-certifi (2016.2.28-1 master_stretch-main stretch:stretch [all])
Conf python-pkg-resources (33.1.1-1 master_stretch-main stretch:stretch [all])
Conf python-chardet (3.0.4-1~bpo9+1 master_stretch-backports-main stretch-backports:stretch-backports [all])
Conf python-idna (2.6-1~bpo9+1 master_stretch-backports-main stretch-backports:stretch-backports [all])
Conf python-six (1.10.0-3 master_stretch-main stretch:stretch [all])
Conf python-urllib3 (1.24.1-1~bpo9+1 master_stretch-backports-main stretch-backports:stretch-backports [all])
Conf python-requests (2.21.0-1~bpo9+1 master_stretch-backports-main stretch-backports:stretch-backports [all])
Reading package lists...
Building dependency tree...
Reading state information...
The following NEW packages will be installed:
  python-certifi
0 upgraded, 1 newly installed, 0 to remove and 18 not upgraded.
Inst python-certifi (2016.2.28-1 master_stretch-main stretch:stretch [all])
Conf python-certifi (2016.2.28-1 master_stretch-main stretch:stretch [all])
Reading package lists...
Building dependency tree...
Reading state information...
The following NEW packages will be installed:
  python3-certifi
0 upgraded, 1 newly installed, 0 to remove and 18 not upgraded.
Inst python3-certifi (2016.2.28-1 master_stretch-main stretch:stretch [all])
Conf python3-certifi (2016.2.28-1 master_stretch-main stretch:stretch [all])
Reading package lists...
Building dependency tree...
Reading state information...
The following NEW packages will be installed:
  python3-decorator
0 upgraded, 1 newly installed, 0 to remove and 18 not upgraded.
Inst python3-decorator (4.0.11-1 master_stretch-main stretch:stretch [all])
Conf python3-decorator (4.0.11-1 master_stretch-main stretch:stretch [all])
Reading package lists...
Building dependency tree...
Reading state information...
The following additional packages will be installed:
  python3-decorator python3-ipython-genutils python3-jsonschema
  python3-jupyter-core python3-pkg-resources python3-six python3-traitlets
Suggested packages:
  python3-setuptools
The following NEW packages will be installed:
  python3-decorator python3-ipython-genutils python3-jsonschema
  python3-jupyter-core python3-nbformat python3-pkg-resources python3-six
  python3-traitlets
0 upgraded, 8 newly installed, 0 to remove and 18 not upgraded.
Inst python3-decorator (4.0.11-1 master_stretch-main stretch:stretch [all])
Inst python3-ipython-genutils (0.1.0-2 master_stretch-main stretch:stretch [all])
Inst python3-pkg-resources (33.1.1-1 master_stretch-main stretch:stretch [all])
Inst python3-jsonschema (2.5.1-6 master_stretch-main stretch:stretch [all])
Inst python3-six (1.10.0-3 master_stretch-main stretch:stretch [all])
Inst python3-traitlets (4.3.1-1 master_stretch-main stretch:stretch [all])
Inst python3-jupyter-core (4.2.1-1 master_stretch-main stretch:stretch [all])
Inst python3-nbformat (4.2.0-1 master_stretch-main stretch:stretch [all])
Conf python3-decorator (4.0.11-1 master_stretch-main stretch:stretch [all])
Conf python3-ipython-genutils (0.1.0-2 master_stretch-main stretch:stretch [all])
Conf python3-pkg-resources (33.1.1-1 master_stretch-main stretch:stretch [all])
Conf python3-jsonschema (2.5.1-6 master_stretch-main stretch:stretch [all])
Conf python3-six (1.10.0-3 master_stretch-main stretch:stretch [all])
Conf python3-traitlets (4.3.1-1 master_stretch-main stretch:stretch [all])
Conf python3-jupyter-core (4.2.1-1 master_stretch-main stretch:stretch [all])
Conf python3-nbformat (4.2.0-1 master_stretch-main stretch:stretch [all])
Reading package lists...
Building dependency tree...
Reading state information...
Some packages could not be installed. This may mean that you have
requested an impossible situation or if you are using the unstable
distribution that some required packages have not yet been created
or been moved out of Incoming.
The following information may help to resolve the situation:

The following packages have unmet dependencies:
 python3-gdal : Depends: gdal-abi-2-1-2
                Depends: libgdal20 (>= 2.1.0) but it is not going to be installed
E: Unable to correct problems, you have held broken packages.
CLDS: * Disk size = 3581452K. Space Used = 24K. Runtime = 00:00:00:01.
