CLDS:>>>>>>>>> Running inst-std-internet-iceweasel-bpo.sh ...
Selecting previously unselected package pkg-mozilla-archive-keyring.
(Reading database ... 39456 files and directories currently installed.)
Preparing to unpack pkg-mozilla-archive-keyring_1.1_all.deb ...
Unpacking pkg-mozilla-archive-keyring (1.1) ...
Setting up pkg-mozilla-archive-keyring (1.1) ...
Hit http://localhost jessie InRelease
Hit http://localhost jessie/main amd64 Packages
Ign http://localhost jessie/main Translation-en_US
Ign http://localhost jessie/main Translation-en
Ign http://localhost jessie/main Translation-en_US.UTF-8
Ign http://ftp.debian.org jessie InRelease
Hit http://www.deb-multimedia.org jessie InRelease
Hit http://ftp.debian.org jessie Release.gpg
Hit http://www.deb-multimedia.org jessie/main amd64 Packages
Hit http://ftp.debian.org jessie Release
Ign http://mozilla.debian.net jessie-backports InRelease
Hit http://ftp.debian.org jessie/main amd64 Packages
Hit http://www.deb-multimedia.org jessie/non-free amd64 Packages
Hit http://ftp.debian.org jessie/contrib amd64 Packages
Get:1 http://mozilla.debian.net jessie-backports Release.gpg [819 B]
Hit http://ftp.debian.org jessie/non-free amd64 Packages
Get:2 http://mozilla.debian.net jessie-backports Release [13.7 kB]
Hit http://ftp.debian.org jessie/contrib Translation-en
Hit http://http.debian.net jessie-backports InRelease
Hit http://ftp.debian.org jessie/main Translation-en
Hit http://ftp.debian.org jessie/non-free Translation-en
Get:3 http://http.debian.net jessie-backports/main amd64 Packages/DiffIndex [27.8 kB]
Get:4 http://http.debian.net jessie-backports/main Translation-en/DiffIndex [27.4 kB]
Ign http://www.deb-multimedia.org jessie/main Translation-en_US
Ign http://www.deb-multimedia.org jessie/main Translation-en
Ign http://www.deb-multimedia.org jessie/main Translation-en_US.UTF-8
Ign http://www.deb-multimedia.org jessie/non-free Translation-en_US
Ign http://www.deb-multimedia.org jessie/non-free Translation-en
Ign http://www.deb-multimedia.org jessie/non-free Translation-en_US.UTF-8
Fetched 69.8 kB in 3s (17.9 kB/s)
W: Failed to fetch http://mozilla.debian.net/dists/jessie-backports/Release  Unable to find expected entry 'iceweasel-release/binary-amd64/Packages' in Release file (Wrong sources.list entry or malformed file)

E: Some index files failed to download. They have been ignored, or old ones used instead.
CLDS: * Disk size = 2861164K. Space Used = 8680K.
