CLDS:>>>>>>>>> Running inst-min-con-xtra-mariadb-server-fix.sh ...
Reading package lists...
Building dependency tree...
Reading state information...
The following packages were automatically installed and are no longer required:
  libfuse3-3 libntfs-3g89
Use 'apt autoremove' to remove them.
The following additional packages will be installed:
  libdaxctl1 libndctl6
The following NEW packages will be installed:
  libdaxctl1 libndctl6 libpmem1
0 upgraded, 3 newly installed, 0 to remove and 6 not upgraded.
Inst libdaxctl1 (76.1-1 master_bookworm-main bookworm:bookworm [amd64])
Inst libndctl6 (76.1-1 master_bookworm-main bookworm:bookworm [amd64])
Inst libpmem1 (1.12.1-2 master_bookworm-main bookworm:bookworm [amd64])
Conf libdaxctl1 (76.1-1 master_bookworm-main bookworm:bookworm [amd64])
Conf libndctl6 (76.1-1 master_bookworm-main bookworm:bookworm [amd64])
Conf libpmem1 (1.12.1-2 master_bookworm-main bookworm:bookworm [amd64])
Reading package lists...
Building dependency tree...
Reading state information...
E: Unable to locate package liburing1
CLDS: * Disk size = 3571368K. Space Used = 4K. Runtime = 00:00:00:01.
