CLDS:>>>>>>>>> Running inst-xtra-docker-ce-fix-iptables.sh ...
Reading package lists...
Building dependency tree...
Reading state information...
The following additional packages will be installed:
  libip6tc2 libnetfilter-conntrack3 libnfnetlink0
Suggested packages:
  firewalld
The following NEW packages will be installed:
  iptables libip6tc2 libnetfilter-conntrack3 libnfnetlink0
0 upgraded, 4 newly installed, 0 to remove and 17 not upgraded.
Inst libip6tc2 (1.8.7-1 master_bullseye-main bullseye:bullseye [amd64])
Inst libnfnetlink0 (1.0.1-3+b1 master_bullseye-main bullseye:bullseye [amd64])
Inst libnetfilter-conntrack3 (1.0.8-3 master_bullseye-main bullseye:bullseye [amd64])
Inst iptables (1.8.7-1 master_bullseye-main bullseye:bullseye [amd64])
Conf libip6tc2 (1.8.7-1 master_bullseye-main bullseye:bullseye [amd64])
Conf libnfnetlink0 (1.0.1-3+b1 master_bullseye-main bullseye:bullseye [amd64])
Conf libnetfilter-conntrack3 (1.0.8-3 master_bullseye-main bullseye:bullseye [amd64])
Conf iptables (1.8.7-1 master_bullseye-main bullseye:bullseye [amd64])
CLDS: * Install iptables.
CLDS: * Disk size = 6105480K. Space Used = 8K. Runtime = 00:00:00:01.
