CLDS:>>>>>>>>> Running inst-xtra-virtualbox-guest-additions-iso.sh ...
Reading package lists...
Building dependency tree...
Reading state information...
You might want to run 'apt --fix-broken install' to correct these.
The following packages have unmet dependencies:
 linux-headers-amd64 : Depends: linux-headers-4.11.0-0.bpo.1-amd64 but it is not going to be installed
 openra : Depends: xdg-utils but it is not going to be installed
E: Unmet dependencies. Try 'apt --fix-broken install' with no packages (or specify a solution).
Reading package lists...
Building dependency tree...
Reading state information...
You might want to run 'apt --fix-broken install' to correct these.
The following packages have unmet dependencies:
 build-essential : Depends: gcc (>= 4:6.3) but it is not going to be installed
                   Depends: g++ (>= 4:6.3) but it is not going to be installed
                   Depends: make
                   Depends: dpkg-dev (>= 1.17.11) but it is not going to be installed
 dkms : Depends: gcc but it is not going to be installed
        Depends: patch but it is not going to be installed
 libc6-dev : Depends: libc-dev-bin (= 2.24-11+deb9u1) but it is not going to be installed
             Depends: linux-libc-dev (>= 4.9.30-1) but it is not going to be installed
 openra : Depends: xdg-utils but it is not going to be installed
E: Unmet dependencies. Try 'apt --fix-broken install' with no packages (or specify a solution).
Reading package lists...
Building dependency tree...
Reading state information...
You might want to run 'apt --fix-broken install' to correct these.
The following packages have unmet dependencies:
 linux-headers-4.11.0-0.bpo.1-amd64 : Depends: linux-headers-4.11.0-0.bpo.1-common (= 4.11.6-1~bpo9+1) but it is not going to be installed
                                      Depends: linux-kbuild-4.11 but it is not going to be installed
                                      Depends: linux-compiler-gcc-6-x86 but it is not going to be installed
 openra : Depends: xdg-utils but it is not going to be installed
E: Unmet dependencies. Try 'apt --fix-broken install' with no packages (or specify a solution).
Verifying archive integrity... All good.
Uncompressing VirtualBox 5.1.26 Guest Additions for Linux...........
VirtualBox Guest Additions installer
Copying additional installer modules ...
Installing additional modules ...
vboxadd.sh: Starting the VirtualBox Guest Additions.

modinfo: ERROR: Module vboxguest not found.
CLDS: * WARNING: Use this script only if backport repository doesn't work.
CLDS: * Install VirtualBox guest additions to Shared folder/clipboard, auto window scaling, etc.
CLDS: * Assumed packages installed: bzip2 & Xserver installed.
CLDS: * VirtualBox guest additions installed: ERROR: VirtualBox guest additions installation failed!.
CLDS: * Delete VBoxGuestAdditions.iso[0K]. Space used could be negative due to this deletion.
CLDS: * Disk size = 4475156K. Space Used = 19176K.
