CLDS:>>>>>>>>> Running inst-std-office-libreoffice-all.sh ...
Reading package lists...
Building dependency tree...
Reading state information...
The following additional packages will be installed:
  coinor-libcbc3 coinor-libcgl1 coinor-libclp1 coinor-libcoinmp1v5
  coinor-libcoinutils3v5 coinor-libosi1v5 fonts-opensymbol libabw-0.1-1
  libboost-filesystem1.74.0 libboost-iostreams1.74.0 libboost-locale1.74.0
  libboost-thread1.74.0 libcdr-0.1-1 libclucene-contribs1v5 libclucene-core1v5
  libcmis-0.5-5v5 libe-book-0.1-1 libeot0 libepubgen-0.1-1 libetonyek-0.1-1
  libexttextcat-2.0-0 libexttextcat-data libfreehand-0.1-1 libgpgme11
  libgpgmepp6 libharfbuzz-icu0 libhunspell-1.7-0 libhyphen0 liblangtag-common
  liblangtag1 libmhash2 libmspub-0.1-1 libmwaw-0.3-3 libmythes-1.2-0
  libneon27-gnutls libnumbertext-1.0-0 libnumbertext-data libodfgen-0.1-1
  liborcus-0.16-0 liborcus-parser-0.16-0 libpagemaker-0.0-0 libqrcodegencpp1
  libqxp-0.0-0 libraptor2-0 librasqal3 librdf0 libreoffice-base
  libreoffice-base-core libreoffice-base-drivers libreoffice-calc
  libreoffice-common libreoffice-core libreoffice-draw libreoffice-impress
  libreoffice-math libreoffice-report-builder-bin libreoffice-style-colibre
  libreoffice-writer librevenge-0.0-0 libstaroffice-0.0-0 libuno-cppu3
  libuno-cppuhelpergcc3-3 libuno-purpenvhelpergcc3-3 libuno-sal3
  libuno-salhelpergcc3-3 libvisio-0.1-1 libwpd-0.10-10 libwpg-0.3-3
  libwps-0.4-4 libxmlsec1 libxmlsec1-nss libyajl2 libzmf-0.0-0 lp-solve
  python3-uno uno-libs-private ure
Suggested packages:
  raptor2-utils rasqal-utils librdf-storage-postgresql librdf-storage-mysql
  librdf-storage-sqlite librdf-storage-virtuoso redland-utils cups-bsd
  ghostscript gpa hunspell-dictionary hyphen-hyphenation-patterns imagemagick
  | graphicsmagick-imagemagick-compat libreoffice-gnome | libreoffice-plasma
  libreoffice-grammarcheck libreoffice-help libreoffice-l10n
  libreoffice-librelogo myspell-dictionary mythes-thesaurus
  openclipart2-libreoffice | openclipart-libreoffice pstoedit unixodbc
  gstreamer1.0-plugins-ugly gstreamer1.0-libav libsane1 libofficebean-java
  libreoffice-report-builder libjtds-java libreoffice-sdbc-mysql | libmyodbc
  | libmariadb-java libreoffice-sdbc-postgresql | odbc-postgresql | libpg-java
  libsqliteodbc | tdsodbc | odbc-mdbtools bluez fonts-crosextra-caladea
  fonts-crosextra-carlito libreoffice-java-common
Recommended packages:
  hunspell-en-us | hunspell-dictionary | myspell-dictionary
  fonts-crosextra-caladea fonts-crosextra-carlito fonts-dejavu
  fonts-liberation2 fonts-linuxlibertine fonts-noto-core fonts-noto-extra
  fonts-noto-mono fonts-noto-ui-core fonts-sil-gentium-basic
  libreoffice-nlpsolver libreoffice-report-builder
  libreoffice-script-provider-bsh libreoffice-script-provider-js
  libreoffice-script-provider-python libreoffice-sdbc-mysql
  libreoffice-sdbc-postgresql libreoffice-wiki-publisher
  libreoffice-java-common libreoffice-sdbc-hsqldb libreoffice-sdbc-firebird
  fonts-liberation2 | ttf-mscorefonts-installer apparmor libpaper-utils
  gstreamer1.0-plugins-ugly gstreamer1.0-libav libjuh-java libjurt-java
  liblibreoffice-java libridl-java libunoloader-java
The following NEW packages will be installed:
  coinor-libcbc3 coinor-libcgl1 coinor-libclp1 coinor-libcoinmp1v5
  coinor-libcoinutils3v5 coinor-libosi1v5 fonts-opensymbol libabw-0.1-1
  libboost-filesystem1.74.0 libboost-iostreams1.74.0 libboost-locale1.74.0
  libboost-thread1.74.0 libcdr-0.1-1 libclucene-contribs1v5 libclucene-core1v5
  libcmis-0.5-5v5 libe-book-0.1-1 libeot0 libepubgen-0.1-1 libetonyek-0.1-1
  libexttextcat-2.0-0 libexttextcat-data libfreehand-0.1-1 libgpgme11
  libgpgmepp6 libharfbuzz-icu0 libhunspell-1.7-0 libhyphen0 liblangtag-common
  liblangtag1 libmhash2 libmspub-0.1-1 libmwaw-0.3-3 libmythes-1.2-0
  libneon27-gnutls libnumbertext-1.0-0 libnumbertext-data libodfgen-0.1-1
  liborcus-0.16-0 liborcus-parser-0.16-0 libpagemaker-0.0-0 libqrcodegencpp1
  libqxp-0.0-0 libraptor2-0 librasqal3 librdf0 libreoffice libreoffice-base
  libreoffice-base-core libreoffice-base-drivers libreoffice-calc
  libreoffice-common libreoffice-core libreoffice-draw libreoffice-impress
  libreoffice-math libreoffice-report-builder-bin libreoffice-style-colibre
  libreoffice-writer librevenge-0.0-0 libstaroffice-0.0-0 libuno-cppu3
  libuno-cppuhelpergcc3-3 libuno-purpenvhelpergcc3-3 libuno-sal3
  libuno-salhelpergcc3-3 libvisio-0.1-1 libwpd-0.10-10 libwpg-0.3-3
  libwps-0.4-4 libxmlsec1 libxmlsec1-nss libyajl2 libzmf-0.0-0 lp-solve
  python3-uno uno-libs-private ure
0 upgraded, 78 newly installed, 0 to remove and 0 not upgraded.
Need to get 102 MB of archives.
After this operation, 377 MB of additional disk space will be used.
Get:1 http://localhost/aptly-repo/master_bullseye-main bullseye/main amd64 fonts-opensymbol all 2:102.11+LibO7.0.4-4+deb11u3 [285 kB]
Get:2 http://localhost/aptly-repo/master_bullseye-main bullseye/main amd64 libreoffice-style-colibre all 1:7.0.4-4+deb11u3 [1,418 kB]
Get:3 http://localhost/aptly-repo/master_bullseye-main bullseye/main amd64 libuno-sal3 amd64 1:7.0.4-4+deb11u3 [362 kB]
Get:4 http://localhost/aptly-repo/master_bullseye-main bullseye/main amd64 libuno-salhelpergcc3-3 amd64 1:7.0.4-4+deb11u3 [210 kB]
Get:5 http://localhost/aptly-repo/master_bullseye-main bullseye/main amd64 libuno-cppu3 amd64 1:7.0.4-4+deb11u3 [276 kB]
Get:6 http://localhost/aptly-repo/master_bullseye-main bullseye/main amd64 uno-libs-private amd64 1:7.0.4-4+deb11u3 [410 kB]
Get:7 http://localhost/aptly-repo/master_bullseye-main bullseye/main amd64 liblangtag-common all 0.6.3-2 [205 kB]
Get:8 http://localhost/aptly-repo/master_bullseye-main bullseye/main amd64 liblangtag1 amd64 0.6.3-2 [81.9 kB]
Get:9 http://localhost/aptly-repo/master_bullseye-main bullseye/main amd64 libuno-cppuhelpergcc3-3 amd64 1:7.0.4-4+deb11u3 [490 kB]
Get:10 http://localhost/aptly-repo/master_bullseye-main bullseye/main amd64 libuno-purpenvhelpergcc3-3 amd64 1:7.0.4-4+deb11u3 [208 kB]
Get:11 http://localhost/aptly-repo/master_bullseye-main bullseye/main amd64 ure amd64 1:7.0.4-4+deb11u3 [1,341 kB]
Get:12 http://localhost/aptly-repo/master_bullseye-main bullseye/main amd64 libnumbertext-data all 1.0.7-1 [62.9 kB]
Get:13 http://localhost/aptly-repo/master_bullseye-main bullseye/main amd64 libreoffice-common all 1:7.0.4-4+deb11u3 [18.7 MB]
Get:14 http://localhost/aptly-repo/master_bullseye-main bullseye/main amd64 libboost-thread1.74.0 amd64 1.74.0-9 [279 kB]
Get:15 http://localhost/aptly-repo/master_bullseye-main bullseye/main amd64 libboost-locale1.74.0 amd64 1.74.0-9 [472 kB]
Get:16 http://localhost/aptly-repo/master_bullseye-main bullseye/main amd64 libclucene-core1v5 amd64 2.3.3.4+dfsg-1+b1 [495 kB]
Get:17 http://localhost/aptly-repo/master_bullseye-main bullseye/main amd64 libclucene-contribs1v5 amd64 2.3.3.4+dfsg-1+b1 [85.2 kB]
Get:18 http://localhost/aptly-repo/master_bullseye-main bullseye/main amd64 libcmis-0.5-5v5 amd64 0.5.2-3 [485 kB]
Get:19 http://localhost/aptly-repo/master_bullseye-main bullseye/main amd64 libeot0 amd64 0.01-5+b1 [27.1 kB]
Get:20 http://localhost/aptly-repo/master_bullseye-main bullseye/main amd64 libexttextcat-data all 3.4.5-1 [164 kB]
Get:21 http://localhost/aptly-repo/master_bullseye-main bullseye/main amd64 libexttextcat-2.0-0 amd64 3.4.5-1 [15.9 kB]
Get:22 http://localhost/aptly-repo/master_bullseye-main bullseye/main amd64 libgpgme11 amd64 1.14.0-1+b2 [281 kB]
Get:23 http://localhost/aptly-repo/master_bullseye-main bullseye/main amd64 libgpgmepp6 amd64 1.14.0-1+b2 [265 kB]
Get:24 http://localhost/aptly-repo/master_bullseye-main bullseye/main amd64 libharfbuzz-icu0 amd64 2.7.4-1 [1,132 kB]
Get:25 http://localhost/aptly-repo/master_bullseye-main bullseye/main amd64 libhunspell-1.7-0 amd64 1.7.0-3 [181 kB]
Get:26 http://localhost/aptly-repo/master_bullseye-main bullseye/main amd64 libhyphen0 amd64 2.8.8-7 [32.5 kB]
Get:27 http://localhost/aptly-repo/master_bullseye-main bullseye/main amd64 libmythes-1.2-0 amd64 2:1.2.4-3+b1 [8,876 B]
Get:28 http://localhost/aptly-repo/master_bullseye-main bullseye/main amd64 libneon27-gnutls amd64 0.31.2-1 [74.4 kB]
Get:29 http://localhost/aptly-repo/master_bullseye-main bullseye/main amd64 libnumbertext-1.0-0 amd64 1.0.7-1 [107 kB]
Get:30 http://localhost/aptly-repo/master_bullseye-main bullseye/main amd64 libboost-filesystem1.74.0 amd64 1.74.0-9 [283 kB]
Get:31 http://localhost/aptly-repo/master_bullseye-main bullseye/main amd64 libboost-iostreams1.74.0 amd64 1.74.0-9 [264 kB]
Get:32 http://localhost/aptly-repo/master_bullseye-main bullseye/main amd64 liborcus-parser-0.16-0 amd64 0.16.1-3+b2 [107 kB]
Get:33 http://localhost/aptly-repo/master_bullseye-main bullseye/main amd64 liborcus-0.16-0 amd64 0.16.1-3+b2 [373 kB]
Get:34 http://localhost/aptly-repo/master_bullseye-main bullseye/main amd64 libqrcodegencpp1 amd64 1.6.0-1 [24.6 kB]
Get:35 http://localhost/aptly-repo/master_bullseye-main bullseye/main amd64 libyajl2 amd64 2.1.0-3 [23.8 kB]
Get:36 http://localhost/aptly-repo/master_bullseye-main bullseye/main amd64 libraptor2-0 amd64 2.0.14-1.2 [168 kB]
Get:37 http://localhost/aptly-repo/master_bullseye-main bullseye/main amd64 libmhash2 amd64 0.9.9.9-9 [94.2 kB]
Get:38 http://localhost/aptly-repo/master_bullseye-main bullseye/main amd64 librasqal3 amd64 0.9.33-0.1 [192 kB]
Get:39 http://localhost/aptly-repo/master_bullseye-main bullseye/main amd64 librdf0 amd64 1.0.17-1.1+b1 [110 kB]
Get:40 http://localhost/aptly-repo/master_bullseye-main bullseye/main amd64 librevenge-0.0-0 amd64 0.0.4-6+b1 [276 kB]
Get:41 http://localhost/aptly-repo/master_bullseye-main bullseye/main amd64 libxmlsec1 amd64 1.2.31-1 [149 kB]
Get:42 http://localhost/aptly-repo/master_bullseye-main bullseye/main amd64 libxmlsec1-nss amd64 1.2.31-1 [85.6 kB]
Get:43 http://localhost/aptly-repo/master_bullseye-main bullseye/main amd64 libreoffice-core amd64 1:7.0.4-4+deb11u3 [34.3 MB]
Get:44 http://localhost/aptly-repo/master_bullseye-main bullseye/main amd64 libreoffice-base-core amd64 1:7.0.4-4+deb11u3 [1,047 kB]
Get:45 http://localhost/aptly-repo/master_bullseye-main bullseye/main amd64 libreoffice-base-drivers amd64 1:7.0.4-4+deb11u3 [727 kB]
Get:46 http://localhost/aptly-repo/master_bullseye-main bullseye/main amd64 libreoffice-base amd64 1:7.0.4-4+deb11u3 [1,786 kB]
Get:47 http://localhost/aptly-repo/master_bullseye-main bullseye/main amd64 coinor-libcoinutils3v5 amd64 2.11.4+repack1-1 [485 kB]
Get:48 http://localhost/aptly-repo/master_bullseye-main bullseye/main amd64 coinor-libosi1v5 amd64 0.108.6+repack1-2 [276 kB]
Get:49 http://localhost/aptly-repo/master_bullseye-main bullseye/main amd64 coinor-libclp1 amd64 1.17.5+repack1-1 [939 kB]
Get:50 http://localhost/aptly-repo/master_bullseye-main bullseye/main amd64 coinor-libcgl1 amd64 0.60.3+repack1-2 [433 kB]
Get:51 http://localhost/aptly-repo/master_bullseye-main bullseye/main amd64 coinor-libcbc3 amd64 2.10.5+ds1-3 [715 kB]
Get:52 http://localhost/aptly-repo/master_bullseye-main bullseye/main amd64 coinor-libcoinmp1v5 amd64 1.8.3-3 [31.6 kB]
Get:53 http://localhost/aptly-repo/master_bullseye-main bullseye/main amd64 libabw-0.1-1 amd64 0.1.3-1 [128 kB]
Get:54 http://localhost/aptly-repo/master_bullseye-main bullseye/main amd64 libcdr-0.1-1 amd64 0.1.6-2 [394 kB]
Get:55 http://localhost/aptly-repo/master_bullseye-main bullseye/main amd64 libe-book-0.1-1 amd64 0.1.3-2 [196 kB]
Get:56 http://localhost/aptly-repo/master_bullseye-main bullseye/main amd64 libepubgen-0.1-1 amd64 0.1.1-1 [153 kB]
Get:57 http://localhost/aptly-repo/master_bullseye-main bullseye/main amd64 libetonyek-0.1-1 amd64 0.1.9-4 [737 kB]
Get:58 http://localhost/aptly-repo/master_bullseye-main bullseye/main amd64 libfreehand-0.1-1 amd64 0.1.2-3 [267 kB]
Get:59 http://localhost/aptly-repo/master_bullseye-main bullseye/main amd64 libmspub-0.1-1 amd64 0.1.4-3+b1 [170 kB]
Get:60 http://localhost/aptly-repo/master_bullseye-main bullseye/main amd64 libmwaw-0.3-3 amd64 0.3.17-1 [2,339 kB]
Get:61 http://localhost/aptly-repo/master_bullseye-main bullseye/main amd64 libodfgen-0.1-1 amd64 0.1.8-2 [293 kB]
Get:62 http://localhost/aptly-repo/master_bullseye-main bullseye/main amd64 libpagemaker-0.0-0 amd64 0.0.4-1 [79.6 kB]
Get:63 http://localhost/aptly-repo/master_bullseye-main bullseye/main amd64 libqxp-0.0-0 amd64 0.0.2-1+b1 [121 kB]
Get:64 http://localhost/aptly-repo/master_bullseye-main bullseye/main amd64 lp-solve amd64 5.5.2.5-2 [293 kB]
Get:65 http://localhost/aptly-repo/master_bullseye-main bullseye/main amd64 libstaroffice-0.0-0 amd64 0.0.7-1 [728 kB]
Get:66 http://localhost/aptly-repo/master_bullseye-main bullseye/main amd64 libwps-0.4-4 amd64 0.4.12-1 [861 kB]
Get:67 http://localhost/aptly-repo/master_bullseye-main bullseye/main amd64 libreoffice-calc amd64 1:7.0.4-4+deb11u3 [7,678 kB]
Get:68 http://localhost/aptly-repo/master_bullseye-main bullseye/main amd64 libvisio-0.1-1 amd64 0.1.7-1+b1 [300 kB]
Get:69 http://localhost/aptly-repo/master_bullseye-main bullseye/main amd64 libwpd-0.10-10 amd64 0.10.3-1 [253 kB]
Get:70 http://localhost/aptly-repo/master_bullseye-main bullseye/main amd64 libwpg-0.3-3 amd64 0.3.3-1 [76.3 kB]
Get:71 http://localhost/aptly-repo/master_bullseye-main bullseye/main amd64 libzmf-0.0-0 amd64 0.0.2-1+b3 [85.6 kB]
Get:72 http://localhost/aptly-repo/master_bullseye-main bullseye/main amd64 libreoffice-draw amd64 1:7.0.4-4+deb11u3 [2,922 kB]
Get:73 http://localhost/aptly-repo/master_bullseye-main bullseye/main amd64 libreoffice-impress amd64 1:7.0.4-4+deb11u3 [1,298 kB]
Get:74 http://localhost/aptly-repo/master_bullseye-main bullseye/main amd64 libreoffice-math amd64 1:7.0.4-4+deb11u3 [607 kB]
Get:75 http://localhost/aptly-repo/master_bullseye-main bullseye/main amd64 libreoffice-report-builder-bin amd64 1:7.0.4-4+deb11u3 [1,043 kB]
Get:76 http://localhost/aptly-repo/master_bullseye-main bullseye/main amd64 libreoffice-writer amd64 1:7.0.4-4+deb11u3 [9,140 kB]
Get:77 http://localhost/aptly-repo/master_bullseye-main bullseye/main amd64 python3-uno amd64 1:7.0.4-4+deb11u3 [325 kB]
Get:78 http://localhost/aptly-repo/master_bullseye-main bullseye/main amd64 libreoffice amd64 1:7.0.4-4+deb11u3 [206 kB]
dpkg-preconfigure: unable to re-open stdin: No such file or directory
Fetched 102 MB in 1s (104 MB/s)
E: Can not write log (Is /dev/pts mounted?) - posix_openpt (2: No such file or directory)
Selecting previously unselected package fonts-opensymbol.
(Reading database ... 57968 files and directories currently installed.)
Preparing to unpack .../00-fonts-opensymbol_2%3a102.11+LibO7.0.4-4+deb11u3_all.deb ...
Unpacking fonts-opensymbol (2:102.11+LibO7.0.4-4+deb11u3) ...
Selecting previously unselected package libreoffice-style-colibre.
Preparing to unpack .../01-libreoffice-style-colibre_1%3a7.0.4-4+deb11u3_all.deb ...
Unpacking libreoffice-style-colibre (1:7.0.4-4+deb11u3) ...
Selecting previously unselected package libuno-sal3.
Preparing to unpack .../02-libuno-sal3_1%3a7.0.4-4+deb11u3_amd64.deb ...
Unpacking libuno-sal3 (1:7.0.4-4+deb11u3) ...
Selecting previously unselected package libuno-salhelpergcc3-3.
Preparing to unpack .../03-libuno-salhelpergcc3-3_1%3a7.0.4-4+deb11u3_amd64.deb ...
Unpacking libuno-salhelpergcc3-3 (1:7.0.4-4+deb11u3) ...
Selecting previously unselected package libuno-cppu3.
Preparing to unpack .../04-libuno-cppu3_1%3a7.0.4-4+deb11u3_amd64.deb ...
Unpacking libuno-cppu3 (1:7.0.4-4+deb11u3) ...
Selecting previously unselected package uno-libs-private.
Preparing to unpack .../05-uno-libs-private_1%3a7.0.4-4+deb11u3_amd64.deb ...
Unpacking uno-libs-private (1:7.0.4-4+deb11u3) ...
Selecting previously unselected package liblangtag-common.
Preparing to unpack .../06-liblangtag-common_0.6.3-2_all.deb ...
Unpacking liblangtag-common (0.6.3-2) ...
Selecting previously unselected package liblangtag1:amd64.
Preparing to unpack .../07-liblangtag1_0.6.3-2_amd64.deb ...
Unpacking liblangtag1:amd64 (0.6.3-2) ...
Selecting previously unselected package libuno-cppuhelpergcc3-3.
Preparing to unpack .../08-libuno-cppuhelpergcc3-3_1%3a7.0.4-4+deb11u3_amd64.deb ...
Unpacking libuno-cppuhelpergcc3-3 (1:7.0.4-4+deb11u3) ...
Selecting previously unselected package libuno-purpenvhelpergcc3-3.
Preparing to unpack .../09-libuno-purpenvhelpergcc3-3_1%3a7.0.4-4+deb11u3_amd64.deb ...
Unpacking libuno-purpenvhelpergcc3-3 (1:7.0.4-4+deb11u3) ...
Selecting previously unselected package ure.
Preparing to unpack .../10-ure_1%3a7.0.4-4+deb11u3_amd64.deb ...
Unpacking ure (1:7.0.4-4+deb11u3) ...
Selecting previously unselected package libnumbertext-data.
Preparing to unpack .../11-libnumbertext-data_1.0.7-1_all.deb ...
Unpacking libnumbertext-data (1.0.7-1) ...
Selecting previously unselected package libreoffice-common.
Preparing to unpack .../12-libreoffice-common_1%3a7.0.4-4+deb11u3_all.deb ...
Unpacking libreoffice-common (1:7.0.4-4+deb11u3) ...
Selecting previously unselected package libboost-thread1.74.0:amd64.
Preparing to unpack .../13-libboost-thread1.74.0_1.74.0-9_amd64.deb ...
Unpacking libboost-thread1.74.0:amd64 (1.74.0-9) ...
Selecting previously unselected package libboost-locale1.74.0:amd64.
Preparing to unpack .../14-libboost-locale1.74.0_1.74.0-9_amd64.deb ...
Unpacking libboost-locale1.74.0:amd64 (1.74.0-9) ...
Selecting previously unselected package libclucene-core1v5:amd64.
Preparing to unpack .../15-libclucene-core1v5_2.3.3.4+dfsg-1+b1_amd64.deb ...
Unpacking libclucene-core1v5:amd64 (2.3.3.4+dfsg-1+b1) ...
Selecting previously unselected package libclucene-contribs1v5:amd64.
Preparing to unpack .../16-libclucene-contribs1v5_2.3.3.4+dfsg-1+b1_amd64.deb ...
Unpacking libclucene-contribs1v5:amd64 (2.3.3.4+dfsg-1+b1) ...
Selecting previously unselected package libcmis-0.5-5v5.
Preparing to unpack .../17-libcmis-0.5-5v5_0.5.2-3_amd64.deb ...
Unpacking libcmis-0.5-5v5 (0.5.2-3) ...
Selecting previously unselected package libeot0:amd64.
Preparing to unpack .../18-libeot0_0.01-5+b1_amd64.deb ...
Unpacking libeot0:amd64 (0.01-5+b1) ...
Selecting previously unselected package libexttextcat-data.
Preparing to unpack .../19-libexttextcat-data_3.4.5-1_all.deb ...
Unpacking libexttextcat-data (3.4.5-1) ...
Selecting previously unselected package libexttextcat-2.0-0:amd64.
Preparing to unpack .../20-libexttextcat-2.0-0_3.4.5-1_amd64.deb ...
Unpacking libexttextcat-2.0-0:amd64 (3.4.5-1) ...
Selecting previously unselected package libgpgme11:amd64.
Preparing to unpack .../21-libgpgme11_1.14.0-1+b2_amd64.deb ...
Unpacking libgpgme11:amd64 (1.14.0-1+b2) ...
Selecting previously unselected package libgpgmepp6:amd64.
Preparing to unpack .../22-libgpgmepp6_1.14.0-1+b2_amd64.deb ...
Unpacking libgpgmepp6:amd64 (1.14.0-1+b2) ...
Selecting previously unselected package libharfbuzz-icu0:amd64.
Preparing to unpack .../23-libharfbuzz-icu0_2.7.4-1_amd64.deb ...
Unpacking libharfbuzz-icu0:amd64 (2.7.4-1) ...
Selecting previously unselected package libhunspell-1.7-0:amd64.
Preparing to unpack .../24-libhunspell-1.7-0_1.7.0-3_amd64.deb ...
Unpacking libhunspell-1.7-0:amd64 (1.7.0-3) ...
Selecting previously unselected package libhyphen0:amd64.
Preparing to unpack .../25-libhyphen0_2.8.8-7_amd64.deb ...
Unpacking libhyphen0:amd64 (2.8.8-7) ...
Selecting previously unselected package libmythes-1.2-0:amd64.
Preparing to unpack .../26-libmythes-1.2-0_2%3a1.2.4-3+b1_amd64.deb ...
Unpacking libmythes-1.2-0:amd64 (2:1.2.4-3+b1) ...
Selecting previously unselected package libneon27-gnutls:amd64.
Preparing to unpack .../27-libneon27-gnutls_0.31.2-1_amd64.deb ...
Unpacking libneon27-gnutls:amd64 (0.31.2-1) ...
Selecting previously unselected package libnumbertext-1.0-0:amd64.
Preparing to unpack .../28-libnumbertext-1.0-0_1.0.7-1_amd64.deb ...
Unpacking libnumbertext-1.0-0:amd64 (1.0.7-1) ...
Selecting previously unselected package libboost-filesystem1.74.0:amd64.
Preparing to unpack .../29-libboost-filesystem1.74.0_1.74.0-9_amd64.deb ...
Unpacking libboost-filesystem1.74.0:amd64 (1.74.0-9) ...
Selecting previously unselected package libboost-iostreams1.74.0:amd64.
Preparing to unpack .../30-libboost-iostreams1.74.0_1.74.0-9_amd64.deb ...
Unpacking libboost-iostreams1.74.0:amd64 (1.74.0-9) ...
Selecting previously unselected package liborcus-parser-0.16-0:amd64.
Preparing to unpack .../31-liborcus-parser-0.16-0_0.16.1-3+b2_amd64.deb ...
Unpacking liborcus-parser-0.16-0:amd64 (0.16.1-3+b2) ...
Selecting previously unselected package liborcus-0.16-0:amd64.
Preparing to unpack .../32-liborcus-0.16-0_0.16.1-3+b2_amd64.deb ...
Unpacking liborcus-0.16-0:amd64 (0.16.1-3+b2) ...
Selecting previously unselected package libqrcodegencpp1:amd64.
Preparing to unpack .../33-libqrcodegencpp1_1.6.0-1_amd64.deb ...
Unpacking libqrcodegencpp1:amd64 (1.6.0-1) ...
Selecting previously unselected package libyajl2:amd64.
Preparing to unpack .../34-libyajl2_2.1.0-3_amd64.deb ...
Unpacking libyajl2:amd64 (2.1.0-3) ...
Selecting previously unselected package libraptor2-0:amd64.
Preparing to unpack .../35-libraptor2-0_2.0.14-1.2_amd64.deb ...
Unpacking libraptor2-0:amd64 (2.0.14-1.2) ...
Selecting previously unselected package libmhash2:amd64.
Preparing to unpack .../36-libmhash2_0.9.9.9-9_amd64.deb ...
Unpacking libmhash2:amd64 (0.9.9.9-9) ...
Selecting previously unselected package librasqal3:amd64.
Preparing to unpack .../37-librasqal3_0.9.33-0.1_amd64.deb ...
Unpacking librasqal3:amd64 (0.9.33-0.1) ...
Selecting previously unselected package librdf0:amd64.
Preparing to unpack .../38-librdf0_1.0.17-1.1+b1_amd64.deb ...
Unpacking librdf0:amd64 (1.0.17-1.1+b1) ...
Selecting previously unselected package librevenge-0.0-0:amd64.
Preparing to unpack .../39-librevenge-0.0-0_0.0.4-6+b1_amd64.deb ...
Unpacking librevenge-0.0-0:amd64 (0.0.4-6+b1) ...
Selecting previously unselected package libxmlsec1:amd64.
Preparing to unpack .../40-libxmlsec1_1.2.31-1_amd64.deb ...
Unpacking libxmlsec1:amd64 (1.2.31-1) ...
Selecting previously unselected package libxmlsec1-nss:amd64.
Preparing to unpack .../41-libxmlsec1-nss_1.2.31-1_amd64.deb ...
Unpacking libxmlsec1-nss:amd64 (1.2.31-1) ...
Selecting previously unselected package libreoffice-core.
Preparing to unpack .../42-libreoffice-core_1%3a7.0.4-4+deb11u3_amd64.deb ...
Unpacking libreoffice-core (1:7.0.4-4+deb11u3) ...
Selecting previously unselected package libreoffice-base-core.
Preparing to unpack .../43-libreoffice-base-core_1%3a7.0.4-4+deb11u3_amd64.deb ...
Unpacking libreoffice-base-core (1:7.0.4-4+deb11u3) ...
Selecting previously unselected package libreoffice-base-drivers.
Preparing to unpack .../44-libreoffice-base-drivers_1%3a7.0.4-4+deb11u3_amd64.deb ...
Unpacking libreoffice-base-drivers (1:7.0.4-4+deb11u3) ...
Selecting previously unselected package libreoffice-base.
Preparing to unpack .../45-libreoffice-base_1%3a7.0.4-4+deb11u3_amd64.deb ...
No diversion 'diversion of /usr/lib/libreoffice/share/basic/dialog.xlc to /usr/lib/libreoffice/share/basic/dialog.xlc.noaccess by libreoffice-base', none removed.
No diversion 'diversion of /usr/lib/libreoffice/share/basic/script.xlc to /usr/lib/libreoffice/share/basic/script.xlc.noaccess by libreoffice-base', none removed.
Unpacking libreoffice-base (1:7.0.4-4+deb11u3) ...
Selecting previously unselected package coinor-libcoinutils3v5.
Preparing to unpack .../46-coinor-libcoinutils3v5_2.11.4+repack1-1_amd64.deb ...
Unpacking coinor-libcoinutils3v5 (2.11.4+repack1-1) ...
Selecting previously unselected package coinor-libosi1v5:amd64.
Preparing to unpack .../47-coinor-libosi1v5_0.108.6+repack1-2_amd64.deb ...
Unpacking coinor-libosi1v5:amd64 (0.108.6+repack1-2) ...
Selecting previously unselected package coinor-libclp1.
Preparing to unpack .../48-coinor-libclp1_1.17.5+repack1-1_amd64.deb ...
Unpacking coinor-libclp1 (1.17.5+repack1-1) ...
Selecting previously unselected package coinor-libcgl1.
Preparing to unpack .../49-coinor-libcgl1_0.60.3+repack1-2_amd64.deb ...
Unpacking coinor-libcgl1 (0.60.3+repack1-2) ...
Selecting previously unselected package coinor-libcbc3:amd64.
Preparing to unpack .../50-coinor-libcbc3_2.10.5+ds1-3_amd64.deb ...
Unpacking coinor-libcbc3:amd64 (2.10.5+ds1-3) ...
Selecting previously unselected package coinor-libcoinmp1v5:amd64.
Preparing to unpack .../51-coinor-libcoinmp1v5_1.8.3-3_amd64.deb ...
Unpacking coinor-libcoinmp1v5:amd64 (1.8.3-3) ...
Selecting previously unselected package libabw-0.1-1:amd64.
Preparing to unpack .../52-libabw-0.1-1_0.1.3-1_amd64.deb ...
Unpacking libabw-0.1-1:amd64 (0.1.3-1) ...
Selecting previously unselected package libcdr-0.1-1:amd64.
Preparing to unpack .../53-libcdr-0.1-1_0.1.6-2_amd64.deb ...
Unpacking libcdr-0.1-1:amd64 (0.1.6-2) ...
Selecting previously unselected package libe-book-0.1-1:amd64.
Preparing to unpack .../54-libe-book-0.1-1_0.1.3-2_amd64.deb ...
Unpacking libe-book-0.1-1:amd64 (0.1.3-2) ...
Selecting previously unselected package libepubgen-0.1-1:amd64.
Preparing to unpack .../55-libepubgen-0.1-1_0.1.1-1_amd64.deb ...
Unpacking libepubgen-0.1-1:amd64 (0.1.1-1) ...
Selecting previously unselected package libetonyek-0.1-1:amd64.
Preparing to unpack .../56-libetonyek-0.1-1_0.1.9-4_amd64.deb ...
Unpacking libetonyek-0.1-1:amd64 (0.1.9-4) ...
Selecting previously unselected package libfreehand-0.1-1.
Preparing to unpack .../57-libfreehand-0.1-1_0.1.2-3_amd64.deb ...
Unpacking libfreehand-0.1-1 (0.1.2-3) ...
Selecting previously unselected package libmspub-0.1-1:amd64.
Preparing to unpack .../58-libmspub-0.1-1_0.1.4-3+b1_amd64.deb ...
Unpacking libmspub-0.1-1:amd64 (0.1.4-3+b1) ...
Selecting previously unselected package libmwaw-0.3-3:amd64.
Preparing to unpack .../59-libmwaw-0.3-3_0.3.17-1_amd64.deb ...
Unpacking libmwaw-0.3-3:amd64 (0.3.17-1) ...
Selecting previously unselected package libodfgen-0.1-1:amd64.
Preparing to unpack .../60-libodfgen-0.1-1_0.1.8-2_amd64.deb ...
Unpacking libodfgen-0.1-1:amd64 (0.1.8-2) ...
Selecting previously unselected package libpagemaker-0.0-0:amd64.
Preparing to unpack .../61-libpagemaker-0.0-0_0.0.4-1_amd64.deb ...
Unpacking libpagemaker-0.0-0:amd64 (0.0.4-1) ...
Selecting previously unselected package libqxp-0.0-0.
Preparing to unpack .../62-libqxp-0.0-0_0.0.2-1+b1_amd64.deb ...
Unpacking libqxp-0.0-0 (0.0.2-1+b1) ...
Selecting previously unselected package lp-solve.
Preparing to unpack .../63-lp-solve_5.5.2.5-2_amd64.deb ...
Unpacking lp-solve (5.5.2.5-2) ...
Selecting previously unselected package libstaroffice-0.0-0:amd64.
Preparing to unpack .../64-libstaroffice-0.0-0_0.0.7-1_amd64.deb ...
Unpacking libstaroffice-0.0-0:amd64 (0.0.7-1) ...
Selecting previously unselected package libwps-0.4-4:amd64.
Preparing to unpack .../65-libwps-0.4-4_0.4.12-1_amd64.deb ...
Unpacking libwps-0.4-4:amd64 (0.4.12-1) ...
Selecting previously unselected package libreoffice-calc.
Preparing to unpack .../66-libreoffice-calc_1%3a7.0.4-4+deb11u3_amd64.deb ...
Unpacking libreoffice-calc (1:7.0.4-4+deb11u3) ...
Selecting previously unselected package libvisio-0.1-1:amd64.
Preparing to unpack .../67-libvisio-0.1-1_0.1.7-1+b1_amd64.deb ...
Unpacking libvisio-0.1-1:amd64 (0.1.7-1+b1) ...
Selecting previously unselected package libwpd-0.10-10:amd64.
Preparing to unpack .../68-libwpd-0.10-10_0.10.3-1_amd64.deb ...
Unpacking libwpd-0.10-10:amd64 (0.10.3-1) ...
Selecting previously unselected package libwpg-0.3-3:amd64.
Preparing to unpack .../69-libwpg-0.3-3_0.3.3-1_amd64.deb ...
Unpacking libwpg-0.3-3:amd64 (0.3.3-1) ...
Selecting previously unselected package libzmf-0.0-0:amd64.
Preparing to unpack .../70-libzmf-0.0-0_0.0.2-1+b3_amd64.deb ...
Unpacking libzmf-0.0-0:amd64 (0.0.2-1+b3) ...
Selecting previously unselected package libreoffice-draw.
Preparing to unpack .../71-libreoffice-draw_1%3a7.0.4-4+deb11u3_amd64.deb ...
Unpacking libreoffice-draw (1:7.0.4-4+deb11u3) ...
Selecting previously unselected package libreoffice-impress.
Preparing to unpack .../72-libreoffice-impress_1%3a7.0.4-4+deb11u3_amd64.deb ...
Unpacking libreoffice-impress (1:7.0.4-4+deb11u3) ...
Selecting previously unselected package libreoffice-math.
Preparing to unpack .../73-libreoffice-math_1%3a7.0.4-4+deb11u3_amd64.deb ...
Unpacking libreoffice-math (1:7.0.4-4+deb11u3) ...
Selecting previously unselected package libreoffice-report-builder-bin.
Preparing to unpack .../74-libreoffice-report-builder-bin_1%3a7.0.4-4+deb11u3_amd64.deb ...
Unpacking libreoffice-report-builder-bin (1:7.0.4-4+deb11u3) ...
Selecting previously unselected package libreoffice-writer.
Preparing to unpack .../75-libreoffice-writer_1%3a7.0.4-4+deb11u3_amd64.deb ...
Unpacking libreoffice-writer (1:7.0.4-4+deb11u3) ...
Selecting previously unselected package python3-uno.
Preparing to unpack .../76-python3-uno_1%3a7.0.4-4+deb11u3_amd64.deb ...
Unpacking python3-uno (1:7.0.4-4+deb11u3) ...
Selecting previously unselected package libreoffice.
Preparing to unpack .../77-libreoffice_1%3a7.0.4-4+deb11u3_amd64.deb ...
Unpacking libreoffice (1:7.0.4-4+deb11u3) ...
Setting up libqrcodegencpp1:amd64 (1.6.0-1) ...
Setting up libharfbuzz-icu0:amd64 (2.7.4-1) ...
Setting up libhyphen0:amd64 (2.8.8-7) ...
Setting up libboost-iostreams1.74.0:amd64 (1.74.0-9) ...
Setting up libyajl2:amd64 (2.1.0-3) ...
Setting up lp-solve (5.5.2.5-2) ...
Setting up libuno-sal3 (1:7.0.4-4+deb11u3) ...
Setting up libboost-filesystem1.74.0:amd64 (1.74.0-9) ...
Setting up libcmis-0.5-5v5 (0.5.2-3) ...
Setting up libeot0:amd64 (0.01-5+b1) ...
Setting up libgpgme11:amd64 (1.14.0-1+b2) ...
Setting up librevenge-0.0-0:amd64 (0.0.4-6+b1) ...
Setting up coinor-libcoinutils3v5 (2.11.4+repack1-1) ...
Setting up libreoffice-style-colibre (1:7.0.4-4+deb11u3) ...
Setting up libnumbertext-data (1.0.7-1) ...
Setting up liborcus-parser-0.16-0:amd64 (0.16.1-3+b2) ...
Setting up libneon27-gnutls:amd64 (0.31.2-1) ...
Setting up libfreehand-0.1-1 (0.1.2-3) ...
Setting up libclucene-core1v5:amd64 (2.3.3.4+dfsg-1+b1) ...
Setting up coinor-libosi1v5:amd64 (0.108.6+repack1-2) ...
Setting up libmhash2:amd64 (0.9.9.9-9) ...
Setting up libmythes-1.2-0:amd64 (2:1.2.4-3+b1) ...
Setting up libexttextcat-data (3.4.5-1) ...
Setting up libabw-0.1-1:amd64 (0.1.3-1) ...
Setting up libepubgen-0.1-1:amd64 (0.1.1-1) ...
Setting up libuno-salhelpergcc3-3 (1:7.0.4-4+deb11u3) ...
Setting up liblangtag-common (0.6.3-2) ...
Setting up libhunspell-1.7-0:amd64 (1.7.0-3) ...
Setting up libxmlsec1:amd64 (1.2.31-1) ...
Setting up libwpd-0.10-10:amd64 (0.10.3-1) ...
Setting up libnumbertext-1.0-0:amd64 (1.0.7-1) ...
Setting up fonts-opensymbol (2:102.11+LibO7.0.4-4+deb11u3) ...
Setting up libodfgen-0.1-1:amd64 (0.1.8-2) ...
Setting up libvisio-0.1-1:amd64 (0.1.7-1+b1) ...
Setting up libboost-thread1.74.0:amd64 (1.74.0-9) ...
Setting up libstaroffice-0.0-0:amd64 (0.0.7-1) ...
Setting up libwps-0.4-4:amd64 (0.4.12-1) ...
Setting up libexttextcat-2.0-0:amd64 (3.4.5-1) ...
Setting up libgpgmepp6:amd64 (1.14.0-1+b2) ...
Setting up libmspub-0.1-1:amd64 (0.1.4-3+b1) ...
Setting up libraptor2-0:amd64 (2.0.14-1.2) ...
Setting up libpagemaker-0.0-0:amd64 (0.0.4-1) ...
Setting up libmwaw-0.3-3:amd64 (0.3.17-1) ...
Setting up libcdr-0.1-1:amd64 (0.1.6-2) ...
Setting up liblangtag1:amd64 (0.6.3-2) ...
Setting up libzmf-0.0-0:amd64 (0.0.2-1+b3) ...
Setting up libqxp-0.0-0 (0.0.2-1+b1) ...
Setting up liborcus-0.16-0:amd64 (0.16.1-3+b2) ...
Setting up libuno-cppu3 (1:7.0.4-4+deb11u3) ...
Setting up coinor-libclp1 (1.17.5+repack1-1) ...
Setting up libclucene-contribs1v5:amd64 (2.3.3.4+dfsg-1+b1) ...
Setting up libwpg-0.3-3:amd64 (0.3.3-1) ...
Setting up libxmlsec1-nss:amd64 (1.2.31-1) ...
Setting up coinor-libcgl1 (0.60.3+repack1-2) ...
Setting up libboost-locale1.74.0:amd64 (1.74.0-9) ...
Setting up coinor-libcbc3:amd64 (2.10.5+ds1-3) ...
Setting up libuno-purpenvhelpergcc3-3 (1:7.0.4-4+deb11u3) ...
Setting up uno-libs-private (1:7.0.4-4+deb11u3) ...
Setting up librasqal3:amd64 (0.9.33-0.1) ...
Setting up libetonyek-0.1-1:amd64 (0.1.9-4) ...
Setting up libe-book-0.1-1:amd64 (0.1.3-2) ...
Setting up librdf0:amd64 (1.0.17-1.1+b1) ...
Setting up coinor-libcoinmp1v5:amd64 (1.8.3-3) ...
Setting up libuno-cppuhelpergcc3-3 (1:7.0.4-4+deb11u3) ...
Setting up ure (1:7.0.4-4+deb11u3) ...
Setting up libreoffice-common (1:7.0.4-4+deb11u3) ...

Creating config file /etc/libreoffice/registry/main.xcd with new version

Creating config file /etc/libreoffice/registry/pdfimport.xcd with new version

Creating config file /etc/libreoffice/registry/xsltfilter.xcd with new version

Creating config file /etc/libreoffice/registry/lingucomponent.xcd with new version

Creating config file /etc/libreoffice/registry/Langpack-en-US.xcd with new version

Creating config file /etc/libreoffice/registry/res/fcfg_langpack_en-US.xcd with new version
Setting up libreoffice-core (1:7.0.4-4+deb11u3) ...
Setting up libreoffice-math (1:7.0.4-4+deb11u3) ...

Creating config file /etc/libreoffice/registry/math.xcd with new version
Setting up libreoffice-draw (1:7.0.4-4+deb11u3) ...

Creating config file /etc/libreoffice/registry/draw.xcd with new version

Creating config file /etc/libreoffice/registry/graphicfilter.xcd with new version
Setting up libreoffice-base-drivers (1:7.0.4-4+deb11u3) ...
Setting up libreoffice-impress (1:7.0.4-4+deb11u3) ...

Creating config file /etc/libreoffice/registry/impress.xcd with new version

Creating config file /etc/libreoffice/registry/ogltrans.xcd with new version
Setting up libreoffice-base-core (1:7.0.4-4+deb11u3) ...
Setting up python3-uno (1:7.0.4-4+deb11u3) ...

Creating config file /etc/libreoffice/registry/pyuno.xcd with new version
Setting up libreoffice-calc (1:7.0.4-4+deb11u3) ...

Creating config file /etc/libreoffice/registry/calc.xcd with new version
Setting up libreoffice-base (1:7.0.4-4+deb11u3) ...

Creating config file /etc/libreoffice/registry/base.xcd with new version
Setting up libreoffice-writer (1:7.0.4-4+deb11u3) ...

Creating config file /etc/libreoffice/registry/writer.xcd with new version
Setting up libreoffice-report-builder-bin (1:7.0.4-4+deb11u3) ...
Setting up libreoffice (1:7.0.4-4+deb11u3) ...
Processing triggers for desktop-file-utils (0.26-1) ...
Processing triggers for hicolor-icon-theme (0.17-2) ...
Processing triggers for libc-bin (2.31-13+deb11u4) ...
Processing triggers for gnome-icon-theme (3.12.0-3) ...
Processing triggers for shared-mime-info (2.0-1) ...
Processing triggers for mailcap (3.69) ...
Processing triggers for fontconfig (2.13.1-4.2) ...
CLDS: * Install LibreOffice 7.0.4.2 00(Build:2).
CLDS: * Install Office Suite: Word processor.
CLDS: * Install Office Suite: Spreadsheet.
CLDS: * Install Office Suite: Presentation.
CLDS: * Install Office Suite: Drawing.
CLDS: * Install Office Suite: Database.
CLDS: * Install Office Suite: Equation.
CLDS: * https://wiki.documentfoundation.org/ReleasePlan
CLDS: * Disk size = 4185420K. Space Used = 484288K. Runtime = 00:00:00:21.
