CLDS:>>>>>>>>> Running inst-min-con-xtra-mariadb-server-fix.sh ...
Reading package lists...
Building dependency tree...
Reading state information...
The following additional packages will be installed:
  libdaxctl1 libndctl6
The following NEW packages will be installed:
  libdaxctl1 libndctl6 libpmem1
0 upgraded, 3 newly installed, 0 to remove and 17 not upgraded.
Inst libdaxctl1 (71.1-1 master_bullseye-main bullseye:bullseye [amd64])
Inst libndctl6 (71.1-1 master_bullseye-main bullseye:bullseye [amd64])
Inst libpmem1 (1.10-2+deb11u1 master_bullseye-main bullseye:bullseye [amd64])
Conf libdaxctl1 (71.1-1 master_bullseye-main bullseye:bullseye [amd64])
Conf libndctl6 (71.1-1 master_bullseye-main bullseye:bullseye [amd64])
Conf libpmem1 (1.10-2+deb11u1 master_bullseye-main bullseye:bullseye [amd64])
Reading package lists...
Building dependency tree...
Reading state information...
The following NEW packages will be installed:
  liburing1
0 upgraded, 1 newly installed, 0 to remove and 17 not upgraded.
Inst liburing1 (0.7-3 master_bullseye-main bullseye:bullseye [amd64])
Conf liburing1 (0.7-3 master_bullseye-main bullseye:bullseye [amd64])
CLDS: * Install dependent packages for MariaDB.
<<<<<<< HEAD
CLDS: * Disk size = 3252664K. Space Used = 4K. Runtime = 00:00:00:01.
=======
CLDS: * Disk size = 2920324K. Space Used = 8K. Runtime = 00:00:00:00.
>>>>>>> refs/remotes/origin/bullseye
