CLDS:>>>>>>>>> Running inst-std-help-manuals-html.sh ...
'./cld/doc/dev-manual.html' -> '/usr/local/cld/doc/dev-manual.html'
'./cld/doc/user-manual.html' -> '/usr/local/cld/doc/user-manual.html'
'./cld/app/jwm/jwmrc/jwmrc-menus-help-manuals.xml' -> '/usr/local/cld/app/jwm/jwmrc/jwmrc-menus-help-manuals.xml'
'./cld/app/jwm/jwmrc/icons/compose-E267.svg' -> '/usr/local/cld/app/jwm/jwmrc/icons/compose-E267.svg'
'./cld/app/jwm/jwmrc/icons/contacts-E256.svg' -> '/usr/local/cld/app/jwm/jwmrc/icons/contacts-E256.svg'
CLDS: * Add user & developer manuals(html) in Help menu.
<<<<<<< HEAD
CLDS: * Disk size = 4608056K. Space Used = 84K. Runtime = 00:00:00:01.
=======
<<<<<<< HEAD
CLDS: * Disk size = 4525340K. Space Used = 84K. Runtime = 00:00:00:01.
=======
<<<<<<< HEAD
CLDS: * Disk size = 4469152K. Space Used = 84K. Runtime = 00:00:00:01.
=======
CLDS: * Disk size = 4524156K. Space Used = 84K. Runtime = 00:00:00:01.
>>>>>>> refs/remotes/origin/bullseye
>>>>>>> refs/remotes/origin/bullseye
>>>>>>> branch 'bullseye' of https://github.com/xuanngo2001/cust-live-deb.git
