CLDS:>>>>>>>>> Running inst-min-win-jwm-keyboard-move-mouse.sh ...
'./cld/app/jwm/bootstrap' -> '/usr/local/cld/app/jwm/bootstrap'
'./cld/app/jwm/bootstrap/jwmrc-startup-keyboard-move-mouse.sh' -> '/usr/local/cld/app/jwm/bootstrap/jwmrc-startup-keyboard-move-mouse.sh'
'./cld/doc/mouse-help.txt' -> '/usr/local/cld/doc/mouse-help.txt'
CLDS: * Setup X Window to allow keyboard to move mouse.
CLDS: * Press Left Shift+NumLock.
CLDS: * Press on numpad keys to move the mouse.
<<<<<<< HEAD
CLDS: * Disk size = 4307628K. Space Used = 16K. Runtime = 00:00:00:01.
=======
<<<<<<< HEAD
CLDS: * Disk size = 4423988K. Space Used = 16K. Runtime = 00:00:00:01.
=======
<<<<<<< HEAD
CLDS: * Disk size = 4203844K. Space Used = 16K. Runtime = 00:00:00:01.
=======
CLDS: * Disk size = 4423976K. Space Used = 16K. Runtime = 00:00:00:00.
>>>>>>> refs/remotes/origin/bullseye
>>>>>>> refs/remotes/origin/bullseye
>>>>>>> refs/remotes/origin/bullseye
