CLDS:>>>>>>>>> Running inst-min-con-xtra-apache2.sh ...
Reading package lists...
Building dependency tree...
Reading state information...
The following additional packages will be installed:
  apache2-bin apache2-data apache2-utils libapr1 libaprutil1
  libaprutil1-dbd-sqlite3 libaprutil1-ldap libcurl4 libicu67 liblua5.3-0
  libxml2 mailcap media-types mime-support
Suggested packages:
  apache2-doc apache2-suexec-pristine | apache2-suexec-custom www-browser
Recommended packages:
  ssl-cert ca-certificates file xz-utils
The following NEW packages will be installed:
  apache2 apache2-bin apache2-data apache2-utils libapr1 libaprutil1
  libaprutil1-dbd-sqlite3 libaprutil1-ldap libcurl4 libicu67 liblua5.3-0
  libxml2 mailcap media-types mime-support
0 upgraded, 15 newly installed, 0 to remove and 0 not upgraded.
Need to get 12.2 MB of archives.
After this operation, 45.2 MB of additional disk space will be used.
Get:1 http://localhost/aptly-repo/master_bullseye-main bullseye/main amd64 libapr1 amd64 1.7.0-6+deb11u1 [106 kB]
Get:2 http://localhost/aptly-repo/master_bullseye-main bullseye/main amd64 libaprutil1 amd64 1.6.1-5 [92.1 kB]
Get:3 http://localhost/aptly-repo/master_bullseye-main bullseye/main amd64 libaprutil1-dbd-sqlite3 amd64 1.6.1-5 [18.8 kB]
Get:4 http://localhost/aptly-repo/master_bullseye-main bullseye/main amd64 libaprutil1-ldap amd64 1.6.1-5 [17.0 kB]
Get:5 http://localhost/aptly-repo/master_bullseye-main bullseye/main amd64 libcurl4 amd64 7.74.0-1.3+deb11u3 [345 kB]
Get:6 http://localhost/aptly-repo/master_bullseye-main bullseye/main amd64 liblua5.3-0 amd64 5.3.3-1.1+b1 [120 kB]
Get:7 http://localhost/aptly-repo/master_bullseye-main bullseye/main amd64 libicu67 amd64 67.1-7 [8,622 kB]
Get:8 http://localhost/aptly-repo/master_bullseye-main bullseye/main amd64 libxml2 amd64 2.9.10+dfsg-6.7+deb11u2 [692 kB]
Get:9 http://localhost/aptly-repo/master_bullseye-main bullseye/main amd64 apache2-bin amd64 2.4.54-1~deb11u1 [1,425 kB]
Get:10 http://localhost/aptly-repo/master_bullseye-main bullseye/main amd64 apache2-data all 2.4.54-1~deb11u1 [160 kB]
Get:11 http://localhost/aptly-repo/master_bullseye-main bullseye/main amd64 apache2-utils amd64 2.4.54-1~deb11u1 [260 kB]
Get:12 http://localhost/aptly-repo/master_bullseye-main bullseye/main amd64 media-types all 4.0.0 [30.3 kB]
Get:13 http://localhost/aptly-repo/master_bullseye-main bullseye/main amd64 mailcap all 3.69 [31.7 kB]
Get:14 http://localhost/aptly-repo/master_bullseye-main bullseye/main amd64 mime-support all 3.66 [10.9 kB]
Get:15 http://localhost/aptly-repo/master_bullseye-main bullseye/main amd64 apache2 amd64 2.4.54-1~deb11u1 [275 kB]
dpkg-preconfigure: unable to re-open stdin: No such file or directory
Fetched 12.2 MB in 0s (108 MB/s)
E: Can not write log (Is /dev/pts mounted?) - posix_openpt (2: No such file or directory)
Selecting previously unselected package libapr1:amd64.
(Reading database ... 14370 files and directories currently installed.)
Preparing to unpack .../00-libapr1_1.7.0-6+deb11u1_amd64.deb ...
Unpacking libapr1:amd64 (1.7.0-6+deb11u1) ...
Selecting previously unselected package libaprutil1:amd64.
Preparing to unpack .../01-libaprutil1_1.6.1-5_amd64.deb ...
Unpacking libaprutil1:amd64 (1.6.1-5) ...
Selecting previously unselected package libaprutil1-dbd-sqlite3:amd64.
Preparing to unpack .../02-libaprutil1-dbd-sqlite3_1.6.1-5_amd64.deb ...
Unpacking libaprutil1-dbd-sqlite3:amd64 (1.6.1-5) ...
Selecting previously unselected package libaprutil1-ldap:amd64.
Preparing to unpack .../03-libaprutil1-ldap_1.6.1-5_amd64.deb ...
Unpacking libaprutil1-ldap:amd64 (1.6.1-5) ...
Selecting previously unselected package libcurl4:amd64.
Preparing to unpack .../04-libcurl4_7.74.0-1.3+deb11u3_amd64.deb ...
Unpacking libcurl4:amd64 (7.74.0-1.3+deb11u3) ...
Selecting previously unselected package liblua5.3-0:amd64.
Preparing to unpack .../05-liblua5.3-0_5.3.3-1.1+b1_amd64.deb ...
Unpacking liblua5.3-0:amd64 (5.3.3-1.1+b1) ...
Selecting previously unselected package libicu67:amd64.
Preparing to unpack .../06-libicu67_67.1-7_amd64.deb ...
Unpacking libicu67:amd64 (67.1-7) ...
Selecting previously unselected package libxml2:amd64.
Preparing to unpack .../07-libxml2_2.9.10+dfsg-6.7+deb11u2_amd64.deb ...
Unpacking libxml2:amd64 (2.9.10+dfsg-6.7+deb11u2) ...
Selecting previously unselected package apache2-bin.
Preparing to unpack .../08-apache2-bin_2.4.54-1~deb11u1_amd64.deb ...
Unpacking apache2-bin (2.4.54-1~deb11u1) ...
Selecting previously unselected package apache2-data.
Preparing to unpack .../09-apache2-data_2.4.54-1~deb11u1_all.deb ...
Unpacking apache2-data (2.4.54-1~deb11u1) ...
Selecting previously unselected package apache2-utils.
Preparing to unpack .../10-apache2-utils_2.4.54-1~deb11u1_amd64.deb ...
Unpacking apache2-utils (2.4.54-1~deb11u1) ...
Selecting previously unselected package media-types.
Preparing to unpack .../11-media-types_4.0.0_all.deb ...
Unpacking media-types (4.0.0) ...
Selecting previously unselected package mailcap.
Preparing to unpack .../12-mailcap_3.69_all.deb ...
Unpacking mailcap (3.69) ...
Selecting previously unselected package mime-support.
Preparing to unpack .../13-mime-support_3.66_all.deb ...
Unpacking mime-support (3.66) ...
Selecting previously unselected package apache2.
Preparing to unpack .../14-apache2_2.4.54-1~deb11u1_amd64.deb ...
Unpacking apache2 (2.4.54-1~deb11u1) ...
Setting up media-types (4.0.0) ...
Setting up libicu67:amd64 (67.1-7) ...
Setting up libapr1:amd64 (1.7.0-6+deb11u1) ...
Setting up liblua5.3-0:amd64 (5.3.3-1.1+b1) ...
Setting up libcurl4:amd64 (7.74.0-1.3+deb11u3) ...
Setting up apache2-data (2.4.54-1~deb11u1) ...
Setting up mailcap (3.69) ...
Setting up libxml2:amd64 (2.9.10+dfsg-6.7+deb11u2) ...
Setting up libaprutil1:amd64 (1.6.1-5) ...
Setting up mime-support (3.66) ...
Setting up libaprutil1-ldap:amd64 (1.6.1-5) ...
Setting up libaprutil1-dbd-sqlite3:amd64 (1.6.1-5) ...
Setting up apache2-utils (2.4.54-1~deb11u1) ...
Setting up apache2-bin (2.4.54-1~deb11u1) ...
Setting up apache2 (2.4.54-1~deb11u1) ...
Enabling module mpm_event.
Enabling module authz_core.
Enabling module authz_host.
Enabling module authn_core.
Enabling module auth_basic.
Enabling module access_compat.
Enabling module authn_file.
Enabling module authz_user.
Enabling module alias.
Enabling module dir.
Enabling module autoindex.
Enabling module env.
Enabling module mime.
Enabling module negotiation.
Enabling module setenvif.
Enabling module filter.
Enabling module deflate.
Enabling module status.
Enabling module reqtimeout.
Enabling conf charset.
Enabling conf localized-error-pages.
Enabling conf other-vhosts-access-log.
Enabling conf security.
Enabling conf serve-cgi-bin.
Enabling site 000-default.
Running in chroot, ignoring request.
invoke-rc.d: policy-rc.d denied execution of start.
Created symlink /etc/systemd/system/multi-user.target.wants/apache2.service → /lib/systemd/system/apache2.service.
Created symlink /etc/systemd/system/multi-user.target.wants/apache-htcacheclean.service → /lib/systemd/system/apache-htcacheclean.service.
Processing triggers for libc-bin (2.31-13+deb11u4) ...
'./cld/doc/apache-help.txt' -> '/usr/local/cld/doc/apache-help.txt'
CLDS: * Install apache2.
CLDS: * Disk size = 612640K. Space Used = 58016K. Runtime = 00:00:00:04.
