CLDS:>>>>>>>>> Running inst-min-win-jwm-help-manuals-text.sh ...
'./cld/doc/001-User-manual.md' -> '/usr/local/cld/doc/001-User-manual.md'
'./cld/doc/100-Developer-manual.md' -> '/usr/local/cld/doc/100-Developer-manual.md'
'./cld/app/jwm/jwmrc/jwmrc-menus-help-manuals.xml' -> '/usr/local/cld/app/jwm/jwmrc/jwmrc-menus-help-manuals.xml'
'./cld/app/jwm/jwmrc/icons/contacts-E256.svg' -> '/usr/local/cld/app/jwm/jwmrc/icons/contacts-E256.svg'
'./cld/app/jwm/jwmrc/icons/compose-E267.svg' -> '/usr/local/cld/app/jwm/jwmrc/icons/compose-E267.svg'
CLDS: * Add user & developer manuals(text) in Help menu.
<<<<<<< HEAD
CLDS: * Disk size = 4307612K. Space Used = 56K. Runtime = 00:00:00:00.
=======
<<<<<<< HEAD
CLDS: * Disk size = 4423972K. Space Used = 56K. Runtime = 00:00:00:01.
=======
<<<<<<< HEAD
CLDS: * Disk size = 4203828K. Space Used = 56K. Runtime = 00:00:00:00.
=======
CLDS: * Disk size = 4423960K. Space Used = 56K. Runtime = 00:00:00:01.
>>>>>>> refs/remotes/origin/bullseye
>>>>>>> refs/remotes/origin/bullseye
>>>>>>> refs/remotes/origin/bullseye
