CLDS:>>>>>>>>> Running inst-xtra-games-openra.sh ...
Reading package lists...
Building dependency tree...
Reading state information...
xdg-utils is already the newest version (1.1.3-4.1).
xdg-utils set to manually installed.
0 upgraded, 0 newly installed, 0 to remove and 0 not upgraded.
Reading package lists...
Building dependency tree...
Reading state information...
libsdl2-2.0-0 is already the newest version (2.0.14+dfsg2-3+deb11u1).
0 upgraded, 0 newly installed, 0 to remove and 0 not upgraded.
Reading package lists...
Building dependency tree...
Reading state information...
libmono-system-data4.0-cil is already the newest version (6.8.0.105+dfsg-3.2).
libmono-system-data4.0-cil set to manually installed.
0 upgraded, 0 newly installed, 0 to remove and 0 not upgraded.
Reading package lists...
Building dependency tree...
Reading state information...
libmono-system-numerics4.0-cil is already the newest version (6.8.0.105+dfsg-3.2).
libmono-system-numerics4.0-cil set to manually installed.
0 upgraded, 0 newly installed, 0 to remove and 0 not upgraded.
Reading package lists...
Building dependency tree...
Reading state information...
libmono-system-runtime-serialization4.0-cil is already the newest version (6.8.0.105+dfsg-3.2).
libmono-system-runtime-serialization4.0-cil set to manually installed.
0 upgraded, 0 newly installed, 0 to remove and 0 not upgraded.
Reading package lists...
Building dependency tree...
Reading state information...
libmono-system-xml-linq4.0-cil is already the newest version (6.8.0.105+dfsg-3.2).
libmono-system-xml-linq4.0-cil set to manually installed.
0 upgraded, 0 newly installed, 0 to remove and 0 not upgraded.
Reading package lists...
Building dependency tree...
Reading state information...
libmono-i18n4.0-all is already the newest version (6.8.0.105+dfsg-3.2).
libmono-i18n4.0-all set to manually installed.
0 upgraded, 0 newly installed, 0 to remove and 0 not upgraded.
Reading package lists...
Building dependency tree...
Reading state information...
The following additional packages will be installed:
  zenity-common
The following NEW packages will be installed:
  zenity zenity-common
0 upgraded, 2 newly installed, 0 to remove and 0 not upgraded.
Need to get 4,698 kB of archives.
After this operation, 8,133 kB of additional disk space will be used.
Get:1 http://localhost/aptly-repo/master_bullseye-main bullseye/main amd64 zenity-common all 3.32.0-6 [4,423 kB]
Get:2 http://localhost/aptly-repo/master_bullseye-main bullseye/main amd64 zenity amd64 3.32.0-6 [275 kB]
dpkg-preconfigure: unable to re-open stdin: No such file or directory
Fetched 4,698 kB in 0s (60.5 MB/s)
E: Can not write log (Is /dev/pts mounted?) - posix_openpt (2: No such file or directory)
Selecting previously unselected package zenity-common.
(Reading database ... 79274 files and directories currently installed.)
Preparing to unpack .../zenity-common_3.32.0-6_all.deb ...
Unpacking zenity-common (3.32.0-6) ...
Selecting previously unselected package zenity.
Preparing to unpack .../zenity_3.32.0-6_amd64.deb ...
Unpacking zenity (3.32.0-6) ...
Setting up zenity-common (3.32.0-6) ...
Setting up zenity (3.32.0-6) ...
Selecting previously unselected package openra.
(Reading database ... 80272 files and directories currently installed.)
Preparing to unpack openra_release.20170527_all.deb ...
Unpacking openra (20170527.release) ...
dpkg: dependency problems prevent configuration of openra:
 openra depends on libgl1-mesa-glx; however:
  Package libgl1-mesa-glx is not installed.
 openra depends on liblua5.1-0; however:
  Package liblua5.1-0 is not installed.

dpkg: error processing package openra (--install):
 dependency problems - leaving unconfigured
Processing triggers for hicolor-icon-theme (0.17-2) ...
Processing triggers for desktop-file-utils (0.26-1) ...
Processing triggers for mailcap (3.69) ...
Processing triggers for shared-mime-info (2.0-1) ...
Errors were encountered while processing:
 openra
CLDS: * Disk size = 6426612K. Space Used = 37296K. Runtime = 00:00:00:04.
