CLDS:>>>>>>>>> Running inst-min-con-xtra-smb-samba.sh ...
Reading package lists...
Building dependency tree...
Reading state information...
The following additional packages will be installed:
  libldb2 liblmdb0 libtalloc2 libtdb1 libtevent0 libwbclient0
  python3-dnspython python3-ldb python3-samba python3-talloc python3-tdb
  samba-common samba-common-bin samba-libs tdb-tools
Suggested packages:
  python3-sniffio python3-trio bind9 bind9utils ctdb ldb-tools smbldap-tools
  ufw winbind heimdal-clients python3-markdown
Recommended packages:
  python3-cryptography python3-idna python3-requests python3-requests-toolbelt
  python3-gpg attr python3-markdown samba-dsdb-modules samba-vfs-modules
The following NEW packages will be installed:
  libldb2 liblmdb0 libtalloc2 libtdb1 libtevent0 libwbclient0
  python3-dnspython python3-ldb python3-samba python3-talloc python3-tdb samba
  samba-common samba-common-bin samba-libs tdb-tools
0 upgraded, 16 newly installed, 0 to remove and 0 not upgraded.
Need to get 11.3 MB of archives.
After this operation, 68.4 MB of additional disk space will be used.
Get:1 http://localhost/aptly-repo/master_bullseye-main bullseye/main amd64 libtalloc2 amd64 2.3.1-2+b1 [29.3 kB]
Get:2 http://localhost/aptly-repo/master_bullseye-main bullseye/main amd64 libtevent0 amd64 0.10.2-1 [37.1 kB]
Get:3 http://localhost/aptly-repo/master_bullseye-main bullseye/main amd64 libwbclient0 amd64 2:4.13.13+dfsg-1~deb11u5 [313 kB]
Get:4 http://localhost/aptly-repo/master_bullseye-main bullseye/main amd64 python3-dnspython all 2.0.0-1 [103 kB]
Get:5 http://localhost/aptly-repo/master_bullseye-main bullseye/main amd64 liblmdb0 amd64 0.9.24-1 [45.0 kB]
Get:6 http://localhost/aptly-repo/master_bullseye-main bullseye/main amd64 libtdb1 amd64 1.4.3-1+b1 [49.9 kB]
Get:7 http://localhost/aptly-repo/master_bullseye-main bullseye/main amd64 libldb2 amd64 2:2.2.3-2~deb11u2 [148 kB]
Get:8 http://localhost/aptly-repo/master_bullseye-main bullseye/main amd64 python3-ldb amd64 2:2.2.3-2~deb11u2 [46.4 kB]
Get:9 http://localhost/aptly-repo/master_bullseye-main bullseye/main amd64 python3-tdb amd64 1.4.3-1+b1 [20.6 kB]
Get:10 http://localhost/aptly-repo/master_bullseye-main bullseye/main amd64 python3-talloc amd64 2.3.1-2+b1 [17.4 kB]
Get:11 http://localhost/aptly-repo/master_bullseye-main bullseye/main amd64 samba-libs amd64 2:4.13.13+dfsg-1~deb11u5 [5,774 kB]
Get:12 http://localhost/aptly-repo/master_bullseye-main bullseye/main amd64 python3-samba amd64 2:4.13.13+dfsg-1~deb11u5 [2,688 kB]
Get:13 http://localhost/aptly-repo/master_bullseye-main bullseye/main amd64 samba-common all 2:4.13.13+dfsg-1~deb11u5 [171 kB]
Get:14 http://localhost/aptly-repo/master_bullseye-main bullseye/main amd64 samba-common-bin amd64 2:4.13.13+dfsg-1~deb11u5 [666 kB]
Get:15 http://localhost/aptly-repo/master_bullseye-main bullseye/main amd64 tdb-tools amd64 1.4.3-1+b1 [31.7 kB]
Get:16 http://localhost/aptly-repo/master_bullseye-main bullseye/main amd64 samba amd64 2:4.13.13+dfsg-1~deb11u5 [1,182 kB]
dpkg-preconfigure: unable to re-open stdin: No such file or directory
Fetched 11.3 MB in 0s (103 MB/s)
E: Can not write log (Is /dev/pts mounted?) - posix_openpt (2: No such file or directory)
Selecting previously unselected package libtalloc2:amd64.
(Reading database ... 22043 files and directories currently installed.)
Preparing to unpack .../00-libtalloc2_2.3.1-2+b1_amd64.deb ...
Unpacking libtalloc2:amd64 (2.3.1-2+b1) ...
Selecting previously unselected package libtevent0:amd64.
Preparing to unpack .../01-libtevent0_0.10.2-1_amd64.deb ...
Unpacking libtevent0:amd64 (0.10.2-1) ...
Selecting previously unselected package libwbclient0:amd64.
Preparing to unpack .../02-libwbclient0_2%3a4.13.13+dfsg-1~deb11u5_amd64.deb ...
Unpacking libwbclient0:amd64 (2:4.13.13+dfsg-1~deb11u5) ...
Selecting previously unselected package python3-dnspython.
Preparing to unpack .../03-python3-dnspython_2.0.0-1_all.deb ...
Unpacking python3-dnspython (2.0.0-1) ...
Selecting previously unselected package liblmdb0:amd64.
Preparing to unpack .../04-liblmdb0_0.9.24-1_amd64.deb ...
Unpacking liblmdb0:amd64 (0.9.24-1) ...
Selecting previously unselected package libtdb1:amd64.
Preparing to unpack .../05-libtdb1_1.4.3-1+b1_amd64.deb ...
Unpacking libtdb1:amd64 (1.4.3-1+b1) ...
Selecting previously unselected package libldb2:amd64.
Preparing to unpack .../06-libldb2_2%3a2.2.3-2~deb11u2_amd64.deb ...
Unpacking libldb2:amd64 (2:2.2.3-2~deb11u2) ...
Selecting previously unselected package python3-ldb.
Preparing to unpack .../07-python3-ldb_2%3a2.2.3-2~deb11u2_amd64.deb ...
Unpacking python3-ldb (2:2.2.3-2~deb11u2) ...
Selecting previously unselected package python3-tdb.
Preparing to unpack .../08-python3-tdb_1.4.3-1+b1_amd64.deb ...
Unpacking python3-tdb (1.4.3-1+b1) ...
Selecting previously unselected package python3-talloc:amd64.
Preparing to unpack .../09-python3-talloc_2.3.1-2+b1_amd64.deb ...
Unpacking python3-talloc:amd64 (2.3.1-2+b1) ...
Selecting previously unselected package samba-libs:amd64.
Preparing to unpack .../10-samba-libs_2%3a4.13.13+dfsg-1~deb11u5_amd64.deb ...
Unpacking samba-libs:amd64 (2:4.13.13+dfsg-1~deb11u5) ...
Selecting previously unselected package python3-samba.
Preparing to unpack .../11-python3-samba_2%3a4.13.13+dfsg-1~deb11u5_amd64.deb ...
Unpacking python3-samba (2:4.13.13+dfsg-1~deb11u5) ...
Selecting previously unselected package samba-common.
Preparing to unpack .../12-samba-common_2%3a4.13.13+dfsg-1~deb11u5_all.deb ...
Unpacking samba-common (2:4.13.13+dfsg-1~deb11u5) ...
Selecting previously unselected package samba-common-bin.
Preparing to unpack .../13-samba-common-bin_2%3a4.13.13+dfsg-1~deb11u5_amd64.deb ...
Unpacking samba-common-bin (2:4.13.13+dfsg-1~deb11u5) ...
Selecting previously unselected package tdb-tools.
Preparing to unpack .../14-tdb-tools_1.4.3-1+b1_amd64.deb ...
Unpacking tdb-tools (1.4.3-1+b1) ...
Selecting previously unselected package samba.
Preparing to unpack .../15-samba_2%3a4.13.13+dfsg-1~deb11u5_amd64.deb ...
Unpacking samba (2:4.13.13+dfsg-1~deb11u5) ...
Setting up liblmdb0:amd64 (0.9.24-1) ...
Setting up libtdb1:amd64 (1.4.3-1+b1) ...
Setting up samba-common (2:4.13.13+dfsg-1~deb11u5) ...

Creating config file /etc/samba/smb.conf with new version
Setting up libtalloc2:amd64 (2.3.1-2+b1) ...
Setting up python3-tdb (1.4.3-1+b1) ...
Setting up libtevent0:amd64 (0.10.2-1) ...
Setting up tdb-tools (1.4.3-1+b1) ...
update-alternatives: using /usr/bin/tdbbackup.tdbtools to provide /usr/bin/tdbbackup (tdbbackup) in auto mode
Setting up python3-dnspython (2.0.0-1) ...
Setting up libldb2:amd64 (2:2.2.3-2~deb11u2) ...
Setting up python3-talloc:amd64 (2.3.1-2+b1) ...
Setting up libwbclient0:amd64 (2:4.13.13+dfsg-1~deb11u5) ...
Setting up python3-ldb (2:2.2.3-2~deb11u2) ...
Setting up samba-libs:amd64 (2:4.13.13+dfsg-1~deb11u5) ...
Setting up python3-samba (2:4.13.13+dfsg-1~deb11u5) ...
Setting up samba-common-bin (2:4.13.13+dfsg-1~deb11u5) ...
Checking smb.conf with testparm
Load smb config files from /etc/samba/smb.conf
Loaded services file OK.
Weak crypto is allowed
Server role: ROLE_STANDALONE

Done
Setting up samba (2:4.13.13+dfsg-1~deb11u5) ...
Adding group `sambashare' (GID 113) ...
Done.
Samba is not being run as an AD Domain Controller: Masking samba-ad-dc.service
Please ignore the following error about deb-systemd-helper not finding those services.
(samba-ad-dc.service masked)
Running in chroot, ignoring request.
invoke-rc.d: policy-rc.d denied execution of start.
Running in chroot, ignoring request.
invoke-rc.d: policy-rc.d denied execution of start.
Running in chroot, ignoring request.
invoke-rc.d: policy-rc.d denied execution of start.
Created symlink /etc/systemd/system/multi-user.target.wants/nmbd.service → /lib/systemd/system/nmbd.service.
Failed to preset unit, unit /etc/systemd/system/samba-ad-dc.service is masked.
/usr/bin/deb-systemd-helper: error: systemctl preset failed on samba-ad-dc.service: No such file or directory
Created symlink /etc/systemd/system/multi-user.target.wants/smbd.service → /lib/systemd/system/smbd.service.
Processing triggers for libc-bin (2.31-13+deb11u4) ...
CLDS: * Install samba.
CLDS: * Disk size = 1698724K. Space Used = 84432K. Runtime = 00:00:00:05.
