CLDS:>>>>>>>>> Running inst-zclean-04-chmod-script.sh ...
chmod ./partition-automount.sh
chmod ./cld-help.sh
chmod ./cld-persistence.sh
chmod ./cld-dd-usb.sh
chmod ./cld-lsmodules.sh
chmod ./cld-mkiso.sh
chmod ./cld-dirs-create.sh
chmod ./cld-list-icons.sh
chmod ./cld-dpkg-list.sh
chmod ./cld-run-scripts.sh
chmod ./partition-swap-enable.sh
chmod ./cld-remaster.sh
chmod ./bashrc-ps1.sh
chmod ./bashrc-cld.sh
chmod ./bashrc-dircolors.sh
chmod ./bashrc-alias-google-chrome.sh
chmod ./bashrc-alias-mpv.sh
chmod ./bashrc-java.sh
chmod ./bashrc-fct-cdir.sh
chmod ./bashrc-alias-locate.sh
chmod ./bashrc-alias.sh
chmod ./bashrc-alias-gpicview.sh
chmod ./bashrc-fct-to.sh
chmod ./bashrc-fct-extract.sh
chmod ./crop.sh
chmod ./cld-systemd-after-boot.sh
chmod ./cld-systemd-before-shutdown-halt-reboot.sh
chmod ./mount-all.sh
chmod ./jwmrc-startup-alsa.sh
chmod ./link-home-directory.sh
chmod ./devmon.sh
chmod ./bashrc.sh
chmod ./macchanger.sh
chmod ./open-terminals.sh
chmod ./jwmrc-startup-configure-conky.sh
chmod ./jwm-bootstrap.sh
chmod ./jwmrc-startup-open-terminals.sh
chmod ./jwmrc-startup-volumeicon.sh
chmod ./jwmrc-startup-conky.sh
chmod ./jwmrc-startup-wicd.sh
chmod ./jwmrc-startup-keyboard-move-mouse.sh
CLDS: * Make *.sh under /usr/local/cld/ executable.
CLDS: * Disk size = 5667836K. Space Used = 4K. Runtime = 00:00:00:01.
