CLDS:>>>>>>>>> Running inst-zclean-00-security-updates.sh ...
Hit:1 http://localhost/aptly-repo/master_buster-main buster InRelease
Hit:2 http://localhost/aptly-repo/master_aptly-main squeeze InRelease
Hit:3 http://localhost/aptly-repo/master_buster-backports-contrib buster-backports InRelease
Hit:4 http://localhost/aptly-repo/master_buster-backports-main buster-backports InRelease
Hit:5 http://localhost/aptly-repo/master_buster-backports-non-free buster-backports InRelease
Hit:6 http://localhost/aptly-repo/master_buster-contrib buster InRelease
Hit:7 http://localhost/aptly-repo/master_buster-non-free buster InRelease
Hit:8 http://localhost/aptly-repo/master_buster-updates-contrib buster-updates InRelease
Hit:9 http://localhost/aptly-repo/master_buster-updates-main buster-updates InRelease
Hit:10 http://localhost/aptly-repo/master_buster-updates-non-free buster-updates InRelease
Hit:11 http://localhost/aptly-repo/master_deb-multimedia-main buster InRelease
Hit:12 http://localhost/aptly-repo/master_deb-multimedia-non-free buster InRelease
Hit:13 http://localhost/aptly-repo/master_docker-stable buster InRelease
Hit:14 http://localhost/aptly-repo/master_google-main stable InRelease
Hit:15 http://localhost/aptly-repo/master_mariadb-main buster InRelease
Hit:16 http://localhost/aptly-repo/master_mono-main stable-buster InRelease
Hit:17 http://localhost/aptly-repo/master_qgis-main buster InRelease
Hit:18 http://localhost/aptly-repo/master_virtualbox-contrib buster InRelease
Get:19 http://localhost/aptly-repo/master_buster-security-contrib buster-updates InRelease [2,566 B]
Get:20 http://localhost/aptly-repo/master_buster-security-main buster-updates InRelease [4,045 B]
Get:21 http://localhost/aptly-repo/master_buster-security-non-free buster-updates InRelease [4,153 B]
Ign:22 http://dl.google.com/linux/chrome/deb stable InRelease
Get:23 http://dl.google.com/linux/chrome/deb stable Release [943 B]
Get:24 http://dl.google.com/linux/chrome/deb stable Release.gpg [819 B]
Get:25 http://localhost/aptly-repo/master_buster-security-main buster-updates/main amd64 Packages [29.0 kB]
Get:26 http://localhost/aptly-repo/master_buster-security-non-free buster-updates/non-free amd64 Packages [640 B]
Ign:24 http://dl.google.com/linux/chrome/deb stable Release.gpg
Reading package lists...
W: GPG error: http://dl.google.com/linux/chrome/deb stable Release: The following signatures couldn't be verified because the public key is not available: NO_PUBKEY 78BD65473CB3BD13
E: The repository 'http://dl.google.com/linux/chrome/deb stable Release' is not signed.
CLDS: * Disk size = 4463156K. Space Used = 204K. Runtime = 00:00:00:02.
