CLDS:>>>>>>>>> Running inst-xtra-eclipse-libwebkit2gtk-4.0-37.sh ...
Reading package lists...
Building dependency tree...
Reading state information...
The following NEW packages will be installed:
  xdg-dbus-proxy
0 upgraded, 1 newly installed, 0 to remove and 19 not upgraded.
Inst xdg-dbus-proxy (0.1.1-1~bpo9+1 master_stretch-backports-main stretch-backports:stretch-backports [amd64])
Conf xdg-dbus-proxy (0.1.1-1~bpo9+1 master_stretch-backports-main stretch-backports:stretch-backports [amd64])
Reading package lists...
Building dependency tree...
Reading state information...
Some packages could not be installed. This may mean that you have
requested an impossible situation or if you are using the unstable
distribution that some required packages have not yet been created
or been moved out of Incoming.
The following information may help to resolve the situation:

The following packages have unmet dependencies:
 libwebkit2gtk-4.0-37 : Depends: libgstreamer-plugins-bad1.0-0 (>= 1.10.4) but it is not going to be installed
                        Depends: libgstreamer-plugins-bad1.0-0 (< 1.10.5) but it is not going to be installed
                        Depends: libwebpdemux2 (>= 0.5.1) but it is not installable
E: Unable to correct problems, you have held broken packages.
CLDS: * Disk size = 4009388K. Space Used = 4K. Runtime = 00:00:00:01.
