CLDS:>>>>>>>>> Running inst-min-win-01-wm-jwm-bpo.sh ...
Hit:1 http://localhost/aptly-repo/master_stretch-main stretch InRelease
Hit:2 http://localhost/aptly-repo/master_aptly-main squeeze InRelease
Hit:3 http://localhost/aptly-repo/master_deb-multimedia-main stretch InRelease
Hit:4 http://localhost/aptly-repo/master_deb-multimedia-non-free stretch InRelease
Hit:5 http://localhost/aptly-repo/master_google-main stable InRelease
Hit:6 http://localhost/aptly-repo/master_stretch-backports-contrib stretch-backports InRelease
Hit:7 http://localhost/aptly-repo/master_stretch-backports-main stretch-backports InRelease
Hit:8 http://localhost/aptly-repo/master_stretch-backports-non-free stretch-backports InRelease
Hit:9 http://localhost/aptly-repo/master_stretch-contrib stretch InRelease
Hit:10 http://localhost/aptly-repo/master_stretch-non-free stretch InRelease
Hit:11 http://localhost/aptly-repo/master_stretch-security-contrib stretch-updates InRelease
Hit:12 http://localhost/aptly-repo/master_stretch-security-main stretch-updates InRelease
Hit:13 http://localhost/aptly-repo/master_stretch-security-non-free stretch-updates InRelease
Hit:14 http://localhost/aptly-repo/master_stretch-updates-contrib stretch-updates InRelease
Hit:15 http://localhost/aptly-repo/master_stretch-updates-main stretch-updates InRelease
Hit:16 http://localhost/aptly-repo/master_stretch-updates-non-free stretch-updates InRelease
Reading package lists...
Reading package lists...
E: The value 'jessie-backports' is invalid for APT::Default-Release as such a release is not available in the sources
CLDS: * Disk size = 1348656K. Space Used = 8K.
