This file contains any messages produced by compilers while
running configure, to aid debugging if configure makes a mistake.

It was created by jwm configure svn-579, which was
generated by GNU Autoconf 2.61.  Invocation command line was

  $ ./configure --build=x86_64-linux-gnu --prefix=/usr --includedir=${prefix}/include --mandir=${prefix}/share/man --infodir=${prefix}/share/info --sysconfdir=/etc --localstatedir=/var --libdir=${prefix}/lib/x86_64-linux-gnu --libexecdir=${prefix}/lib/x86_64-linux-gnu --disable-maintainer-mode --disable-dependency-tracking --sysconfdir=/etc/jwm

## --------- ##
## Platform. ##
## --------- ##

hostname = debian
uname -m = x86_64
uname -r = 3.16.0-4-amd64
uname -s = Linux
uname -v = #1 SMP Debian 3.16.7-ckt20-1+deb8u4 (2016-02-29)

/usr/bin/uname -p = unknown
/bin/uname -X     = unknown

/bin/arch              = unknown
/usr/bin/arch -k       = unknown
/usr/convex/getsysinfo = unknown
/usr/bin/hostinfo      = unknown
/bin/machine           = unknown
/usr/bin/oslevel       = unknown
/bin/universe          = unknown

PATH: /usr/sbin
PATH: /usr/bin
PATH: /sbin
PATH: /bin
PATH: /usr/bin/X11


## ----------- ##
## Core tests. ##
## ----------- ##

configure:1822: checking for gcc
configure:1849: result: cc  -D_FORTIFY_SOURCE=2
configure:2087: checking for C compiler version
configure:2094: cc  -D_FORTIFY_SOURCE=2 --version >&5
cc (Debian 4.9.2-10) 4.9.2
Copyright (C) 2014 Free Software Foundation, Inc.
This is free software; see the source for copying conditions.  There is NO
warranty; not even for MERCHANTABILITY or FITNESS FOR A PARTICULAR PURPOSE.

configure:2097: $? = 0
configure:2104: cc  -D_FORTIFY_SOURCE=2 -v >&5
Using built-in specs.
COLLECT_GCC=cc
COLLECT_LTO_WRAPPER=/usr/lib/gcc/x86_64-linux-gnu/4.9/lto-wrapper
Target: x86_64-linux-gnu
Configured with: ../src/configure -v --with-pkgversion='Debian 4.9.2-10' --with-bugurl=file:///usr/share/doc/gcc-4.9/README.Bugs --enable-languages=c,c++,java,go,d,fortran,objc,obj-c++ --prefix=/usr --program-suffix=-4.9 --enable-shared --enable-linker-build-id --libexecdir=/usr/lib --without-included-gettext --enable-threads=posix --with-gxx-include-dir=/usr/include/c++/4.9 --libdir=/usr/lib --enable-nls --with-sysroot=/ --enable-clocale=gnu --enable-libstdcxx-debug --enable-libstdcxx-time=yes --enable-gnu-unique-object --disable-vtable-verify --enable-plugin --with-system-zlib --disable-browser-plugin --enable-java-awt=gtk --enable-gtk-cairo --with-java-home=/usr/lib/jvm/java-1.5.0-gcj-4.9-amd64/jre --enable-java-home --with-jvm-root-dir=/usr/lib/jvm/java-1.5.0-gcj-4.9-amd64 --with-jvm-jar-dir=/usr/lib/jvm-exports/java-1.5.0-gcj-4.9-amd64 --with-arch-directory=amd64 --with-ecj-jar=/usr/share/java/eclipse-ecj.jar --enable-objc-gc --enable-multiarch --with-arch-32=i586 --with-abi=m64 --with-multilib-list=m32,m64,mx32 --enable-multilib --with-tune=generic --enable-checking=release --build=x86_64-linux-gnu --host=x86_64-linux-gnu --target=x86_64-linux-gnu
Thread model: posix
gcc version 4.9.2 (Debian 4.9.2-10) 
configure:2107: $? = 0
configure:2114: cc  -D_FORTIFY_SOURCE=2 -V >&5
cc: error: unrecognized command line option '-V'
cc: fatal error: no input files
compilation terminated.
configure:2117: $? = 4
configure:2140: checking for C compiler default output file name
configure:2167: cc  -D_FORTIFY_SOURCE=2 -g -O2 -fPIE -fstack-protector-strong -Wformat -Werror=format-security -Wall -pedantic -D_FORTIFY_SOURCE=2 -fPIE -pie -Wl,-z,relro -Wl,-z,now conftest.c  >&5
configure:2170: $? = 0
configure:2208: result: a.out
configure:2225: checking whether the C compiler works
configure:2235: ./a.out
configure:2238: $? = 0
configure:2255: result: yes
configure:2262: checking whether we are cross compiling
configure:2264: result: no
configure:2267: checking for suffix of executables
configure:2274: cc  -D_FORTIFY_SOURCE=2 -o conftest -g -O2 -fPIE -fstack-protector-strong -Wformat -Werror=format-security -Wall -pedantic -D_FORTIFY_SOURCE=2 -fPIE -pie -Wl,-z,relro -Wl,-z,now conftest.c  >&5
configure:2277: $? = 0
configure:2301: result: 
configure:2307: checking for suffix of object files
configure:2333: cc  -D_FORTIFY_SOURCE=2 -c -g -O2 -fPIE -fstack-protector-strong -Wformat -Werror=format-security -Wall -pedantic -D_FORTIFY_SOURCE=2 conftest.c >&5
configure:2336: $? = 0
configure:2359: result: o
configure:2363: checking whether we are using the GNU C compiler
configure:2392: cc  -D_FORTIFY_SOURCE=2 -c -g -O2 -fPIE -fstack-protector-strong -Wformat -Werror=format-security -Wall -pedantic -D_FORTIFY_SOURCE=2 conftest.c >&5
configure:2398: $? = 0
configure:2415: result: yes
configure:2420: checking whether cc  -D_FORTIFY_SOURCE=2 accepts -g
configure:2450: cc  -D_FORTIFY_SOURCE=2 -c -g -D_FORTIFY_SOURCE=2 conftest.c >&5
configure:2456: $? = 0
configure:2555: result: yes
configure:2572: checking for cc  -D_FORTIFY_SOURCE=2 option to accept ISO C89
configure:2646: cc  -D_FORTIFY_SOURCE=2  -c -g -O2 -fPIE -fstack-protector-strong -Wformat -Werror=format-security -Wall -pedantic -D_FORTIFY_SOURCE=2 conftest.c >&5
configure:2652: $? = 0
configure:2675: result: none needed
configure:2698: checking how to run the C preprocessor
configure:2738: cc  -D_FORTIFY_SOURCE=2 -E -D_FORTIFY_SOURCE=2 conftest.c
configure:2744: $? = 0
configure:2775: cc  -D_FORTIFY_SOURCE=2 -E -D_FORTIFY_SOURCE=2 conftest.c
conftest.c:8:28: fatal error: ac_nonexistent.h: No such file or directory
 #include <ac_nonexistent.h>
                            ^
compilation terminated.
configure:2781: $? = 1
configure: failed program was:
| /* confdefs.h.  */
| #define PACKAGE_NAME "jwm"
| #define PACKAGE_TARNAME "jwm"
| #define PACKAGE_VERSION "svn-579"
| #define PACKAGE_STRING "jwm svn-579"
| #define PACKAGE_BUGREPORT "joewing@joewing.net"
| /* end confdefs.h.  */
| #include <ac_nonexistent.h>
configure:2814: result: cc  -D_FORTIFY_SOURCE=2 -E
configure:2843: cc  -D_FORTIFY_SOURCE=2 -E -D_FORTIFY_SOURCE=2 conftest.c
configure:2849: $? = 0
configure:2880: cc  -D_FORTIFY_SOURCE=2 -E -D_FORTIFY_SOURCE=2 conftest.c
conftest.c:8:28: fatal error: ac_nonexistent.h: No such file or directory
 #include <ac_nonexistent.h>
                            ^
compilation terminated.
configure:2886: $? = 1
configure: failed program was:
| /* confdefs.h.  */
| #define PACKAGE_NAME "jwm"
| #define PACKAGE_TARNAME "jwm"
| #define PACKAGE_VERSION "svn-579"
| #define PACKAGE_STRING "jwm svn-579"
| #define PACKAGE_BUGREPORT "joewing@joewing.net"
| /* end confdefs.h.  */
| #include <ac_nonexistent.h>
configure:2967: checking for a BSD-compatible install
configure:3023: result: /usr/bin/install -c
configure:3040: checking if _XOPEN_SOURCE should be defined
configure:3067: cc  -D_FORTIFY_SOURCE=2 -c -g -O2 -fPIE -fstack-protector-strong -Wformat -Werror=format-security -Wall -pedantic -D_FORTIFY_SOURCE=2 conftest.c >&5
configure:3073: $? = 0
configure:3087: result: yes
configure:3118: checking for X
configure:3233: cc  -D_FORTIFY_SOURCE=2 -E -D_FORTIFY_SOURCE=2 conftest.c
configure:3239: $? = 0
configure:3288: cc  -D_FORTIFY_SOURCE=2 -o conftest -g -O2 -fPIE -fstack-protector-strong -Wformat -Werror=format-security -Wall -pedantic -D_FORTIFY_SOURCE=2 -fPIE -pie -Wl,-z,relro -Wl,-z,now conftest.c -lX11  >&5
configure:3294: $? = 0
configure:3353: result: libraries , headers 
configure:3371: checking for XOpenDisplay in -lX11
configure:3406: cc  -D_FORTIFY_SOURCE=2 -o conftest -g -O2 -fPIE -fstack-protector-strong -Wformat -Werror=format-security -Wall -pedantic -D_FORTIFY_SOURCE=2 -fPIE -pie -Wl,-z,relro -Wl,-z,now conftest.c -lX11   >&5
configure:3412: $? = 0
configure:3430: result: yes
configure:3441: checking for Xutf8TextPropertyToTextList in -lX11
configure:3476: cc  -D_FORTIFY_SOURCE=2 -o conftest -g -O2 -fPIE -fstack-protector-strong -Wformat -Werror=format-security -Wall -pedantic -D_FORTIFY_SOURCE=2 -fPIE -pie -Wl,-z,relro -Wl,-z,now -lX11 conftest.c -lX11   >&5
configure:3482: $? = 0
configure:3500: result: yes
configure:3517: checking for grep that handles long lines and -e
configure:3591: result: /bin/grep
configure:3596: checking for egrep
configure:3674: result: /bin/grep -E
configure:3679: checking for ANSI C header files
configure:3709: cc  -D_FORTIFY_SOURCE=2 -c -g -O2 -fPIE -fstack-protector-strong -Wformat -Werror=format-security -Wall -pedantic -D_FORTIFY_SOURCE=2 conftest.c >&5
configure:3715: $? = 0
configure:3814: cc  -D_FORTIFY_SOURCE=2 -o conftest -g -O2 -fPIE -fstack-protector-strong -Wformat -Werror=format-security -Wall -pedantic -D_FORTIFY_SOURCE=2 -fPIE -pie -Wl,-z,relro -Wl,-z,now -lX11 conftest.c  >&5
configure:3817: $? = 0
configure:3823: ./conftest
configure:3826: $? = 0
configure:3843: result: yes
configure:3867: checking for sys/types.h
configure:3888: cc  -D_FORTIFY_SOURCE=2 -c -g -O2 -fPIE -fstack-protector-strong -Wformat -Werror=format-security -Wall -pedantic -D_FORTIFY_SOURCE=2 conftest.c >&5
configure:3894: $? = 0
configure:3910: result: yes
configure:3867: checking for sys/stat.h
configure:3888: cc  -D_FORTIFY_SOURCE=2 -c -g -O2 -fPIE -fstack-protector-strong -Wformat -Werror=format-security -Wall -pedantic -D_FORTIFY_SOURCE=2 conftest.c >&5
configure:3894: $? = 0
configure:3910: result: yes
configure:3867: checking for stdlib.h
configure:3888: cc  -D_FORTIFY_SOURCE=2 -c -g -O2 -fPIE -fstack-protector-strong -Wformat -Werror=format-security -Wall -pedantic -D_FORTIFY_SOURCE=2 conftest.c >&5
configure:3894: $? = 0
configure:3910: result: yes
configure:3867: checking for string.h
configure:3888: cc  -D_FORTIFY_SOURCE=2 -c -g -O2 -fPIE -fstack-protector-strong -Wformat -Werror=format-security -Wall -pedantic -D_FORTIFY_SOURCE=2 conftest.c >&5
configure:3894: $? = 0
configure:3910: result: yes
configure:3867: checking for memory.h
configure:3888: cc  -D_FORTIFY_SOURCE=2 -c -g -O2 -fPIE -fstack-protector-strong -Wformat -Werror=format-security -Wall -pedantic -D_FORTIFY_SOURCE=2 conftest.c >&5
configure:3894: $? = 0
configure:3910: result: yes
configure:3867: checking for strings.h
configure:3888: cc  -D_FORTIFY_SOURCE=2 -c -g -O2 -fPIE -fstack-protector-strong -Wformat -Werror=format-security -Wall -pedantic -D_FORTIFY_SOURCE=2 conftest.c >&5
configure:3894: $? = 0
configure:3910: result: yes
configure:3867: checking for inttypes.h
configure:3888: cc  -D_FORTIFY_SOURCE=2 -c -g -O2 -fPIE -fstack-protector-strong -Wformat -Werror=format-security -Wall -pedantic -D_FORTIFY_SOURCE=2 conftest.c >&5
configure:3894: $? = 0
configure:3910: result: yes
configure:3867: checking for stdint.h
configure:3888: cc  -D_FORTIFY_SOURCE=2 -c -g -O2 -fPIE -fstack-protector-strong -Wformat -Werror=format-security -Wall -pedantic -D_FORTIFY_SOURCE=2 conftest.c >&5
configure:3894: $? = 0
configure:3910: result: yes
configure:3867: checking for unistd.h
configure:3888: cc  -D_FORTIFY_SOURCE=2 -c -g -O2 -fPIE -fstack-protector-strong -Wformat -Werror=format-security -Wall -pedantic -D_FORTIFY_SOURCE=2 conftest.c >&5
configure:3894: $? = 0
configure:3910: result: yes
configure:3940: checking stdarg.h usability
configure:3957: cc  -D_FORTIFY_SOURCE=2 -c -g -O2 -fPIE -fstack-protector-strong -Wformat -Werror=format-security -Wall -pedantic -D_FORTIFY_SOURCE=2 conftest.c >&5
configure:3963: $? = 0
configure:3977: result: yes
configure:3981: checking stdarg.h presence
configure:3996: cc  -D_FORTIFY_SOURCE=2 -E -D_FORTIFY_SOURCE=2 conftest.c
configure:4002: $? = 0
configure:4016: result: yes
configure:4049: checking for stdarg.h
configure:4057: result: yes
configure:3940: checking stdio.h usability
configure:3957: cc  -D_FORTIFY_SOURCE=2 -c -g -O2 -fPIE -fstack-protector-strong -Wformat -Werror=format-security -Wall -pedantic -D_FORTIFY_SOURCE=2 conftest.c >&5
configure:3963: $? = 0
configure:3977: result: yes
configure:3981: checking stdio.h presence
configure:3996: cc  -D_FORTIFY_SOURCE=2 -E -D_FORTIFY_SOURCE=2 conftest.c
configure:4002: $? = 0
configure:4016: result: yes
configure:4049: checking for stdio.h
configure:4057: result: yes
configure:3930: checking for stdlib.h
configure:3936: result: yes
configure:3940: checking ctype.h usability
configure:3957: cc  -D_FORTIFY_SOURCE=2 -c -g -O2 -fPIE -fstack-protector-strong -Wformat -Werror=format-security -Wall -pedantic -D_FORTIFY_SOURCE=2 conftest.c >&5
configure:3963: $? = 0
configure:3977: result: yes
configure:3981: checking ctype.h presence
configure:3996: cc  -D_FORTIFY_SOURCE=2 -E -D_FORTIFY_SOURCE=2 conftest.c
configure:4002: $? = 0
configure:4016: result: yes
configure:4049: checking for ctype.h
configure:4057: result: yes
configure:4095: checking sys/select.h usability
configure:4112: cc  -D_FORTIFY_SOURCE=2 -c -g -O2 -fPIE -fstack-protector-strong -Wformat -Werror=format-security -Wall -pedantic -D_FORTIFY_SOURCE=2 conftest.c >&5
configure:4118: $? = 0
configure:4132: result: yes
configure:4136: checking sys/select.h presence
configure:4151: cc  -D_FORTIFY_SOURCE=2 -E -D_FORTIFY_SOURCE=2 conftest.c
configure:4157: $? = 0
configure:4171: result: yes
configure:4204: checking for sys/select.h
configure:4212: result: yes
configure:4095: checking signal.h usability
configure:4112: cc  -D_FORTIFY_SOURCE=2 -c -g -O2 -fPIE -fstack-protector-strong -Wformat -Werror=format-security -Wall -pedantic -D_FORTIFY_SOURCE=2 conftest.c >&5
configure:4118: $? = 0
configure:4132: result: yes
configure:4136: checking signal.h presence
configure:4151: cc  -D_FORTIFY_SOURCE=2 -E -D_FORTIFY_SOURCE=2 conftest.c
configure:4157: $? = 0
configure:4171: result: yes
configure:4204: checking for signal.h
configure:4212: result: yes
configure:4085: checking for unistd.h
configure:4091: result: yes
configure:4095: checking time.h usability
configure:4112: cc  -D_FORTIFY_SOURCE=2 -c -g -O2 -fPIE -fstack-protector-strong -Wformat -Werror=format-security -Wall -pedantic -D_FORTIFY_SOURCE=2 conftest.c >&5
configure:4118: $? = 0
configure:4132: result: yes
configure:4136: checking time.h presence
configure:4151: cc  -D_FORTIFY_SOURCE=2 -E -D_FORTIFY_SOURCE=2 conftest.c
configure:4157: $? = 0
configure:4171: result: yes
configure:4204: checking for time.h
configure:4212: result: yes
configure:4095: checking sys/wait.h usability
configure:4112: cc  -D_FORTIFY_SOURCE=2 -c -g -O2 -fPIE -fstack-protector-strong -Wformat -Werror=format-security -Wall -pedantic -D_FORTIFY_SOURCE=2 conftest.c >&5
configure:4118: $? = 0
configure:4132: result: yes
configure:4136: checking sys/wait.h presence
configure:4151: cc  -D_FORTIFY_SOURCE=2 -E -D_FORTIFY_SOURCE=2 conftest.c
configure:4157: $? = 0
configure:4171: result: yes
configure:4204: checking for sys/wait.h
configure:4212: result: yes
configure:4095: checking sys/time.h usability
configure:4112: cc  -D_FORTIFY_SOURCE=2 -c -g -O2 -fPIE -fstack-protector-strong -Wformat -Werror=format-security -Wall -pedantic -D_FORTIFY_SOURCE=2 conftest.c >&5
configure:4118: $? = 0
configure:4132: result: yes
configure:4136: checking sys/time.h presence
configure:4151: cc  -D_FORTIFY_SOURCE=2 -E -D_FORTIFY_SOURCE=2 conftest.c
configure:4157: $? = 0
configure:4171: result: yes
configure:4204: checking for sys/time.h
configure:4212: result: yes
configure:4243: checking alloca.h usability
configure:4260: cc  -D_FORTIFY_SOURCE=2 -c -g -O2 -fPIE -fstack-protector-strong -Wformat -Werror=format-security -Wall -pedantic -D_FORTIFY_SOURCE=2 conftest.c >&5
configure:4266: $? = 0
configure:4280: result: yes
configure:4284: checking alloca.h presence
configure:4299: cc  -D_FORTIFY_SOURCE=2 -E -D_FORTIFY_SOURCE=2 conftest.c
configure:4305: $? = 0
configure:4319: result: yes
configure:4352: checking for alloca.h
configure:4360: result: yes
configure:4243: checking locale.h usability
configure:4260: cc  -D_FORTIFY_SOURCE=2 -c -g -O2 -fPIE -fstack-protector-strong -Wformat -Werror=format-security -Wall -pedantic -D_FORTIFY_SOURCE=2 conftest.c >&5
configure:4266: $? = 0
configure:4280: result: yes
configure:4284: checking locale.h presence
configure:4299: cc  -D_FORTIFY_SOURCE=2 -E -D_FORTIFY_SOURCE=2 conftest.c
configure:4305: $? = 0
configure:4319: result: yes
configure:4352: checking for locale.h
configure:4360: result: yes
configure:4243: checking libintl.h usability
configure:4260: cc  -D_FORTIFY_SOURCE=2 -c -g -O2 -fPIE -fstack-protector-strong -Wformat -Werror=format-security -Wall -pedantic -D_FORTIFY_SOURCE=2 conftest.c >&5
configure:4266: $? = 0
configure:4280: result: yes
configure:4284: checking libintl.h presence
configure:4299: cc  -D_FORTIFY_SOURCE=2 -E -D_FORTIFY_SOURCE=2 conftest.c
configure:4305: $? = 0
configure:4319: result: yes
configure:4352: checking for libintl.h
configure:4360: result: yes
configure:4389: checking X11/Xlib.h usability
configure:4406: cc  -D_FORTIFY_SOURCE=2 -c -g -O2 -fPIE -fstack-protector-strong -Wformat -Werror=format-security -Wall -pedantic -D_FORTIFY_SOURCE=2 conftest.c >&5
configure:4412: $? = 0
configure:4426: result: yes
configure:4430: checking X11/Xlib.h presence
configure:4445: cc  -D_FORTIFY_SOURCE=2 -E -D_FORTIFY_SOURCE=2 conftest.c
configure:4451: $? = 0
configure:4465: result: yes
configure:4498: checking for X11/Xlib.h
configure:4506: result: yes
configure:4534: checking for X11/Xutil.h
configure:4557: cc  -D_FORTIFY_SOURCE=2 -c -g -O2 -fPIE -fstack-protector-strong -Wformat -Werror=format-security -Wall -pedantic -D_FORTIFY_SOURCE=2 conftest.c >&5
configure:4563: $? = 0
configure:4579: result: yes
configure:4534: checking for X11/cursorfont.h
configure:4557: cc  -D_FORTIFY_SOURCE=2 -c -g -O2 -fPIE -fstack-protector-strong -Wformat -Werror=format-security -Wall -pedantic -D_FORTIFY_SOURCE=2 conftest.c >&5
configure:4563: $? = 0
configure:4579: result: yes
configure:4534: checking for X11/Xproto.h
configure:4557: cc  -D_FORTIFY_SOURCE=2 -c -g -O2 -fPIE -fstack-protector-strong -Wformat -Werror=format-security -Wall -pedantic -D_FORTIFY_SOURCE=2 conftest.c >&5
configure:4563: $? = 0
configure:4579: result: yes
configure:4534: checking for X11/Xatom.h
configure:4557: cc  -D_FORTIFY_SOURCE=2 -c -g -O2 -fPIE -fstack-protector-strong -Wformat -Werror=format-security -Wall -pedantic -D_FORTIFY_SOURCE=2 conftest.c >&5
configure:4563: $? = 0
configure:4579: result: yes
configure:4534: checking for X11/keysym.h
configure:4557: cc  -D_FORTIFY_SOURCE=2 -c -g -O2 -fPIE -fstack-protector-strong -Wformat -Werror=format-security -Wall -pedantic -D_FORTIFY_SOURCE=2 conftest.c >&5
configure:4563: $? = 0
configure:4579: result: yes
configure:4534: checking for X11/Xresource.h
configure:4557: cc  -D_FORTIFY_SOURCE=2 -c -g -O2 -fPIE -fstack-protector-strong -Wformat -Werror=format-security -Wall -pedantic -D_FORTIFY_SOURCE=2 conftest.c >&5
configure:4563: $? = 0
configure:4579: result: yes
configure:4597: checking for unsetenv
configure:4653: cc  -D_FORTIFY_SOURCE=2 -o conftest -g -O2 -fPIE -fstack-protector-strong -Wformat -Werror=format-security -Wall -pedantic -D_FORTIFY_SOURCE=2 -fPIE -pie -Wl,-z,relro -Wl,-z,now -lX11 conftest.c  >&5
configure:4659: $? = 0
configure:4677: result: yes
configure:4597: checking for putenv
configure:4653: cc  -D_FORTIFY_SOURCE=2 -o conftest -g -O2 -fPIE -fstack-protector-strong -Wformat -Werror=format-security -Wall -pedantic -D_FORTIFY_SOURCE=2 -fPIE -pie -Wl,-z,relro -Wl,-z,now -lX11 conftest.c  >&5
configure:4659: $? = 0
configure:4677: result: yes
configure:4597: checking for setlocale
configure:4653: cc  -D_FORTIFY_SOURCE=2 -o conftest -g -O2 -fPIE -fstack-protector-strong -Wformat -Werror=format-security -Wall -pedantic -D_FORTIFY_SOURCE=2 -fPIE -pie -Wl,-z,relro -Wl,-z,now -lX11 conftest.c  >&5
configure:4659: $? = 0
configure:4677: result: yes
configure:4697: checking for pkg-config
configure:4702: result: pkg-config
configure:4708: checking if pkg-config knows about libpng
configure:4715: result: yes
configure:4724: checking if pkg-config knows about libjpeg
configure:4731: result: no
configure:4740: checking if pkg-config knows about xft
configure:4747: result: yes
configure:4756: checking if pkg-config knows about xrender
configure:4763: result: yes
configure:4772: checking if pkg-config knows about fribidi
configure:4779: result: yes
configure:4843: checking for png_read_image in -lpng
configure:4878: cc  -D_FORTIFY_SOURCE=2 -o conftest -g -O2 -fPIE -fstack-protector-strong -Wformat -Werror=format-security -Wall -pedantic -D_FORTIFY_SOURCE=2 -fPIE -pie -Wl,-z,relro -Wl,-z,now -lX11 conftest.c -lpng  -lpng12    >&5
configure:4884: $? = 0
configure:4902: result: yes
configure:4938: checking for jpeg_start_decompress in -ljpeg
configure:4973: cc  -D_FORTIFY_SOURCE=2 -o conftest -g -O2 -fPIE -fstack-protector-strong -Wformat -Werror=format-security -Wall -pedantic -I/usr/include/libpng12  -D_FORTIFY_SOURCE=2 -fPIE -pie -Wl,-z,relro -Wl,-z,now -lX11 -lpng12  conftest.c -ljpeg  -ljpeg   >&5
/usr/bin/ld: cannot find -ljpeg
/usr/bin/ld: cannot find -ljpeg
collect2: error: ld returned 1 exit status
configure:4979: $? = 1
configure: failed program was:
| /* confdefs.h.  */
| #define PACKAGE_NAME "jwm"
| #define PACKAGE_TARNAME "jwm"
| #define PACKAGE_VERSION "svn-579"
| #define PACKAGE_STRING "jwm svn-579"
| #define PACKAGE_BUGREPORT "joewing@joewing.net"
| #define _XOPEN_SOURCE 600L
| #define _XOPEN_SOURCE_EXTENDED 1
| #define __EXTENSIONS__ 1
| #define USE_XUTF8 1
| #define STDC_HEADERS 1
| #define HAVE_SYS_TYPES_H 1
| #define HAVE_SYS_STAT_H 1
| #define HAVE_STDLIB_H 1
| #define HAVE_STRING_H 1
| #define HAVE_MEMORY_H 1
| #define HAVE_STRINGS_H 1
| #define HAVE_INTTYPES_H 1
| #define HAVE_STDINT_H 1
| #define HAVE_UNISTD_H 1
| #define HAVE_STDARG_H 1
| #define HAVE_STDIO_H 1
| #define HAVE_STDLIB_H 1
| #define HAVE_CTYPE_H 1
| #define HAVE_SYS_SELECT_H 1
| #define HAVE_SIGNAL_H 1
| #define HAVE_UNISTD_H 1
| #define HAVE_TIME_H 1
| #define HAVE_SYS_WAIT_H 1
| #define HAVE_SYS_TIME_H 1
| #define HAVE_ALLOCA_H 1
| #define HAVE_LOCALE_H 1
| #define HAVE_LIBINTL_H 1
| #define HAVE_X11_XLIB_H 1
| #define HAVE_X11_XUTIL_H 1
| #define HAVE_X11_CURSORFONT_H 1
| #define HAVE_X11_XPROTO_H 1
| #define HAVE_X11_XATOM_H 1
| #define HAVE_X11_KEYSYM_H 1
| #define HAVE_X11_XRESOURCE_H 1
| #define HAVE_UNSETENV 1
| #define HAVE_PUTENV 1
| #define HAVE_SETLOCALE 1
| #define USE_ICONS 1
| #define USE_PNG 1
| /* end confdefs.h.  */
| 
| /* Override any GCC internal prototype to avoid an error.
|    Use char because int might match the return type of a GCC
|    builtin and then its argument prototype would still apply.  */
| #ifdef __cplusplus
| extern "C"
| #endif
| char jpeg_start_decompress ();
| int
| main ()
| {
| return jpeg_start_decompress ();
|   ;
|   return 0;
| }
configure:4997: result: no
configure:5010: WARNING: unable to use libjpeg, JPEG support disabled
configure:5038: checking for XftFontOpenName in -lXft
configure:5073: cc  -D_FORTIFY_SOURCE=2 -o conftest -g -O2 -fPIE -fstack-protector-strong -Wformat -Werror=format-security -Wall -pedantic -I/usr/include/libpng12  -D_FORTIFY_SOURCE=2 -fPIE -pie -Wl,-z,relro -Wl,-z,now -lX11 -lpng12  conftest.c -lXft  -lXft    >&5
configure:5079: $? = 0
configure:5097: result: yes
configure:5120: checking for ft2build.h
configure:5143: cc  -D_FORTIFY_SOURCE=2 -c -g -O2 -fPIE -fstack-protector-strong -Wformat -Werror=format-security -Wall -pedantic -I/usr/include/libpng12  -I/usr/include/freetype2  -D_FORTIFY_SOURCE=2 conftest.c >&5
configure:5149: $? = 0
configure:5165: result: yes
configure:5199: checking for X11/extensions/Xrender.h
configure:5222: cc  -D_FORTIFY_SOURCE=2 -c -g -O2 -fPIE -fstack-protector-strong -Wformat -Werror=format-security -Wall -pedantic -I/usr/include/libpng12  -I/usr/include/freetype2  -D_FORTIFY_SOURCE=2 conftest.c >&5
configure:5228: $? = 0
configure:5244: result: yes
configure:5264: checking for XRenderComposite in -lXrender
configure:5299: cc  -D_FORTIFY_SOURCE=2 -o conftest -g -O2 -fPIE -fstack-protector-strong -Wformat -Werror=format-security -Wall -pedantic -I/usr/include/libpng12  -I/usr/include/freetype2  -D_FORTIFY_SOURCE=2 -fPIE -pie -Wl,-z,relro -Wl,-z,now -lX11 -lpng12  -lXft  conftest.c -lXrender  -lXrender -lX11    >&5
configure:5305: $? = 0
configure:5323: result: yes
configure:5364: checking for fribidi_log2vis in -lfribidi
configure:5399: cc  -D_FORTIFY_SOURCE=2 -o conftest -g -O2 -fPIE -fstack-protector-strong -Wformat -Werror=format-security -Wall -pedantic -I/usr/include/libpng12  -I/usr/include/freetype2   -D_FORTIFY_SOURCE=2 -fPIE -pie -Wl,-z,relro -Wl,-z,now -lX11 -lpng12  -lXft  -lXrender -lX11  conftest.c -lfribidi  -lfribidi    >&5
configure:5405: $? = 0
configure:5423: result: yes
configure:5466: checking X11/xpm.h usability
configure:5483: cc  -D_FORTIFY_SOURCE=2 -c -g -O2 -fPIE -fstack-protector-strong -Wformat -Werror=format-security -Wall -pedantic -I/usr/include/libpng12  -I/usr/include/freetype2   -I/usr/include/fribidi  -D_FORTIFY_SOURCE=2 conftest.c >&5
configure:5489: $? = 0
configure:5503: result: yes
configure:5507: checking X11/xpm.h presence
configure:5522: cc  -D_FORTIFY_SOURCE=2 -E -D_FORTIFY_SOURCE=2 conftest.c
configure:5528: $? = 0
configure:5542: result: yes
configure:5575: checking for X11/xpm.h
configure:5583: result: yes
configure:5602: checking whether XpmAllocColor is declared
configure:5634: cc  -D_FORTIFY_SOURCE=2 -c -g -O2 -fPIE -fstack-protector-strong -Wformat -Werror=format-security -Wall -pedantic -I/usr/include/libpng12  -I/usr/include/freetype2   -I/usr/include/fribidi  -D_FORTIFY_SOURCE=2 conftest.c >&5
configure:5640: $? = 0
configure:5655: result: yes
configure:5667: checking for XpmReadFileToImage in -lXpm
configure:5702: cc  -D_FORTIFY_SOURCE=2 -o conftest -g -O2 -fPIE -fstack-protector-strong -Wformat -Werror=format-security -Wall -pedantic -I/usr/include/libpng12  -I/usr/include/freetype2   -I/usr/include/fribidi  -D_FORTIFY_SOURCE=2 -fPIE -pie -Wl,-z,relro -Wl,-z,now -lX11 -lpng12  -lXft  -lXrender -lX11  -lfribidi  conftest.c -lXpm   >&5
configure:5708: $? = 0
configure:5726: result: yes
configure:5753: checking for XShapeCombineRectangles in -lXext
configure:5788: cc  -D_FORTIFY_SOURCE=2 -o conftest -g -O2 -fPIE -fstack-protector-strong -Wformat -Werror=format-security -Wall -pedantic -I/usr/include/libpng12  -I/usr/include/freetype2   -I/usr/include/fribidi  -D_FORTIFY_SOURCE=2 -fPIE -pie -Wl,-z,relro -Wl,-z,now -lX11 -lpng12  -lXft  -lXrender -lX11  -lfribidi  -lXpm conftest.c -lXext   >&5
configure:5794: $? = 0
configure:5812: result: yes
configure:5848: checking for XmuDrawRoundedRectangle in -lXmu
configure:5883: cc  -D_FORTIFY_SOURCE=2 -o conftest -g -O2 -fPIE -fstack-protector-strong -Wformat -Werror=format-security -Wall -pedantic -I/usr/include/libpng12  -I/usr/include/freetype2   -I/usr/include/fribidi  -D_FORTIFY_SOURCE=2 -fPIE -pie -Wl,-z,relro -Wl,-z,now -lX11 -lpng12  -lXft  -lXrender -lX11  -lfribidi  -lXpm -lXext conftest.c -lXmu   >&5
/usr/bin/ld: cannot find -lXmu
collect2: error: ld returned 1 exit status
configure:5889: $? = 1
configure: failed program was:
| /* confdefs.h.  */
| #define PACKAGE_NAME "jwm"
| #define PACKAGE_TARNAME "jwm"
| #define PACKAGE_VERSION "svn-579"
| #define PACKAGE_STRING "jwm svn-579"
| #define PACKAGE_BUGREPORT "joewing@joewing.net"
| #define _XOPEN_SOURCE 600L
| #define _XOPEN_SOURCE_EXTENDED 1
| #define __EXTENSIONS__ 1
| #define USE_XUTF8 1
| #define STDC_HEADERS 1
| #define HAVE_SYS_TYPES_H 1
| #define HAVE_SYS_STAT_H 1
| #define HAVE_STDLIB_H 1
| #define HAVE_STRING_H 1
| #define HAVE_MEMORY_H 1
| #define HAVE_STRINGS_H 1
| #define HAVE_INTTYPES_H 1
| #define HAVE_STDINT_H 1
| #define HAVE_UNISTD_H 1
| #define HAVE_STDARG_H 1
| #define HAVE_STDIO_H 1
| #define HAVE_STDLIB_H 1
| #define HAVE_CTYPE_H 1
| #define HAVE_SYS_SELECT_H 1
| #define HAVE_SIGNAL_H 1
| #define HAVE_UNISTD_H 1
| #define HAVE_TIME_H 1
| #define HAVE_SYS_WAIT_H 1
| #define HAVE_SYS_TIME_H 1
| #define HAVE_ALLOCA_H 1
| #define HAVE_LOCALE_H 1
| #define HAVE_LIBINTL_H 1
| #define HAVE_X11_XLIB_H 1
| #define HAVE_X11_XUTIL_H 1
| #define HAVE_X11_CURSORFONT_H 1
| #define HAVE_X11_XPROTO_H 1
| #define HAVE_X11_XATOM_H 1
| #define HAVE_X11_KEYSYM_H 1
| #define HAVE_X11_XRESOURCE_H 1
| #define HAVE_UNSETENV 1
| #define HAVE_PUTENV 1
| #define HAVE_SETLOCALE 1
| #define USE_ICONS 1
| #define USE_PNG 1
| #define USE_XFT 1
| #define HAVE_FT2BUILD_H 1
| #define HAVE_X11_EXTENSIONS_XRENDER_H 1
| #define USE_XRENDER 1
| #define USE_FRIBIDI 1
| #define HAVE_X11_XPM_H 1
| #define USE_XPM 1
| #define USE_SHAPE 1
| /* end confdefs.h.  */
| 
| /* Override any GCC internal prototype to avoid an error.
|    Use char because int might match the return type of a GCC
|    builtin and then its argument prototype would still apply.  */
| #ifdef __cplusplus
| extern "C"
| #endif
| char XmuDrawRoundedRectangle ();
| int
| main ()
| {
| return XmuDrawRoundedRectangle ();
|   ;
|   return 0;
| }
configure:5907: result: no
configure:5919: WARNING: unable to use Xmu
configure:5934: checking for XineramaQueryExtension in -lXinerama
configure:5969: cc  -D_FORTIFY_SOURCE=2 -o conftest -g -O2 -fPIE -fstack-protector-strong -Wformat -Werror=format-security -Wall -pedantic -I/usr/include/libpng12  -I/usr/include/freetype2   -I/usr/include/fribidi  -D_FORTIFY_SOURCE=2 -fPIE -pie -Wl,-z,relro -Wl,-z,now -lX11 -lpng12  -lXft  -lXrender -lX11  -lfribidi  -lXpm -lXext conftest.c -lXinerama   >&5
configure:5975: $? = 0
configure:5993: result: yes
configure:6014: checking whether make sets $(MAKE)
configure:6035: result: yes
configure:6046: checking whether NLS is requested
configure:6055: result: yes
configure:6096: checking for msgfmt
configure: trying /usr/bin/msgfmt...
0 translated messages.
configure:6128: result: /usr/bin/msgfmt
configure:6137: checking for gmsgfmt
configure:6168: result: /usr/bin/msgfmt
configure:6219: checking for xgettext
configure: trying /usr/bin/xgettext...
/usr/bin/xgettext: warning: file '/dev/null' extension '' is unknown; will try C
configure:6251: result: /usr/bin/xgettext
configure:6297: checking for msgmerge
configure: trying /usr/bin/msgmerge...
configure:6328: result: /usr/bin/msgmerge
configure:6367: checking build system type
configure:6385: result: x86_64-pc-linux-gnu
configure:6407: checking host system type
configure:6422: result: x86_64-pc-linux-gnu
configure:6468: checking for ld used by GCC
configure:6532: result: /usr/bin/ld
configure:6541: checking if the linker (/usr/bin/ld) is GNU ld
configure:6554: result: yes
configure:6561: checking for shared library run path origin
configure:6574: result: done
configure:7186: checking for GNU gettext in libc
configure:7216: cc  -D_FORTIFY_SOURCE=2 -o conftest -g -O2 -fPIE -fstack-protector-strong -Wformat -Werror=format-security -Wall -pedantic -I/usr/include/libpng12  -I/usr/include/freetype2   -I/usr/include/fribidi  -D_FORTIFY_SOURCE=2 -fPIE -pie -Wl,-z,relro -Wl,-z,now -lX11 -lpng12  -lXft  -lXrender -lX11  -lfribidi  -lXpm -lXext -lXinerama conftest.c  >&5
configure:7222: $? = 0
configure:7240: result: yes
configure:8169: checking whether to use NLS
configure:8171: result: yes
configure:8174: checking where the gettext function comes from
configure:8185: result: libc
configure:8426: creating ./config.status

## ---------------------- ##
## Running config.status. ##
## ---------------------- ##

This file was extended by jwm config.status svn-579, which was
generated by GNU Autoconf 2.61.  Invocation command line was

  CONFIG_FILES    = 
  CONFIG_HEADERS  = 
  CONFIG_LINKS    = 
  CONFIG_COMMANDS = 
  $ ./config.status 

on debian

config.status:648: creating po/Makefile.in
config.status:648: creating Makefile
config.status:648: creating src/Makefile
config.status:648: creating jwm.1
config.status:648: creating config.h
config.status:929: executing po-directories commands

## ---------------- ##
## Cache variables. ##
## ---------------- ##

ac_cv_build=x86_64-pc-linux-gnu
ac_cv_c_compiler_gnu=yes
ac_cv_env_CC_set=set
ac_cv_env_CC_value='cc  -D_FORTIFY_SOURCE=2'
ac_cv_env_CFLAGS_set=set
ac_cv_env_CFLAGS_value='-g -O2 -fPIE -fstack-protector-strong -Wformat -Werror=format-security -Wall -pedantic'
ac_cv_env_CPPFLAGS_set=set
ac_cv_env_CPPFLAGS_value=-D_FORTIFY_SOURCE=2
ac_cv_env_CPP_set=
ac_cv_env_CPP_value=
ac_cv_env_LDFLAGS_set=set
ac_cv_env_LDFLAGS_value='-fPIE -pie -Wl,-z,relro -Wl,-z,now'
ac_cv_env_LIBS_set=
ac_cv_env_LIBS_value=
ac_cv_env_XMKMF_set=
ac_cv_env_XMKMF_value=
ac_cv_env_build_alias_set=set
ac_cv_env_build_alias_value=x86_64-linux-gnu
ac_cv_env_host_alias_set=
ac_cv_env_host_alias_value=
ac_cv_env_target_alias_set=
ac_cv_env_target_alias_value=
ac_cv_func_putenv=yes
ac_cv_func_setlocale=yes
ac_cv_func_unsetenv=yes
ac_cv_have_decl_XpmAllocColor=yes
ac_cv_have_x='have_x=yes	ac_x_includes='\'''\''	ac_x_libraries='\'''\'''
ac_cv_header_X11_Xatom_h=yes
ac_cv_header_X11_Xlib_h=yes
ac_cv_header_X11_Xproto_h=yes
ac_cv_header_X11_Xresource_h=yes
ac_cv_header_X11_Xutil_h=yes
ac_cv_header_X11_cursorfont_h=yes
ac_cv_header_X11_extensions_Xrender_h=yes
ac_cv_header_X11_keysym_h=yes
ac_cv_header_X11_xpm_h=yes
ac_cv_header_alloca_h=yes
ac_cv_header_ctype_h=yes
ac_cv_header_ft2build_h=yes
ac_cv_header_inttypes_h=yes
ac_cv_header_libintl_h=yes
ac_cv_header_locale_h=yes
ac_cv_header_memory_h=yes
ac_cv_header_signal_h=yes
ac_cv_header_stdarg_h=yes
ac_cv_header_stdc=yes
ac_cv_header_stdint_h=yes
ac_cv_header_stdio_h=yes
ac_cv_header_stdlib_h=yes
ac_cv_header_string_h=yes
ac_cv_header_strings_h=yes
ac_cv_header_sys_select_h=yes
ac_cv_header_sys_stat_h=yes
ac_cv_header_sys_time_h=yes
ac_cv_header_sys_types_h=yes
ac_cv_header_sys_wait_h=yes
ac_cv_header_time_h=yes
ac_cv_header_unistd_h=yes
ac_cv_host=x86_64-pc-linux-gnu
ac_cv_lib_X11_XOpenDisplay=yes
ac_cv_lib_X11_Xutf8TextPropertyToTextList=yes
ac_cv_lib_Xext_XShapeCombineRectangles=yes
ac_cv_lib_Xft_XftFontOpenName=yes
ac_cv_lib_Xinerama_XineramaQueryExtension=yes
ac_cv_lib_Xmu_XmuDrawRoundedRectangle=no
ac_cv_lib_Xpm_XpmReadFileToImage=yes
ac_cv_lib_Xrender_XRenderComposite=yes
ac_cv_lib_fribidi_fribidi_log2vis=yes
ac_cv_lib_jpeg_jpeg_start_decompress=no
ac_cv_lib_png_png_read_image=yes
ac_cv_objext=o
ac_cv_path_EGREP='/bin/grep -E'
ac_cv_path_GMSGFMT=/usr/bin/msgfmt
ac_cv_path_GREP=/bin/grep
ac_cv_path_MSGFMT=/usr/bin/msgfmt
ac_cv_path_MSGMERGE=/usr/bin/msgmerge
ac_cv_path_XGETTEXT=/usr/bin/xgettext
ac_cv_path_install='/usr/bin/install -c'
ac_cv_prog_CPP='cc  -D_FORTIFY_SOURCE=2 -E'
ac_cv_prog_ac_ct_CC='cc  -D_FORTIFY_SOURCE=2'
ac_cv_prog_cc_c89=
ac_cv_prog_cc_g=yes
ac_cv_prog_make_make_set=yes
acl_cv_path_LD=/usr/bin/ld
acl_cv_prog_gnu_ld=yes
acl_cv_rpath=done
gt_cv_func_gnugettext1_libc=yes

## ----------------- ##
## Output variables. ##
## ----------------- ##

BINDIR='/usr/bin'
CC='cc  -D_FORTIFY_SOURCE=2'
CFLAGS='-g -O2 -fPIE -fstack-protector-strong -Wformat -Werror=format-security -Wall -pedantic -I/usr/include/libpng12  -I/usr/include/freetype2   -I/usr/include/fribidi  -DLOCALEDIR=\"/usr/share/locale\"'
CPP='cc  -D_FORTIFY_SOURCE=2 -E'
CPPFLAGS='-D_FORTIFY_SOURCE=2'
DATE='2016-03-29'
DEFS='-DHAVE_CONFIG_H'
ECHO_C=''
ECHO_N='-n'
ECHO_T=''
EGREP='/bin/grep -E'
EXEEXT=''
GETTEXT_MACRO_VERSION='0.18'
GMSGFMT='/usr/bin/msgfmt'
GMSGFMT_015='/usr/bin/msgfmt'
GREP='/bin/grep'
INSTALL_DATA='${INSTALL} -m 644'
INSTALL_PROGRAM='${INSTALL}'
INSTALL_SCRIPT='${INSTALL}'
INSTVERSION='svn-579'
INTLLIBS=''
LDFLAGS='-fPIE -pie -Wl,-z,relro -Wl,-z,now -lX11 -lpng12  -lXft  -lXrender -lX11  -lfribidi  -lXpm -lXext -lXinerama '
LIBICONV='-liconv'
LIBINTL=''
LIBOBJS=''
LIBS=''
LTLIBICONV='-liconv'
LTLIBINTL=''
LTLIBOBJS=''
MANDIR='/usr/share/man'
MSGFMT='/usr/bin/msgfmt'
MSGFMT_015='/usr/bin/msgfmt'
MSGMERGE='/usr/bin/msgmerge'
OBJEXT='o'
PACKAGE='jwm'
PACKAGE_BUGREPORT='joewing@joewing.net'
PACKAGE_NAME='jwm'
PACKAGE_STRING='jwm svn-579'
PACKAGE_TARNAME='jwm'
PACKAGE_VERSION='svn-579'
PATH_SEPARATOR=':'
POSUB='po'
SET_MAKE=''
SHELL='/bin/bash'
SYSCONF='/etc/jwm'
USE_NLS='yes'
VERSION='svn-579'
XGETTEXT='/usr/bin/xgettext'
XGETTEXT_015='/usr/bin/xgettext'
XGETTEXT_EXTRA_OPTIONS=''
XMKMF=''
ac_ct_CC='cc  -D_FORTIFY_SOURCE=2'
bindir='${exec_prefix}/bin'
build='x86_64-pc-linux-gnu'
build_alias='x86_64-linux-gnu'
build_cpu='x86_64'
build_os='linux-gnu'
build_vendor='pc'
datadir='${datarootdir}'
datarootdir='${prefix}/share'
docdir='${datarootdir}/doc/${PACKAGE_TARNAME}'
dvidir='${docdir}'
exec_prefix='/usr'
host='x86_64-pc-linux-gnu'
host_alias=''
host_cpu='x86_64'
host_os='linux-gnu'
host_vendor='pc'
htmldir='${docdir}'
includedir='${prefix}/include'
infodir='${prefix}/share/info'
libdir='${prefix}/lib/x86_64-linux-gnu'
libexecdir='${prefix}/lib/x86_64-linux-gnu'
localedir='/usr/share/locale'
localstatedir='/var'
mandir='${prefix}/share/man'
oldincludedir='/usr/include'
pdfdir='${docdir}'
prefix='/usr'
program_transform_name='s,x,x,'
psdir='${docdir}'
sbindir='${exec_prefix}/sbin'
sharedstatedir='${prefix}/com'
sysconfdir='/etc/jwm'
target_alias=''

## ----------- ##
## confdefs.h. ##
## ----------- ##

#define PACKAGE_NAME "jwm"
#define PACKAGE_TARNAME "jwm"
#define PACKAGE_VERSION "svn-579"
#define PACKAGE_STRING "jwm svn-579"
#define PACKAGE_BUGREPORT "joewing@joewing.net"
#define _XOPEN_SOURCE 600L
#define _XOPEN_SOURCE_EXTENDED 1
#define __EXTENSIONS__ 1
#define USE_XUTF8 1
#define STDC_HEADERS 1
#define HAVE_SYS_TYPES_H 1
#define HAVE_SYS_STAT_H 1
#define HAVE_STDLIB_H 1
#define HAVE_STRING_H 1
#define HAVE_MEMORY_H 1
#define HAVE_STRINGS_H 1
#define HAVE_INTTYPES_H 1
#define HAVE_STDINT_H 1
#define HAVE_UNISTD_H 1
#define HAVE_STDARG_H 1
#define HAVE_STDIO_H 1
#define HAVE_STDLIB_H 1
#define HAVE_CTYPE_H 1
#define HAVE_SYS_SELECT_H 1
#define HAVE_SIGNAL_H 1
#define HAVE_UNISTD_H 1
#define HAVE_TIME_H 1
#define HAVE_SYS_WAIT_H 1
#define HAVE_SYS_TIME_H 1
#define HAVE_ALLOCA_H 1
#define HAVE_LOCALE_H 1
#define HAVE_LIBINTL_H 1
#define HAVE_X11_XLIB_H 1
#define HAVE_X11_XUTIL_H 1
#define HAVE_X11_CURSORFONT_H 1
#define HAVE_X11_XPROTO_H 1
#define HAVE_X11_XATOM_H 1
#define HAVE_X11_KEYSYM_H 1
#define HAVE_X11_XRESOURCE_H 1
#define HAVE_UNSETENV 1
#define HAVE_PUTENV 1
#define HAVE_SETLOCALE 1
#define USE_ICONS 1
#define USE_PNG 1
#define USE_XFT 1
#define HAVE_FT2BUILD_H 1
#define HAVE_X11_EXTENSIONS_XRENDER_H 1
#define USE_XRENDER 1
#define USE_FRIBIDI 1
#define HAVE_X11_XPM_H 1
#define USE_XPM 1
#define USE_SHAPE 1
#define USE_XINERAMA 1
#define ENABLE_NLS 1
#define HAVE_GETTEXT 1
#define HAVE_DCGETTEXT 1
#define SYSTEM_CONFIG "/etc/jwm/system.jwmrc"

configure: exit 0
