CLDS:>>>>>>>>> Running inst-xtra-freecad.sh ...
Reading package lists...
Building dependency tree...
Reading state information...
The following additional packages will be installed:
  fonts-lyx freecad-common freecad-python3 ibverbs-providers
  libboost-program-options1.74.0 libboost-regex1.74.0 libclang1-11 libcoin80c
  libevent-core-2.1-7 libevent-pthreads-2.1-7 libfabric1
  libfreecad-python3-0.19 libfreeimage3 libgl2ps1.4 libhdf5-openmpi-103-1
  libhwloc-plugins libhwloc15 libibverbs1 libjs-jquery-ui libjsoncpp24 libjxr0
  libmedc11 libnetcdf-c++4 libocct-data-exchange-7.5 libocct-foundation-7.5
  libocct-modeling-algorithms-7.5 libocct-modeling-data-7.5 libocct-ocaf-7.5
  libocct-visualization-7.5 libopenmpi3 libpmix2 libpsm-infinipath1 libpsm2-2
  libpyside2-py3-5.15 libqt5concurrent5 libqt5opengl5 libqt5positioning5
  libqt5printsupport5 libqt5qml5 libqt5qmlmodels5 libqt5quick5 libqt5sensors5
  libqt5webchannel5 libqt5webkit5 libqt5xml5 libqt5xmlpatterns5 librdmacm1
  libshiboken2-py3-5.15 libsoqt520 libtcl8.6 libtk8.6 libucx0 libvtk7.1p
  libxnvctrl0 libzipios++0v5 python-matplotlib-data python3-cycler
  python3-dateutil python3-kiwisolver python3-matplotlib python3-numpy
  python3-pil python3-pivy python3-ply python3-pyparsing
  python3-pyside2.qtcore python3-pyside2.qtgui python3-pyside2.qtopengl
  python3-pyside2.qtsvg python3-pyside2.qtuitools python3-pyside2.qtwidgets
  python3-pyside2.qtxml python3-six python3-yaml shiboken2 ttf-bitstream-vera
Suggested packages:
  povray libopenal0a libsimage-dev libhwloc-contrib-plugins
  libjs-jquery-ui-docs libmed-doc libmed-tools qt5-qmltooling-plugins tcl8.6
  tk8.6 mpi-default-bin vtk7-doc vtk7-examples python-cycler-doc dvipng
  ghostscript gir1.2-gtk-3.0 inkscape ipython3 python-matplotlib-doc
  python3-cairocffi python3-gi-cairo python3-gobject python3-nose
  python3-pyqt5 python3-scipy python3-sip python3-tornado texlive-extra-utils
  texlive-latex-extra ttf-staypuft gcc gfortran python-numpy-doc
  python3-numpy-dbg python3-pytest python-pil-doc python3-pil-dbg
  python-ply-doc python-pyparsing-doc python-pyside2-doc
Recommended packages:
  calculix-ccx javascript-common geoclue-2.0 python3-tk python3-olefile
The following NEW packages will be installed:
  fonts-lyx freecad freecad-common freecad-python3 ibverbs-providers
  libboost-program-options1.74.0 libboost-regex1.74.0 libclang1-11 libcoin80c
  libevent-core-2.1-7 libevent-pthreads-2.1-7 libfabric1
  libfreecad-python3-0.19 libfreeimage3 libgl2ps1.4 libhdf5-openmpi-103-1
  libhwloc-plugins libhwloc15 libibverbs1 libjs-jquery-ui libjsoncpp24 libjxr0
  libmedc11 libnetcdf-c++4 libocct-data-exchange-7.5 libocct-foundation-7.5
  libocct-modeling-algorithms-7.5 libocct-modeling-data-7.5 libocct-ocaf-7.5
  libocct-visualization-7.5 libopenmpi3 libpmix2 libpsm-infinipath1 libpsm2-2
  libpyside2-py3-5.15 libqt5concurrent5 libqt5opengl5 libqt5positioning5
  libqt5printsupport5 libqt5qml5 libqt5qmlmodels5 libqt5quick5 libqt5sensors5
  libqt5webchannel5 libqt5webkit5 libqt5xml5 libqt5xmlpatterns5 librdmacm1
  libshiboken2-py3-5.15 libsoqt520 libtcl8.6 libtk8.6 libucx0 libvtk7.1p
  libxnvctrl0 libzipios++0v5 python-matplotlib-data python3-cycler
  python3-dateutil python3-kiwisolver python3-matplotlib python3-numpy
  python3-pil python3-pivy python3-ply python3-pyparsing
  python3-pyside2.qtcore python3-pyside2.qtgui python3-pyside2.qtopengl
  python3-pyside2.qtsvg python3-pyside2.qtuitools python3-pyside2.qtwidgets
  python3-pyside2.qtxml python3-six python3-yaml shiboken2 ttf-bitstream-vera
0 upgraded, 77 newly installed, 0 to remove and 0 not upgraded.
Need to get 150 MB of archives.
After this operation, 655 MB of additional disk space will be used.
Get:1 http://localhost/aptly-repo/master_bullseye-main bullseye/main amd64 libqt5positioning5 amd64 5.15.2+dfsg-2 [206 kB]
Get:2 http://localhost/aptly-repo/master_bullseye-main bullseye/main amd64 libqt5printsupport5 amd64 5.15.2+dfsg-9 [222 kB]
Get:3 http://localhost/aptly-repo/master_bullseye-main bullseye/main amd64 libqt5qml5 amd64 5.15.2+dfsg-6 [1,317 kB]
Get:4 http://localhost/aptly-repo/master_bullseye-main bullseye/main amd64 libqt5qmlmodels5 amd64 5.15.2+dfsg-6 [193 kB]
Get:5 http://localhost/aptly-repo/master_bullseye-main bullseye/main amd64 libqt5quick5 amd64 5.15.2+dfsg-6 [1,559 kB]
Get:6 http://localhost/aptly-repo/master_bullseye-main bullseye/main amd64 libqt5sensors5 amd64 5.15.2-2 [112 kB]
Get:7 http://localhost/aptly-repo/master_bullseye-main bullseye/main amd64 libqt5webchannel5 amd64 5.15.2-2 [58.0 kB]
Get:8 http://localhost/aptly-repo/master_bullseye-main bullseye/main amd64 libqt5webkit5 amd64 5.212.0~alpha4-11 [11.7 MB]
Get:9 http://localhost/aptly-repo/master_bullseye-main bullseye/main amd64 fonts-lyx all 2.3.6-1 [205 kB]
Get:10 http://localhost/aptly-repo/master_bullseye-main bullseye/main amd64 freecad-common all 0.19.1+dfsg1-2 [17.2 MB]
Get:11 http://localhost/aptly-repo/master_bullseye-main bullseye/main amd64 libjs-jquery-ui all 1.12.1+dfsg-8+deb11u1 [232 kB]
Get:12 http://localhost/aptly-repo/master_bullseye-main bullseye/main amd64 ttf-bitstream-vera all 1.10-8.1 [223 kB]
Get:13 http://localhost/aptly-repo/master_bullseye-main bullseye/main amd64 python-matplotlib-data all 3.3.4-1 [4,153 kB]
Get:14 http://localhost/aptly-repo/master_bullseye-main bullseye/main amd64 python3-six all 1.16.0-2 [17.5 kB]
Get:15 http://localhost/aptly-repo/master_bullseye-main bullseye/main amd64 python3-dateutil all 2.8.1-6 [79.2 kB]
Get:16 http://localhost/aptly-repo/master_bullseye-main bullseye/main amd64 python3-pyparsing all 2.4.7-1 [109 kB]
Get:17 http://localhost/aptly-repo/master_bullseye-main bullseye/main amd64 python3-numpy amd64 1:1.19.5-1 [2,693 kB]
Get:18 http://localhost/aptly-repo/master_bullseye-main bullseye/main amd64 python3-cycler all 0.10.0-3 [8,084 B]
Get:19 http://localhost/aptly-repo/master_bullseye-main bullseye/main amd64 python3-kiwisolver amd64 1.3.1-1+b1 [55.7 kB]
Get:20 http://localhost/aptly-repo/master_bullseye-main bullseye/main amd64 python3-pil amd64 8.1.2+dfsg-0.3+deb11u1 [445 kB]
Get:21 http://localhost/aptly-repo/master_bullseye-main bullseye/main amd64 python3-matplotlib amd64 3.3.4-1 [4,163 kB]
Get:22 http://localhost/aptly-repo/master_bullseye-main bullseye/main amd64 libcoin80c amd64 4.0.0+ds-1 [2,213 kB]
Get:23 http://localhost/aptly-repo/master_bullseye-main bullseye/main amd64 libqt5opengl5 amd64 5.15.2+dfsg-9 [175 kB]
Get:24 http://localhost/aptly-repo/master_bullseye-main bullseye/main amd64 libsoqt520 amd64 1.6.0+ds1-3 [195 kB]
Get:25 http://localhost/aptly-repo/master_bullseye-main bullseye/main amd64 libshiboken2-py3-5.15 amd64 5.15.2-1 [166 kB]
Get:26 http://localhost/aptly-repo/master_bullseye-main bullseye/main amd64 libpyside2-py3-5.15 amd64 5.15.2-1 [76.4 kB]
Get:27 http://localhost/aptly-repo/master_bullseye-main bullseye/main amd64 python3-pyside2.qtcore amd64 5.15.2-1 [941 kB]
Get:28 http://localhost/aptly-repo/master_bullseye-main bullseye/main amd64 python3-pyside2.qtgui amd64 5.15.2-1 [1,019 kB]
Get:29 http://localhost/aptly-repo/master_bullseye-main bullseye/main amd64 python3-pyside2.qtwidgets amd64 5.15.2-1 [1,663 kB]
Get:30 http://localhost/aptly-repo/master_bullseye-main bullseye/main amd64 python3-pyside2.qtopengl amd64 5.15.2-1 [103 kB]
Get:31 http://localhost/aptly-repo/master_bullseye-main bullseye/main amd64 libclang1-11 amd64 1:11.0.1-2 [5,521 kB]
Get:32 http://localhost/aptly-repo/master_bullseye-main bullseye/main amd64 shiboken2 amd64 5.15.2-1 [589 kB]
Get:33 http://localhost/aptly-repo/master_bullseye-main bullseye/main amd64 python3-pivy amd64 0.6.5-1+b3 [3,714 kB]
Get:34 http://localhost/aptly-repo/master_bullseye-main bullseye/main amd64 python3-ply all 3.11-4 [65.5 kB]
Get:35 http://localhost/aptly-repo/master_bullseye-main bullseye/main amd64 libqt5xml5 amd64 5.15.2+dfsg-9 [147 kB]
Get:36 http://localhost/aptly-repo/master_bullseye-main bullseye/main amd64 python3-pyside2.qtxml amd64 5.15.2-1 [118 kB]
Get:37 http://localhost/aptly-repo/master_bullseye-main bullseye/main amd64 python3-pyside2.qtuitools amd64 5.15.2-1 [145 kB]
Get:38 http://localhost/aptly-repo/master_bullseye-main bullseye/main amd64 python3-pyside2.qtsvg amd64 5.15.2-1 [52.8 kB]
Get:39 http://localhost/aptly-repo/master_bullseye-main bullseye/main amd64 python3-yaml amd64 5.3.1-5 [138 kB]
Get:40 http://localhost/aptly-repo/master_bullseye-main bullseye/main amd64 libboost-program-options1.74.0 amd64 1.74.0-9 [356 kB]
Get:41 http://localhost/aptly-repo/master_bullseye-main bullseye/main amd64 libboost-regex1.74.0 amd64 1.74.0-9 [516 kB]
Get:42 http://localhost/aptly-repo/master_bullseye-main bullseye/main amd64 libevent-core-2.1-7 amd64 2.1.12-stable-1 [139 kB]
Get:43 http://localhost/aptly-repo/master_bullseye-main bullseye/main amd64 libevent-pthreads-2.1-7 amd64 2.1.12-stable-1 [57.1 kB]
Get:44 http://localhost/aptly-repo/master_bullseye-main bullseye/main amd64 libibverbs1 amd64 33.2-1 [59.4 kB]
Get:45 http://localhost/aptly-repo/master_bullseye-main bullseye/main amd64 ibverbs-providers amd64 33.2-1 [253 kB]
Get:46 http://localhost/aptly-repo/master_bullseye-main bullseye/main amd64 libpsm-infinipath1 amd64 3.3+20.604758e7-6.1 [169 kB]
Get:47 http://localhost/aptly-repo/master_bullseye-main bullseye/main amd64 libpsm2-2 amd64 11.2.185-1 [181 kB]
Get:48 http://localhost/aptly-repo/master_bullseye-main bullseye/main amd64 librdmacm1 amd64 33.2-1 [68.9 kB]
Get:49 http://localhost/aptly-repo/master_bullseye-main bullseye/main amd64 libfabric1 amd64 1.11.0-2 [521 kB]
Get:50 http://localhost/aptly-repo/master_bullseye-main bullseye/main amd64 libhwloc15 amd64 2.4.1+dfsg-1 [150 kB]
Get:51 http://localhost/aptly-repo/master_bullseye-main bullseye/main amd64 libxnvctrl0 amd64 470.141.03-1~deb11u1 [27.5 kB]
Get:52 http://localhost/aptly-repo/master_bullseye-main bullseye/main amd64 libhwloc-plugins amd64 2.4.1+dfsg-1 [21.4 kB]
Get:53 http://localhost/aptly-repo/master_bullseye-main bullseye/main amd64 libpmix2 amd64 4.0.0-4.1 [552 kB]
Get:54 http://localhost/aptly-repo/master_bullseye-main bullseye/main amd64 libucx0 amd64 1.10.1~rc1+really.1.10.0-1 [649 kB]
Get:55 http://localhost/aptly-repo/master_bullseye-main bullseye/main amd64 libopenmpi3 amd64 4.1.0-10 [2,370 kB]
Get:56 http://localhost/aptly-repo/master_bullseye-main bullseye/main amd64 libhdf5-openmpi-103-1 amd64 1.10.6+repack-4+deb11u1 [1,236 kB]
Get:57 http://localhost/aptly-repo/master_bullseye-main bullseye/main amd64 libmedc11 amd64 4.1.0+repack-2+b2 [413 kB]
Get:58 http://localhost/aptly-repo/master_bullseye-main bullseye/main amd64 libocct-foundation-7.5 amd64 7.5.1+dfsg1-2 [1,357 kB]
Get:59 http://localhost/aptly-repo/master_bullseye-main bullseye/main amd64 libocct-modeling-data-7.5 amd64 7.5.1+dfsg1-2 [2,678 kB]
Get:60 http://localhost/aptly-repo/master_bullseye-main bullseye/main amd64 libocct-modeling-algorithms-7.5 amd64 7.5.1+dfsg1-2 [8,135 kB]
Get:61 http://localhost/aptly-repo/master_bullseye-main bullseye/main amd64 libjxr0 amd64 1.1-6+b1 [160 kB]
Get:62 http://localhost/aptly-repo/master_bullseye-main bullseye/main amd64 libfreeimage3 amd64 3.18.0+ds2-6 [298 kB]
Get:63 http://localhost/aptly-repo/master_bullseye-main bullseye/main amd64 libocct-visualization-7.5 amd64 7.5.1+dfsg1-2 [1,988 kB]
Get:64 http://localhost/aptly-repo/master_bullseye-main bullseye/main amd64 libocct-ocaf-7.5 amd64 7.5.1+dfsg1-2 [1,203 kB]
Get:65 http://localhost/aptly-repo/master_bullseye-main bullseye/main amd64 libocct-data-exchange-7.5 amd64 7.5.1+dfsg1-2 [4,199 kB]
Get:66 http://localhost/aptly-repo/master_bullseye-main bullseye/main amd64 libqt5concurrent5 amd64 5.15.2+dfsg-9 [70.9 kB]
Get:67 http://localhost/aptly-repo/master_bullseye-main bullseye/main amd64 libqt5xmlpatterns5 amd64 5.15.2-3 [901 kB]
Get:68 http://localhost/aptly-repo/master_bullseye-main bullseye/main amd64 libgl2ps1.4 amd64 1.4.2+dfsg1-1 [39.4 kB]
Get:69 http://localhost/aptly-repo/master_bullseye-main bullseye/main amd64 libjsoncpp24 amd64 1.9.4-4 [78.9 kB]
Get:70 http://localhost/aptly-repo/master_bullseye-main bullseye/main amd64 libnetcdf-c++4 amd64 4.2-12 [35.2 kB]
Get:71 http://localhost/aptly-repo/master_bullseye-main bullseye/main amd64 libtcl8.6 amd64 8.6.11+dfsg-1 [1,018 kB]
Get:72 http://localhost/aptly-repo/master_bullseye-main bullseye/main amd64 libtk8.6 amd64 8.6.11-2 [780 kB]
Get:73 http://localhost/aptly-repo/master_bullseye-main bullseye/main amd64 libvtk7.1p amd64 7.1.1+dfsg2-8 [26.9 MB]
Get:74 http://localhost/aptly-repo/master_bullseye-main bullseye/main amd64 libzipios++0v5 amd64 0.1.5.9+cvs.2007.04.28-11 [56.7 kB]
Get:75 http://localhost/aptly-repo/master_bullseye-main bullseye/main amd64 libfreecad-python3-0.19 amd64 0.19.1+dfsg1-2 [29.9 MB]
Get:76 http://localhost/aptly-repo/master_bullseye-main bullseye/main amd64 freecad-python3 amd64 0.19.1+dfsg1-2 [48.4 kB]
Get:77 http://localhost/aptly-repo/master_bullseye-main bullseye/main amd64 freecad all 0.19.1+dfsg1-2 [35.2 kB]
dpkg-preconfigure: unable to re-open stdin: No such file or directory
Fetched 150 MB in 1s (112 MB/s)
E: Can not write log (Is /dev/pts mounted?) - posix_openpt (2: No such file or directory)
Selecting previously unselected package libqt5positioning5:amd64.
(Reading database ... 68630 files and directories currently installed.)
Preparing to unpack .../00-libqt5positioning5_5.15.2+dfsg-2_amd64.deb ...
Unpacking libqt5positioning5:amd64 (5.15.2+dfsg-2) ...
Selecting previously unselected package libqt5printsupport5:amd64.
Preparing to unpack .../01-libqt5printsupport5_5.15.2+dfsg-9_amd64.deb ...
Unpacking libqt5printsupport5:amd64 (5.15.2+dfsg-9) ...
Selecting previously unselected package libqt5qml5:amd64.
Preparing to unpack .../02-libqt5qml5_5.15.2+dfsg-6_amd64.deb ...
Unpacking libqt5qml5:amd64 (5.15.2+dfsg-6) ...
Selecting previously unselected package libqt5qmlmodels5:amd64.
Preparing to unpack .../03-libqt5qmlmodels5_5.15.2+dfsg-6_amd64.deb ...
Unpacking libqt5qmlmodels5:amd64 (5.15.2+dfsg-6) ...
Selecting previously unselected package libqt5quick5:amd64.
Preparing to unpack .../04-libqt5quick5_5.15.2+dfsg-6_amd64.deb ...
Unpacking libqt5quick5:amd64 (5.15.2+dfsg-6) ...
Selecting previously unselected package libqt5sensors5:amd64.
Preparing to unpack .../05-libqt5sensors5_5.15.2-2_amd64.deb ...
Unpacking libqt5sensors5:amd64 (5.15.2-2) ...
Selecting previously unselected package libqt5webchannel5:amd64.
Preparing to unpack .../06-libqt5webchannel5_5.15.2-2_amd64.deb ...
Unpacking libqt5webchannel5:amd64 (5.15.2-2) ...
Selecting previously unselected package libqt5webkit5:amd64.
Preparing to unpack .../07-libqt5webkit5_5.212.0~alpha4-11_amd64.deb ...
Unpacking libqt5webkit5:amd64 (5.212.0~alpha4-11) ...
Selecting previously unselected package fonts-lyx.
Preparing to unpack .../08-fonts-lyx_2.3.6-1_all.deb ...
Unpacking fonts-lyx (2.3.6-1) ...
Selecting previously unselected package freecad-common.
Preparing to unpack .../09-freecad-common_0.19.1+dfsg1-2_all.deb ...
Unpacking freecad-common (0.19.1+dfsg1-2) ...
Selecting previously unselected package libjs-jquery-ui.
Preparing to unpack .../10-libjs-jquery-ui_1.12.1+dfsg-8+deb11u1_all.deb ...
Unpacking libjs-jquery-ui (1.12.1+dfsg-8+deb11u1) ...
Selecting previously unselected package ttf-bitstream-vera.
Preparing to unpack .../11-ttf-bitstream-vera_1.10-8.1_all.deb ...
Unpacking ttf-bitstream-vera (1.10-8.1) ...
Selecting previously unselected package python-matplotlib-data.
Preparing to unpack .../12-python-matplotlib-data_3.3.4-1_all.deb ...
Unpacking python-matplotlib-data (3.3.4-1) ...
Selecting previously unselected package python3-six.
Preparing to unpack .../13-python3-six_1.16.0-2_all.deb ...
Unpacking python3-six (1.16.0-2) ...
Selecting previously unselected package python3-dateutil.
Preparing to unpack .../14-python3-dateutil_2.8.1-6_all.deb ...
Unpacking python3-dateutil (2.8.1-6) ...
Selecting previously unselected package python3-pyparsing.
Preparing to unpack .../15-python3-pyparsing_2.4.7-1_all.deb ...
Unpacking python3-pyparsing (2.4.7-1) ...
Selecting previously unselected package python3-numpy.
Preparing to unpack .../16-python3-numpy_1%3a1.19.5-1_amd64.deb ...
Unpacking python3-numpy (1:1.19.5-1) ...
Selecting previously unselected package python3-cycler.
Preparing to unpack .../17-python3-cycler_0.10.0-3_all.deb ...
Unpacking python3-cycler (0.10.0-3) ...
Selecting previously unselected package python3-kiwisolver.
Preparing to unpack .../18-python3-kiwisolver_1.3.1-1+b1_amd64.deb ...
Unpacking python3-kiwisolver (1.3.1-1+b1) ...
Selecting previously unselected package python3-pil:amd64.
Preparing to unpack .../19-python3-pil_8.1.2+dfsg-0.3+deb11u1_amd64.deb ...
Unpacking python3-pil:amd64 (8.1.2+dfsg-0.3+deb11u1) ...
Selecting previously unselected package python3-matplotlib.
Preparing to unpack .../20-python3-matplotlib_3.3.4-1_amd64.deb ...
Unpacking python3-matplotlib (3.3.4-1) ...
Selecting previously unselected package libcoin80c.
Preparing to unpack .../21-libcoin80c_4.0.0+ds-1_amd64.deb ...
Unpacking libcoin80c (4.0.0+ds-1) ...
Selecting previously unselected package libqt5opengl5:amd64.
Preparing to unpack .../22-libqt5opengl5_5.15.2+dfsg-9_amd64.deb ...
Unpacking libqt5opengl5:amd64 (5.15.2+dfsg-9) ...
Selecting previously unselected package libsoqt520.
Preparing to unpack .../23-libsoqt520_1.6.0+ds1-3_amd64.deb ...
Unpacking libsoqt520 (1.6.0+ds1-3) ...
Selecting previously unselected package libshiboken2-py3-5.15.
Preparing to unpack .../24-libshiboken2-py3-5.15_5.15.2-1_amd64.deb ...
Unpacking libshiboken2-py3-5.15 (5.15.2-1) ...
Selecting previously unselected package libpyside2-py3-5.15.
Preparing to unpack .../25-libpyside2-py3-5.15_5.15.2-1_amd64.deb ...
Unpacking libpyside2-py3-5.15 (5.15.2-1) ...
Selecting previously unselected package python3-pyside2.qtcore.
Preparing to unpack .../26-python3-pyside2.qtcore_5.15.2-1_amd64.deb ...
Unpacking python3-pyside2.qtcore (5.15.2-1) ...
Selecting previously unselected package python3-pyside2.qtgui.
Preparing to unpack .../27-python3-pyside2.qtgui_5.15.2-1_amd64.deb ...
Unpacking python3-pyside2.qtgui (5.15.2-1) ...
Selecting previously unselected package python3-pyside2.qtwidgets.
Preparing to unpack .../28-python3-pyside2.qtwidgets_5.15.2-1_amd64.deb ...
Unpacking python3-pyside2.qtwidgets (5.15.2-1) ...
Selecting previously unselected package python3-pyside2.qtopengl.
Preparing to unpack .../29-python3-pyside2.qtopengl_5.15.2-1_amd64.deb ...
Unpacking python3-pyside2.qtopengl (5.15.2-1) ...
Selecting previously unselected package libclang1-11.
Preparing to unpack .../30-libclang1-11_1%3a11.0.1-2_amd64.deb ...
Unpacking libclang1-11 (1:11.0.1-2) ...
Selecting previously unselected package shiboken2.
Preparing to unpack .../31-shiboken2_5.15.2-1_amd64.deb ...
Unpacking shiboken2 (5.15.2-1) ...
Selecting previously unselected package python3-pivy.
Preparing to unpack .../32-python3-pivy_0.6.5-1+b3_amd64.deb ...
Unpacking python3-pivy (0.6.5-1+b3) ...
Selecting previously unselected package python3-ply.
Preparing to unpack .../33-python3-ply_3.11-4_all.deb ...
Unpacking python3-ply (3.11-4) ...
Selecting previously unselected package libqt5xml5:amd64.
Preparing to unpack .../34-libqt5xml5_5.15.2+dfsg-9_amd64.deb ...
Unpacking libqt5xml5:amd64 (5.15.2+dfsg-9) ...
Selecting previously unselected package python3-pyside2.qtxml.
Preparing to unpack .../35-python3-pyside2.qtxml_5.15.2-1_amd64.deb ...
Unpacking python3-pyside2.qtxml (5.15.2-1) ...
Selecting previously unselected package python3-pyside2.qtuitools.
Preparing to unpack .../36-python3-pyside2.qtuitools_5.15.2-1_amd64.deb ...
Unpacking python3-pyside2.qtuitools (5.15.2-1) ...
Selecting previously unselected package python3-pyside2.qtsvg.
Preparing to unpack .../37-python3-pyside2.qtsvg_5.15.2-1_amd64.deb ...
Unpacking python3-pyside2.qtsvg (5.15.2-1) ...
Selecting previously unselected package python3-yaml.
Preparing to unpack .../38-python3-yaml_5.3.1-5_amd64.deb ...
Unpacking python3-yaml (5.3.1-5) ...
Selecting previously unselected package libboost-program-options1.74.0:amd64.
Preparing to unpack .../39-libboost-program-options1.74.0_1.74.0-9_amd64.deb ...
Unpacking libboost-program-options1.74.0:amd64 (1.74.0-9) ...
Selecting previously unselected package libboost-regex1.74.0:amd64.
Preparing to unpack .../40-libboost-regex1.74.0_1.74.0-9_amd64.deb ...
Unpacking libboost-regex1.74.0:amd64 (1.74.0-9) ...
Selecting previously unselected package libevent-core-2.1-7:amd64.
Preparing to unpack .../41-libevent-core-2.1-7_2.1.12-stable-1_amd64.deb ...
Unpacking libevent-core-2.1-7:amd64 (2.1.12-stable-1) ...
Selecting previously unselected package libevent-pthreads-2.1-7:amd64.
Preparing to unpack .../42-libevent-pthreads-2.1-7_2.1.12-stable-1_amd64.deb ...
Unpacking libevent-pthreads-2.1-7:amd64 (2.1.12-stable-1) ...
Selecting previously unselected package libibverbs1:amd64.
Preparing to unpack .../43-libibverbs1_33.2-1_amd64.deb ...
Unpacking libibverbs1:amd64 (33.2-1) ...
Selecting previously unselected package ibverbs-providers:amd64.
Preparing to unpack .../44-ibverbs-providers_33.2-1_amd64.deb ...
Unpacking ibverbs-providers:amd64 (33.2-1) ...
Selecting previously unselected package libpsm-infinipath1.
Preparing to unpack .../45-libpsm-infinipath1_3.3+20.604758e7-6.1_amd64.deb ...
Unpacking libpsm-infinipath1 (3.3+20.604758e7-6.1) ...
Selecting previously unselected package libpsm2-2.
Preparing to unpack .../46-libpsm2-2_11.2.185-1_amd64.deb ...
Unpacking libpsm2-2 (11.2.185-1) ...
Selecting previously unselected package librdmacm1:amd64.
Preparing to unpack .../47-librdmacm1_33.2-1_amd64.deb ...
Unpacking librdmacm1:amd64 (33.2-1) ...
Selecting previously unselected package libfabric1.
Preparing to unpack .../48-libfabric1_1.11.0-2_amd64.deb ...
Unpacking libfabric1 (1.11.0-2) ...
Selecting previously unselected package libhwloc15:amd64.
Preparing to unpack .../49-libhwloc15_2.4.1+dfsg-1_amd64.deb ...
Unpacking libhwloc15:amd64 (2.4.1+dfsg-1) ...
Selecting previously unselected package libxnvctrl0:amd64.
Preparing to unpack .../50-libxnvctrl0_470.141.03-1~deb11u1_amd64.deb ...
Unpacking libxnvctrl0:amd64 (470.141.03-1~deb11u1) ...
Selecting previously unselected package libhwloc-plugins:amd64.
Preparing to unpack .../51-libhwloc-plugins_2.4.1+dfsg-1_amd64.deb ...
Unpacking libhwloc-plugins:amd64 (2.4.1+dfsg-1) ...
Selecting previously unselected package libpmix2:amd64.
Preparing to unpack .../52-libpmix2_4.0.0-4.1_amd64.deb ...
Unpacking libpmix2:amd64 (4.0.0-4.1) ...
Selecting previously unselected package libucx0:amd64.
Preparing to unpack .../53-libucx0_1.10.1~rc1+really.1.10.0-1_amd64.deb ...
Unpacking libucx0:amd64 (1.10.1~rc1+really.1.10.0-1) ...
Selecting previously unselected package libopenmpi3:amd64.
Preparing to unpack .../54-libopenmpi3_4.1.0-10_amd64.deb ...
Unpacking libopenmpi3:amd64 (4.1.0-10) ...
Selecting previously unselected package libhdf5-openmpi-103-1:amd64.
Preparing to unpack .../55-libhdf5-openmpi-103-1_1.10.6+repack-4+deb11u1_amd64.deb ...
Unpacking libhdf5-openmpi-103-1:amd64 (1.10.6+repack-4+deb11u1) ...
Selecting previously unselected package libmedc11:amd64.
Preparing to unpack .../56-libmedc11_4.1.0+repack-2+b2_amd64.deb ...
Unpacking libmedc11:amd64 (4.1.0+repack-2+b2) ...
Selecting previously unselected package libocct-foundation-7.5:amd64.
Preparing to unpack .../57-libocct-foundation-7.5_7.5.1+dfsg1-2_amd64.deb ...
Unpacking libocct-foundation-7.5:amd64 (7.5.1+dfsg1-2) ...
Selecting previously unselected package libocct-modeling-data-7.5:amd64.
Preparing to unpack .../58-libocct-modeling-data-7.5_7.5.1+dfsg1-2_amd64.deb ...
Unpacking libocct-modeling-data-7.5:amd64 (7.5.1+dfsg1-2) ...
Selecting previously unselected package libocct-modeling-algorithms-7.5:amd64.
Preparing to unpack .../59-libocct-modeling-algorithms-7.5_7.5.1+dfsg1-2_amd64.deb ...
Unpacking libocct-modeling-algorithms-7.5:amd64 (7.5.1+dfsg1-2) ...
Selecting previously unselected package libjxr0:amd64.
Preparing to unpack .../60-libjxr0_1.1-6+b1_amd64.deb ...
Unpacking libjxr0:amd64 (1.1-6+b1) ...
Selecting previously unselected package libfreeimage3:amd64.
Preparing to unpack .../61-libfreeimage3_3.18.0+ds2-6_amd64.deb ...
Unpacking libfreeimage3:amd64 (3.18.0+ds2-6) ...
Selecting previously unselected package libocct-visualization-7.5:amd64.
Preparing to unpack .../62-libocct-visualization-7.5_7.5.1+dfsg1-2_amd64.deb ...
Unpacking libocct-visualization-7.5:amd64 (7.5.1+dfsg1-2) ...
Selecting previously unselected package libocct-ocaf-7.5:amd64.
Preparing to unpack .../63-libocct-ocaf-7.5_7.5.1+dfsg1-2_amd64.deb ...
Unpacking libocct-ocaf-7.5:amd64 (7.5.1+dfsg1-2) ...
Selecting previously unselected package libocct-data-exchange-7.5:amd64.
Preparing to unpack .../64-libocct-data-exchange-7.5_7.5.1+dfsg1-2_amd64.deb ...
Unpacking libocct-data-exchange-7.5:amd64 (7.5.1+dfsg1-2) ...
Selecting previously unselected package libqt5concurrent5:amd64.
Preparing to unpack .../65-libqt5concurrent5_5.15.2+dfsg-9_amd64.deb ...
Unpacking libqt5concurrent5:amd64 (5.15.2+dfsg-9) ...
Selecting previously unselected package libqt5xmlpatterns5:amd64.
Preparing to unpack .../66-libqt5xmlpatterns5_5.15.2-3_amd64.deb ...
Unpacking libqt5xmlpatterns5:amd64 (5.15.2-3) ...
Selecting previously unselected package libgl2ps1.4.
Preparing to unpack .../67-libgl2ps1.4_1.4.2+dfsg1-1_amd64.deb ...
Unpacking libgl2ps1.4 (1.4.2+dfsg1-1) ...
Selecting previously unselected package libjsoncpp24:amd64.
Preparing to unpack .../68-libjsoncpp24_1.9.4-4_amd64.deb ...
Unpacking libjsoncpp24:amd64 (1.9.4-4) ...
Selecting previously unselected package libnetcdf-c++4.
Preparing to unpack .../69-libnetcdf-c++4_4.2-12_amd64.deb ...
Unpacking libnetcdf-c++4 (4.2-12) ...
Selecting previously unselected package libtcl8.6:amd64.
Preparing to unpack .../70-libtcl8.6_8.6.11+dfsg-1_amd64.deb ...
Unpacking libtcl8.6:amd64 (8.6.11+dfsg-1) ...
Selecting previously unselected package libtk8.6:amd64.
Preparing to unpack .../71-libtk8.6_8.6.11-2_amd64.deb ...
Unpacking libtk8.6:amd64 (8.6.11-2) ...
Selecting previously unselected package libvtk7.1p.
Preparing to unpack .../72-libvtk7.1p_7.1.1+dfsg2-8_amd64.deb ...
Unpacking libvtk7.1p (7.1.1+dfsg2-8) ...
Selecting previously unselected package libzipios++0v5.
Preparing to unpack .../73-libzipios++0v5_0.1.5.9+cvs.2007.04.28-11_amd64.deb ...
Unpacking libzipios++0v5 (0.1.5.9+cvs.2007.04.28-11) ...
Selecting previously unselected package libfreecad-python3-0.19.
Preparing to unpack .../74-libfreecad-python3-0.19_0.19.1+dfsg1-2_amd64.deb ...
Unpacking libfreecad-python3-0.19 (0.19.1+dfsg1-2) ...
Selecting previously unselected package freecad-python3.
Preparing to unpack .../75-freecad-python3_0.19.1+dfsg1-2_amd64.deb ...
Unpacking freecad-python3 (0.19.1+dfsg1-2) ...
Selecting previously unselected package freecad.
Preparing to unpack .../76-freecad_0.19.1+dfsg1-2_all.deb ...
Unpacking freecad (0.19.1+dfsg1-2) ...
Setting up libibverbs1:amd64 (33.2-1) ...
Setting up ttf-bitstream-vera (1.10-8.1) ...
Setting up libzipios++0v5 (0.1.5.9+cvs.2007.04.28-11) ...
Setting up ibverbs-providers:amd64 (33.2-1) ...
Setting up libqt5xmlpatterns5:amd64 (5.15.2-3) ...
Setting up libboost-program-options1.74.0:amd64 (1.74.0-9) ...
Setting up fonts-lyx (2.3.6-1) ...
Setting up libjxr0:amd64 (1.1-6+b1) ...
Setting up python3-ply (3.11-4) ...
Setting up libqt5positioning5:amd64 (5.15.2+dfsg-2) ...
Setting up libcoin80c (4.0.0+ds-1) ...
Setting up libocct-foundation-7.5:amd64 (7.5.1+dfsg1-2) ...
Setting up python3-yaml (5.3.1-5) ...
Setting up libnetcdf-c++4 (4.2-12) ...
Setting up freecad-common (0.19.1+dfsg1-2) ...
Setting up libgl2ps1.4 (1.4.2+dfsg1-1) ...
Setting up libxnvctrl0:amd64 (470.141.03-1~deb11u1) ...
Setting up python3-six (1.16.0-2) ...
Setting up libqt5printsupport5:amd64 (5.15.2+dfsg-9) ...
Setting up python3-pil:amd64 (8.1.2+dfsg-0.3+deb11u1) ...
Setting up libqt5xml5:amd64 (5.15.2+dfsg-9) ...
Setting up libjs-jquery-ui (1.12.1+dfsg-8+deb11u1) ...
Setting up python3-pyparsing (2.4.7-1) ...
Setting up libqt5qml5:amd64 (5.15.2+dfsg-6) ...
Setting up libboost-regex1.74.0:amd64 (1.74.0-9) ...
Setting up python3-cycler (0.10.0-3) ...
Setting up python3-kiwisolver (1.3.1-1+b1) ...
Setting up libhwloc15:amd64 (2.4.1+dfsg-1) ...
Setting up libevent-core-2.1-7:amd64 (2.1.12-stable-1) ...
Setting up libclang1-11 (1:11.0.1-2) ...
Setting up libtcl8.6:amd64 (8.6.11+dfsg-1) ...
Setting up libqt5webchannel5:amd64 (5.15.2-2) ...
Setting up libocct-modeling-data-7.5:amd64 (7.5.1+dfsg1-2) ...
Setting up python3-numpy (1:1.19.5-1) ...
Setting up libjsoncpp24:amd64 (1.9.4-4) ...
Setting up libqt5opengl5:amd64 (5.15.2+dfsg-9) ...
Setting up libpsm2-2 (11.2.185-1) ...
Setting up libsoqt520 (1.6.0+ds1-3) ...
Setting up python3-dateutil (2.8.1-6) ...
Setting up shiboken2 (5.15.2-1) ...
Setting up libpsm-infinipath1 (3.3+20.604758e7-6.1) ...
update-alternatives: using /usr/lib/libpsm1/libpsm_infinipath.so.1.16 to provide /usr/lib/x86_64-linux-gnu/libpsm_infinipath.so.1 (libpsm_infinipath.so.1) in auto mode
Setting up libqt5sensors5:amd64 (5.15.2-2) ...
Setting up python-matplotlib-data (3.3.4-1) ...
Setting up libqt5concurrent5:amd64 (5.15.2+dfsg-9) ...
Setting up libocct-modeling-algorithms-7.5:amd64 (7.5.1+dfsg1-2) ...
Setting up libshiboken2-py3-5.15 (5.15.2-1) ...
Setting up libevent-pthreads-2.1-7:amd64 (2.1.12-stable-1) ...
Setting up librdmacm1:amd64 (33.2-1) ...
Setting up libucx0:amd64 (1.10.1~rc1+really.1.10.0-1) ...
Setting up python3-matplotlib (3.3.4-1) ...
Setting up libfreeimage3:amd64 (3.18.0+ds2-6) ...
Setting up libqt5qmlmodels5:amd64 (5.15.2+dfsg-6) ...
Setting up libtk8.6:amd64 (8.6.11-2) ...
Setting up libpyside2-py3-5.15 (5.15.2-1) ...
Setting up libhwloc-plugins:amd64 (2.4.1+dfsg-1) ...
Setting up python3-pyside2.qtcore (5.15.2-1) ...
Setting up libocct-visualization-7.5:amd64 (7.5.1+dfsg1-2) ...
Setting up libqt5quick5:amd64 (5.15.2+dfsg-6) ...
Setting up libocct-ocaf-7.5:amd64 (7.5.1+dfsg1-2) ...
Setting up libfabric1 (1.11.0-2) ...
Setting up python3-pyside2.qtgui (5.15.2-1) ...
Setting up libpmix2:amd64 (4.0.0-4.1) ...
Setting up libopenmpi3:amd64 (4.1.0-10) ...
Setting up python3-pyside2.qtwidgets (5.15.2-1) ...
Setting up libqt5webkit5:amd64 (5.212.0~alpha4-11) ...
Setting up python3-pyside2.qtxml (5.15.2-1) ...
Setting up python3-pyside2.qtopengl (5.15.2-1) ...
Setting up libocct-data-exchange-7.5:amd64 (7.5.1+dfsg1-2) ...
Setting up libhdf5-openmpi-103-1:amd64 (1.10.6+repack-4+deb11u1) ...
Setting up python3-pyside2.qtuitools (5.15.2-1) ...
Setting up libmedc11:amd64 (4.1.0+repack-2+b2) ...
Setting up python3-pyside2.qtsvg (5.15.2-1) ...
Setting up python3-pivy (0.6.5-1+b3) ...
Setting up libvtk7.1p (7.1.1+dfsg2-8) ...
Setting up libfreecad-python3-0.19 (0.19.1+dfsg1-2) ...
Setting up freecad-python3 (0.19.1+dfsg1-2) ...
update-alternatives: using /usr/lib/freecad/bin/freecad-python3 to provide /usr/bin/freecad (freecad) in auto mode
Setting up freecad (0.19.1+dfsg1-2) ...
Processing triggers for hicolor-icon-theme (0.17-2) ...
Processing triggers for libc-bin (2.31-13+deb11u4) ...
Processing triggers for shared-mime-info (2.0-1) ...
Processing triggers for mailcap (3.69) ...
Processing triggers for fontconfig (2.13.1-4.2) ...
Processing triggers for desktop-file-utils (0.26-1) ...
CLDS: * Install freecad.
CLDS: * Disk size = 6000304K. Space Used = 813628K. Runtime = 00:00:00:25.
