CLDS:>>>>>>>>> Running inst-min-con-xtra-fuse.sh ...
Reading package lists...
Building dependency tree...
Reading state information...
fuse is already the newest version (2.9.9-5).
fuse set to manually installed.
0 upgraded, 0 newly installed, 0 to remove and 18 not upgraded.
CLDS: * Install fuse(fusermount) to run TMSU.
<<<<<<< HEAD
CLDS: * Disk size = 1920668K. Space Used = 4K. Runtime = 00:00:00:00.
=======
<<<<<<< HEAD
CLDS: * Disk size = 1790836K. Space Used = 4K. Runtime = 00:00:00:00.
=======
<<<<<<< HEAD
CLDS: * Disk size = 1782092K. Space Used = 4K. Runtime = 00:00:00:01.
=======
CLDS: * Disk size = 1790800K. Space Used = 4K. Runtime = 00:00:00:00.
>>>>>>> refs/remotes/origin/bullseye
>>>>>>> refs/remotes/origin/bullseye
>>>>>>> branch 'bullseye' of https://github.com/xuanngo2001/cust-live-deb.git
