CLDS:>>>>>>>>> Running inst-min-win-xtra-default-jdk.sh ...
Reading package lists...
Building dependency tree...
Reading state information...
The following additional packages will be installed:
  default-jdk-headless default-jre libgif7 openjdk-11-jdk
  openjdk-11-jdk-headless openjdk-11-jre
Suggested packages:
  openjdk-11-demo openjdk-11-source visualvm
Recommended packages:
  libxt-dev libatk-wrapper-java-jni fonts-dejavu-extra
The following NEW packages will be installed:
  default-jdk default-jdk-headless default-jre libgif7 openjdk-11-jdk
  openjdk-11-jdk-headless openjdk-11-jre
0 upgraded, 7 newly installed, 0 to remove and 0 not upgraded.
Need to get 225 MB of archives.
After this operation, 236 MB of additional disk space will be used.
Get:1 http://localhost/aptly-repo/master_bullseye-main bullseye/main amd64 libgif7 amd64 5.1.9-2 [45.1 kB]
Get:2 http://localhost/aptly-repo/master_bullseye-main bullseye/main amd64 openjdk-11-jre amd64 11.0.16+8-1~deb11u1 [176 kB]
Get:3 http://localhost/aptly-repo/master_bullseye-main bullseye/main amd64 default-jre amd64 2:1.11-72 [1,044 B]
Get:4 http://localhost/aptly-repo/master_bullseye-main bullseye/main amd64 openjdk-11-jdk-headless amd64 11.0.16+8-1~deb11u1 [217 MB]
Get:5 http://localhost/aptly-repo/master_bullseye-main bullseye/main amd64 default-jdk-headless amd64 2:1.11-72 [1,100 B]
Get:6 http://localhost/aptly-repo/master_bullseye-main bullseye/main amd64 openjdk-11-jdk amd64 11.0.16+8-1~deb11u1 [7,247 kB]
Get:7 http://localhost/aptly-repo/master_bullseye-main bullseye/main amd64 default-jdk amd64 2:1.11-72 [1,056 B]
dpkg-preconfigure: unable to re-open stdin: No such file or directory
Fetched 225 MB in 2s (92.4 MB/s)
E: Can not write log (Is /dev/pts mounted?) - posix_openpt (2: No such file or directory)
Selecting previously unselected package libgif7:amd64.
(Reading database ... 35619 files and directories currently installed.)
Preparing to unpack .../0-libgif7_5.1.9-2_amd64.deb ...
Unpacking libgif7:amd64 (5.1.9-2) ...
Selecting previously unselected package openjdk-11-jre:amd64.
Preparing to unpack .../1-openjdk-11-jre_11.0.16+8-1~deb11u1_amd64.deb ...
Unpacking openjdk-11-jre:amd64 (11.0.16+8-1~deb11u1) ...
Selecting previously unselected package default-jre.
Preparing to unpack .../2-default-jre_2%3a1.11-72_amd64.deb ...
Unpacking default-jre (2:1.11-72) ...
Selecting previously unselected package openjdk-11-jdk-headless:amd64.
Preparing to unpack .../3-openjdk-11-jdk-headless_11.0.16+8-1~deb11u1_amd64.deb ...
Unpacking openjdk-11-jdk-headless:amd64 (11.0.16+8-1~deb11u1) ...
Selecting previously unselected package default-jdk-headless.
Preparing to unpack .../4-default-jdk-headless_2%3a1.11-72_amd64.deb ...
Unpacking default-jdk-headless (2:1.11-72) ...
Selecting previously unselected package openjdk-11-jdk:amd64.
Preparing to unpack .../5-openjdk-11-jdk_11.0.16+8-1~deb11u1_amd64.deb ...
Unpacking openjdk-11-jdk:amd64 (11.0.16+8-1~deb11u1) ...
Selecting previously unselected package default-jdk.
Preparing to unpack .../6-default-jdk_2%3a1.11-72_amd64.deb ...
Unpacking default-jdk (2:1.11-72) ...
Setting up openjdk-11-jdk-headless:amd64 (11.0.16+8-1~deb11u1) ...
update-alternatives: using /usr/lib/jvm/java-11-openjdk-amd64/bin/jar to provide /usr/bin/jar (jar) in auto mode
update-alternatives: using /usr/lib/jvm/java-11-openjdk-amd64/bin/jarsigner to provide /usr/bin/jarsigner (jarsigner) in auto mode
update-alternatives: using /usr/lib/jvm/java-11-openjdk-amd64/bin/javac to provide /usr/bin/javac (javac) in auto mode
update-alternatives: using /usr/lib/jvm/java-11-openjdk-amd64/bin/javadoc to provide /usr/bin/javadoc (javadoc) in auto mode
update-alternatives: using /usr/lib/jvm/java-11-openjdk-amd64/bin/javap to provide /usr/bin/javap (javap) in auto mode
update-alternatives: using /usr/lib/jvm/java-11-openjdk-amd64/bin/jcmd to provide /usr/bin/jcmd (jcmd) in auto mode
update-alternatives: using /usr/lib/jvm/java-11-openjdk-amd64/bin/jdb to provide /usr/bin/jdb (jdb) in auto mode
update-alternatives: using /usr/lib/jvm/java-11-openjdk-amd64/bin/jdeprscan to provide /usr/bin/jdeprscan (jdeprscan) in auto mode
update-alternatives: using /usr/lib/jvm/java-11-openjdk-amd64/bin/jdeps to provide /usr/bin/jdeps (jdeps) in auto mode
update-alternatives: using /usr/lib/jvm/java-11-openjdk-amd64/bin/jfr to provide /usr/bin/jfr (jfr) in auto mode
update-alternatives: using /usr/lib/jvm/java-11-openjdk-amd64/bin/jimage to provide /usr/bin/jimage (jimage) in auto mode
update-alternatives: using /usr/lib/jvm/java-11-openjdk-amd64/bin/jinfo to provide /usr/bin/jinfo (jinfo) in auto mode
update-alternatives: using /usr/lib/jvm/java-11-openjdk-amd64/bin/jlink to provide /usr/bin/jlink (jlink) in auto mode
update-alternatives: using /usr/lib/jvm/java-11-openjdk-amd64/bin/jmap to provide /usr/bin/jmap (jmap) in auto mode
update-alternatives: using /usr/lib/jvm/java-11-openjdk-amd64/bin/jmod to provide /usr/bin/jmod (jmod) in auto mode
update-alternatives: using /usr/lib/jvm/java-11-openjdk-amd64/bin/jps to provide /usr/bin/jps (jps) in auto mode
update-alternatives: using /usr/lib/jvm/java-11-openjdk-amd64/bin/jrunscript to provide /usr/bin/jrunscript (jrunscript) in auto mode
update-alternatives: using /usr/lib/jvm/java-11-openjdk-amd64/bin/jshell to provide /usr/bin/jshell (jshell) in auto mode
update-alternatives: using /usr/lib/jvm/java-11-openjdk-amd64/bin/jstack to provide /usr/bin/jstack (jstack) in auto mode
update-alternatives: using /usr/lib/jvm/java-11-openjdk-amd64/bin/jstat to provide /usr/bin/jstat (jstat) in auto mode
update-alternatives: using /usr/lib/jvm/java-11-openjdk-amd64/bin/jstatd to provide /usr/bin/jstatd (jstatd) in auto mode
update-alternatives: using /usr/lib/jvm/java-11-openjdk-amd64/bin/rmic to provide /usr/bin/rmic (rmic) in auto mode
update-alternatives: using /usr/lib/jvm/java-11-openjdk-amd64/bin/serialver to provide /usr/bin/serialver (serialver) in auto mode
update-alternatives: using /usr/lib/jvm/java-11-openjdk-amd64/bin/jaotc to provide /usr/bin/jaotc (jaotc) in auto mode
update-alternatives: using /usr/lib/jvm/java-11-openjdk-amd64/bin/jhsdb to provide /usr/bin/jhsdb (jhsdb) in auto mode
Setting up default-jdk-headless (2:1.11-72) ...
Setting up libgif7:amd64 (5.1.9-2) ...
Setting up openjdk-11-jre:amd64 (11.0.16+8-1~deb11u1) ...
Setting up default-jre (2:1.11-72) ...
Setting up openjdk-11-jdk:amd64 (11.0.16+8-1~deb11u1) ...
update-alternatives: using /usr/lib/jvm/java-11-openjdk-amd64/bin/jconsole to provide /usr/bin/jconsole (jconsole) in auto mode
Setting up default-jdk (2:1.11-72) ...
Processing triggers for hicolor-icon-theme (0.17-2) ...
Processing triggers for libc-bin (2.31-13+deb11u4) ...
Processing triggers for mailcap (3.69) ...
'./cld/bashrc.d/bashrc-java.sh' -> '/usr/local/cld/bashrc.d/bashrc-java.sh'
CLDS: * Install default-jdk.
CLDS: * JAVA_HOME="/usr/lib/jvm/java-11-openjdk-amd64/bin/java".
CLDS: * Disk size = 2565260K. Space Used = 450688K. Runtime = 00:00:00:14.
