CLDS:>>>>>>>>> Running inst-xtra-open-terminals-on-startup.sh ...
Reading package lists...
Building dependency tree...
Reading state information...
x11-xserver-utils is already the newest version (7.7+8).
<<<<<<< HEAD
0 upgraded, 0 newly installed, 0 to remove and 16 not upgraded.
=======
0 upgraded, 0 newly installed, 0 to remove and 14 not upgraded.
>>>>>>> branch 'master' of https://github.com/limelime/cust-live-deb.git
Reading package lists...
Building dependency tree...
Reading state information...
wmctrl is already the newest version (1.07-7+b1).
<<<<<<< HEAD
0 upgraded, 0 newly installed, 0 to remove and 16 not upgraded.
=======
0 upgraded, 0 newly installed, 0 to remove and 14 not upgraded.
>>>>>>> branch 'master' of https://github.com/limelime/cust-live-deb.git
Reading package lists...
Building dependency tree...
Reading state information...
x11-utils is already the newest version (7.7+4).
<<<<<<< HEAD
0 upgraded, 0 newly installed, 0 to remove and 16 not upgraded.
=======
0 upgraded, 0 newly installed, 0 to remove and 14 not upgraded.
>>>>>>> branch 'master' of https://github.com/limelime/cust-live-deb.git
'./cld/app/jwm/bootstrap/jwmrc-startup-open-terminals.sh' -> '/usr/local/cld/app/jwm/bootstrap/jwmrc-startup-open-terminals.sh'
'./cld/app/open-terminals' -> '/usr/local/cld/app/open-terminals'
'./cld/app/open-terminals/bin' -> '/usr/local/cld/app/open-terminals/bin'
'./cld/app/open-terminals/bin/open-terminals.sh' -> '/usr/local/cld/app/open-terminals/bin/open-terminals.sh'
CLDS: * Install x11-xserver-utils for xrandr.
CLDS: * Install wmctrl.
CLDS: * Install x11-utils for xprop.
CLDS: * Make open-terminals.sh run when JWM start.
<<<<<<< HEAD
CLDS: * Disk size = 4260812K. Space Used = 24K. Runtime = 00:00:00:01.
=======
CLDS: * Disk size = 4280740K. Space Used = 24K. Runtime = 00:00:00:00.
>>>>>>> branch 'master' of https://github.com/limelime/cust-live-deb.git
