CLDS:>>>>>>>>> Running inst-std-office-libreoffice-bpo.sh ...
Hit:1 http://localhost/aptly-repo/master_stretch-main stretch InRelease
Hit:2 http://localhost/aptly-repo/master_aptly-main squeeze InRelease
Hit:3 http://localhost/aptly-repo/master_deb-multimedia-main stretch InRelease
Hit:4 http://localhost/aptly-repo/master_deb-multimedia-non-free stretch InRelease
Hit:5 http://localhost/aptly-repo/master_google-main stable InRelease
Hit:6 http://localhost/aptly-repo/master_stretch-backports-contrib stretch-backports InRelease
Hit:7 http://localhost/aptly-repo/master_stretch-backports-main stretch-backports InRelease
Hit:8 http://localhost/aptly-repo/master_stretch-backports-non-free stretch-backports InRelease
Hit:9 http://localhost/aptly-repo/master_stretch-contrib stretch InRelease
Hit:10 http://localhost/aptly-repo/master_stretch-non-free stretch InRelease
Hit:11 http://localhost/aptly-repo/master_stretch-security-contrib stretch-updates InRelease
Hit:12 http://localhost/aptly-repo/master_stretch-security-main stretch-updates InRelease
Hit:13 http://localhost/aptly-repo/master_stretch-security-non-free stretch-updates InRelease
Hit:14 http://localhost/aptly-repo/master_stretch-updates-contrib stretch-updates InRelease
Hit:15 http://localhost/aptly-repo/master_stretch-updates-main stretch-updates InRelease
Hit:16 http://localhost/aptly-repo/master_stretch-updates-non-free stretch-updates InRelease
Ign:17 http://dl.google.com/linux/chrome/deb stable InRelease
Get:18 http://dl.google.com/linux/chrome/deb stable Release [1,189 B]
Get:19 http://dl.google.com/linux/chrome/deb stable Release.gpg [916 B]
Get:20 http://dl.google.com/linux/chrome/deb stable/main amd64 Packages [1,383 B]
Fetched 3,488 B in 1s (1,853 B/s)
Reading package lists...
Reading package lists...
E: The value 'jessie-backports' is invalid for APT::Default-Release as such a release is not available in the sources
Reading package lists...
E: The value 'jessie-backports' is invalid for APT::Default-Release as such a release is not available in the sources
Reading package lists...
E: The value 'jessie-backports' is invalid for APT::Default-Release as such a release is not available in the sources
Reading package lists...
E: The value 'jessie-backports' is invalid for APT::Default-Release as such a release is not available in the sources
Reading package lists...
E: The value 'jessie-backports' is invalid for APT::Default-Release as such a release is not available in the sources
Reading package lists...
E: The value 'jessie-backports' is invalid for APT::Default-Release as such a release is not available in the sources
Reading package lists...
E: The value 'jessie-backports' is invalid for APT::Default-Release as such a release is not available in the sources
sed: can't read /usr/local/cld/app/jwm/jwmrc/jwmrc-menus.xml: No such file or directory
/root/scripts/repository/inst-std-office-libreoffice-bpo/inst-std-office-libreoffice-bpo.sh: line 29: libreoffice: command not found
CLDS: * Install .
CLDS: * Install Office Suite: Word processor.
CLDS: * Install Office Suite: Spreadsheet.
CLDS: * Install Office Suite: Presentation.
CLDS: * Install Office Suite: Drawing.
CLDS: * Install Office Suite: Database.
CLDS: * Install Office Suite: Equation.
CLDS: * https://wiki.documentfoundation.org/ReleasePlan
CLDS: * Disk size = 2874852K. Space Used = 24K.
