CLDS:>>>>>>>>> Running inst-xtra-zfs-dkms-fix-file.sh ...
Reading package lists...
Building dependency tree...
Reading state information...
The following NEW packages will be installed:
  file
<<<<<<< HEAD
0 upgraded, 1 newly installed, 0 to remove and 19 not upgraded.
=======
0 upgraded, 1 newly installed, 0 to remove and 20 not upgraded.
>>>>>>> refs/remotes/origin/bullseye
Inst file (1:5.39-3 master_bullseye-main bullseye:bullseye [amd64])
Conf file (1:5.39-3 master_bullseye-main bullseye:bullseye [amd64])
CLDS: * Install file.
<<<<<<< HEAD
CLDS: * Disk size = 5933360K. Space Used = 6260K. Runtime = 00:00:00:02.
=======
<<<<<<< HEAD
CLDS: * Disk size = 5885568K. Space Used = 6256K. Runtime = 00:00:00:01.
=======
CLDS: * Disk size = 5981196K. Space Used = 6256K. Runtime = 00:00:00:01.
>>>>>>> refs/remotes/origin/bullseye
>>>>>>> refs/remotes/origin/bullseye
