CLDS:>>>>>>>>> Running inst-std-graphic-00-pinta-fix.sh ...
Reading package lists...
Building dependency tree...
Reading state information...
The following additional packages will be installed:
  binutils libgdiplus libmono-corlib4.5-cil libmono-security4.0-cil
  libmono-system-configuration4.0-cil libmono-system-numerics4.0-cil
  libmono-system-security4.0-cil libmono-system-xml4.0-cil
  libmono-system4.0-cil mono-4.0-gac mono-gac mono-runtime mono-runtime-common
  mono-runtime-sgen
Suggested packages:
  binutils-doc libmono-i18n4.0-all libgamin0 xdg-utils | libgnome2-0
  | konqueror
Recommended packages:
  libmono-i18n-west4.0-cil ca-certificates-mono libmono-btls-interface4.0-cil
  cli-common binfmt-support
The following NEW packages will be installed:
  binutils libgdiplus libmono-corlib4.5-cil libmono-security4.0-cil
  libmono-system-configuration4.0-cil libmono-system-drawing4.0-cil
  libmono-system-numerics4.0-cil libmono-system-security4.0-cil
  libmono-system-xml4.0-cil libmono-system4.0-cil mono-4.0-gac mono-gac
  mono-runtime mono-runtime-common mono-runtime-sgen
0 upgraded, 15 newly installed, 0 to remove and 17 not upgraded.
Need to get 9,771 kB of archives.
After this operation, 43.9 MB of additional disk space will be used.
Get:1 http://localhost/aptly-repo/master_stretch-main stretch/main amd64 binutils amd64 2.28-5 [3,770 kB]
Get:2 http://localhost/aptly-repo/master_mono-main stable-stretch/main amd64 libgdiplus amd64 5.6-0xamarin5+debian9b1 [146 kB]
Get:3 http://localhost/aptly-repo/master_mono-main stable-stretch/main amd64 libmono-system-numerics4.0-cil all 5.12.0.226-0xamarin3+debian9b1 [56.1 kB]
Get:4 http://localhost/aptly-repo/master_mono-main stable-stretch/main amd64 libmono-system-xml4.0-cil all 5.12.0.226-0xamarin3+debian9b1 [811 kB]
Get:5 http://localhost/aptly-repo/master_mono-main stable-stretch/main amd64 libmono-system-security4.0-cil all 5.12.0.226-0xamarin3+debian9b1 [75.6 kB]
Get:6 http://localhost/aptly-repo/master_mono-main stable-stretch/main amd64 libmono-system-configuration4.0-cil all 5.12.0.226-0xamarin3+debian9b1 [60.7 kB]
Get:7 http://localhost/aptly-repo/master_mono-main stable-stretch/main amd64 libmono-system4.0-cil all 5.12.0.226-0xamarin3+debian9b1 [814 kB]
Get:8 http://localhost/aptly-repo/master_mono-main stable-stretch/main amd64 libmono-security4.0-cil all 5.12.0.226-0xamarin3+debian9b1 [123 kB]
Get:9 http://localhost/aptly-repo/master_mono-main stable-stretch/main amd64 mono-4.0-gac all 5.12.0.226-0xamarin3+debian9b1 [161 kB]
Get:10 http://localhost/aptly-repo/master_mono-main stable-stretch/main amd64 mono-gac all 5.12.0.226-0xamarin3+debian9b1 [25.3 kB]
Get:11 http://localhost/aptly-repo/master_mono-main stable-stretch/main amd64 mono-runtime-common amd64 5.12.0.226-0xamarin3+debian9b1 [906 kB]
Get:12 http://localhost/aptly-repo/master_mono-main stable-stretch/main amd64 mono-runtime-sgen amd64 5.12.0.226-0xamarin3+debian9b1 [1,545 kB]
Get:13 http://localhost/aptly-repo/master_mono-main stable-stretch/main amd64 mono-runtime amd64 5.12.0.226-0xamarin3+debian9b1 [21.3 kB]
Get:14 http://localhost/aptly-repo/master_mono-main stable-stretch/main amd64 libmono-corlib4.5-cil all 5.12.0.226-0xamarin3+debian9b1 [1,102 kB]
Get:15 http://localhost/aptly-repo/master_mono-main stable-stretch/main amd64 libmono-system-drawing4.0-cil all 5.12.0.226-0xamarin3+debian9b1 [155 kB]
Fetched 9,771 kB in 0s (33.1 MB/s)
Download complete and in download only mode
Reading package lists...
Building dependency tree...
Reading state information...
The following additional packages will be installed:
  binutils libmono-corlib4.5-cil libmono-security4.0-cil
  libmono-system-configuration4.0-cil libmono-system-numerics4.0-cil
  libmono-system-security4.0-cil libmono-system-xml4.0-cil
  libmono-system4.0-cil mono-4.0-gac mono-gac mono-runtime mono-runtime-common
  mono-runtime-sgen
Suggested packages:
  binutils-doc libmono-i18n4.0-all libgamin0 xdg-utils | libgnome2-0
  | konqueror
Recommended packages:
  libmono-i18n-west4.0-cil ca-certificates-mono libmono-btls-interface4.0-cil
  cli-common binfmt-support
The following NEW packages will be installed:
  binutils libmono-cairo4.0-cil libmono-corlib4.5-cil libmono-security4.0-cil
  libmono-system-configuration4.0-cil libmono-system-numerics4.0-cil
  libmono-system-security4.0-cil libmono-system-xml4.0-cil
  libmono-system4.0-cil mono-4.0-gac mono-gac mono-runtime mono-runtime-common
  mono-runtime-sgen
0 upgraded, 14 newly installed, 0 to remove and 17 not upgraded.
Need to get 37.8 kB/9,508 kB of archives.
After this operation, 43.1 MB of additional disk space will be used.
Get:1 http://localhost/aptly-repo/master_mono-main stable-stretch/main amd64 libmono-cairo4.0-cil all 5.12.0.226-0xamarin3+debian9b1 [37.8 kB]
Fetched 37.8 kB in 0s (262 kB/s)
Download complete and in download only mode
Reading package lists...
Building dependency tree...
Reading state information...
The following additional packages will be installed:
  binutils libmono-corlib4.5-cil libmono-security4.0-cil
  libmono-system-configuration4.0-cil libmono-system-numerics4.0-cil
  libmono-system-security4.0-cil libmono-system-xml4.0-cil
  libmono-system4.0-cil mono-4.0-gac mono-gac mono-runtime mono-runtime-common
  mono-runtime-sgen
Suggested packages:
  binutils-doc libmono-i18n4.0-all libgamin0 xdg-utils | libgnome2-0
  | konqueror
Recommended packages:
  libmono-i18n-west4.0-cil ca-certificates-mono libmono-btls-interface4.0-cil
  cli-common binfmt-support
The following NEW packages will be installed:
  binutils libmono-corlib4.5-cil libmono-security4.0-cil
  libmono-sharpzip4.84-cil libmono-system-configuration4.0-cil
  libmono-system-numerics4.0-cil libmono-system-security4.0-cil
  libmono-system-xml4.0-cil libmono-system4.0-cil mono-4.0-gac mono-gac
  mono-runtime mono-runtime-common mono-runtime-sgen
0 upgraded, 14 newly installed, 0 to remove and 17 not upgraded.
Need to get 66.8 kB/9,537 kB of archives.
After this operation, 43.1 MB of additional disk space will be used.
Get:1 http://localhost/aptly-repo/master_mono-main stable-stretch/main amd64 libmono-sharpzip4.84-cil all 5.12.0.226-0xamarin3+debian9b1 [66.8 kB]
Fetched 66.8 kB in 0s (0 B/s)
Download complete and in download only mode
CLDS: * Pinta crashes with mono v4.6.2.7+dfsg-1. Hence, install higher version(5+).
CLDS: * Disk size = 2083132K. Space Used = 9696K. Runtime = 00:00:00:02.
