CLDS:>>>>>>>>> Running inst-xtra-wine64.sh ...
Reading package lists...
Building dependency tree...
Reading state information...
The following additional packages will be installed:
  libgphoto2-port12
Suggested packages:
  gphoto2
Recommended packages:
  libgphoto2-l10n
The following NEW packages will be installed:
  libgphoto2-6 libgphoto2-port12
0 upgraded, 2 newly installed, 0 to remove and 18 not upgraded.
Inst libgphoto2-port12 (2.5.12-1 master_stretch-main stretch:stretch [amd64])
Inst libgphoto2-6 (2.5.12-1 master_stretch-main stretch:stretch [amd64])
Conf libgphoto2-port12 (2.5.12-1 master_stretch-main stretch:stretch [amd64])
Conf libgphoto2-6 (2.5.12-1 master_stretch-main stretch:stretch [amd64])
Reading package lists...
Building dependency tree...
Reading state information...
The following additional packages will be installed:
  libgphoto2-6 libgphoto2-port12 libpcap0.8 libwine ocl-icd-libopencl1
Suggested packages:
  gphoto2 cups-bsd ttf-mscorefonts-installer opencl-icd q4wine winbind
  winetricks playonlinux wine-binfmt dosbox exe-thumbnailer | kio-extras
  wine64-preloader
Recommended packages:
  libgphoto2-l10n libcapi20-3 libodbc1 libosmesa6 libasound2-plugins wine32
The following NEW packages will be installed:
  fonts-wine libgphoto2-6 libgphoto2-port12 libpcap0.8 libwine
  ocl-icd-libopencl1 wine wine64
0 upgraded, 8 newly installed, 0 to remove and 18 not upgraded.
Need to get 25.3 MB of archives.
After this operation, 229 MB of additional disk space will be used.
E: You don't have enough free space in /var/cache/apt/archives/.
CLDS: * Disk size = 6778232K. Space Used = 4K. Runtime = 00:00:00:01.
