CLDS:>>>>>>>>> Running inst-min-win-01-xorg-drivers.sh ...
Reading package lists...
Building dependency tree...
Reading state information...
xserver-xorg-video-all is already the newest version (1:7.7+19).
xserver-xorg-video-all set to manually installed.
0 upgraded, 0 newly installed, 0 to remove and 22 not upgraded.
Reading package lists...
Building dependency tree...
Reading state information...
xserver-xorg-video-amdgpu is already the newest version (1.2.0-1+b1).
xserver-xorg-video-amdgpu set to manually installed.
0 upgraded, 0 newly installed, 0 to remove and 22 not upgraded.
Reading package lists...
Building dependency tree...
Reading state information...
xserver-xorg-video-ati is already the newest version (1:7.8.0-1+b1).
xserver-xorg-video-ati set to manually installed.
0 upgraded, 0 newly installed, 0 to remove and 22 not upgraded.
Reading package lists...
Building dependency tree...
Reading state information...
xserver-xorg-video-fbdev is already the newest version (1:0.4.4-1+b5).
xserver-xorg-video-fbdev set to manually installed.
0 upgraded, 0 newly installed, 0 to remove and 22 not upgraded.
Reading package lists...
Building dependency tree...
Reading state information...
xserver-xorg-video-nouveau is already the newest version (1:1.0.13-3).
xserver-xorg-video-nouveau set to manually installed.
0 upgraded, 0 newly installed, 0 to remove and 22 not upgraded.
Reading package lists...
Building dependency tree...
Reading state information...
xserver-xorg-video-radeon is already the newest version (1:7.8.0-1+b1).
xserver-xorg-video-radeon set to manually installed.
0 upgraded, 0 newly installed, 0 to remove and 22 not upgraded.
Reading package lists...
Building dependency tree...
Reading state information...
xserver-xorg-video-vesa is already the newest version (1:2.3.4-1+b2).
xserver-xorg-video-vesa set to manually installed.
0 upgraded, 0 newly installed, 0 to remove and 22 not upgraded.
Reading package lists...
Building dependency tree...
Reading state information...
xserver-xorg-video-vmware is already the newest version (1:13.2.1-1+b1).
xserver-xorg-video-vmware set to manually installed.
0 upgraded, 0 newly installed, 0 to remove and 22 not upgraded.
CLDS: * Install common xorg drivers.
CLDS: * Install xorg-video-intel to fix: cat /var/log/Xorg.0.log
CLDS: * 		Failed to initialize glamor at ScreenInit() time.
CLDS: * 		Boot from virtualbox is working fine but boot from HP, X server not loaded.
CLDS: * Disk size = 2810176K. Space Used = 8K. Runtime = 00:00:00:01.
