CLDS:>>>>>>>>> Running inst-std-graphic-xtra-cheese.sh ...
Reading package lists...
Building dependency tree...
Reading state information...
The following additional packages will be installed:
  bubblewrap cheese-common gnome-desktop3-data gnome-video-effects
  gstreamer1.0-clutter-3.0 gstreamer1.0-plugins-bad gstreamer1.0-plugins-base
  gstreamer1.0-plugins-good gstreamer1.0-x iso-codes libass9 libavc1394-0
  libbs2b0 libcaca0 libcdparanoia0 libcheese-gtk25 libcheese8 libclutter-1.0-0
  libclutter-gst-3.0-0 libclutter-gtk-1.0-0 libcogl-pango20 libcogl-path20
  libcogl20 libdc1394-25 libdca0 libdv4 libdvdnav4 libdvdread8 libdw1 libfaad2
  libfftw3-double3 libflite1 libfluidsynth2 libgnome-desktop-3-19
  libgssdp-1.2-0 libgstreamer-gl1.0-0 libgstreamer-plugins-bad1.0-0
  libgstreamer-plugins-base1.0-0 libgstreamer1.0-0 libgupnp-1.2-0
  libgupnp-igd-1.0-4 libiec61883-0 libinstpatch-1.0-2 libjack-jackd2-0
  libkate1 liblilv-0-0 libltc11 libmjpegutils-2.1-0 libmms0 libmodplug1
  libmpcdec6 libmpeg2encpp-2.1-0 libmplex2-2.1-0 libnice10 libofa0
  libopenal-data libopenal1 libopenni2-0 liborc-0.4-0 libraw1394-11 libsbc1
  libserd-0-0 libshout3 libsndio7.0 libsord-0-0 libsoundtouch1 libspandsp2
  libsratom-0-0 libsrtp2-1 libtag1v5 libtag1v5-vanilla libv4l-0 libv4lconvert0
  libvisual-0.4-0 libvo-aacenc0 libvo-amrwbenc0 libwebrtc-audio-processing1
  libwildmidi2 libxkbregistry0 libzbar0 timgm6mb-soundfont
Suggested packages:
  gnome-video-effects-frei0r frei0r-plugins gvfs isoquery libgles2 libdv-bin
  oss-compat libdvdcss2 libfftw3-bin libfftw3-dev libvisual-0.4-plugins
  gstreamer1.0-tools jackd2 libportaudio2 libraw1394-doc serdi sndiod sordi
  libwildmidi-config fluid-soundfont-gm
Recommended packages:
  gvfs yelp libclutter-1.0-common libcogl-common gstreamer1.0-gl
The following NEW packages will be installed:
  bubblewrap cheese cheese-common gnome-desktop3-data gnome-video-effects
  gstreamer1.0-clutter-3.0 gstreamer1.0-plugins-bad gstreamer1.0-plugins-base
  gstreamer1.0-plugins-good gstreamer1.0-x iso-codes libass9 libavc1394-0
  libbs2b0 libcaca0 libcdparanoia0 libcheese-gtk25 libcheese8 libclutter-1.0-0
  libclutter-gst-3.0-0 libclutter-gtk-1.0-0 libcogl-pango20 libcogl-path20
  libcogl20 libdc1394-25 libdca0 libdv4 libdvdnav4 libdvdread8 libdw1 libfaad2
  libfftw3-double3 libflite1 libfluidsynth2 libgnome-desktop-3-19
  libgssdp-1.2-0 libgstreamer-gl1.0-0 libgstreamer-plugins-bad1.0-0
  libgstreamer-plugins-base1.0-0 libgstreamer1.0-0 libgupnp-1.2-0
  libgupnp-igd-1.0-4 libiec61883-0 libinstpatch-1.0-2 libjack-jackd2-0
  libkate1 liblilv-0-0 libltc11 libmjpegutils-2.1-0 libmms0 libmodplug1
  libmpcdec6 libmpeg2encpp-2.1-0 libmplex2-2.1-0 libnice10 libofa0
  libopenal-data libopenal1 libopenni2-0 liborc-0.4-0 libraw1394-11 libsbc1
  libserd-0-0 libshout3 libsndio7.0 libsord-0-0 libsoundtouch1 libspandsp2
  libsratom-0-0 libsrtp2-1 libtag1v5 libtag1v5-vanilla libv4l-0 libv4lconvert0
  libvisual-0.4-0 libvo-aacenc0 libvo-amrwbenc0 libwebrtc-audio-processing1
  libwildmidi2 libxkbregistry0 libzbar0 timgm6mb-soundfont
0 upgraded, 82 newly installed, 0 to remove and 0 not upgraded.
Need to get 49.5 MB of archives.
After this operation, 125 MB of additional disk space will be used.
Get:1 http://localhost/aptly-repo/master_bullseye-main bullseye/main amd64 bubblewrap amd64 0.4.1-3 [43.0 kB]
Get:2 http://localhost/aptly-repo/master_bullseye-main bullseye/main amd64 libcogl20 amd64 1.22.8-2 [300 kB]
Get:3 http://localhost/aptly-repo/master_bullseye-main bullseye/main amd64 libcogl-pango20 amd64 1.22.8-2 [23.8 kB]
Get:4 http://localhost/aptly-repo/master_bullseye-main bullseye/main amd64 libcogl-path20 amd64 1.22.8-2 [40.0 kB]
Get:5 http://localhost/aptly-repo/master_bullseye-main bullseye/main amd64 libclutter-1.0-0 amd64 1.26.4+dfsg-2 [578 kB]
Get:6 http://localhost/aptly-repo/master_bullseye-main bullseye/main amd64 libdw1 amd64 0.183-1 [234 kB]
Get:7 http://localhost/aptly-repo/master_bullseye-main bullseye/main amd64 libgstreamer1.0-0 amd64 1.18.4-2.1 [2,230 kB]
Get:8 http://localhost/aptly-repo/master_bullseye-main bullseye/main amd64 liborc-0.4-0 amd64 1:0.4.32-1 [192 kB]
Get:9 http://localhost/aptly-repo/master_bullseye-main bullseye/main amd64 iso-codes all 4.6.0-1 [2,824 kB]
Get:10 http://localhost/aptly-repo/master_bullseye-main bullseye/main amd64 libgstreamer-plugins-base1.0-0 amd64 1.18.4-2 [2,154 kB]
Get:11 http://localhost/aptly-repo/master_bullseye-main bullseye/main amd64 libclutter-gst-3.0-0 amd64 3.0.27-2 [61.4 kB]
Get:12 http://localhost/aptly-repo/master_bullseye-main bullseye/main amd64 libass9 amd64 1:0.15.0-2 [100.0 kB]
Get:13 http://localhost/aptly-repo/master_bullseye-main bullseye/main amd64 libbs2b0 amd64 3.1.0+dfsg-2.2+b1 [12.2 kB]
Get:14 http://localhost/aptly-repo/master_bullseye-main bullseye/main amd64 libraw1394-11 amd64 2.1.2-2 [41.1 kB]
Get:15 http://localhost/aptly-repo/master_bullseye-main bullseye/main amd64 libdc1394-25 amd64 2.2.6-3 [108 kB]
Get:16 http://localhost/aptly-repo/master_bullseye-main bullseye/main amd64 libdca0 amd64 0.0.7-2 [89.8 kB]
Get:17 http://localhost/aptly-repo/master_bullseye-main bullseye/main amd64 libdvdread8 amd64 6.1.1-2 [89.3 kB]
Get:18 http://localhost/aptly-repo/master_bullseye-main bullseye/main amd64 libdvdnav4 amd64 6.1.0-1+b1 [46.9 kB]
Get:19 http://localhost/aptly-repo/master_bullseye-main bullseye/main amd64 libfaad2 amd64 2.10.0-1 [164 kB]
Get:20 http://localhost/aptly-repo/master_bullseye-main bullseye/main amd64 libflite1 amd64 2.2-2 [12.8 MB]
Get:21 http://localhost/aptly-repo/master_bullseye-main bullseye/main amd64 libinstpatch-1.0-2 amd64 1.1.6-1 [259 kB]
Get:22 http://localhost/aptly-repo/master_bullseye-main bullseye/main amd64 libjack-jackd2-0 amd64 1.9.17~dfsg-1 [289 kB]
Get:23 http://localhost/aptly-repo/master_bullseye-main bullseye/main amd64 timgm6mb-soundfont all 1.3-5 [5,427 kB]
Get:24 http://localhost/aptly-repo/master_bullseye-main bullseye/main amd64 libfluidsynth2 amd64 2.1.7-1.1 [227 kB]
Get:25 http://localhost/aptly-repo/master_bullseye-main bullseye/main amd64 libgstreamer-gl1.0-0 amd64 1.18.4-2 [1,519 kB]
Get:26 http://localhost/aptly-repo/master_bullseye-main bullseye/main amd64 libgstreamer-plugins-bad1.0-0 amd64 1.18.4-3 [2,292 kB]
Get:27 http://localhost/aptly-repo/master_bullseye-main bullseye/main amd64 libkate1 amd64 0.4.1-11 [44.3 kB]
Get:28 http://localhost/aptly-repo/master_bullseye-main bullseye/main amd64 libserd-0-0 amd64 0.30.10-2 [46.0 kB]
Get:29 http://localhost/aptly-repo/master_bullseye-main bullseye/main amd64 libsord-0-0 amd64 0.16.8-2 [24.2 kB]
Get:30 http://localhost/aptly-repo/master_bullseye-main bullseye/main amd64 libsratom-0-0 amd64 0.6.8-1 [17.9 kB]
Get:31 http://localhost/aptly-repo/master_bullseye-main bullseye/main amd64 liblilv-0-0 amd64 0.24.12-2 [49.2 kB]
Get:32 http://localhost/aptly-repo/master_bullseye-main bullseye/main amd64 libltc11 amd64 1.3.1-1 [14.0 kB]
Get:33 http://localhost/aptly-repo/master_bullseye-main bullseye/main amd64 libmjpegutils-2.1-0 amd64 1:2.1.0+debian-6 [27.8 kB]
Get:34 http://localhost/aptly-repo/master_bullseye-main bullseye/main amd64 libmms0 amd64 0.6.4-3 [34.6 kB]
Get:35 http://localhost/aptly-repo/master_bullseye-main bullseye/main amd64 libmodplug1 amd64 1:0.8.9.0-3 [164 kB]
Get:36 http://localhost/aptly-repo/master_bullseye-main bullseye/main amd64 libmpcdec6 amd64 2:0.1~r495-2 [32.9 kB]
Get:37 http://localhost/aptly-repo/master_bullseye-main bullseye/main amd64 libmpeg2encpp-2.1-0 amd64 1:2.1.0+debian-6 [75.9 kB]
Get:38 http://localhost/aptly-repo/master_bullseye-main bullseye/main amd64 libmplex2-2.1-0 amd64 1:2.1.0+debian-6 [50.6 kB]
Get:39 http://localhost/aptly-repo/master_bullseye-main bullseye/main amd64 libgssdp-1.2-0 amd64 1.2.3-2 [40.2 kB]
Get:40 http://localhost/aptly-repo/master_bullseye-main bullseye/main amd64 libgupnp-1.2-0 amd64 1.2.4-1 [86.6 kB]
Get:41 http://localhost/aptly-repo/master_bullseye-main bullseye/main amd64 libgupnp-igd-1.0-4 amd64 1.2.0-1 [16.5 kB]
Get:42 http://localhost/aptly-repo/master_bullseye-main bullseye/main amd64 libnice10 amd64 0.1.16-1 [141 kB]
Get:43 http://localhost/aptly-repo/master_bullseye-main bullseye/main amd64 libfftw3-double3 amd64 3.3.8-2 [733 kB]
Get:44 http://localhost/aptly-repo/master_bullseye-main bullseye/main amd64 libofa0 amd64 0.9.3-21 [51.9 kB]
Get:45 http://localhost/aptly-repo/master_bullseye-main bullseye/main amd64 libopenal-data all 1:1.19.1-2 [170 kB]
Get:46 http://localhost/aptly-repo/master_bullseye-main bullseye/main amd64 libsndio7.0 amd64 1.5.0-3 [24.7 kB]
Get:47 http://localhost/aptly-repo/master_bullseye-main bullseye/main amd64 libopenal1 amd64 1:1.19.1-2 [501 kB]
Get:48 http://localhost/aptly-repo/master_bullseye-main bullseye/main amd64 libopenni2-0 amd64 2.2.0.33+dfsg-15 [390 kB]
Get:49 http://localhost/aptly-repo/master_bullseye-main bullseye/main amd64 libsbc1 amd64 1.5-3 [30.8 kB]
Get:50 http://localhost/aptly-repo/master_bullseye-main bullseye/main amd64 libsoundtouch1 amd64 2.2+ds1-2 [39.4 kB]
Get:51 http://localhost/aptly-repo/master_bullseye-main bullseye/main amd64 libspandsp2 amd64 0.0.6+dfsg-2 [279 kB]
Get:52 http://localhost/aptly-repo/master_bullseye-main bullseye/main amd64 libsrtp2-1 amd64 2.3.0-5 [60.2 kB]
Get:53 http://localhost/aptly-repo/master_bullseye-main bullseye/main amd64 libvo-aacenc0 amd64 0.1.3-2 [69.2 kB]
Get:54 http://localhost/aptly-repo/master_bullseye-main bullseye/main amd64 libvo-amrwbenc0 amd64 0.1.3-2 [68.4 kB]
Get:55 http://localhost/aptly-repo/master_bullseye-main bullseye/main amd64 libwebrtc-audio-processing1 amd64 0.3-1+b1 [264 kB]
Get:56 http://localhost/aptly-repo/master_bullseye-main bullseye/main amd64 libwildmidi2 amd64 0.4.3-1 [65.3 kB]
Get:57 http://localhost/aptly-repo/master_bullseye-main bullseye/main amd64 libv4lconvert0 amd64 1.20.0-2 [138 kB]
Get:58 http://localhost/aptly-repo/master_bullseye-main bullseye/main amd64 libv4l-0 amd64 1.20.0-2 [105 kB]
Get:59 http://localhost/aptly-repo/master_bullseye-main bullseye/main amd64 libzbar0 amd64 0.23.90-1 [133 kB]
Get:60 http://localhost/aptly-repo/master_bullseye-main bullseye/main amd64 libcdparanoia0 amd64 3.10.2+debian-13.1 [48.6 kB]
Get:61 http://localhost/aptly-repo/master_bullseye-main bullseye/main amd64 libvisual-0.4-0 amd64 0.4.0-17 [134 kB]
Get:62 http://localhost/aptly-repo/master_bullseye-main bullseye/main amd64 gstreamer1.0-plugins-base amd64 1.18.4-2 [1,984 kB]
Get:63 http://localhost/aptly-repo/master_bullseye-main bullseye/main amd64 gstreamer1.0-plugins-bad amd64 1.18.4-3 [4,172 kB]
Get:64 http://localhost/aptly-repo/master_bullseye-main bullseye/main amd64 cheese-common all 3.38.0-3 [717 kB]
Get:65 http://localhost/aptly-repo/master_bullseye-main bullseye/main amd64 libavc1394-0 amd64 0.5.4-5 [19.9 kB]
Get:66 http://localhost/aptly-repo/master_bullseye-main bullseye/main amd64 libcaca0 amd64 0.99.beta19-2.2 [348 kB]
Get:67 http://localhost/aptly-repo/master_bullseye-main bullseye/main amd64 libdv4 amd64 1.0.0-13 [74.8 kB]
Get:68 http://localhost/aptly-repo/master_bullseye-main bullseye/main amd64 libiec61883-0 amd64 1.2.0-4 [31.4 kB]
Get:69 http://localhost/aptly-repo/master_bullseye-main bullseye/main amd64 libshout3 amd64 2.4.5-1+b1 [56.7 kB]
Get:70 http://localhost/aptly-repo/master_bullseye-main bullseye/main amd64 libtag1v5-vanilla amd64 1.11.1+dfsg.1-3 [292 kB]
Get:71 http://localhost/aptly-repo/master_bullseye-main bullseye/main amd64 libtag1v5 amd64 1.11.1+dfsg.1-3 [24.5 kB]
Get:72 http://localhost/aptly-repo/master_bullseye-main bullseye/main amd64 gstreamer1.0-plugins-good amd64 1.18.4-2+deb11u1 [3,170 kB]
Get:73 http://localhost/aptly-repo/master_bullseye-main bullseye/main amd64 gstreamer1.0-x amd64 1.18.4-2 [1,423 kB]
Get:74 http://localhost/aptly-repo/master_bullseye-main bullseye/main amd64 libcheese8 amd64 3.38.0-3 [41.7 kB]
Get:75 http://localhost/aptly-repo/master_bullseye-main bullseye/main amd64 libclutter-gtk-1.0-0 amd64 1.8.4-4 [28.4 kB]
Get:76 http://localhost/aptly-repo/master_bullseye-main bullseye/main amd64 gstreamer1.0-clutter-3.0 amd64 3.0.27-2 [10.3 kB]
Get:77 http://localhost/aptly-repo/master_bullseye-main bullseye/main amd64 libcheese-gtk25 amd64 3.38.0-3 [36.4 kB]
Get:78 http://localhost/aptly-repo/master_bullseye-main bullseye/main amd64 gnome-desktop3-data all 3.38.5-3 [419 kB]
Get:79 http://localhost/aptly-repo/master_bullseye-main bullseye/main amd64 libxkbregistry0 amd64 1.0.3-2 [16.2 kB]
Get:80 http://localhost/aptly-repo/master_bullseye-main bullseye/main amd64 libgnome-desktop-3-19 amd64 3.38.5-3 [138 kB]
Get:81 http://localhost/aptly-repo/master_bullseye-main bullseye/main amd64 gnome-video-effects all 0.5.0-1 [51.0 kB]
Get:82 http://localhost/aptly-repo/master_bullseye-main bullseye/main amd64 cheese amd64 3.38.0-3 [151 kB]
dpkg-preconfigure: unable to re-open stdin: No such file or directory
Fetched 49.5 MB in 0s (105 MB/s)
E: Can not write log (Is /dev/pts mounted?) - posix_openpt (2: No such file or directory)
Selecting previously unselected package bubblewrap.
(Reading database ... 50479 files and directories currently installed.)
Preparing to unpack .../00-bubblewrap_0.4.1-3_amd64.deb ...
Unpacking bubblewrap (0.4.1-3) ...
Selecting previously unselected package libcogl20:amd64.
Preparing to unpack .../01-libcogl20_1.22.8-2_amd64.deb ...
Unpacking libcogl20:amd64 (1.22.8-2) ...
Selecting previously unselected package libcogl-pango20:amd64.
Preparing to unpack .../02-libcogl-pango20_1.22.8-2_amd64.deb ...
Unpacking libcogl-pango20:amd64 (1.22.8-2) ...
Selecting previously unselected package libcogl-path20:amd64.
Preparing to unpack .../03-libcogl-path20_1.22.8-2_amd64.deb ...
Unpacking libcogl-path20:amd64 (1.22.8-2) ...
Selecting previously unselected package libclutter-1.0-0:amd64.
Preparing to unpack .../04-libclutter-1.0-0_1.26.4+dfsg-2_amd64.deb ...
Unpacking libclutter-1.0-0:amd64 (1.26.4+dfsg-2) ...
Selecting previously unselected package libdw1:amd64.
Preparing to unpack .../05-libdw1_0.183-1_amd64.deb ...
Unpacking libdw1:amd64 (0.183-1) ...
Selecting previously unselected package libgstreamer1.0-0:amd64.
Preparing to unpack .../06-libgstreamer1.0-0_1.18.4-2.1_amd64.deb ...
Unpacking libgstreamer1.0-0:amd64 (1.18.4-2.1) ...
Selecting previously unselected package liborc-0.4-0:amd64.
Preparing to unpack .../07-liborc-0.4-0_1%3a0.4.32-1_amd64.deb ...
Unpacking liborc-0.4-0:amd64 (1:0.4.32-1) ...
Selecting previously unselected package iso-codes.
Preparing to unpack .../08-iso-codes_4.6.0-1_all.deb ...
Unpacking iso-codes (4.6.0-1) ...
Selecting previously unselected package libgstreamer-plugins-base1.0-0:amd64.
Preparing to unpack .../09-libgstreamer-plugins-base1.0-0_1.18.4-2_amd64.deb ...
Unpacking libgstreamer-plugins-base1.0-0:amd64 (1.18.4-2) ...
Selecting previously unselected package libclutter-gst-3.0-0:amd64.
Preparing to unpack .../10-libclutter-gst-3.0-0_3.0.27-2_amd64.deb ...
Unpacking libclutter-gst-3.0-0:amd64 (3.0.27-2) ...
Selecting previously unselected package libass9:amd64.
Preparing to unpack .../11-libass9_1%3a0.15.0-2_amd64.deb ...
Unpacking libass9:amd64 (1:0.15.0-2) ...
Selecting previously unselected package libbs2b0:amd64.
Preparing to unpack .../12-libbs2b0_3.1.0+dfsg-2.2+b1_amd64.deb ...
Unpacking libbs2b0:amd64 (3.1.0+dfsg-2.2+b1) ...
Selecting previously unselected package libraw1394-11:amd64.
Preparing to unpack .../13-libraw1394-11_2.1.2-2_amd64.deb ...
Unpacking libraw1394-11:amd64 (2.1.2-2) ...
Selecting previously unselected package libdc1394-25:amd64.
Preparing to unpack .../14-libdc1394-25_2.2.6-3_amd64.deb ...
Unpacking libdc1394-25:amd64 (2.2.6-3) ...
Selecting previously unselected package libdca0:amd64.
Preparing to unpack .../15-libdca0_0.0.7-2_amd64.deb ...
Unpacking libdca0:amd64 (0.0.7-2) ...
Selecting previously unselected package libdvdread8:amd64.
Preparing to unpack .../16-libdvdread8_6.1.1-2_amd64.deb ...
Unpacking libdvdread8:amd64 (6.1.1-2) ...
Selecting previously unselected package libdvdnav4:amd64.
Preparing to unpack .../17-libdvdnav4_6.1.0-1+b1_amd64.deb ...
Unpacking libdvdnav4:amd64 (6.1.0-1+b1) ...
Selecting previously unselected package libfaad2:amd64.
Preparing to unpack .../18-libfaad2_2.10.0-1_amd64.deb ...
Unpacking libfaad2:amd64 (2.10.0-1) ...
Selecting previously unselected package libflite1:amd64.
Preparing to unpack .../19-libflite1_2.2-2_amd64.deb ...
Unpacking libflite1:amd64 (2.2-2) ...
Selecting previously unselected package libinstpatch-1.0-2:amd64.
Preparing to unpack .../20-libinstpatch-1.0-2_1.1.6-1_amd64.deb ...
Unpacking libinstpatch-1.0-2:amd64 (1.1.6-1) ...
Selecting previously unselected package libjack-jackd2-0:amd64.
Preparing to unpack .../21-libjack-jackd2-0_1.9.17~dfsg-1_amd64.deb ...
Unpacking libjack-jackd2-0:amd64 (1.9.17~dfsg-1) ...
Selecting previously unselected package timgm6mb-soundfont.
Preparing to unpack .../22-timgm6mb-soundfont_1.3-5_all.deb ...
Unpacking timgm6mb-soundfont (1.3-5) ...
Selecting previously unselected package libfluidsynth2:amd64.
Preparing to unpack .../23-libfluidsynth2_2.1.7-1.1_amd64.deb ...
Unpacking libfluidsynth2:amd64 (2.1.7-1.1) ...
Selecting previously unselected package libgstreamer-gl1.0-0:amd64.
Preparing to unpack .../24-libgstreamer-gl1.0-0_1.18.4-2_amd64.deb ...
Unpacking libgstreamer-gl1.0-0:amd64 (1.18.4-2) ...
Selecting previously unselected package libgstreamer-plugins-bad1.0-0:amd64.
Preparing to unpack .../25-libgstreamer-plugins-bad1.0-0_1.18.4-3_amd64.deb ...
Unpacking libgstreamer-plugins-bad1.0-0:amd64 (1.18.4-3) ...
Selecting previously unselected package libkate1:amd64.
Preparing to unpack .../26-libkate1_0.4.1-11_amd64.deb ...
Unpacking libkate1:amd64 (0.4.1-11) ...
Selecting previously unselected package libserd-0-0:amd64.
Preparing to unpack .../27-libserd-0-0_0.30.10-2_amd64.deb ...
Unpacking libserd-0-0:amd64 (0.30.10-2) ...
Selecting previously unselected package libsord-0-0:amd64.
Preparing to unpack .../28-libsord-0-0_0.16.8-2_amd64.deb ...
Unpacking libsord-0-0:amd64 (0.16.8-2) ...
Selecting previously unselected package libsratom-0-0:amd64.
Preparing to unpack .../29-libsratom-0-0_0.6.8-1_amd64.deb ...
Unpacking libsratom-0-0:amd64 (0.6.8-1) ...
Selecting previously unselected package liblilv-0-0:amd64.
Preparing to unpack .../30-liblilv-0-0_0.24.12-2_amd64.deb ...
Unpacking liblilv-0-0:amd64 (0.24.12-2) ...
Selecting previously unselected package libltc11:amd64.
Preparing to unpack .../31-libltc11_1.3.1-1_amd64.deb ...
Unpacking libltc11:amd64 (1.3.1-1) ...
Selecting previously unselected package libmjpegutils-2.1-0:amd64.
Preparing to unpack .../32-libmjpegutils-2.1-0_1%3a2.1.0+debian-6_amd64.deb ...
Unpacking libmjpegutils-2.1-0:amd64 (1:2.1.0+debian-6) ...
Selecting previously unselected package libmms0:amd64.
Preparing to unpack .../33-libmms0_0.6.4-3_amd64.deb ...
Unpacking libmms0:amd64 (0.6.4-3) ...
Selecting previously unselected package libmodplug1:amd64.
Preparing to unpack .../34-libmodplug1_1%3a0.8.9.0-3_amd64.deb ...
Unpacking libmodplug1:amd64 (1:0.8.9.0-3) ...
Selecting previously unselected package libmpcdec6:amd64.
Preparing to unpack .../35-libmpcdec6_2%3a0.1~r495-2_amd64.deb ...
Unpacking libmpcdec6:amd64 (2:0.1~r495-2) ...
Selecting previously unselected package libmpeg2encpp-2.1-0:amd64.
Preparing to unpack .../36-libmpeg2encpp-2.1-0_1%3a2.1.0+debian-6_amd64.deb ...
Unpacking libmpeg2encpp-2.1-0:amd64 (1:2.1.0+debian-6) ...
Selecting previously unselected package libmplex2-2.1-0:amd64.
Preparing to unpack .../37-libmplex2-2.1-0_1%3a2.1.0+debian-6_amd64.deb ...
Unpacking libmplex2-2.1-0:amd64 (1:2.1.0+debian-6) ...
Selecting previously unselected package libgssdp-1.2-0:amd64.
Preparing to unpack .../38-libgssdp-1.2-0_1.2.3-2_amd64.deb ...
Unpacking libgssdp-1.2-0:amd64 (1.2.3-2) ...
Selecting previously unselected package libgupnp-1.2-0:amd64.
Preparing to unpack .../39-libgupnp-1.2-0_1.2.4-1_amd64.deb ...
Unpacking libgupnp-1.2-0:amd64 (1.2.4-1) ...
Selecting previously unselected package libgupnp-igd-1.0-4:amd64.
Preparing to unpack .../40-libgupnp-igd-1.0-4_1.2.0-1_amd64.deb ...
Unpacking libgupnp-igd-1.0-4:amd64 (1.2.0-1) ...
Selecting previously unselected package libnice10:amd64.
Preparing to unpack .../41-libnice10_0.1.16-1_amd64.deb ...
Unpacking libnice10:amd64 (0.1.16-1) ...
Selecting previously unselected package libfftw3-double3:amd64.
Preparing to unpack .../42-libfftw3-double3_3.3.8-2_amd64.deb ...
Unpacking libfftw3-double3:amd64 (3.3.8-2) ...
Selecting previously unselected package libofa0:amd64.
Preparing to unpack .../43-libofa0_0.9.3-21_amd64.deb ...
Unpacking libofa0:amd64 (0.9.3-21) ...
Selecting previously unselected package libopenal-data.
Preparing to unpack .../44-libopenal-data_1%3a1.19.1-2_all.deb ...
Unpacking libopenal-data (1:1.19.1-2) ...
Selecting previously unselected package libsndio7.0:amd64.
Preparing to unpack .../45-libsndio7.0_1.5.0-3_amd64.deb ...
Unpacking libsndio7.0:amd64 (1.5.0-3) ...
Selecting previously unselected package libopenal1:amd64.
Preparing to unpack .../46-libopenal1_1%3a1.19.1-2_amd64.deb ...
Unpacking libopenal1:amd64 (1:1.19.1-2) ...
Selecting previously unselected package libopenni2-0:amd64.
Preparing to unpack .../47-libopenni2-0_2.2.0.33+dfsg-15_amd64.deb ...
Unpacking libopenni2-0:amd64 (2.2.0.33+dfsg-15) ...
Selecting previously unselected package libsbc1:amd64.
Preparing to unpack .../48-libsbc1_1.5-3_amd64.deb ...
Unpacking libsbc1:amd64 (1.5-3) ...
Selecting previously unselected package libsoundtouch1:amd64.
Preparing to unpack .../49-libsoundtouch1_2.2+ds1-2_amd64.deb ...
Unpacking libsoundtouch1:amd64 (2.2+ds1-2) ...
Selecting previously unselected package libspandsp2:amd64.
Preparing to unpack .../50-libspandsp2_0.0.6+dfsg-2_amd64.deb ...
Unpacking libspandsp2:amd64 (0.0.6+dfsg-2) ...
Selecting previously unselected package libsrtp2-1:amd64.
Preparing to unpack .../51-libsrtp2-1_2.3.0-5_amd64.deb ...
Unpacking libsrtp2-1:amd64 (2.3.0-5) ...
Selecting previously unselected package libvo-aacenc0:amd64.
Preparing to unpack .../52-libvo-aacenc0_0.1.3-2_amd64.deb ...
Unpacking libvo-aacenc0:amd64 (0.1.3-2) ...
Selecting previously unselected package libvo-amrwbenc0:amd64.
Preparing to unpack .../53-libvo-amrwbenc0_0.1.3-2_amd64.deb ...
Unpacking libvo-amrwbenc0:amd64 (0.1.3-2) ...
Selecting previously unselected package libwebrtc-audio-processing1:amd64.
Preparing to unpack .../54-libwebrtc-audio-processing1_0.3-1+b1_amd64.deb ...
Unpacking libwebrtc-audio-processing1:amd64 (0.3-1+b1) ...
Selecting previously unselected package libwildmidi2:amd64.
Preparing to unpack .../55-libwildmidi2_0.4.3-1_amd64.deb ...
Unpacking libwildmidi2:amd64 (0.4.3-1) ...
Selecting previously unselected package libv4lconvert0:amd64.
Preparing to unpack .../56-libv4lconvert0_1.20.0-2_amd64.deb ...
Unpacking libv4lconvert0:amd64 (1.20.0-2) ...
Selecting previously unselected package libv4l-0:amd64.
Preparing to unpack .../57-libv4l-0_1.20.0-2_amd64.deb ...
Unpacking libv4l-0:amd64 (1.20.0-2) ...
Selecting previously unselected package libzbar0:amd64.
Preparing to unpack .../58-libzbar0_0.23.90-1_amd64.deb ...
Unpacking libzbar0:amd64 (0.23.90-1) ...
Selecting previously unselected package libcdparanoia0:amd64.
Preparing to unpack .../59-libcdparanoia0_3.10.2+debian-13.1_amd64.deb ...
Unpacking libcdparanoia0:amd64 (3.10.2+debian-13.1) ...
Selecting previously unselected package libvisual-0.4-0:amd64.
Preparing to unpack .../60-libvisual-0.4-0_0.4.0-17_amd64.deb ...
Unpacking libvisual-0.4-0:amd64 (0.4.0-17) ...
Selecting previously unselected package gstreamer1.0-plugins-base:amd64.
Preparing to unpack .../61-gstreamer1.0-plugins-base_1.18.4-2_amd64.deb ...
Unpacking gstreamer1.0-plugins-base:amd64 (1.18.4-2) ...
Selecting previously unselected package gstreamer1.0-plugins-bad:amd64.
Preparing to unpack .../62-gstreamer1.0-plugins-bad_1.18.4-3_amd64.deb ...
Unpacking gstreamer1.0-plugins-bad:amd64 (1.18.4-3) ...
Selecting previously unselected package cheese-common.
Preparing to unpack .../63-cheese-common_3.38.0-3_all.deb ...
Unpacking cheese-common (3.38.0-3) ...
Selecting previously unselected package libavc1394-0:amd64.
Preparing to unpack .../64-libavc1394-0_0.5.4-5_amd64.deb ...
Unpacking libavc1394-0:amd64 (0.5.4-5) ...
Selecting previously unselected package libcaca0:amd64.
Preparing to unpack .../65-libcaca0_0.99.beta19-2.2_amd64.deb ...
Unpacking libcaca0:amd64 (0.99.beta19-2.2) ...
Selecting previously unselected package libdv4:amd64.
Preparing to unpack .../66-libdv4_1.0.0-13_amd64.deb ...
Unpacking libdv4:amd64 (1.0.0-13) ...
Selecting previously unselected package libiec61883-0:amd64.
Preparing to unpack .../67-libiec61883-0_1.2.0-4_amd64.deb ...
Unpacking libiec61883-0:amd64 (1.2.0-4) ...
Selecting previously unselected package libshout3:amd64.
Preparing to unpack .../68-libshout3_2.4.5-1+b1_amd64.deb ...
Unpacking libshout3:amd64 (2.4.5-1+b1) ...
Selecting previously unselected package libtag1v5-vanilla:amd64.
Preparing to unpack .../69-libtag1v5-vanilla_1.11.1+dfsg.1-3_amd64.deb ...
Unpacking libtag1v5-vanilla:amd64 (1.11.1+dfsg.1-3) ...
Selecting previously unselected package libtag1v5:amd64.
Preparing to unpack .../70-libtag1v5_1.11.1+dfsg.1-3_amd64.deb ...
Unpacking libtag1v5:amd64 (1.11.1+dfsg.1-3) ...
Selecting previously unselected package gstreamer1.0-plugins-good:amd64.
Preparing to unpack .../71-gstreamer1.0-plugins-good_1.18.4-2+deb11u1_amd64.deb ...
Unpacking gstreamer1.0-plugins-good:amd64 (1.18.4-2+deb11u1) ...
Selecting previously unselected package gstreamer1.0-x:amd64.
Preparing to unpack .../72-gstreamer1.0-x_1.18.4-2_amd64.deb ...
Unpacking gstreamer1.0-x:amd64 (1.18.4-2) ...
Selecting previously unselected package libcheese8:amd64.
Preparing to unpack .../73-libcheese8_3.38.0-3_amd64.deb ...
Unpacking libcheese8:amd64 (3.38.0-3) ...
Selecting previously unselected package libclutter-gtk-1.0-0:amd64.
Preparing to unpack .../74-libclutter-gtk-1.0-0_1.8.4-4_amd64.deb ...
Unpacking libclutter-gtk-1.0-0:amd64 (1.8.4-4) ...
Selecting previously unselected package gstreamer1.0-clutter-3.0:amd64.
Preparing to unpack .../75-gstreamer1.0-clutter-3.0_3.0.27-2_amd64.deb ...
Unpacking gstreamer1.0-clutter-3.0:amd64 (3.0.27-2) ...
Selecting previously unselected package libcheese-gtk25:amd64.
Preparing to unpack .../76-libcheese-gtk25_3.38.0-3_amd64.deb ...
Unpacking libcheese-gtk25:amd64 (3.38.0-3) ...
Selecting previously unselected package gnome-desktop3-data.
Preparing to unpack .../77-gnome-desktop3-data_3.38.5-3_all.deb ...
Unpacking gnome-desktop3-data (3.38.5-3) ...
Selecting previously unselected package libxkbregistry0:amd64.
Preparing to unpack .../78-libxkbregistry0_1.0.3-2_amd64.deb ...
Unpacking libxkbregistry0:amd64 (1.0.3-2) ...
Selecting previously unselected package libgnome-desktop-3-19:amd64.
Preparing to unpack .../79-libgnome-desktop-3-19_3.38.5-3_amd64.deb ...
Unpacking libgnome-desktop-3-19:amd64 (3.38.5-3) ...
Selecting previously unselected package gnome-video-effects.
Preparing to unpack .../80-gnome-video-effects_0.5.0-1_all.deb ...
Unpacking gnome-video-effects (0.5.0-1) ...
Selecting previously unselected package cheese.
Preparing to unpack .../81-cheese_3.38.0-3_amd64.deb ...
Unpacking cheese (3.38.0-3) ...
Setting up bubblewrap (0.4.1-3) ...
Setting up libmodplug1:amd64 (1:0.8.9.0-3) ...
Setting up libcdparanoia0:amd64 (3.10.2+debian-13.1) ...
Setting up libvo-amrwbenc0:amd64 (0.1.3-2) ...
Setting up libdw1:amd64 (0.183-1) ...
Setting up libraw1394-11:amd64 (2.1.2-2) ...
Setting up libsbc1:amd64 (1.5-3) ...
Setting up libtag1v5-vanilla:amd64 (1.11.1+dfsg.1-3) ...
Setting up libkate1:amd64 (0.4.1-11) ...
Setting up libopenni2-0:amd64 (2.2.0.33+dfsg-15) ...
Setting up libcaca0:amd64 (0.99.beta19-2.2) ...
Setting up libvisual-0.4-0:amd64 (0.4.0-17) ...
Setting up libsrtp2-1:amd64 (2.3.0-5) ...
Setting up libwebrtc-audio-processing1:amd64 (0.3-1+b1) ...
Setting up libcogl20:amd64 (1.22.8-2) ...
Setting up libcogl-pango20:amd64 (1.22.8-2) ...
Setting up libmpcdec6:amd64 (2:0.1~r495-2) ...
Setting up libmms0:amd64 (0.6.4-3) ...
Setting up libspandsp2:amd64 (0.0.6+dfsg-2) ...
Setting up libvo-aacenc0:amd64 (0.1.3-2) ...
Setting up gnome-desktop3-data (3.38.5-3) ...
Setting up libsoundtouch1:amd64 (2.2+ds1-2) ...
Setting up libass9:amd64 (1:0.15.0-2) ...
Setting up libdvdread8:amd64 (6.1.1-2) ...
Setting up libxkbregistry0:amd64 (1.0.3-2) ...
Setting up libfaad2:amd64 (2.10.0-1) ...
Setting up libdc1394-25:amd64 (2.2.6-3) ...
Setting up libshout3:amd64 (2.4.5-1+b1) ...
Setting up liborc-0.4-0:amd64 (1:0.4.32-1) ...
Setting up libfftw3-double3:amd64 (3.3.8-2) ...
Setting up libltc11:amd64 (1.3.1-1) ...
Setting up libsndio7.0:amd64 (1.5.0-3) ...
Setting up libjack-jackd2-0:amd64 (1.9.17~dfsg-1) ...
Setting up libtag1v5:amd64 (1.11.1+dfsg.1-3) ...
Setting up libflite1:amd64 (2.2-2) ...
Setting up libdv4:amd64 (1.0.0-13) ...
Setting up libwildmidi2:amd64 (0.4.3-1) ...
Setting up libbs2b0:amd64 (3.1.0+dfsg-2.2+b1) ...
Setting up libv4lconvert0:amd64 (1.20.0-2) ...
Setting up libdca0:amd64 (0.0.7-2) ...
Setting up cheese-common (3.38.0-3) ...
Setting up libopenal-data (1:1.19.1-2) ...
Setting up libgnome-desktop-3-19:amd64 (3.38.5-3) ...
Setting up timgm6mb-soundfont (1.3-5) ...
update-alternatives: using /usr/share/sounds/sf2/TimGM6mb.sf2 to provide /usr/share/sounds/sf2/default-GM.sf2 (default-GM.sf2) in auto mode
update-alternatives: using /usr/share/sounds/sf2/TimGM6mb.sf2 to provide /usr/share/sounds/sf3/default-GM.sf3 (default-GM.sf3) in auto mode
Setting up libinstpatch-1.0-2:amd64 (1.1.6-1) ...
Setting up libmjpegutils-2.1-0:amd64 (1:2.1.0+debian-6) ...
Setting up iso-codes (4.6.0-1) ...
Setting up libgssdp-1.2-0:amd64 (1.2.3-2) ...
Setting up libgstreamer1.0-0:amd64 (1.18.4-2.1) ...
Setcap worked! gst-ptp-helper is not suid!
Setting up libdvdnav4:amd64 (6.1.0-1+b1) ...
Setting up libiec61883-0:amd64 (1.2.0-4) ...
Setting up libserd-0-0:amd64 (0.30.10-2) ...
Setting up libavc1394-0:amd64 (0.5.4-5) ...
Setting up libgupnp-1.2-0:amd64 (1.2.4-1) ...
Setting up libcogl-path20:amd64 (1.22.8-2) ...
Setting up libgstreamer-plugins-base1.0-0:amd64 (1.18.4-2) ...
Setting up libopenal1:amd64 (1:1.19.1-2) ...
Setting up libv4l-0:amd64 (1.20.0-2) ...
Setting up libgstreamer-plugins-bad1.0-0:amd64 (1.18.4-3) ...
Setting up libgupnp-igd-1.0-4:amd64 (1.2.0-1) ...
Setting up libgstreamer-gl1.0-0:amd64 (1.18.4-2) ...
Setting up gstreamer1.0-plugins-base:amd64 (1.18.4-2) ...
Setting up libnice10:amd64 (0.1.16-1) ...
Setting up libmpeg2encpp-2.1-0:amd64 (1:2.1.0+debian-6) ...
Setting up libofa0:amd64 (0.9.3-21) ...
Setting up libsord-0-0:amd64 (0.16.8-2) ...
Setting up libsratom-0-0:amd64 (0.6.8-1) ...
Setting up libmplex2-2.1-0:amd64 (1:2.1.0+debian-6) ...
Setting up libfluidsynth2:amd64 (2.1.7-1.1) ...
Setting up liblilv-0-0:amd64 (0.24.12-2) ...
Setting up libclutter-1.0-0:amd64 (1.26.4+dfsg-2) ...
Setting up gstreamer1.0-x:amd64 (1.18.4-2) ...
Setting up libclutter-gtk-1.0-0:amd64 (1.8.4-4) ...
Setting up libzbar0:amd64 (0.23.90-1) ...
Setting up gstreamer1.0-plugins-good:amd64 (1.18.4-2+deb11u1) ...
Setting up gstreamer1.0-plugins-bad:amd64 (1.18.4-3) ...
Setting up libclutter-gst-3.0-0:amd64 (3.0.27-2) ...
Setting up gnome-video-effects (0.5.0-1) ...
Setting up gstreamer1.0-clutter-3.0:amd64 (3.0.27-2) ...
Processing triggers for desktop-file-utils (0.26-1) ...
Processing triggers for hicolor-icon-theme (0.17-2) ...
Processing triggers for libglib2.0-0:amd64 (2.66.8-1) ...
Processing triggers for libc-bin (2.31-13+deb11u4) ...
Setting up libcheese8:amd64 (3.38.0-3) ...
Processing triggers for mailcap (3.69) ...
Setting up libcheese-gtk25:amd64 (3.38.0-3) ...
Setting up cheese (3.38.0-3) ...
Processing triggers for libc-bin (2.31-13+deb11u4) ...
'./cld/app/cheese' -> '/usr/local/cld/app/cheese'
'./cld/app/cheese/icon' -> '/usr/local/cld/app/cheese/icon'
'./cld/app/cheese/icon/webcam.png' -> '/usr/local/cld/app/cheese/icon/webcam.png'
CLDS: * Install cheese.
CLDS: * By default, cheese stores all files in ~/.gnome2/cheese/media . 
CLDS: * Disk size = 3268844K. Space Used = 148384K. Runtime = 00:00:00:09.
