CLDS:>>>>>>>>> Running inst-min-con-cld-bashrc.sh ...
<<<<<<< HEAD
'./cld/bashrc.d' -> '/usr/local/cld/bashrc.d'
'./cld/bashrc.d/bashrc-fct-cdir.sh' -> '/usr/local/cld/bashrc.d/bashrc-fct-cdir.sh'
'./cld/bashrc.d/bashrc-alias.sh' -> '/usr/local/cld/bashrc.d/bashrc-alias.sh'
'./cld/bashrc.d/bashrc-fct-to.sh' -> '/usr/local/cld/bashrc.d/bashrc-fct-to.sh'
'./cld/bashrc.d/bashrc-fct-avgtime.sh' -> '/usr/local/cld/bashrc.d/bashrc-fct-avgtime.sh'
'./cld/bashrc.d/bashrc-ps1.sh' -> '/usr/local/cld/bashrc.d/bashrc-ps1.sh'
'./cld/bashrc.d/bashrc-fct-beep.sh' -> '/usr/local/cld/bashrc.d/bashrc-fct-beep.sh'
'./cld/bashrc.d/bashrc-cld.sh' -> '/usr/local/cld/bashrc.d/bashrc-cld.sh'
=======
>>>>>>> branch 'bullseye' of https://github.com/xuanngo2001/cust-live-deb.git
'./cld/systemd/runlevel/after-boot/bashrc.sh' -> '/usr/local/cld/systemd/runlevel/after-boot/bashrc.sh'
'./cld/bashrc.d' -> '/usr/local/cld/bashrc.d'
'./cld/bashrc.d/bashrc-fct-beep.sh' -> '/usr/local/cld/bashrc.d/bashrc-fct-beep.sh'
'./cld/bashrc.d/bashrc-cld.sh' -> '/usr/local/cld/bashrc.d/bashrc-cld.sh'
'./cld/bashrc.d/bashrc-ps1.sh' -> '/usr/local/cld/bashrc.d/bashrc-ps1.sh'
'./cld/bashrc.d/bashrc-alias.sh' -> '/usr/local/cld/bashrc.d/bashrc-alias.sh'
'./cld/bashrc.d/bashrc-fct-avgtime.sh' -> '/usr/local/cld/bashrc.d/bashrc-fct-avgtime.sh'
'./cld/bashrc.d/bashrc-fct-cdir.sh' -> '/usr/local/cld/bashrc.d/bashrc-fct-cdir.sh'
'./cld/bashrc.d/bashrc-fct-to.sh' -> '/usr/local/cld/bashrc.d/bashrc-fct-to.sh'
CLDS: * Set common settings for ~/.bashrc.
<<<<<<< HEAD
CLDS: * Disk size = 1129904K. Space Used = 40K. Runtime = 00:00:00:00.
=======
<<<<<<< HEAD
CLDS: * Disk size = 902612K. Space Used = 40K. Runtime = 00:00:00:00.
=======
<<<<<<< HEAD
CLDS: * Disk size = 1129772K. Space Used = 40K. Runtime = 00:00:00:00.
=======
<<<<<<< HEAD
CLDS: * Disk size = 902504K. Space Used = 40K. Runtime = 00:00:00:00.
=======
CLDS: * Disk size = 1129768K. Space Used = 40K. Runtime = 00:00:00:00.
>>>>>>> refs/remotes/origin/bullseye
>>>>>>> refs/remotes/origin/bullseye
>>>>>>> refs/remotes/origin/bullseye
>>>>>>> branch 'bullseye' of https://github.com/xuanngo2001/cust-live-deb.git
