CLDS:>>>>>>>>> Running inst-xtra-virtualbox.sh ...
Reading package lists...
Building dependency tree...
Reading state information...
You might want to run 'apt --fix-broken install' to correct these.
The following packages have unmet dependencies:
 libqt5opengl5 : Depends: libqt5core5a (>= 5.7.0) but it is not going to be installed
                 Depends: libqt5gui5 (>= 5.7.0) but it is not going to be installed
                 Depends: libqt5widgets5 (>= 5.6.0~beta) but it is not going to be installed
                 Depends: qtbase-abi-5-7-1
 libqt5x11extras5 : Depends: libqt5core5a (>= 5.7.1~20161021+dfsg~) but it is not going to be installed
                    Depends: libqt5gui5 (>= 5.7.1~20161021+dfsg~) but it is not going to be installed
 net.downloadhelper.coapp : Depends: libsdl2-2.0-0 (>= 2.0.0) but it is not going to be installed
 virtualbox-5.2 : Depends: libopus0 (>= 1.1) but it is not going to be installed
                  Depends: libqt5core5a (>= 5.7.0) but it is not going to be installed
                  Depends: libqt5gui5 (>= 5.4.0) but it is not going to be installed
                  Depends: libqt5printsupport5 (>= 5.0.2) but it is not going to be installed
                  Depends: libqt5widgets5 (>= 5.7.0) but it is not going to be installed
                  Depends: libsdl1.2debian (>= 1.2.11) but it is not going to be installed
E: Unmet dependencies. Try 'apt --fix-broken install' with no packages (or specify a solution).
CLDS: * Disk size = 2971604K. Space Used = 4K. Runtime = 00:00:00:00.
