CLDS:>>>>>>>>> Running inst-xtra-virtualbox5.sh ...
OK
Hit http://localhost jessie InRelease
Hit http://localhost jessie-backports InRelease
Hit http://localhost jessie-updates InRelease
Hit http://localhost nightly InRelease
Hit http://localhost jessie/main amd64 Packages
Hit http://localhost jessie/contrib amd64 Packages
Hit http://localhost jessie/non-free amd64 Packages
Hit http://localhost jessie-backports/main amd64 Packages
Ign http://localhost jessie/contrib Translation-en_US
Ign http://localhost jessie/contrib Translation-en
Hit http://localhost jessie-updates/main amd64 Packages
Hit http://localhost jessie-updates/contrib amd64 Packages
Hit http://localhost jessie-updates/non-free amd64 Packages
Ign http://localhost jessie/contrib Translation-en_US.UTF-8
Ign http://localhost jessie/main Translation-en_US
Ign http://localhost jessie/main Translation-en
Ign http://localhost jessie/main Translation-en_US.UTF-8
Ign http://localhost jessie/non-free Translation-en_US
Ign http://localhost jessie/non-free Translation-en
Ign http://localhost jessie/non-free Translation-en_US.UTF-8
Hit http://localhost nightly/main amd64 Packages
Get:1 http://download.virtualbox.org jessie InRelease [7,894 B]
Hit http://www.deb-multimedia.org jessie InRelease
Ign http://localhost jessie-backports/main Translation-en_US
Ign http://localhost jessie-backports/main Translation-en
Ign http://localhost jessie-backports/main Translation-en_US.UTF-8
Ign http://localhost jessie-updates/contrib Translation-en_US
Ign http://localhost jessie-updates/contrib Translation-en
Ign http://localhost jessie-updates/contrib Translation-en_US.UTF-8
Ign http://localhost jessie-updates/main Translation-en_US
Ign http://localhost jessie-updates/main Translation-en
Ign http://localhost jessie-updates/main Translation-en_US.UTF-8
Ign http://localhost jessie-updates/non-free Translation-en_US
Ign http://localhost jessie-updates/non-free Translation-en
Ign http://localhost jessie-updates/non-free Translation-en_US.UTF-8
Ign http://localhost nightly/main Translation-en_US
Ign http://localhost nightly/main Translation-en
Ign http://localhost nightly/main Translation-en_US.UTF-8
Ign http://download.virtualbox.org jessie InRelease
Hit http://www.deb-multimedia.org jessie/main amd64 Packages
Ign http://mozilla.debian.net jessie-backports InRelease
Get:2 http://download.virtualbox.org jessie/contrib amd64 Packages [1,340 B]
Hit http://www.deb-multimedia.org jessie/non-free amd64 Packages
Hit http://mozilla.debian.net jessie-backports Release.gpg
Hit http://http.debian.net jessie-backports InRelease
Get:3 http://repo.aptly.info nightly InRelease [4,887 B]
Ign http://repo.aptly.info nightly InRelease
Hit http://mozilla.debian.net jessie-backports Release
Ign http://repo.aptly.info nightly/main amd64 Packages/DiffIndex
Hit http://mozilla.debian.net jessie-backports/firefox-release amd64 Packages
Get:4 http://http.debian.net jessie-backports/main amd64 Packages/DiffIndex [27.8 kB]
Get:5 http://http.debian.net jessie-backports/main Translation-en/DiffIndex [27.8 kB]
Ign http://download.virtualbox.org jessie/contrib Translation-en_US
Ign http://download.virtualbox.org jessie/contrib Translation-en
Ign http://download.virtualbox.org jessie/contrib Translation-en_US.UTF-8
Hit http://repo.aptly.info nightly/main amd64 Packages
Ign http://www.deb-multimedia.org jessie/main Translation-en_US
Ign http://www.deb-multimedia.org jessie/main Translation-en
Ign http://www.deb-multimedia.org jessie/main Translation-en_US.UTF-8
Ign http://mozilla.debian.net jessie-backports/firefox-release Translation-en_US
Ign http://www.deb-multimedia.org jessie/non-free Translation-en_US
Ign http://www.deb-multimedia.org jessie/non-free Translation-en
Ign http://mozilla.debian.net jessie-backports/firefox-release Translation-en
Ign http://www.deb-multimedia.org jessie/non-free Translation-en_US.UTF-8
Ign http://mozilla.debian.net jessie-backports/firefox-release Translation-en_US.UTF-8
Ign http://repo.aptly.info nightly/main Translation-en_US
Ign http://repo.aptly.info nightly/main Translation-en
Ign http://repo.aptly.info nightly/main Translation-en_US.UTF-8
Fetched 69.7 kB in 4s (14.7 kB/s)
Reading package lists...
W: GPG error: http://download.virtualbox.org jessie InRelease: The following signatures couldn't be verified because the public key is not available: NO_PUBKEY A2F683C52980AECF
W: GPG error: http://repo.aptly.info nightly InRelease: The following signatures couldn't be verified because the public key is not available: NO_PUBKEY 9E3E53F19C7DE460
W: Duplicate sources.list entry http://localhost/aptly-repo/ jessie/main amd64 Packages (/var/lib/apt/lists/localhost_aptly-repo_dists_jessie_main_binary-amd64_Packages)
W: Duplicate sources.list entry http://localhost/aptly-repo/ jessie/contrib amd64 Packages (/var/lib/apt/lists/localhost_aptly-repo_dists_jessie_contrib_binary-amd64_Packages)
W: Duplicate sources.list entry http://localhost/aptly-repo/ jessie/non-free amd64 Packages (/var/lib/apt/lists/localhost_aptly-repo_dists_jessie_non-free_binary-amd64_Packages)
Reading package lists...
Building dependency tree...
Reading state information...
libc6-dev is already the newest version.
libc6-dev set to manually installed.
You might want to run 'apt-get -f install' to correct these:
The following packages have unmet dependencies:
 dkms : Depends: patch but it is not going to be installed
 linux-headers-3.16.0-4-amd64 : Depends: linux-headers-3.16.0-4-common (= 3.16.7-ckt25-2) but it is not going to be installed
                                Depends: linux-kbuild-3.16 but it is not going to be installed
                                Depends: linux-compiler-gcc-4.8-x86 but it is not going to be installed
 projectlibre : Depends: openjdk-7-jre but it is not going to be installed or
                         openjdk-6-jre but it is not installable or
                         openjdk-8-jre but it is not going to be installed or
                         sun-java6-jre but it is not installable or
                         java7-runtime or
                         java6-runtime or
                         java8-runtime
E: Unmet dependencies. Try 'apt-get -f install' with no packages (or specify a solution).
CLDS: * Disk size = 3642016K. Space Used = 28K.
