CLDS:>>>>>>>>> Running inst-std-graphic-xtra-dia.sh ...
Reading package lists...
Building dependency tree...
Reading state information...
The following additional packages will be installed:
  dia-common libart-2.0-2 sgml-base xml-core
Suggested packages:
  sgml-base-doc debhelper
Recommended packages:
  gsfonts-x11
The following NEW packages will be installed:
  dia dia-common dia-shapes libart-2.0-2 sgml-base xml-core
0 upgraded, 6 newly installed, 0 to remove and 0 not upgraded.
Need to get 8,586 kB of archives.
After this operation, 30.5 MB of additional disk space will be used.
Get:1 http://localhost/aptly-repo/master_bullseye-main bullseye/main amd64 sgml-base all 1.30 [15.1 kB]
Get:2 http://localhost/aptly-repo/master_bullseye-main bullseye/main amd64 libart-2.0-2 amd64 2.3.21-4 [66.8 kB]
Get:3 http://localhost/aptly-repo/master_bullseye-main bullseye/main amd64 xml-core all 0.18+nmu1 [23.8 kB]
Get:4 http://localhost/aptly-repo/master_bullseye-main bullseye/main amd64 dia-common all 0.97.3+git20160930-9 [7,299 kB]
Get:5 http://localhost/aptly-repo/master_bullseye-main bullseye/main amd64 dia amd64 0.97.3+git20160930-9 [916 kB]
Get:6 http://localhost/aptly-repo/master_bullseye-main bullseye/main amd64 dia-shapes all 0.6.0-3.1 [265 kB]
dpkg-preconfigure: unable to re-open stdin: No such file or directory
Fetched 8,586 kB in 0s (88.0 MB/s)
E: Can not write log (Is /dev/pts mounted?) - posix_openpt (2: No such file or directory)
Selecting previously unselected package sgml-base.
(Reading database ... 53618 files and directories currently installed.)
Preparing to unpack .../0-sgml-base_1.30_all.deb ...
Unpacking sgml-base (1.30) ...
Selecting previously unselected package libart-2.0-2:amd64.
Preparing to unpack .../1-libart-2.0-2_2.3.21-4_amd64.deb ...
Unpacking libart-2.0-2:amd64 (2.3.21-4) ...
Selecting previously unselected package xml-core.
Preparing to unpack .../2-xml-core_0.18+nmu1_all.deb ...
Unpacking xml-core (0.18+nmu1) ...
Selecting previously unselected package dia-common.
Preparing to unpack .../3-dia-common_0.97.3+git20160930-9_all.deb ...
Unpacking dia-common (0.97.3+git20160930-9) ...
Selecting previously unselected package dia.
Preparing to unpack .../4-dia_0.97.3+git20160930-9_amd64.deb ...
Unpacking dia (0.97.3+git20160930-9) ...
Selecting previously unselected package dia-shapes.
Preparing to unpack .../5-dia-shapes_0.6.0-3.1_all.deb ...
Unpacking dia-shapes (0.6.0-3.1) ...
Setting up sgml-base (1.30) ...
Setting up libart-2.0-2:amd64 (2.3.21-4) ...
Setting up xml-core (0.18+nmu1) ...
Processing triggers for mailcap (3.69) ...
Processing triggers for desktop-file-utils (0.26-1) ...
Processing triggers for hicolor-icon-theme (0.17-2) ...
Processing triggers for libc-bin (2.31-13+deb11u4) ...
Processing triggers for sgml-base (1.30) ...
Setting up dia-common (0.97.3+git20160930-9) ...
Setting up dia (0.97.3+git20160930-9) ...
Setting up dia-shapes (0.6.0-3.1) ...
CLDS: * Install Dia to draw diagrams.
CLDS: * Insert Dia menu in Graphics.
CLDS: * How to add a new shape to Dia: http://dia-installer.de/howto/create_shape/index.html.en
CLDS: * Dia Shape Repository: http://dia-installer.de/shapes/index.html.en
CLDS: * Disk size = 3308680K. Space Used = 39836K. Runtime = 00:00:00:04.
