CLDS:>>>>>>>>> Running inst-min-con-xtra-encoding-libtext-iconv-perl.sh ...
Reading package lists...
Building dependency tree...
Reading state information...
libtext-iconv-perl is already the newest version (1.7-7+b1).
0 upgraded, 0 newly installed, 0 to remove and 20 not upgraded.
CLDS: * Install libtext-iconv-perl so that you can use iconv to convert to other encoding.
<<<<<<< HEAD
CLDS: * Disk size = 2103808K. Space Used = 4K. Runtime = 00:00:00:01.
=======
<<<<<<< HEAD
CLDS: * Disk size = 1982536K. Space Used = 4K. Runtime = 00:00:00:00.
=======
<<<<<<< HEAD
CLDS: * Disk size = 2103824K. Space Used = 4K. Runtime = 00:00:00:00.
=======
CLDS: * Disk size = 1982020K. Space Used = 4K. Runtime = 00:00:00:00.
>>>>>>> refs/remotes/origin/bullseye
>>>>>>> refs/remotes/origin/bullseye
>>>>>>> refs/remotes/origin/bullseye
