CLDS:>>>>>>>>> Running inst-xtra-virtualbox-guest-iso.sh ...
Reading package lists...
Building dependency tree...
Reading state information...
libc6-dev is already the newest version.
libc6-dev set to manually installed.
You might want to run 'apt-get -f install' to correct these:
The following packages have unmet dependencies:
 dkms : Depends: patch but it is not going to be installed
 linux-headers-3.16.0-4-amd64 : Depends: linux-headers-3.16.0-4-common (= 3.16.7-ckt25-2) but it is not going to be installed
                                Depends: linux-kbuild-3.16 but it is not going to be installed
                                Depends: linux-compiler-gcc-4.8-x86 but it is not going to be installed
 projectlibre : Depends: openjdk-7-jre but it is not going to be installed or
                         openjdk-6-jre but it is not installable or
                         openjdk-8-jre but it is not going to be installed or
                         sun-java6-jre but it is not installable or
                         java7-runtime or
                         java6-runtime or
                         java8-runtime
E: Unmet dependencies. Try 'apt-get -f install' with no packages (or specify a solution).
Verifying archive integrity... All good.
Uncompressing VirtualBox 5.0.16 Guest Additions for Linux............
VirtualBox Guest Additions installer
Copying additional installer modules ...
Installing additional modules ...
Removing existing VirtualBox non-DKMS kernel modules ...done.
Building the VirtualBox Guest Additions kernel modules
The headers for the current running kernel were not found. If the following
module compilation fails then this could be the reason.

Building the main Guest Additions module ...fail!
(Look at /var/log/vboxadd-install.log to find out what went wrong)
Doing non-kernel setup of the Guest Additions ...done.
Installing the Window System drivers
Installing X.Org Server 1.16 modules ...done.
Setting up the Window System to use the Guest Additions ...done.
You may need to restart the the Window System (or just restart the guest system)
to enable the Guest Additions.

Installing graphics libraries and desktop services components ...done.
/root/scripts/repository/inst-xtra-virtualbox-guest-iso
Reading package lists...
Building dependency tree...
Reading state information...
Package 'dkms' is not installed, so not removed
Package 'linux-headers-3.16.0-4-amd64' is not installed, so not removed
You might want to run 'apt-get -f install' to correct these:
The following packages have unmet dependencies:
 libstdc++-4.9-dev : Depends: libc6-dev (>= 2.13-5) but it is not going to be installed
 projectlibre : Depends: openjdk-7-jre but it is not going to be installed or
                         openjdk-6-jre but it is not installable or
                         openjdk-8-jre but it is not going to be installed or
                         sun-java6-jre but it is not installable or
                         java7-runtime or
                         java6-runtime or
                         java8-runtime
E: Unmet dependencies. Try 'apt-get -f install' with no packages (or specify a solution).
Reading package lists...
Building dependency tree...
Reading state information...
You might want to run 'apt-get -f install' to correct these.
The following packages have unmet dependencies:
 projectlibre : Depends: openjdk-7-jre but it is not installed or
                         openjdk-6-jre but it is not installable or
                         openjdk-8-jre but it is not installed or
                         sun-java6-jre but it is not installable or
                         java7-runtime or
                         java6-runtime or
                         java8-runtime
E: Unmet dependencies. Try using -f.
libkmod: ERROR ../libkmod/libkmod.c:557 kmod_search_moddep: could not open moddep file '/lib/modules/3.16.0-4-amd64/modules.dep.bin'
modinfo: ERROR: Module alias vboxguest not found.
CLDS: * Install VirtualBox guest additions to Shared folder/clipboard, auto window scaling, etc.
CLDS: * Assumed packages installed: bzip2 & Xserver installed.
CLDS: * Install dkms, libc6-dev, linux-headers-3.16.0-4-amd64 to compile VirtualBox guest additions.
CLDS: * VirtualBox guest additions installed: ERROR: VirtualBox guest additions installation failed!.
CLDS: * Delete VBoxGuestAdditions.iso[0K]. Space used could be negative due to this deletion.
CLDS: * Disk size = 3641988K. Space Used = 16832K.
