CLDS:>>>>>>>>> Running inst-std-accessories-mupdf.sh ...
Reading package lists...
Building dependency tree...
Reading state information...
The following additional packages will be installed:
  libjbig2dec0 libmujs1
Suggested packages:
  mupdf-tools
The following NEW packages will be installed:
  libjbig2dec0 libmujs1 mupdf
0 upgraded, 3 newly installed, 0 to remove and 0 not upgraded.
Need to get 20.3 MB of archives.
After this operation, 35.6 MB of additional disk space will be used.
Get:1 http://localhost/aptly-repo/master_bullseye-main bullseye/main amd64 libjbig2dec0 amd64 0.19-2 [67.2 kB]
Get:2 http://localhost/aptly-repo/master_bullseye-main bullseye/main amd64 libmujs1 amd64 1.1.0-1+deb11u1 [107 kB]
Get:3 http://localhost/aptly-repo/master_bullseye-main bullseye/main amd64 mupdf amd64 1.17.0+ds1-2 [20.1 MB]
dpkg-preconfigure: unable to re-open stdin: No such file or directory
Fetched 20.3 MB in 0s (91.0 MB/s)
E: Can not write log (Is /dev/pts mounted?) - posix_openpt (2: No such file or directory)
Selecting previously unselected package libjbig2dec0:amd64.
(Reading database ... 36665 files and directories currently installed.)
Preparing to unpack .../libjbig2dec0_0.19-2_amd64.deb ...
Unpacking libjbig2dec0:amd64 (0.19-2) ...
Selecting previously unselected package libmujs1:amd64.
Preparing to unpack .../libmujs1_1.1.0-1+deb11u1_amd64.deb ...
Unpacking libmujs1:amd64 (1.1.0-1+deb11u1) ...
Selecting previously unselected package mupdf.
Preparing to unpack .../mupdf_1.17.0+ds1-2_amd64.deb ...
Unpacking mupdf (1.17.0+ds1-2) ...
Setting up libmujs1:amd64 (1.1.0-1+deb11u1) ...
Setting up libjbig2dec0:amd64 (0.19-2) ...
Setting up mupdf (1.17.0+ds1-2) ...
Processing triggers for libc-bin (2.31-13+deb11u4) ...
Processing triggers for mailcap (3.69) ...
'./cld/doc/mupdf-help.txt' -> '/usr/local/cld/doc/mupdf-help.txt'
CLDS: * Install PDF reader: Mupdf.
CLDS: * Disk size = 2719500K. Space Used = 54704K. Runtime = 00:00:00:03.
