CLDS:>>>>>>>>> Running inst-min-con-xtra-gcp-google-cloud-sdk-openssh-client-fix-libfido2-1-libcbor0.sh ...
Reading package lists...
Building dependency tree...
Reading state information...
The following NEW packages will be installed:
  libcbor0 libfido2-1
0 upgraded, 2 newly installed, 0 to remove and 17 not upgraded.
Inst libcbor0 (0.5.0+dfsg-2 master_bullseye-main bullseye:bullseye [amd64])
Inst libfido2-1 (1.6.0-2 master_bullseye-main bullseye:bullseye [amd64])
Conf libcbor0 (0.5.0+dfsg-2 master_bullseye-main bullseye:bullseye [amd64])
Conf libfido2-1 (1.6.0-2 master_bullseye-main bullseye:bullseye [amd64])
CLDS: * Install libfido2-1 libcbor0.
<<<<<<< HEAD
CLDS: * Disk size = 2011228K. Space Used = 4K. Runtime = 00:00:00:00.
=======
<<<<<<< HEAD
CLDS: * Disk size = 1785164K. Space Used = 4K. Runtime = 00:00:00:01.
=======
CLDS: * Disk size = 2011220K. Space Used = 4K. Runtime = 00:00:00:00.
>>>>>>> refs/remotes/origin/bullseye
>>>>>>> refs/remotes/origin/bullseye
