CLDS:>>>>>>>>> Running inst-min-con-users-poweruser.sh ...
Adding user `poweruser' ...
Adding new group `poweruser' (1000) ...
Adding new user `poweruser' (1000) with group `poweruser' ...
Creating home directory `/home/poweruser' ...
Copying files from `/etc/skel' ...
New password: Retype new password: passwd: password updated successfully
CLDS: * Created poweruser: Username/pwd = poweruser/poweruser.
<<<<<<< HEAD
CLDS: * Disk size = 1625480K. Space Used = 36K. Runtime = 00:00:00:00.
=======
<<<<<<< HEAD
CLDS: * Disk size = 1495696K. Space Used = 36K. Runtime = 00:00:00:01.
=======
<<<<<<< HEAD
CLDS: * Disk size = 1486908K. Space Used = 36K. Runtime = 00:00:00:00.
=======
CLDS: * Disk size = 1495656K. Space Used = 36K. Runtime = 00:00:00:00.
>>>>>>> refs/remotes/origin/bullseye
>>>>>>> refs/remotes/origin/bullseye
>>>>>>> branch 'bullseye' of https://github.com/xuanngo2001/cust-live-deb.git
