CLDS:>>>>>>>>> Running inst-min-con-05-keyring-debmultimedia.sh ...
Selecting previously unselected package deb-multimedia-keyring.
(Reading database ... 17740 files and directories currently installed.)
Preparing to unpack deb-multimedia-keyring_2016.8.1_all.deb ...
Unpacking deb-multimedia-keyring (2016.8.1) ...
Setting up deb-multimedia-keyring (2016.8.1) ...
Hit:1 http://localhost/aptly-repo/master_bullseye-main bullseye InRelease
Hit:2 http://localhost/aptly-repo/master_aptly-main squeeze InRelease
Hit:3 http://localhost/aptly-repo/master_bullseye-backports-contrib bullseye-backports InRelease
Hit:4 http://localhost/aptly-repo/master_bullseye-backports-main bullseye-backports InRelease
Hit:5 http://localhost/aptly-repo/master_bullseye-backports-non-free bullseye-backports InRelease
Hit:6 http://localhost/aptly-repo/master_bullseye-contrib bullseye InRelease
Hit:7 http://localhost/aptly-repo/master_bullseye-non-free bullseye InRelease
Hit:8 http://localhost/aptly-repo/master_bullseye-updates-contrib bullseye-updates InRelease
Hit:9 http://localhost/aptly-repo/master_bullseye-updates-main bullseye-updates InRelease
Hit:10 http://localhost/aptly-repo/master_bullseye-updates-non-free bullseye-updates InRelease
Hit:11 http://localhost/aptly-repo/master_deb-multimedia-main bullseye InRelease
Hit:12 http://localhost/aptly-repo/master_deb-multimedia-non-free bullseye InRelease
Hit:13 http://localhost/aptly-repo/master_docker-stable bullseye InRelease
Hit:14 http://localhost/aptly-repo/master_google-cloud-main cloud-sdk InRelease
Hit:15 http://localhost/aptly-repo/master_google-main stable InRelease
Hit:16 http://localhost/aptly-repo/master_mariadb-main bullseye InRelease
Hit:17 http://localhost/aptly-repo/master_microsoft-main bullseye InRelease
Hit:18 http://localhost/aptly-repo/master_qgis-main bullseye InRelease
Hit:19 http://localhost/aptly-repo/master_virtualbox-contrib bullseye InRelease
Reading package lists...
CLDS: * Add deb-multimedia keyring.
CLDS: * Add deb-multimedia repository.
CLDS: * apt-get update
CLDS: * Disk size = 1234180K. Space Used = 44K. Runtime = 00:00:00:02.
