CLDS:>>>>>>>>> Running inst-std-system-xtra-webcam-camorama.sh ...
Reading package lists...
Building dependency tree...
Reading state information...
You might want to run 'apt-get -f install' to correct these:
The following packages have unmet dependencies:
 camorama : Depends: gconf2 (>= 2.28.1-2) but it is not going to be installed
            Depends: gconf-service but it is not going to be installed
            Depends: libart-2.0-2 (>= 2.3.17) but it is not going to be installed
            Depends: libbonobo2-0 (>= 2.32.1-3~) but it is not going to be installed
            Depends: libbonoboui2-0 (>= 2.15.1) but it is not going to be installed
            Depends: libgconf-2-4 (>= 3.2.5) but it is not going to be installed
            Depends: libglade2-0 (>= 1:2.6.4-2~) but it is not going to be installed
            Depends: libgnome-2-0 but it is not going to be installed
            Depends: libgnomecanvas2-0 (>= 2.11.1) but it is not going to be installed
            Depends: libgnomeui-0 (>= 2.22.0) but it is not going to be installed
            Depends: libgnomevfs2-0 (>= 1:2.17.90) but it is not going to be installed
            Depends: liborbit-2-0 (>= 1:2.14.10) but it is not going to be installed
 projectlibre : Depends: openjdk-7-jre but it is not going to be installed or
                         openjdk-6-jre but it is not installable or
                         openjdk-8-jre but it is not going to be installed or
                         sun-java6-jre but it is not installable or
                         java7-runtime or
                         java6-runtime or
                         java8-runtime
E: Unmet dependencies. Try 'apt-get -f install' with no packages (or specify a solution).
CLDS: * Disk size = 3547780K. Space Used = 4K.
