CLDS:>>>>>>>>> Running inst-xtra-vboxguest-additions-iso.sh ...
Reading package lists...
Building dependency tree...
Reading state information...
The following additional packages will be installed:
  linux-compiler-gcc-6-x86 linux-headers-4.19.0-0.bpo.8-amd64
  linux-headers-4.19.0-0.bpo.8-common linux-kbuild-4.19
The following NEW packages will be installed:
  linux-compiler-gcc-6-x86 linux-headers-4.19.0-0.bpo.8-amd64
  linux-headers-4.19.0-0.bpo.8-common linux-headers-amd64 linux-kbuild-4.19
0 upgraded, 5 newly installed, 0 to remove and 18 not upgraded.
Need to get 10.3 MB of archives.
After this operation, 57.7 MB of additional disk space will be used.
E: You don't have enough free space in /var/cache/apt/archives/.
Reading package lists...
Building dependency tree...
Reading state information...
build-essential is already the newest version (12.3).
libc6-dev is already the newest version (2.24-11+deb9u4).
libc6-dev set to manually installed.
Suggested packages:
  python3-apport
Recommended packages:
  fakeroot sudo linux-headers-686-pae | linux-headers-amd64
  | linux-headers-generic | linux-headers
The following NEW packages will be installed:
  dkms
0 upgraded, 1 newly installed, 0 to remove and 18 not upgraded.
Need to get 74.5 kB of archives.
After this operation, 285 kB of additional disk space will be used.
E: You don't have enough free space in /var/cache/apt/archives/.
Reading package lists...
Building dependency tree...
Reading state information...
The following additional packages will be installed:
  linux-compiler-gcc-6-x86 linux-headers-4.19.0-0.bpo.8-common
  linux-kbuild-4.19
The following NEW packages will be installed:
  linux-compiler-gcc-6-x86 linux-headers-4.19.0-0.bpo.8-amd64
  linux-headers-4.19.0-0.bpo.8-common linux-kbuild-4.19
0 upgraded, 4 newly installed, 0 to remove and 18 not upgraded.
Need to get 10.3 MB of archives.
After this operation, 57.7 MB of additional disk space will be used.
E: You don't have enough free space in /var/cache/apt/archives/.
Verifying archive integrity... All good.
Uncompressing VirtualBox 6.1.6 Guest Additions for Linux
Not enough space left in /tmp (0 KB) to decompress ./VBoxLinuxAdditions.run (6568 KB)
Consider setting TMPDIR to a directory with more free space.
CLDS: * WARNING: Use this script only if backport repository doesn't work.
CLDS: * Install VirtualBox guest additions to Shared folder/clipboard, auto window scaling, etc.
CLDS: * Assumed packages installed: bzip2 & Xserver installed.
CLDS: * VirtualBox guest additions installed: ERROR: VirtualBox guest additions installation failed!.
CLDS: * Delete VBoxGuestAdditions.iso[0K]. Space used could be negative due to this deletion.
CLDS: * Disk size = 5736884K. Space Used = 16K. Runtime = 00:00:00:00.
