CLDS:>>>>>>>>> Running inst-min-win-01-wm-terminal-xfce.sh ...
Reading package lists...
Building dependency tree...
Reading state information...
libxfce4ui-2-0 is already the newest version (4.16.0-1).
libxfce4ui-2-0 set to manually installed.
0 upgraded, 0 newly installed, 0 to remove and 19 not upgraded.
Reading package lists...
Building dependency tree...
Reading state information...
exo-utils is already the newest version (4.16.0-1+deb11u1).
exo-utils set to manually installed.
0 upgraded, 0 newly installed, 0 to remove and 19 not upgraded.
Reading package lists...
Building dependency tree...
Reading state information...
xfce4-terminal is already the newest version (0.8.10-1).
xfce4-terminal set to manually installed.
0 upgraded, 0 newly installed, 0 to remove and 19 not upgraded.
CLDS: * Install terminal: xfce4-terminal.
<<<<<<< HEAD
CLDS: * Disk size = 4458508K. Space Used = 0K. Runtime = 00:00:00:01.
=======
CLDS: * Disk size = 4338912K. Space Used = 0K. Runtime = 00:00:00:01.
>>>>>>> branch 'bullseye' of https://github.com/xuanngo2001/cust-live-deb.git
