CLDS:>>>>>>>>> Running inst-xtra-remmina.sh ...
Reading package lists...
Building dependency tree...
Reading state information...
The following additional packages will be installed:
  libavahi-glib1
The following NEW packages will be installed:
  libavahi-glib1 libavahi-ui-gtk3-0
0 upgraded, 2 newly installed, 0 to remove and 18 not upgraded.
Inst libavahi-glib1 (0.6.32-2 master_stretch-main stretch:stretch [amd64])
Inst libavahi-ui-gtk3-0 (0.6.32-2 master_stretch-main stretch:stretch [amd64])
Conf libavahi-glib1 (0.6.32-2 master_stretch-main stretch:stretch [amd64])
Conf libavahi-ui-gtk3-0 (0.6.32-2 master_stretch-main stretch:stretch [amd64])
Reading package lists...
Building dependency tree...
Reading state information...
The following additional packages will be installed:
  libavahi-glib1 libavahi-ui-gtk3-0 libayatana-appindicator3-1
  libayatana-ido3-0.4-0 libayatana-indicator3-7 libfreerdp-client2-2
  libfreerdp2-2 libssh-4 libwinpr2-2 remmina-common
Suggested packages:
  freerdp2-x11 remmina-plugin-exec remmina-plugin-nx remmina-plugin-spice
  remmina-plugin-telepathy remmina-plugin-xdmcp
Recommended packages:
  remmina-plugin-vnc remmina-plugin-secret
The following NEW packages will be installed:
  libavahi-glib1 libavahi-ui-gtk3-0 libayatana-appindicator3-1
  libayatana-ido3-0.4-0 libayatana-indicator3-7 libfreerdp-client2-2
  libfreerdp2-2 libssh-4 libwinpr2-2 remmina remmina-common remmina-plugin-rdp
0 upgraded, 12 newly installed, 0 to remove and 18 not upgraded.
Need to get 3,285 kB of archives.
After this operation, 8,399 kB of additional disk space will be used.
E: You don't have enough free space in /var/cache/apt/archives/.
CLDS: * Disk size = 5728704K. Space Used = 8K. Runtime = 00:00:00:01.
