CLDS:>>>>>>>>> Running inst-xtra-git.sh ...
Reading package lists...
Building dependency tree...
Reading state information...
git is already the newest version (1:2.34.1-1~bpo11+1).
git set to manually installed.
0 upgraded, 0 newly installed, 0 to remove and 20 not upgraded.
'./cld/doc/git-help.txt' -> '/usr/local/cld/doc/git-help.txt'
'./cld/doc/gitignore-help.txt' -> '/usr/local/cld/doc/gitignore-help.txt'
CLDS: * Install git.
<<<<<<< HEAD
CLDS: * Disk size = 6828040K. Space Used = 12K. Runtime = 00:00:00:01.
=======
<<<<<<< HEAD
CLDS: * Disk size = 6796428K. Space Used = 12K. Runtime = 00:00:00:01.
=======
<<<<<<< HEAD
CLDS: * Disk size = 6828056K. Space Used = 16K. Runtime = 00:00:00:01.
=======
CLDS: * Disk size = 6795856K. Space Used = 12K. Runtime = 00:00:00:01.
>>>>>>> refs/remotes/origin/bullseye
>>>>>>> refs/remotes/origin/bullseye
>>>>>>> refs/remotes/origin/bullseye
