CLDS:>>>>>>>>> Running inst-xtra-zfs-clean.sh ...
CLDS: * ***************************************  BEFORE cleaning  *****************************************
Filesystem      Size  Used Avail Use% Mounted on
udev            3.9G     0  3.9G   0% /dev
Reading package lists...
Building dependency tree...
Reading state information...
0 upgraded, 0 newly installed, 0 to remove and 18 not upgraded.
CLDS: * ***************************************  AFTER cleaning  *****************************************
Filesystem      Size  Used Avail Use% Mounted on
udev            3.9G     0  3.9G   0% /dev
CLDS: * Solving E: You don't have enough free space in /var/cache/apt/archives/.
<<<<<<< HEAD
CLDS: * Disk size = 6737840K. Space Used = -124840K. Runtime = 00:00:00:00.
=======
<<<<<<< HEAD
CLDS: * Disk size = 6261060K. Space Used = -123920K. Runtime = 00:00:00:01.
=======
<<<<<<< HEAD
CLDS: * Disk size = 6105244K. Space Used = -124308K. Runtime = 00:00:00:01.
=======
CLDS: * Disk size = 6252956K. Space Used = -123924K. Runtime = 00:00:00:01.
>>>>>>> refs/remotes/origin/bullseye
>>>>>>> refs/remotes/origin/bullseye
>>>>>>> branch 'bullseye' of https://github.com/xuanngo2001/cust-live-deb.git
