CLDS:>>>>>>>>> Running inst-std-office-libreoffice-appimage.sh ...
'./cld/app/libreoffice-appimage' -> '/usr/local/cld/app/libreoffice-appimage'
'./cld/app/libreoffice-appimage/bin' -> '/usr/local/cld/app/libreoffice-appimage/bin'
'./cld/app/libreoffice-appimage/bin/LibreOffice-fresh.basic-x86_64.AppImage' -> '/usr/local/cld/app/libreoffice-appimage/bin/LibreOffice-fresh.basic-x86_64.AppImage'
'./cld/app/libreoffice-appimage/bin/empty.txt' -> '/usr/local/cld/app/libreoffice-appimage/bin/empty.txt'
'./cld/app/libreoffice-appimage/icon' -> '/usr/local/cld/app/libreoffice-appimage/icon'
'./cld/app/libreoffice-appimage/icon/libreoffice-base.png' -> '/usr/local/cld/app/libreoffice-appimage/icon/libreoffice-base.png'
'./cld/app/libreoffice-appimage/icon/libreoffice-calc.png' -> '/usr/local/cld/app/libreoffice-appimage/icon/libreoffice-calc.png'
'./cld/app/libreoffice-appimage/icon/libreoffice-chart.png' -> '/usr/local/cld/app/libreoffice-appimage/icon/libreoffice-chart.png'
'./cld/app/libreoffice-appimage/icon/libreoffice-draw.png' -> '/usr/local/cld/app/libreoffice-appimage/icon/libreoffice-draw.png'
'./cld/app/libreoffice-appimage/icon/libreoffice-impress.png' -> '/usr/local/cld/app/libreoffice-appimage/icon/libreoffice-impress.png'
'./cld/app/libreoffice-appimage/icon/libreoffice-main.png' -> '/usr/local/cld/app/libreoffice-appimage/icon/libreoffice-main.png'
'./cld/app/libreoffice-appimage/icon/libreoffice-math.png' -> '/usr/local/cld/app/libreoffice-appimage/icon/libreoffice-math.png'
'./cld/app/libreoffice-appimage/icon/libreoffice-startcenter.png' -> '/usr/local/cld/app/libreoffice-appimage/icon/libreoffice-startcenter.png'
'./cld/app/libreoffice-appimage/icon/libreoffice-writer.png' -> '/usr/local/cld/app/libreoffice-appimage/icon/libreoffice-writer.png'
'./cld/bashrc.d/bashrc-libreoffice-appimage.sh' -> '/usr/local/cld/bashrc.d/bashrc-libreoffice-appimage.sh'
CLDS: * Install libreoffice-appimage: 6.1.3.1 10(Build:1).
CLDS: * Install Office Suite: Word processor.
CLDS: * Install Office Suite: Spreadsheet.
CLDS: * Install Office Suite: Presentation.
CLDS: * Install Office Suite: Drawing.
CLDS: * Install Office Suite: Database.
CLDS: * Install Office Suite: Equation.
CLDS: * https://wiki.documentfoundation.org/ReleasePlan
CLDS: * Disk size = 4281300K. Space Used = 225496K. Runtime = 00:00:00:02.
