CLDS:>>>>>>>>> Running inst-xtra-virtualbox-clean.sh ...
CLDS: * ***************************************  BEFORE cleaning  *****************************************
Filesystem      Size  Used Avail Use% Mounted on
udev            3.9G     0  3.9G   0% /dev
Reading package lists...
Building dependency tree...
Reading state information...
<<<<<<< HEAD
0 upgraded, 0 newly installed, 0 to remove and 20 not upgraded.
=======
0 upgraded, 0 newly installed, 0 to remove and 19 not upgraded.
>>>>>>> refs/remotes/origin/bullseye
CLDS: * ***************************************  AFTER cleaning  *****************************************
Filesystem      Size  Used Avail Use% Mounted on
udev            3.9G     0  3.9G   0% /dev
CLDS: * Solving E: You don't have enough free space in /var/cache/apt/archives/.
<<<<<<< HEAD
CLDS: * Disk size = 5823572K. Space Used = -1224416K. Runtime = 00:00:00:01.
=======
CLDS: * Disk size = 5775776K. Space Used = -1224700K. Runtime = 00:00:00:00.
>>>>>>> refs/remotes/origin/bullseye
