CLDS:>>>>>>>>> Running inst-std-multimedia-xtra-ffmpeg.sh ...
Reading package lists...
Building dependency tree...
Reading state information...
ffmpeg is already the newest version (10:4.1.5-dmo1+deb10u1).
ffmpeg set to manually installed.
0 upgraded, 0 newly installed, 0 to remove and 14 not upgraded.
'./cld/doc/crop.sh' -> '/usr/local/cld/doc/crop.sh'
'./cld/doc/ffmpeg-360-help.txt' -> '/usr/local/cld/doc/ffmpeg-360-help.txt'
'./cld/doc/ffmpeg-cat-help.txt' -> '/usr/local/cld/doc/ffmpeg-cat-help.txt'
'./cld/doc/ffmpeg-crop-help.txt' -> '/usr/local/cld/doc/ffmpeg-crop-help.txt'
'./cld/doc/ffmpeg-help.txt' -> '/usr/local/cld/doc/ffmpeg-help.txt'
'./cld/doc/ffmpeg-overlay-help.txt' -> '/usr/local/cld/doc/ffmpeg-overlay-help.txt'
'./cld/doc/ffmpeg-slide-help.txt' -> '/usr/local/cld/doc/ffmpeg-slide-help.txt'
'./cld/doc/ffmpeg-sub-help.txt' -> '/usr/local/cld/doc/ffmpeg-sub-help.txt'
'./cld/doc/ffprobe-help.txt' -> '/usr/local/cld/doc/ffprobe-help.txt'
'./cld/doc/ffmpeg-capture-help.txt' -> '/usr/local/cld/doc/ffmpeg-capture-help.txt'
'./cld/doc/ffmpeg-error-help.txt' -> '/usr/local/cld/doc/ffmpeg-error-help.txt'
'./cld/doc/ffmpeg-gif-help.txt' -> '/usr/local/cld/doc/ffmpeg-gif-help.txt'
'./cld/doc/ffmpeg-split-help.txt' -> '/usr/local/cld/doc/ffmpeg-split-help.txt'
'./cld/doc/ffmpeg-box-help.txt' -> '/usr/local/cld/doc/ffmpeg-box-help.txt'
'./cld/doc/ffplay-help.txt' -> '/usr/local/cld/doc/ffplay-help.txt'
CLDS: * Install ffmpeg.
CLDS: * Disk size = 4607288K. Space Used = 76K. Runtime = 00:00:00:01.
