CLDS:>>>>>>>>> Running inst-zclean-01-apt-get-00-clean-up.sh ...
Reading package lists...
Building dependency tree...
Reading state information...
0 upgraded, 0 newly installed, 0 to remove and 3 not upgraded.
CLDS: * Remove unused packages: apt-get -y autoremove.
CLDS: * Clean cached DEB: apt-get clean.
<<<<<<< HEAD
CLDS: * Disk size = 6343600K. Space Used = -107120K. Runtime = 00:00:00:01.
=======
<<<<<<< HEAD
CLDS: * Disk size = 6306624K. Space Used = -15404K. Runtime = 00:00:00:01.
=======
<<<<<<< HEAD
CLDS: * Disk size = 6416760K. Space Used = -107120K. Runtime = 00:00:00:01.
=======
<<<<<<< HEAD
CLDS: * Disk size = 6226212K. Space Used = -15620K. Runtime = 00:00:00:01.
=======
CLDS: * Disk size = 6416428K. Space Used = -15620K. Runtime = 00:00:00:01.
>>>>>>> refs/remotes/origin/bullseye
>>>>>>> refs/remotes/origin/bullseye
>>>>>>> refs/remotes/origin/bullseye
>>>>>>> branch 'bullseye' of https://github.com/xuanngo2001/cust-live-deb.git
