CLDS:>>>>>>>>> Running inst-min-win-xtra-pandoc-git.sh ...
Reading package lists...
Building dependency tree...
Reading state information...
The following additional packages will be installed:
  libluajit-5.1-2 libluajit-5.1-common libyaml-0-2 pandoc-data
Suggested packages:
  texlive-latex-recommended texlive-xetex texlive-luatex pandoc-citeproc
  texlive-latex-extra wkhtmltopdf
The following NEW packages will be installed:
  libluajit-5.1-2 libluajit-5.1-common libyaml-0-2 pandoc pandoc-data
0 upgraded, 5 newly installed, 0 to remove and 0 not upgraded.
Need to get 9,660 kB of archives.
After this operation, 72.3 MB of additional disk space will be used.
Get:1 http://localhost/aptly-repo/master_stretch-main stretch/main amd64 libluajit-5.1-common all 2.0.4+dfsg-1 [36.6 kB]
Get:2 http://localhost/aptly-repo/master_stretch-main stretch/main amd64 libluajit-5.1-2 amd64 2.0.4+dfsg-1+b1 [207 kB]
Get:3 http://localhost/aptly-repo/master_stretch-main stretch/main amd64 libyaml-0-2 amd64 0.1.7-2 [47.6 kB]
Get:4 http://localhost/aptly-repo/master_stretch-main stretch/main amd64 pandoc-data all 1.17.2~dfsg-3 [265 kB]
Get:5 http://localhost/aptly-repo/master_stretch-main stretch/main amd64 pandoc amd64 1.17.2~dfsg-3 [9,104 kB]
Fetched 9,660 kB in 0s (35.5 MB/s)
Download complete and in download only mode
Selecting previously unselected package pandoc.
(Reading database ... 37939 files and directories currently installed.)
Preparing to unpack ./pandoc-1.19.2.1-1-amd64.deb ...
Unpacking pandoc (1.19.2.1-1) ...
Setting up pandoc (1.19.2.1-1) ...
CLDS: * Install pandoc 1.19.2.1 from git.
CLDS: * Disk size = 2640208K. Space Used = 120876K.
