acl
adduser
alsa-base
alsa-utils
amd64-microcode
apt
apt-utils
atmel-firmware
b43-fwcutter
base-files
base-passwd
bash
bluez-firmware
bsdmainutils
bsdutils
busybox
bzip2
coreutils
cpio
cron
dash
dbus
deb-multimedia-keyring
debconf
debconf-i18n
debconf-utils
debian-archive-keyring
debianutils
debootstrap
dialog
diffutils
dmidecode
dmsetup
dpkg
e2fslibs:amd64
e2fsprogs
exfat-fuse
exfat-utils
findutils
firmware-atheros
firmware-bnx2
firmware-bnx2x
firmware-brcm80211
firmware-intelwimax
firmware-ipw2x00
firmware-ivtv
firmware-iwlwifi
firmware-libertas
firmware-linux
firmware-linux-free
firmware-linux-nonfree
firmware-qlogic
firmware-ralink
firmware-realtek
firmware-zd1211
fontconfig
fontconfig-config
fonts-dejavu-core
fuse
gcc-4.8-base:amd64
gcc-4.9-base:amd64
gnupg
gpgv
grep
groff-base
gzip
hostname
ifupdown
init
init-system-helpers
initramfs-tools
initscripts
insserv
intel-microcode
iproute2
iptables
iputils-ping
irqbalance
isc-dhcp-client
isc-dhcp-common
isolinux
iucode-tool
jwm
keyboard-configuration
klibc-utils
kmod
less
libacl1:amd64
libalgorithm-c3-perl
libapt-inst1.5:amd64
libapt-pkg4.12:amd64
libarchive-extract-perl
libasound2:amd64
libasound2-data
libatk1.0-0:amd64
libatk1.0-data
libattr1:amd64
libaudit-common
libaudit1:amd64
libavahi-client3:amd64
libavahi-common-data:amd64
libavahi-common3:amd64
libblkid1:amd64
libboost-iostreams1.55.0:amd64
libbsd0:amd64
libburn4
libbz2-1.0:amd64
libc-bin
libc6:amd64
libcairo2:amd64
libcap-ng0:amd64
libcap2:amd64
libcap2-bin
libcgi-fast-perl
libcgi-pm-perl
libclass-c3-perl
libclass-c3-xs-perl
libcomerr2:amd64
libcpan-meta-perl
libcryptsetup4:amd64
libcups2:amd64
libdata-optlist-perl
libdata-section-perl
libdatrie1:amd64
libdb5.3:amd64
libdbus-1-3:amd64
libdebconfclient0:amd64
libdevmapper1.02.1:amd64
libdns-export100
libdrm-intel1:amd64
libdrm-nouveau2:amd64
libdrm-radeon1:amd64
libdrm2:amd64
libedit2:amd64
libegl1-mesa:amd64
libelf1:amd64
libepoxy0
libestr0
libevdev2
libexpat1:amd64
libfcgi-perl
libffi6:amd64
libfontconfig1:amd64
libfontenc1:amd64
libfreetype6:amd64
libfribidi0:amd64
libfuse2:amd64
libgbm1:amd64
libgcc1:amd64
libgcrypt20:amd64
libgdbm3:amd64
libgdk-pixbuf2.0-0:amd64
libgdk-pixbuf2.0-common
libgl1-mesa-glx:amd64
libglapi-mesa:amd64
libglib2.0-0:amd64
libglib2.0-data
libgmp10:amd64
libgnutls-deb0-28:amd64
libgnutls-openssl27:amd64
libgpg-error0:amd64
libgraphite2-3:amd64
libgssapi-krb5-2:amd64
libgtk2.0-0:amd64
libgtk2.0-common
libharfbuzz0b:amd64
libhogweed2:amd64
libice6:amd64
libicu52:amd64
libidn11:amd64
libirs-export91
libisc-export95
libisccfg-export90
libisoburn1
libisofs6
libjasper1:amd64
libjbig0:amd64
libjpeg62-turbo:amd64
libjson-c2:amd64
libjte1
libk5crypto3:amd64
libkeyutils1:amd64
libklibc
libkmod2:amd64
libkrb5-3:amd64
libkrb5support0:amd64
libllvm3.5:amd64
liblocale-gettext-perl
liblog-message-perl
liblog-message-simple-perl
liblogging-stdlog0:amd64
liblognorm1:amd64
liblua5.1-0:amd64
liblzma5:amd64
liblzo2-2:amd64
libmnl0:amd64
libmodule-build-perl
libmodule-pluggable-perl
libmodule-signature-perl
libmount1:amd64
libmro-compat-perl
libmtdev1:amd64
libmtp-common
libmtp9:amd64
libncurses5:amd64
libncursesw5:amd64
libnetfilter-acct1:amd64
libnettle4:amd64
libnewt0.52:amd64
libnfnetlink0:amd64
libnotify4:amd64
libnuma1:amd64
libopts25:amd64
libp11-kit0:amd64
libpackage-constants-perl
libpam-modules:amd64
libpam-modules-bin
libpam-runtime
libpam0g:amd64
libpango-1.0-0:amd64
libpangocairo-1.0-0:amd64
libpangoft2-1.0-0:amd64
libparams-util-perl
libpci3:amd64
libpciaccess0:amd64
libpcre3:amd64
libperl5.20
libpipeline1:amd64
libpixman-1-0:amd64
libpng12-0:amd64
libpod-latex-perl
libpod-readme-perl
libpopt0:amd64
libprocps3:amd64
libpsl0:amd64
libreadline6:amd64
libregexp-common-perl
libsamplerate0:amd64
libselinux1:amd64
libsemanage-common
libsemanage1:amd64
libsepol1:amd64
libsigc++-2.0-0c2a:amd64
libslang2:amd64
libsm6:amd64
libsmartcols1:amd64
libsoftware-license-perl
libss2:amd64
libssl1.0.0:amd64
libstartup-notification0:amd64
libstdc++6:amd64
libsub-exporter-perl
libsub-install-perl
libsystemd0:amd64
libtasn1-6:amd64
libterm-ui-perl
libtext-charwidth-perl
libtext-iconv-perl
libtext-soundex-perl
libtext-template-perl
libtext-wrapi18n-perl
libthai-data
libthai0:amd64
libtiff5:amd64
libtinfo5:amd64
libudev1:amd64
libusb-0.1-4:amd64
libusb-1.0-0:amd64
libustr-1.0-1:amd64
libuuid-perl
libuuid1:amd64
libwayland-client0:amd64
libwayland-server0:amd64
libx11-6:amd64
libx11-data
libx11-xcb1:amd64
libxatracker2:amd64
libxau6:amd64
libxaw7:amd64
libxcb-dri2-0:amd64
libxcb-dri3-0:amd64
libxcb-glx0:amd64
libxcb-present0:amd64
libxcb-render0:amd64
libxcb-shape0:amd64
libxcb-shm0:amd64
libxcb-sync1:amd64
libxcb-util0:amd64
libxcb-xfixes0:amd64
libxcb1:amd64
libxcomposite1:amd64
libxcursor1:amd64
libxdamage1:amd64
libxdmcp6:amd64
libxext6:amd64
libxfixes3:amd64
libxfont1:amd64
libxft2:amd64
libxi6:amd64
libxinerama1:amd64
libxkbfile1:amd64
libxml2:amd64
libxmu6:amd64
libxmuu1:amd64
libxpm4:amd64
libxrandr2:amd64
libxrender1:amd64
libxshmfence1:amd64
libxt6:amd64
libxtables10
libxtst6:amd64
libxv1:amd64
libxvmc1:amd64
libxxf86dga1:amd64
libxxf86vm1:amd64
libyaml-0-2:amd64
linux-base
linux-image-3.16.0-4-amd64
linux-image-amd64
live-boot
live-boot-doc
live-boot-initramfs-tools
live-tools
localepurge
locales
login
logrotate
lsb-base
man-db
manpages
mawk
menu
mount
mtp-tools
multiarch-support
nano
ncurses-base
ncurses-bin
ncurses-term
net-tools
netbase
netcat-traditional
nfacct
ntfs-3g
ntp
numlockx
p7zip
pandoc
pandoc-data
passwd
pciutils
perl
perl-base
perl-modules
procps
rar
readline-common
rename
rsync
rsyslog
rxvt-unicode-256color
sed
sensible-utils
sgml-base
shared-mime-info
squashfs-tools
startpar
systemd
systemd-sysv
sysv-rc
sysvinit-utils
tar
tasksel
tasksel-data
traceroute
tzdata
ucf
udev
udevil
unzip
util-linux
uuid-runtime
vim-common
vim-tiny
volumeicon-alsa
wget
whiptail
wmctrl
x11-common
x11-utils
x11-xkb-utils
xauth
xdg-user-dirs
xinit
xkb-data
xml-core
xorriso
xserver-common
xserver-xorg
xserver-xorg-core
xserver-xorg-input-all
xserver-xorg-input-evdev
xserver-xorg-input-mouse
xserver-xorg-input-synaptics
xserver-xorg-input-vmmouse
xserver-xorg-video-all
xserver-xorg-video-ati
xserver-xorg-video-cirrus
xserver-xorg-video-fbdev
xserver-xorg-video-intel
xserver-xorg-video-mach64
xserver-xorg-video-mga
xserver-xorg-video-modesetting
xserver-xorg-video-neomagic
xserver-xorg-video-nouveau
xserver-xorg-video-openchrome
xserver-xorg-video-r128
xserver-xorg-video-radeon
xserver-xorg-video-savage
xserver-xorg-video-siliconmotion
xserver-xorg-video-sisusb
xserver-xorg-video-tdfx
xserver-xorg-video-trident
xserver-xorg-video-vesa
xserver-xorg-video-vmware
zd1211-firmware
zip
zlib1g:amd64
