CLDS:>>>>>>>>> Running inst-min-con-xtra-smb-smbclient.sh ...
Reading package lists...
Building dependency tree...
Reading state information...
The following additional packages will be installed:
  libarchive13 libsmbclient
Suggested packages:
  lrzip cifs-utils heimdal-clients
The following NEW packages will be installed:
  libarchive13 libsmbclient smbclient
0 upgraded, 3 newly installed, 0 to remove and 0 not upgraded.
Need to get 1,023 kB of archives.
After this operation, 3,284 kB of additional disk space will be used.
Get:1 http://localhost/aptly-repo/master_bullseye-main bullseye/main amd64 libsmbclient amd64 2:4.13.13+dfsg-1~deb11u5 [170 kB]
Get:2 http://localhost/aptly-repo/master_bullseye-main bullseye/main amd64 libarchive13 amd64 3.4.3-2+deb11u1 [343 kB]
Get:3 http://localhost/aptly-repo/master_bullseye-main bullseye/main amd64 smbclient amd64 2:4.13.13+dfsg-1~deb11u5 [510 kB]
dpkg-preconfigure: unable to re-open stdin: No such file or directory
Fetched 1,023 kB in 0s (63.4 MB/s)
E: Can not write log (Is /dev/pts mounted?) - posix_openpt (2: No such file or directory)
Selecting previously unselected package libsmbclient:amd64.
(Reading database ... 23092 files and directories currently installed.)
Preparing to unpack .../libsmbclient_2%3a4.13.13+dfsg-1~deb11u5_amd64.deb ...
Unpacking libsmbclient:amd64 (2:4.13.13+dfsg-1~deb11u5) ...
Selecting previously unselected package libarchive13:amd64.
Preparing to unpack .../libarchive13_3.4.3-2+deb11u1_amd64.deb ...
Unpacking libarchive13:amd64 (3.4.3-2+deb11u1) ...
Selecting previously unselected package smbclient.
Preparing to unpack .../smbclient_2%3a4.13.13+dfsg-1~deb11u5_amd64.deb ...
Unpacking smbclient (2:4.13.13+dfsg-1~deb11u5) ...
Setting up libarchive13:amd64 (3.4.3-2+deb11u1) ...
Setting up libsmbclient:amd64 (2:4.13.13+dfsg-1~deb11u5) ...
Setting up smbclient (2:4.13.13+dfsg-1~deb11u5) ...
Processing triggers for libc-bin (2.31-13+deb11u4) ...
CLDS: * Install smbclient.
CLDS: * Disk size = 1703040K. Space Used = 4316K. Runtime = 00:00:00:01.
