CLDS:>>>>>>>>> Running inst-min-win-00-xorg.sh ...
info: Trying to set 'keyboard-configuration/unsupported_options' [boolean] to 'true'
info: Loading answer for 'keyboard-configuration/unsupported_options'
info: Trying to set 'keyboard-configuration/toggle' [select] to ' No toggling'
info: Loading answer for 'keyboard-configuration/toggle'
info: Trying to set 'keyboard-configuration/xkb-keymap' [select] to ' us'
info: Loading answer for 'keyboard-configuration/xkb-keymap'
info: Trying to set 'keyboard-configuration/unsupported_config_layout' [boolean] to 'true'
info: Loading answer for 'keyboard-configuration/unsupported_config_layout'
info: Trying to set 'keyboard-configuration/switch' [select] to ' No temporary switch'
info: Loading answer for 'keyboard-configuration/switch'
info: Trying to set 'keyboard-configuration/altgr' [select] to ' The default for the keyboard layout'
info: Loading answer for 'keyboard-configuration/altgr'
info: Trying to set 'keyboard-configuration/compose' [select] to ' No compose key'
info: Loading answer for 'keyboard-configuration/compose'
info: Trying to set 'keyboard-configuration/ctrl_alt_bksp' [boolean] to 'false'
info: Loading answer for 'keyboard-configuration/ctrl_alt_bksp'
info: Trying to set 'keyboard-configuration/layoutcode' [string] to ' us'
info: Loading answer for 'keyboard-configuration/layoutcode'
info: Trying to set 'keyboard-configuration/model' [select] to ' Generic 105-key (Intl) PC'
info: Loading answer for 'keyboard-configuration/model'
info: Trying to set 'keyboard-configuration/variant' [select] to ' English (US)'
info: Loading answer for 'keyboard-configuration/variant'
info: Trying to set 'keyboard-configuration/unsupported_layout' [boolean] to 'true'
info: Loading answer for 'keyboard-configuration/unsupported_layout'
info: Trying to set 'keyboard-configuration/layout' [select] to ' '
info: Loading answer for 'keyboard-configuration/layout'
info: Trying to set 'keyboard-configuration/unsupported_config_options' [boolean] to 'true'
info: Loading answer for 'keyboard-configuration/unsupported_config_options'
info: Trying to set 'keyboard-configuration/store_defaults_in_debconf_db' [boolean] to 'true'
info: Loading answer for 'keyboard-configuration/store_defaults_in_debconf_db'
info: Trying to set 'keyboard-configuration/modelcode' [string] to ' pc105'
info: Loading answer for 'keyboard-configuration/modelcode'
info: Trying to set 'keyboard-configuration/optionscode' [string] to ' '
info: Loading answer for 'keyboard-configuration/optionscode'
info: Trying to set 'keyboard-configuration/variantcode' [string] to 'alt-intl'
info: Loading answer for 'keyboard-configuration/variantcode'
Reading package lists...
Building dependency tree...
Reading state information...
Some packages could not be installed. This may mean that you have
requested an impossible situation or if you are using the unstable
distribution that some required packages have not yet been created
or been moved out of Incoming.
The following information may help to resolve the situation:

The following packages have unmet dependencies:
 xserver-xorg : Depends: xserver-xorg-core (>= 2:1.17.2-2) but it is not going to be installed
                Depends: xserver-xorg-video-all but it is not going to be installed or
                         xorg-driver-video
                Depends: xserver-xorg-input-all but it is not going to be installed or
                         xorg-driver-input
E: Unable to correct problems, you have held broken packages.
CLDS: * Disk size = 2527144K. Space Used = 16K. Runtime = 00:00:00:01.
