CLDS:>>>>>>>>> Running inst-xtra-vboxguest-additions-iso-fix-dctrl-tools.sh ...
Reading package lists...
Building dependency tree...
Reading state information...
Suggested packages:
  debtags
The following NEW packages will be installed:
  dctrl-tools
0 upgraded, 1 newly installed, 0 to remove and 17 not upgraded.
Inst dctrl-tools (2.24-3+b1 master_bullseye-main bullseye:bullseye [amd64])
Conf dctrl-tools (2.24-3+b1 master_bullseye-main bullseye:bullseye [amd64])
CLDS: * 2021-05-01: From dkms (2.8.4-3~bpo10+1), it needs dctrl-tools.
<<<<<<< HEAD
CLDS: * Disk size = 7154556K. Space Used = 8K. Runtime = 00:00:00:01.
=======
<<<<<<< HEAD
CLDS: * Disk size = 6807300K. Space Used = 4K. Runtime = 00:00:00:00.
=======
CLDS: * Disk size = 7146004K. Space Used = 4K. Runtime = 00:00:00:01.
>>>>>>> refs/remotes/origin/bullseye
>>>>>>> refs/remotes/origin/bullseye
