CLDS:>>>>>>>>> Running inst-min-con-live-build-tools-rsync.sh ...
Reading package lists...
Building dependency tree...
Reading state information...
rsync is already the newest version (3.2.7-1~bpo11+1).
rsync set to manually installed.
0 upgraded, 0 newly installed, 0 to remove and 17 not upgraded.
CLDS: * Install rsync to copy directories.
<<<<<<< HEAD
CLDS: * Disk size = 1416860K. Space Used = 4K. Runtime = 00:00:00:00.
=======
<<<<<<< HEAD
CLDS: * Disk size = 1642812K. Space Used = 4K. Runtime = 00:00:00:00.
=======
<<<<<<< HEAD
CLDS: * Disk size = 1416756K. Space Used = 4K. Runtime = 00:00:00:01.
=======
CLDS: * Disk size = 1642804K. Space Used = 4K. Runtime = 00:00:00:00.
>>>>>>> refs/remotes/origin/bullseye
>>>>>>> refs/remotes/origin/bullseye
>>>>>>> refs/remotes/origin/bullseye
