CLDS:>>>>>>>>> Running inst-std-multimedia-00-debmultimedia-keyring.sh ...
(Reading database ... 77934 files and directories currently installed.)
Preparing to unpack deb-multimedia-keyring_2016.8.1_all.deb ...
Unpacking deb-multimedia-keyring (2016.8.1) over (2016.8.1) ...
Setting up deb-multimedia-keyring (2016.8.1) ...
Hit:1 http://localhost/aptly-repo/master_buster-main buster InRelease
Hit:2 http://localhost/aptly-repo/master_aptly-main squeeze InRelease
Hit:3 http://localhost/aptly-repo/master_buster-backports-contrib buster-backports InRelease
Hit:4 http://localhost/aptly-repo/master_buster-backports-main buster-backports InRelease
Hit:5 http://localhost/aptly-repo/master_buster-backports-non-free buster-backports InRelease
Hit:6 http://localhost/aptly-repo/master_buster-contrib buster InRelease
Hit:7 http://localhost/aptly-repo/master_buster-non-free buster InRelease
Hit:8 http://localhost/aptly-repo/master_buster-updates-contrib buster-updates InRelease
Hit:9 http://localhost/aptly-repo/master_buster-updates-main buster-updates InRelease
Hit:10 http://localhost/aptly-repo/master_buster-updates-non-free buster-updates InRelease
Hit:11 http://localhost/aptly-repo/master_deb-multimedia-main buster InRelease
Hit:12 http://localhost/aptly-repo/master_deb-multimedia-non-free buster InRelease
Hit:13 http://localhost/aptly-repo/master_docker-stable buster InRelease
Hit:14 http://localhost/aptly-repo/master_google-cloud-main cloud-sdk InRelease
Hit:15 http://localhost/aptly-repo/master_google-main stable InRelease
Hit:16 http://localhost/aptly-repo/master_mariadb-main buster InRelease
Hit:17 http://localhost/aptly-repo/master_microsoft-main buster InRelease
Hit:18 http://localhost/aptly-repo/master_mono-main stable-buster InRelease
Hit:19 http://localhost/aptly-repo/master_qgis-main buster InRelease
Hit:20 http://localhost/aptly-repo/master_virtualbox-contrib buster InRelease
Get:21 http://dl.google.com/linux/chrome/deb stable InRelease [1,811 B]
Get:22 http://dl.google.com/linux/chrome/deb stable/main amd64 Packages [1,100 B]
Fetched 2,911 B in 3s (1,098 B/s)
Reading package lists...
CLDS: * Add deb-multimedia keyring.
CLDS: * Add deb-multimedia repository.
CLDS: * apt-get update
CLDS: * Disk size = 4673012K. Space Used = 28K. Runtime = 00:00:00:04.
