CLDS:>>>>>>>>> Running inst-xtra-wifite.sh ...
Reading package lists...
Building dependency tree...
Reading state information...
Suggested packages:
  mmdb-bin
The following NEW packages will be installed:
  libmaxminddb0
0 upgraded, 1 newly installed, 0 to remove and 18 not upgraded.
Inst libmaxminddb0 (1.2.0-1+b1 master_stretch-main stretch:stretch [amd64])
Conf libmaxminddb0 (1.2.0-1+b1 master_stretch-main stretch:stretch [amd64])
info: Trying to set 'wireshark-common/install-setuid' [boolean] to 'true'
info: Loading answer for 'wireshark-common/install-setuid'
Reading package lists...
Building dependency tree...
Reading state information...
The following additional packages will be installed:
  libc-ares2 libmaxminddb0 libpcap0.8 libsbc1 libsmi2ldbl libspandsp2
  libssh-gcrypt-4 libwireshark-data libwireshark11 libwiretap8 libwscodecs2
  libwsutil9 wireshark-common
Suggested packages:
  mmdb-bin snmp-mibs-downloader wireshark-doc
The following NEW packages will be installed:
  libc-ares2 libmaxminddb0 libpcap0.8 libsbc1 libsmi2ldbl libspandsp2
  libssh-gcrypt-4 libwireshark-data libwireshark11 libwiretap8 libwscodecs2
  libwsutil9 tshark wireshark-common
0 upgraded, 14 newly installed, 0 to remove and 18 not upgraded.
Need to get 16.9 MB of archives.
After this operation, 95.9 MB of additional disk space will be used.
E: You don't have enough free space in /var/cache/apt/archives/.
CLDS: * Disk size = 5736912K. Space Used = 8K. Runtime = 00:00:00:01.
