CLDS:>>>>>>>>> Running inst-min-con-deb-multimedia.sh ...
Selecting previously unselected package deb-multimedia-keyring.
(Reading database ... 15101 files and directories currently installed.)
Preparing to unpack deb-multimedia-keyring_2015.6.1_all.deb ...
Unpacking deb-multimedia-keyring (2015.6.1) ...
Setting up deb-multimedia-keyring (2015.6.1) ...
Hit http://localhost jessie InRelease
Hit http://localhost nightly InRelease
Hit http://localhost jessie InRelease
Hit http://localhost jessie InRelease
Hit http://localhost jessie-backports InRelease
Hit http://localhost jessie InRelease
Hit http://localhost jessie InRelease
Hit http://localhost jessie InRelease
Hit http://localhost jessie InRelease
Hit http://localhost jessie InRelease
Hit http://localhost jessie/main amd64 Packages
Hit http://localhost nightly/main amd64 Packages
Hit http://localhost jessie/main amd64 Packages
Ign http://localhost jessie/main Translation-en_US
Ign http://localhost jessie/main Translation-en
Ign http://localhost jessie/main Translation-en_US.UTF-8
Ign http://localhost nightly/main Translation-en_US
Ign http://localhost nightly/main Translation-en
Hit http://localhost jessie/non-free amd64 Packages
Hit http://localhost jessie-backports/main amd64 Packages
Hit http://localhost jessie/contrib amd64 Packages
Ign http://localhost nightly/main Translation-en_US.UTF-8
Hit http://localhost jessie/non-free amd64 Packages
Hit http://localhost jessie/main amd64 Packages
Ign http://localhost jessie/main Translation-en_US
Ign http://localhost jessie/main Translation-en
Ign http://localhost jessie/main Translation-en_US.UTF-8
Hit http://localhost jessie/contrib amd64 Packages
Hit http://localhost jessie/main amd64 Packages
Ign http://localhost jessie/non-free Translation-en_US
Ign http://localhost jessie/non-free Translation-en
Ign http://localhost jessie/non-free Translation-en_US.UTF-8
Ign http://localhost jessie-backports/main Translation-en_US
Ign http://localhost jessie-backports/main Translation-en
Ign http://localhost jessie-backports/main Translation-en_US.UTF-8
Ign http://localhost jessie/contrib Translation-en_US
Ign http://localhost jessie/contrib Translation-en
Ign http://localhost jessie/contrib Translation-en_US.UTF-8
Ign http://localhost jessie/non-free Translation-en_US
Ign http://localhost jessie/non-free Translation-en
Ign http://localhost jessie/non-free Translation-en_US.UTF-8
Ign http://localhost jessie/main Translation-en_US
Ign http://localhost jessie/main Translation-en
Ign http://localhost jessie/main Translation-en_US.UTF-8
Ign http://localhost jessie/contrib Translation-en_US
Ign http://localhost jessie/contrib Translation-en
Ign http://localhost jessie/contrib Translation-en_US.UTF-8
Ign http://localhost jessie/main Translation-en_US
Ign http://localhost jessie/main Translation-en
Ign http://localhost jessie/main Translation-en_US.UTF-8
Reading package lists...
CLDS: * Install deb-multimedia-keyring_2015.6.1_all.deb.
CLDS: * Add deb-multimedia repository.
CLDS: * Delete deb-multimedia-keyring_2015.6.1_all.deb[12K].
CLDS: * apt-get update
CLDS: * Disk size = 1651508K. Space Used = 24K.
