CLDS:>>>>>>>>> Running inst-std-multimedia-mpv-fix.sh ...
Reading package lists...
Building dependency tree...
Reading state information...
The following NEW packages will be installed:
  libsixel1
0 upgraded, 1 newly installed, 0 to remove and 1 not upgraded.
Inst libsixel1 (1.8.6-2 master_bullseye-main bullseye:bullseye [amd64])
Conf libsixel1 (1.8.6-2 master_bullseye-main bullseye:bullseye [amd64])
Reading package lists...
Building dependency tree...
Reading state information...
The following additional packages will be installed:
  libarchive13 liblept5 libwebpmux3
Suggested packages:
  lrzip
The following NEW packages will be installed:
  libarchive13 liblept5 libtesseract4 libwebpmux3
0 upgraded, 4 newly installed, 0 to remove and 1 not upgraded.
Inst libarchive13 (3.4.3-2+b1 master_bullseye-main bullseye:bullseye [amd64])
Inst libwebpmux3 (0.6.1-2.1 master_bullseye-main bullseye:bullseye [amd64])
Inst liblept5 (1.79.0-1.1 master_bullseye-main bullseye:bullseye [amd64])
Inst libtesseract4 (4.1.1-2.1 master_bullseye-main bullseye:bullseye [amd64])
Conf libarchive13 (3.4.3-2+b1 master_bullseye-main bullseye:bullseye [amd64])
Conf libwebpmux3 (0.6.1-2.1 master_bullseye-main bullseye:bullseye [amd64])
Conf liblept5 (1.79.0-1.1 master_bullseye-main bullseye:bullseye [amd64])
Conf libtesseract4 (4.1.1-2.1 master_bullseye-main bullseye:bullseye [amd64])
Reading package lists...
Building dependency tree...
Reading state information...
The following NEW packages will be installed:
  libopencore-amrnb0 libopencore-amrwb0
0 upgraded, 2 newly installed, 0 to remove and 1 not upgraded.
Inst libopencore-amrnb0 (0.1.5-1 master_bullseye-main bullseye:bullseye [amd64])
Inst libopencore-amrwb0 (0.1.5-1 master_bullseye-main bullseye:bullseye [amd64])
Conf libopencore-amrnb0 (0.1.5-1 master_bullseye-main bullseye:bullseye [amd64])
Conf libopencore-amrwb0 (0.1.5-1 master_bullseye-main bullseye:bullseye [amd64])
Reading package lists...
Building dependency tree...
Reading state information...
The following additional packages will be installed:
  libdjvulibre-text
The following NEW packages will be installed:
  libdjvulibre-text libdjvulibre21 liblqr-1-0 libraqm0
0 upgraded, 4 newly installed, 0 to remove and 1 not upgraded.
Inst libdjvulibre-text (3.5.28-2 master_bullseye-main bullseye:bullseye [all])
Inst libdjvulibre21 (3.5.28-2 master_bullseye-main bullseye:bullseye [amd64])
Inst liblqr-1-0 (0.4.2-2.1 master_bullseye-main bullseye:bullseye [amd64])
Inst libraqm0 (0.7.0-4 master_bullseye-main bullseye:bullseye [amd64])
Conf libdjvulibre-text (3.5.28-2 master_bullseye-main bullseye:bullseye [all])
Conf libdjvulibre21 (3.5.28-2 master_bullseye-main bullseye:bullseye [amd64])
Conf liblqr-1-0 (0.4.2-2.1 master_bullseye-main bullseye:bullseye [amd64])
Conf libraqm0 (0.7.0-4 master_bullseye-main bullseye:bullseye [amd64])
Reading package lists...
Building dependency tree...
Reading state information...
The following NEW packages will be installed:
  libcjson1 libmbedcrypto3
0 upgraded, 2 newly installed, 0 to remove and 1 not upgraded.
Inst libcjson1 (1.7.14-1 master_bullseye-main bullseye:bullseye [amd64])
Inst libmbedcrypto3 (2.16.9-0.1 master_bullseye-main bullseye:bullseye [amd64])
Conf libcjson1 (1.7.14-1 master_bullseye-main bullseye:bullseye [amd64])
Conf libmbedcrypto3 (2.16.9-0.1 master_bullseye-main bullseye:bullseye [amd64])
CLDS: * 2021-09-06: Bullseye upgrade: required packages.
CLDS: * Disk size = 4611928K. Space Used = 12K. Runtime = 00:00:00:01.
